<?xml version="1.0" encoding="UTF-8"?>
<!-- Generated by org.testng.reporters.JUnitReportReporter -->
<testsuite hostname="DESKTOP-N9F7EI8" failures="0" tests="2" name="vahan_seva.VAHAGN_SEVA" time="55.236" errors="0" timestamp="2024-06-18T10:43:28 IST" skipped="0">
  <testcase classname="vahan_seva.VAHAGN_SEVA" name="Fillter_selection" time="26.848"/>
  <system-out/>
  <testcase classname="vahan_seva.VAHAGN_SEVA" name="Parivahan" time="28.388"/>
  <system-out/>
</testsuite> <!-- vahan_seva.VAHAGN_SEVA -->
