<?xml version="1.0" encoding="UTF-8"?>
<!-- Generated by org.testng.reporters.JUnitReportReporter -->
<testsuite hostname="DESKTOP-N9F7EI8" failures="0" tests="8" name="pSF_DEMO.Demo_P_S_F" time="144.549" errors="0" timestamp="2024-06-24T15:15:15 IST" skipped="0">
  <testcase classname="pSF_DEMO.Demo_P_S_F" name="Username" time="1.288"/>
  <system-out/>
  <testcase classname="pSF_DEMO.Demo_P_S_F" name="Password" time="1.237"/>
  <system-out/>
  <testcase classname="pSF_DEMO.Demo_P_S_F" name="Login_Button" time="3.168"/>
  <system-out/>
  <testcase classname="pSF_DEMO.Demo_P_S_F" name="Click_On_PSF" time="8.026"/>
  <system-out/>
  <testcase classname="pSF_DEMO.Demo_P_S_F" name="Click_On_the_PSF_Follow_List" time="6.446"/>
  <system-out/>
  <testcase classname="pSF_DEMO.Demo_P_S_F" name="Total_PSF_Due_Numbers_Match" time="2.148"/>
  <system-out/>
  <testcase classname="pSF_DEMO.Demo_P_S_F" name="Click_On_Service_Type_Fillter_Select_SERVICE_CAMP" time="18.860"/>
  <system-out/>
  <testcase classname="pSF_DEMO.Demo_P_S_F" name="Workshop_FILLTER" time="103.376"/>
  <system-out/>
</testsuite> <!-- pSF_DEMO.Demo_P_S_F -->
