<?xml version="1.0" encoding="UTF-8"?>
<!-- Generated by org.testng.reporters.JUnitReportReporter -->
<testsuite hostname="DESKTOP-N9F7EI8" failures="0" tests="6" name="pSF_Project.Demo_P_S_F" time="20.938" errors="0" timestamp="2024-06-12T18:09:22 IST" skipped="0">
  <testcase classname="pSF_Project.Demo_P_S_F" name="Username" time="3.285"/>
  <system-out/>
  <testcase classname="pSF_Project.Demo_P_S_F" name="Password" time="3.218"/>
  <system-out/>
  <testcase classname="pSF_Project.Demo_P_S_F" name="Login_Button" time="3.196"/>
  <system-out/>
  <testcase classname="pSF_Project.Demo_P_S_F" name="Click_On_PSF" time="6.199"/>
  <system-out/>
  <testcase classname="pSF_Project.Demo_P_S_F" name="Click_On_the_PSF_Follow_List" time="4.261"/>
  <system-out/>
  <testcase classname="pSF_Project.Demo_P_S_F" name="Fillter_button_Of_Service_type" time="0.779"/>
  <system-out/>
</testsuite> <!-- pSF_Project.Demo_P_S_F -->
