<?xml version="1.0" encoding="UTF-8"?>
<!-- Generated by org.testng.reporters.JUnitReportReporter -->
<testsuite hostname="DESKTOP-N9F7EI8" failures="0" tests="8" name="pSF_Project.P_S_F" time="23.378" errors="0" timestamp="2024-06-07T16:42:09 IST" skipped="0">
  <testcase classname="pSF_Project.P_S_F" name="Username" time="3.466"/>
  <system-out/>
  <testcase classname="pSF_Project.P_S_F" name="Password" time="3.362"/>
  <system-out/>
  <testcase classname="pSF_Project.P_S_F" name="Login_Button" time="3.274"/>
  <system-out/>
  <testcase classname="pSF_Project.P_S_F" name="Click_On_PSF" time="6.226"/>
  <system-out/>
  <testcase classname="pSF_Project.P_S_F" name="Dashboard" time="3.883"/>
  <system-out/>
  <testcase classname="pSF_Project.P_S_F" name="Click_On_Business_Metrics" time="2.280"/>
  <system-out/>
  <testcase classname="pSF_Project.P_S_F" name="In_PSF_Performance" time="0.537"/>
  <system-out/>
  <testcase classname="pSF_Project.P_S_F" name="In_PSF_Satisfaction_Performance" time="0.350"/>
  <system-out/>
</testsuite> <!-- pSF_Project.P_S_F -->
