<?xml version="1.0" encoding="UTF-8"?>
<!-- Generated by org.testng.reporters.JUnitReportReporter -->
<testsuite hostname="DESKTOP-N9F7EI8" failures="0" tests="7" name="pSF_DEMO.DEMo222" time="216.499" errors="0" timestamp="2024-06-21T16:45:27 IST" skipped="0">
  <testcase classname="pSF_DEMO.DEMo222" name="Username" time="1.416"/>
  <system-out/>
  <testcase classname="pSF_DEMO.DEMo222" name="Password" time="1.167"/>
  <system-out/>
  <testcase classname="pSF_DEMO.DEMo222" name="Login_Button" time="3.126"/>
  <system-out/>
  <testcase classname="pSF_DEMO.DEMo222" name="Click_On_PSF" time="6.671"/>
  <system-out/>
  <testcase classname="pSF_DEMO.DEMo222" name="Click_On_the_PSF_Follow_List" time="4.254"/>
  <system-out/>
  <testcase classname="pSF_DEMO.DEMo222" name="Total_PSF_Due_Numbers_Match" time="2.103"/>
  <system-out/>
  <testcase classname="pSF_DEMO.DEMo222" name="Service_Type" time="197.762"/>
  <system-out/>
</testsuite> <!-- pSF_DEMO.DEMo222 -->
