<?xml version="1.0" encoding="UTF-8"?>
<!-- Generated by org.testng.reporters.JUnitReportReporter -->
<testsuite hostname="DESKTOP-N9F7EI8" failures="0" tests="2" name="vahan_DASHBOARD.UT_of_DNH" time="90.831" errors="0" timestamp="2024-06-18T15:45:35 IST" skipped="0">
  <testcase classname="vahan_DASHBOARD.UT_of_DNH" name="Fillter_selection" time="56.624"/>
  <system-out/>
  <testcase classname="vahan_DASHBOARD.UT_of_DNH" name="Parivahan" time="34.207"/>
  <system-out/>
</testsuite> <!-- vahan_DASHBOARD.UT_of_DNH -->
