<?xml version="1.0" encoding="UTF-8"?>
<!-- Generated by org.testng.reporters.JUnitReportReporter -->
<testsuite hostname="DESKTOP-N9F7EI8" failures="0" tests="2" name="aLL.Chandigarh" time="56.770" errors="0" timestamp="2024-06-18T17:20:50 IST" skipped="0">
  <testcase classname="aLL.Chandigarh" name="filterSelection" time="22.078"/>
  <system-out/>
  <testcase classname="aLL.Chandigarh" name="parivahan" time="34.692"/>
  <system-out/>
</testsuite> <!-- aLL.Chandigarh -->
