<?xml version="1.0" encoding="UTF-8"?>
<!-- Generated by org.testng.reporters.JUnitReportReporter -->
<testsuite hostname="DESKTOP-N9F7EI8" failures="0" tests="2" name="vAHAN.Delhi" time="62.038" errors="0" timestamp="2024-06-18T18:12:57 IST" skipped="0">
  <testcase classname="vAHAN.Delhi" name="filterSelection" time="26.808"/>
  <system-out/>
  <testcase classname="vAHAN.Delhi" name="parivahan" time="35.230"/>
  <system-out/>
</testsuite> <!-- vAHAN.Delhi -->
