<?xml version="1.0" encoding="UTF-8"?>
<!-- Generated by org.testng.reporters.JUnitReportReporter -->
<testsuite hostname="DESKTOP-N9F7EI8" failures="0" tests="2" name="vahan_DASHBOARD.Bihar" time="90.668" errors="0" timestamp="2024-06-18T15:45:35 IST" skipped="0">
  <testcase classname="vahan_DASHBOARD.Bihar" name="Fillter_selection" time="55.299"/>
  <system-out/>
  <testcase classname="vahan_DASHBOARD.Bihar" name="Parivahan" time="35.369"/>
  <system-out/>
</testsuite> <!-- vahan_DASHBOARD.Bihar -->
