<?xml version="1.0" encoding="UTF-8"?>
<!-- Generated by org.testng.reporters.JUnitReportReporter -->
<testsuite hostname="DESKTOP-N9F7EI8" failures="0" tests="2" name="vahan_seva.Andaman_Nicobar" time="58.128" errors="0" timestamp="2024-06-18T11:02:37 IST" skipped="0">
  <testcase classname="vahan_seva.Andaman_Nicobar" name="Fillter_selection" time="28.351"/>
  <system-out/>
  <testcase classname="vahan_seva.Andaman_Nicobar" name="Parivahan" time="29.777"/>
  <system-out/>
</testsuite> <!-- vahan_seva.Andaman_Nicobar -->
