<?xml version="1.0" encoding="UTF-8"?>
<!-- Generated by org.testng.reporters.JUnitReportReporter -->
<testsuite hostname="DESKTOP-N9F7EI8" failures="0" tests="2" name="vAHAN.Assam" time="57.543" errors="0" timestamp="2024-06-19T09:59:55 IST" skipped="0">
  <testcase classname="vAHAN.Assam" name="filterSelection" time="24.683"/>
  <system-out/>
  <testcase classname="vAHAN.Assam" name="parivahan" time="32.860"/>
  <system-out/>
</testsuite> <!-- vAHAN.Assam -->
