<?xml version="1.0" encoding="UTF-8"?>
<!-- Generated by org.testng.reporters.JUnitReportReporter -->
<testsuite hostname="DESKTOP-N9F7EI8" failures="0" tests="2" name="aLL.Arunachal_Pradesh" time="56.768" errors="0" timestamp="2024-06-18T17:08:14 IST" skipped="0">
  <testcase classname="aLL.Arunachal_Pradesh" name="filterSelection" time="21.745"/>
  <system-out/>
  <testcase classname="aLL.Arunachal_Pradesh" name="parivahan" time="35.023"/>
  <system-out/>
</testsuite> <!-- aLL.Arunachal_Pradesh -->
