<?xml version="1.0" encoding="UTF-8"?>
<!-- Generated by org.testng.reporters.JUnitReportReporter -->
<testsuite hostname="DESKTOP-N9F7EI8" failures="0" tests="2" name="aLL.Andaman_Nicobar" time="57.349" errors="0" timestamp="2024-06-18T16:59:45 IST" skipped="0">
  <testcase classname="aLL.Andaman_Nicobar" name="filterSelection" time="22.523"/>
  <system-out/>
  <testcase classname="aLL.Andaman_Nicobar" name="parivahan" time="34.826"/>
  <system-out/>
</testsuite> <!-- aLL.Andaman_Nicobar -->
