<?xml version="1.0" encoding="UTF-8"?>
<!-- Generated by org.testng.reporters.JUnitReportReporter -->
<testsuite hostname="DESKTOP-N9F7EI8" failures="0" tests="2" name="vAHAN.Bihar" time="57.742" errors="0" timestamp="2024-06-19T10:11:16 IST" skipped="0">
  <testcase classname="vAHAN.Bihar" name="filterSelection" time="24.691"/>
  <system-out/>
  <testcase classname="vAHAN.Bihar" name="parivahan" time="33.051"/>
  <system-out/>
</testsuite> <!-- vAHAN.Bihar -->
