<?xml version="1.0" encoding="UTF-8"?>
<!-- Generated by org.testng.reporters.JUnitReportReporter -->
<testsuite hostname="DESKTOP-N9F7EI8" failures="0" tests="2" name="aLL.Bihar" time="57.679" errors="0" timestamp="2024-06-18T17:14:59 IST" skipped="0">
  <testcase classname="aLL.Bihar" name="filterSelection" time="22.708"/>
  <system-out/>
  <testcase classname="aLL.Bihar" name="parivahan" time="34.971"/>
  <system-out/>
</testsuite> <!-- aLL.Bihar -->
