<?xml version="1.0" encoding="UTF-8"?>
<!-- Generated by org.testng.reporters.JUnitReportReporter -->
<testsuite hostname="DESKTOP-N9F7EI8" failures="0" tests="2" name="aLL.Andhra_Pradesh" time="57.060" errors="0" timestamp="2024-06-18T17:04:52 IST" skipped="0">
  <testcase classname="aLL.Andhra_Pradesh" name="filterSelection" time="22.194"/>
  <system-out/>
  <testcase classname="aLL.Andhra_Pradesh" name="parivahan" time="34.866"/>
  <system-out/>
</testsuite> <!-- aLL.Andhra_Pradesh -->
