<?xml version="1.0" encoding="UTF-8"?>
<!-- Generated by org.testng.reporters.JUnitReportReporter -->
<testsuite hostname="DESKTOP-N9F7EI8" failures="0" tests="2" name="vahan_seva.VAHAGN_SEVA" time="92.665" errors="0" timestamp="2024-06-17T15:23:20 IST" skipped="0">
  <testcase classname="vahan_seva.VAHAGN_SEVA" name="Fillter_selection" time="64.715"/>
  <system-out/>
  <testcase classname="vahan_seva.VAHAGN_SEVA" name="Parivahan" time="27.950"/>
  <system-out/>
</testsuite> <!-- vahan_seva.VAHAGN_SEVA -->
