<?xml version="1.0" encoding="UTF-8"?>
<!-- Generated by org.testng.reporters.JUnitReportReporter -->
<testsuite hostname="DESKTOP-N9F7EI8" failures="0" tests="2" name="vAHAN.Chandigarh" time="60.802" errors="0" timestamp="2024-06-18T18:12:57 IST" skipped="0">
  <testcase classname="vAHAN.Chandigarh" name="filterSelection" time="25.867"/>
  <system-out/>
  <testcase classname="vAHAN.Chandigarh" name="parivahan" time="34.935"/>
  <system-out/>
</testsuite> <!-- vAHAN.Chandigarh -->
