<?xml version="1.0" encoding="UTF-8"?>
<!-- Generated by org.testng.reporters.JUnitReportReporter -->
<testsuite hostname="DESKTOP-N9F7EI8" failures="0" tests="2" name="vAHAN.UT_of_DNH" time="60.887" errors="0" timestamp="2024-06-18T18:12:57 IST" skipped="0">
  <testcase classname="vAHAN.UT_of_DNH" name="filterSelection" time="26.418"/>
  <system-out/>
  <testcase classname="vAHAN.UT_of_DNH" name="parivahan" time="34.469"/>
  <system-out/>
</testsuite> <!-- vAHAN.UT_of_DNH -->
