<?xml version="1.0" encoding="UTF-8"?>
<!-- Generated by org.testng.reporters.JUnitReportReporter -->
<testsuite hostname="DESKTOP-N9F7EI8" failures="0" tests="2" name="vahan_DASHBOARD.Arunachal_Pradesh" time="92.644" errors="0" timestamp="2024-06-18T15:45:35 IST" skipped="0">
  <testcase classname="vahan_DASHBOARD.Arunachal_Pradesh" name="Fillter_selection" time="59.194"/>
  <system-out/>
  <testcase classname="vahan_DASHBOARD.Arunachal_Pradesh" name="Parivahan" time="33.450"/>
  <system-out/>
</testsuite> <!-- vahan_DASHBOARD.Arunachal_Pradesh -->
