<?xml version="1.0" encoding="UTF-8"?>
<!-- Generated by org.testng.reporters.JUnitReportReporter -->
<testsuite hostname="DESKTOP-N9F7EI8" failures="0" tests="2" name="vAHAN.Chattisgarh" time="61.565" errors="0" timestamp="2024-06-18T18:12:57 IST" skipped="0">
  <testcase classname="vAHAN.Chattisgarh" name="filterSelection" time="26.911"/>
  <system-out/>
  <testcase classname="vAHAN.Chattisgarh" name="parivahan" time="34.654"/>
  <system-out/>
</testsuite> <!-- vAHAN.Chattisgarh -->
