<?xml version="1.0" encoding="UTF-8"?>
<!-- Generated by org.testng.reporters.JUnitReportReporter -->
<testsuite hostname="DESKTOP-N9F7EI8" failures="0" tests="2" name="vahan_seva.All_4_Running_States" time="55.152" errors="0" timestamp="2024-06-18T10:48:06 IST" skipped="0">
  <testcase classname="vahan_seva.All_4_Running_States" name="Fillter_selection" time="26.895"/>
  <system-out/>
  <testcase classname="vahan_seva.All_4_Running_States" name="Parivahan" time="28.257"/>
  <system-out/>
</testsuite> <!-- vahan_seva.All_4_Running_States -->
