<?xml version="1.0" encoding="UTF-8"?>
<!-- Generated by org.testng.reporters.JUnitReportReporter -->
<testsuite hostname="DESKTOP-N9F7EI8" failures="0" tests="2" name="vAHAN.Arunachal_Pradesh" time="60.201" errors="0" timestamp="2024-06-18T18:12:57 IST" skipped="0">
  <testcase classname="vAHAN.Arunachal_Pradesh" name="filterSelection" time="25.672"/>
  <system-out/>
  <testcase classname="vAHAN.Arunachal_Pradesh" name="parivahan" time="34.529"/>
  <system-out/>
</testsuite> <!-- vAHAN.Arunachal_Pradesh -->
