<?xml version="1.0" encoding="UTF-8"?>
<!-- Generated by org.testng.reporters.JUnitReportReporter -->
<testsuite hostname="DESKTOP-N9F7EI8" failures="0" tests="2" name="aLL.Assam" time="57.760" errors="0" timestamp="2024-06-18T17:11:53 IST" skipped="0">
  <testcase classname="aLL.Assam" name="filterSelection" time="22.427"/>
  <system-out/>
  <testcase classname="aLL.Assam" name="parivahan" time="35.333"/>
  <system-out/>
</testsuite> <!-- aLL.Assam -->
