<?xml version="1.0" encoding="UTF-8"?>
<!-- Generated by org.testng.reporters.JUnitReportReporter -->
<testsuite hostname="DESKTOP-N9F7EI8" failures="0" tests="2" name="aLL.Chattisgarh" time="57.365" errors="0" timestamp="2024-06-18T17:17:57 IST" skipped="0">
  <testcase classname="aLL.Chattisgarh" name="filterSelection" time="22.216"/>
  <system-out/>
  <testcase classname="aLL.Chattisgarh" name="parivahan" time="35.149"/>
  <system-out/>
</testsuite> <!-- aLL.Chattisgarh -->
