<?xml version="1.0" encoding="UTF-8"?>
<!-- Generated by org.testng.reporters.JUnitReportReporter -->
<testsuite hostname="DESKTOP-N9F7EI8" failures="0" tests="1" name="vahan_Portal.Vahan2" time="3195.201" errors="0" timestamp="2024-06-21T14:59:28 IST" skipped="0">
  <testcase classname="vahan_Portal.Vahan2" name="VAHAN" time="3195.201"/>
  <system-out/>
</testsuite> <!-- vahan_Portal.Vahan2 -->
