<?xml version="1.0" encoding="UTF-8"?>
<!-- Generated by org.testng.reporters.JUnitReportReporter -->
<testsuite hostname="DESKTOP-N9F7EI8" failures="0" tests="1" name="vahan_DASHBOARD.ALLLL" time="630.711" errors="0" timestamp="2024-06-19T10:36:23 IST" skipped="0">
  <testcase classname="vahan_DASHBOARD.ALLLL" name="runTests" time="630.711"/>
  <system-out/>
</testsuite> <!-- vahan_DASHBOARD.ALLLL -->
