<?xml version="1.0" encoding="UTF-8"?>
<!-- Generated by org.testng.reporters.JUnitReportReporter -->
<testsuite hostname="DESKTOP-N9F7EI8" failures="0" tests="2" name="vAHAN.All_4_Running_States" time="62.832" errors="0" timestamp="2024-06-18T18:12:57 IST" skipped="0">
  <testcase classname="vAHAN.All_4_Running_States" name="filterSelection" time="26.875"/>
  <system-out/>
  <testcase classname="vAHAN.All_4_Running_States" name="parivahan" time="35.957"/>
  <system-out/>
</testsuite> <!-- vAHAN.All_4_Running_States -->
