<?xml version="1.0" encoding="UTF-8"?>
<!-- Generated by org.testng.reporters.JUnitReportReporter -->
<testsuite hostname="DESKTOP-N9F7EI8" failures="0" tests="2" name="vahan_DASHBOARD.Andhra_Pradesh" time="94.429" errors="0" timestamp="2024-06-18T15:45:35 IST" skipped="0">
  <testcase classname="vahan_DASHBOARD.Andhra_Pradesh" name="Fillter_selection" time="59.340"/>
  <system-out/>
  <testcase classname="vahan_DASHBOARD.Andhra_Pradesh" name="Parivahan" time="35.089"/>
  <system-out/>
</testsuite> <!-- vahan_DASHBOARD.Andhra_Pradesh -->
