<?xml version="1.0" encoding="UTF-8"?>
<!-- Generated by org.testng.reporters.JUnitReportReporter -->
<testsuite hostname="DESKTOP-N9F7EI8" failures="0" tests="2" name="vAHAN.Andhra_Pradesh" time="60.975" errors="0" timestamp="2024-06-18T18:12:57 IST" skipped="0">
  <testcase classname="vAHAN.Andhra_Pradesh" name="filterSelection" time="26.527"/>
  <system-out/>
  <testcase classname="vAHAN.Andhra_Pradesh" name="parivahan" time="34.448"/>
  <system-out/>
</testsuite> <!-- vAHAN.Andhra_Pradesh -->
