<?xml version="1.0" encoding="UTF-8"?>
<!-- Generated by org.testng.reporters.JUnitReportReporter -->
<testsuite hostname="DESKTOP-N9F7EI8" failures="0" tests="2" name="vAHAN.Andaman_Nicobar" time="61.405" errors="0" timestamp="2024-06-18T18:12:57 IST" skipped="0">
  <testcase classname="vAHAN.Andaman_Nicobar" name="filterSelection" time="26.489"/>
  <system-out/>
  <testcase classname="vAHAN.Andaman_Nicobar" name="parivahan" time="34.916"/>
  <system-out/>
</testsuite> <!-- vAHAN.Andaman_Nicobar -->
