<?xml version="1.0" encoding="UTF-8"?>
<!-- Generated by org.testng.reporters.JUnitReportReporter -->
<testsuite hostname="DESKTOP-N9F7EI8" failures="0" tests="55" name="Import_DATA_Of_DBP.Spares" time="23.307" errors="1" timestamp="2024-06-04T15:43:14 IST" skipped="54">
  <testcase classname="Import_DATA_Of_DBP.Spares" name="Setup" time="23.307">
    <error message="Expected condition failed: waiting for presence of element located by: By.cssSelector: [class=&quot;dealer-business px-0 py-4&quot;] (tried for 15 second(s) with 500 milliseconds interval)" type="org.openqa.selenium.TimeoutException">
      <![CDATA[org.openqa.selenium.TimeoutException: Expected condition failed: waiting for presence of element located by: By.cssSelector: [class="dealer-business px-0 py-4"] (tried for 15 second(s) with 500 milliseconds interval)
at org.openqa.selenium.support.ui.WebDriverWait.timeoutException(WebDriverWait.java:84)
at org.openqa.selenium.support.ui.FluentWait.until(FluentWait.java:228)
at Import_DATA_Of_DBP.Login_Page.Setup(Login_Page.java:52)
at java.base/jdk.internal.reflect.DirectMethodHandleAccessor.invoke(DirectMethodHandleAccessor.java:104)
at java.base/java.lang.reflect.Method.invoke(Method.java:578)
at org.testng.internal.MethodInvocationHelper.invokeMethod(MethodInvocationHelper.java:133)
at org.testng.internal.MethodInvocationHelper.invokeMethodConsideringTimeout(MethodInvocationHelper.java:62)
at org.testng.internal.ConfigInvoker.invokeConfigurationMethod(ConfigInvoker.java:385)
at org.testng.internal.ConfigInvoker.invokeConfigurations(ConfigInvoker.java:321)
at org.testng.internal.TestMethodWorker.invokeBeforeClassMethods(TestMethodWorker.java:176)
at org.testng.internal.TestMethodWorker.run(TestMethodWorker.java:122)
at java.base/java.util.ArrayList.forEach(ArrayList.java:1511)
at org.testng.TestRunner.privateRun(TestRunner.java:794)
at org.testng.TestRunner.run(TestRunner.java:596)
at org.testng.SuiteRunner.runTest(SuiteRunner.java:377)
at org.testng.SuiteRunner.runSequentially(SuiteRunner.java:371)
at org.testng.SuiteRunner.privateRun(SuiteRunner.java:332)
at org.testng.SuiteRunner.run(SuiteRunner.java:276)
at org.testng.SuiteRunnerWorker.runSuite(SuiteRunnerWorker.java:53)
at org.testng.SuiteRunnerWorker.run(SuiteRunnerWorker.java:96)
at org.testng.TestNG.runSuitesSequentially(TestNG.java:1212)
at org.testng.TestNG.runSuitesLocally(TestNG.java:1134)
at org.testng.TestNG.runSuites(TestNG.java:1063)
at org.testng.TestNG.run(TestNG.java:1031)
at org.testng.remote.AbstractRemoteTestNG.run(AbstractRemoteTestNG.java:115)
at org.testng.remote.RemoteTestNG.initAndRun(RemoteTestNG.java:251)
at org.testng.remote.RemoteTestNG.main(RemoteTestNG.java:77)
Caused by: org.openqa.selenium.NoSuchElementException: no such element: Unable to locate element: {"method":"css selector","selector":"[class="dealer-business px-0 py-4"]"}
  (Session info: chrome=125.0.6422.141)
For documentation on this error, please visit: https://www.selenium.dev/documentation/webdriver/troubleshooting/errors#no-such-element-exception
Build info: version: '4.20.0', revision: '866c76ca80'
System info: os.name: 'Windows 11', os.arch: 'amd64', os.version: '10.0', java.version: '20.0.2'
Driver info: org.openqa.selenium.chrome.ChromeDriver
Command: [9083acd2dbfaccc097d17520827f044e, findElement {using=css selector, value=[class="dealer-business px-0 py-4"]}]
Capabilities {acceptInsecureCerts: false, browserName: chrome, browserVersion: 125.0.6422.141, chrome: {chromedriverVersion: 125.0.6422.141 (4b1e8393712..., userDataDir: C:\Users\Thinkpad\AppData\L...}, fedcm:accounts: true, goog:chromeOptions: {debuggerAddress: localhost:52289}, networkConnectionEnabled: false, pageLoadStrategy: normal, platformName: windows, proxy: Proxy(), se:cdp: ws://localhost:52289/devtoo..., se:cdpVersion: 125.0.6422.141, setWindowRect: true, strictFileInteractability: false, timeouts: {implicit: 0, pageLoad: 300000, script: 30000}, unhandledPromptBehavior: dismiss and notify, webauthn:extension:credBlob: true, webauthn:extension:largeBlob: true, webauthn:extension:minPinLength: true, webauthn:extension:prf: true, webauthn:virtualAuthenticators: true}
Session ID: 9083acd2dbfaccc097d17520827f044e
at java.base/jdk.internal.reflect.DirectConstructorHandleAccessor.newInstance(DirectConstructorHandleAccessor.java:67)
at java.base/java.lang.reflect.Constructor.newInstanceWithCaller(Constructor.java:500)
at java.base/java.lang.reflect.Constructor.newInstance(Constructor.java:484)
at org.openqa.selenium.remote.ErrorCodec.decode(ErrorCodec.java:167)
at org.openqa.selenium.remote.codec.w3c.W3CHttpResponseCodec.decode(W3CHttpResponseCodec.java:138)
at org.openqa.selenium.remote.codec.w3c.W3CHttpResponseCodec.decode(W3CHttpResponseCodec.java:50)
at org.openqa.selenium.remote.HttpCommandExecutor.execute(HttpCommandExecutor.java:190)
at org.openqa.selenium.remote.service.DriverCommandExecutor.invokeExecute(DriverCommandExecutor.java:216)
at org.openqa.selenium.remote.service.DriverCommandExecutor.execute(DriverCommandExecutor.java:174)
at org.openqa.selenium.remote.RemoteWebDriver.execute(RemoteWebDriver.java:518)
at org.openqa.selenium.remote.ElementLocation$ElementFinder$2.findElement(ElementLocation.java:165)
at org.openqa.selenium.remote.ElementLocation.findElement(ElementLocation.java:59)
at org.openqa.selenium.remote.RemoteWebDriver.findElement(RemoteWebDriver.java:355)
at org.openqa.selenium.remote.RemoteWebDriver.findElement(RemoteWebDriver.java:349)
at org.openqa.selenium.support.ui.ExpectedConditions$6.apply(ExpectedConditions.java:171)
at org.openqa.selenium.support.ui.ExpectedConditions$6.apply(ExpectedConditions.java:168)
at org.openqa.selenium.support.ui.FluentWait.until(FluentWait.java:203)
... 25 more
]]>
    </error>
  </testcase> <!-- Setup -->
  <system-out/>
  <testcase classname="Import_DATA_Of_DBP.Spares" name="Clear_Data" time="0.000">
    <skipped/>
  </testcase> <!-- Clear_Data -->
  <system-out/>
  <testcase classname="Import_DATA_Of_DBP.Spares" name="ClickOn_Service" time="0.000">
    <skipped/>
  </testcase> <!-- ClickOn_Service -->
  <system-out/>
  <testcase classname="Import_DATA_Of_DBP.Spares" name="ClickOn_NewCar" time="0.000">
    <skipped/>
  </testcase> <!-- ClickOn_NewCar -->
  <system-out/>
  <testcase classname="Import_DATA_Of_DBP.Spares" name="ClickOn_Manpower_Cost" time="0.000">
    <skipped/>
  </testcase> <!-- ClickOn_Manpower_Cost -->
  <system-out/>
  <testcase classname="Import_DATA_Of_DBP.Spares" name="ClickOn_Interest_Cost" time="0.000">
    <skipped/>
  </testcase> <!-- ClickOn_Interest_Cost -->
  <system-out/>
  <testcase classname="Import_DATA_Of_DBP.Spares" name="ClickOn_Spares" time="0.000">
    <skipped/>
  </testcase> <!-- ClickOn_Spares -->
  <system-out/>
  <testcase classname="Import_DATA_Of_DBP.Spares" name="Spares_Sales_Workshop_Amount" time="0.000">
    <skipped/>
  </testcase> <!-- Spares_Sales_Workshop_Amount -->
  <system-out/>
  <testcase classname="Import_DATA_Of_DBP.Spares" name="Spares_Sales_Workshop_SalesPerLoad" time="0.000">
    <skipped/>
  </testcase> <!-- Spares_Sales_Workshop_SalesPerLoad -->
  <system-out/>
  <testcase classname="Import_DATA_Of_DBP.Spares" name="Spares_Sales_Bodyshop_Amount" time="0.000">
    <skipped/>
  </testcase> <!-- Spares_Sales_Bodyshop_Amount -->
  <system-out/>
  <testcase classname="Import_DATA_Of_DBP.Spares" name="Spares_Sales_Bodyshop_SalesPerLoad" time="0.000">
    <skipped/>
  </testcase> <!-- Spares_Sales_Bodyshop_SalesPerLoad -->
  <system-out/>
  <testcase classname="Import_DATA_Of_DBP.Spares" name="SparesSales_Sales_of_Oil_Amount" time="0.000">
    <skipped/>
  </testcase> <!-- SparesSales_Sales_of_Oil_Amount -->
  <system-out/>
  <testcase classname="Import_DATA_Of_DBP.Spares" name="SparesSales_Other_Sales_Amount" time="0.000">
    <skipped/>
  </testcase> <!-- SparesSales_Other_Sales_Amount -->
  <system-out/>
  <testcase classname="Import_DATA_Of_DBP.Spares" name="SpareSales_Total_Spares_Sales" time="0.000">
    <skipped/>
  </testcase> <!-- SpareSales_Total_Spares_Sales -->
  <system-out/>
  <testcase classname="Import_DATA_Of_DBP.Spares" name="SparesCOGS_Spares_Parts_Opening_Stock" time="0.000">
    <skipped/>
  </testcase> <!-- SparesCOGS_Spares_Parts_Opening_Stock -->
  <system-out/>
  <testcase classname="Import_DATA_Of_DBP.Spares" name="SparesCOGS_Spares_Parts_Purchase" time="0.000">
    <skipped/>
  </testcase> <!-- SparesCOGS_Spares_Parts_Purchase -->
  <system-out/>
  <testcase classname="Import_DATA_Of_DBP.Spares" name="SparesCOGS_Spares_Parts_Closing_Stock" time="0.000">
    <skipped/>
  </testcase> <!-- SparesCOGS_Spares_Parts_Closing_Stock -->
  <system-out/>
  <testcase classname="Import_DATA_Of_DBP.Spares" name="SparesCOGS_Oil_Opening_Stock" time="0.000">
    <skipped/>
  </testcase> <!-- SparesCOGS_Oil_Opening_Stock -->
  <system-out/>
  <testcase classname="Import_DATA_Of_DBP.Spares" name="SparesCOGS_Oil_Purchase" time="0.000">
    <skipped/>
  </testcase> <!-- SparesCOGS_Oil_Purchase -->
  <system-out/>
  <testcase classname="Import_DATA_Of_DBP.Spares" name="SparesCOGS_Oil_Closing_Stock" time="0.000">
    <skipped/>
  </testcase> <!-- SparesCOGS_Oil_Closing_Stock -->
  <system-out/>
  <testcase classname="Import_DATA_Of_DBP.Spares" name="SparesCOGS_Tyres_Battery_Polish_Opening_Stock" time="0.000">
    <skipped/>
  </testcase> <!-- SparesCOGS_Tyres_Battery_Polish_Opening_Stock -->
  <system-out/>
  <testcase classname="Import_DATA_Of_DBP.Spares" name="SparesCOGS_Tyres_Battery_Polish_Purchase" time="0.000">
    <skipped/>
  </testcase> <!-- SparesCOGS_Tyres_Battery_Polish_Purchase -->
  <system-out/>
  <testcase classname="Import_DATA_Of_DBP.Spares" name="SparesCOGS_Tyres_Battery_Polish_Closing_Stock" time="0.000">
    <skipped/>
  </testcase> <!-- SparesCOGS_Tyres_Battery_Polish_Closing_Stock -->
  <system-out/>
  <testcase classname="Import_DATA_Of_DBP.Spares" name="SparesCOGS_Consumables_Opening_Stock" time="0.000">
    <skipped/>
  </testcase> <!-- SparesCOGS_Consumables_Opening_Stock -->
  <system-out/>
  <testcase classname="Import_DATA_Of_DBP.Spares" name="SparesCOGS_Consumables_Purchase" time="0.000">
    <skipped/>
  </testcase> <!-- SparesCOGS_Consumables_Purchase -->
  <system-out/>
  <testcase classname="Import_DATA_Of_DBP.Spares" name="SparesCOGS_Consumables_Closing_Stock" time="0.000">
    <skipped/>
  </testcase> <!-- SparesCOGS_Consumables_Closing_Stock -->
  <system-out/>
  <testcase classname="Import_DATA_Of_DBP.Spares" name="Spares_COGS_Cost_Of_Goods_Sold" time="0.000">
    <skipped/>
  </testcase> <!-- Spares_COGS_Cost_Of_Goods_Sold -->
  <system-out/>
  <testcase classname="Import_DATA_Of_DBP.Spares" name="Spares_Income_Spares_Margin_Amount" time="0.000">
    <skipped/>
  </testcase> <!-- Spares_Income_Spares_Margin_Amount -->
  <system-out/>
  <testcase classname="Import_DATA_Of_DBP.Spares" name="Spares_Income_Spares_Margin_PerNewCar" time="0.000">
    <skipped/>
  </testcase> <!-- Spares_Income_Spares_Margin_PerNewCar -->
  <system-out/>
  <testcase classname="Import_DATA_Of_DBP.Spares" name="Spares_Income_Incentive_from_Spare_parts_sale" time="0.000">
    <skipped/>
  </testcase> <!-- Spares_Income_Incentive_from_Spare_parts_sale -->
  <system-out/>
  <testcase classname="Import_DATA_Of_DBP.Spares" name="Spares_Income_Incentive_from_Spare_parts_sale_PerNewCar" time="0.000">
    <skipped/>
  </testcase> <!-- Spares_Income_Incentive_from_Spare_parts_sale_PerNewCar -->
  <system-out/>
  <testcase classname="Import_DATA_Of_DBP.Spares" name="Spares_Income_Spare_Parts_Warranty_Claims" time="0.000">
    <skipped/>
  </testcase> <!-- Spares_Income_Spare_Parts_Warranty_Claims -->
  <system-out/>
  <testcase classname="Import_DATA_Of_DBP.Spares" name="Spares_Income_Spare_Parts_Warranty_Claims_PerNewCar" time="0.000">
    <skipped/>
  </testcase> <!-- Spares_Income_Spare_Parts_Warranty_Claims_PerNewCar -->
  <system-out/>
  <testcase classname="Import_DATA_Of_DBP.Spares" name="Spares_Income_Scrap_Sales_Cardboard_Cartons" time="0.000">
    <skipped/>
  </testcase> <!-- Spares_Income_Scrap_Sales_Cardboard_Cartons -->
  <system-out/>
  <testcase classname="Import_DATA_Of_DBP.Spares" name="Spares_Income_Scrap_Sales_Cardboard_Cartons_PerNewCar" time="0.000">
    <skipped/>
  </testcase> <!-- Spares_Income_Scrap_Sales_Cardboard_Cartons_PerNewCar -->
  <system-out/>
  <testcase classname="Import_DATA_Of_DBP.Spares" name="Spares_Income_Any_other_Spares_Income" time="0.000">
    <skipped/>
  </testcase> <!-- Spares_Income_Any_other_Spares_Income -->
  <system-out/>
  <testcase classname="Import_DATA_Of_DBP.Spares" name="Spares_Income_Any_other_Spares_Income_PerNewCar" time="0.000">
    <skipped/>
  </testcase> <!-- Spares_Income_Any_other_Spares_Income_PerNewCar -->
  <system-out/>
  <testcase classname="Import_DATA_Of_DBP.Spares" name="Spares_Expense_Manpower_Cost" time="0.000">
    <skipped/>
  </testcase> <!-- Spares_Expense_Manpower_Cost -->
  <system-out/>
  <testcase classname="Import_DATA_Of_DBP.Spares" name="Spares_Expense_Manpower_Cost_PerNewCar" time="0.000">
    <skipped/>
  </testcase> <!-- Spares_Expense_Manpower_Cost_PerNewCar -->
  <system-out/>
  <testcase classname="Import_DATA_Of_DBP.Spares" name="Spares_Expense_Short_term_Interest_Cost" time="0.000">
    <skipped/>
  </testcase> <!-- Spares_Expense_Short_term_Interest_Cost -->
  <system-out/>
  <testcase classname="Import_DATA_Of_DBP.Spares" name="Spares_Expense_Short_term_Interest_Cost_PerNewCar" time="0.000">
    <skipped/>
  </testcase> <!-- Spares_Expense_Short_term_Interest_Cost_PerNewCar -->
  <system-out/>
  <testcase classname="Import_DATA_Of_DBP.Spares" name="Spares_Expense_Discount_Bill_discount" time="0.000">
    <skipped/>
  </testcase> <!-- Spares_Expense_Discount_Bill_discount -->
  <system-out/>
  <testcase classname="Import_DATA_Of_DBP.Spares" name="Spares_Expense_Discount_Bill_discount_PerNewCar" time="0.000">
    <skipped/>
  </testcase> <!-- Spares_Expense_Discount_Bill_discount_PerNewCar -->
  <system-out/>
  <testcase classname="Import_DATA_Of_DBP.Spares" name="Spares_Expense_Discount_through_Workshop" time="0.000">
    <skipped/>
  </testcase> <!-- Spares_Expense_Discount_through_Workshop -->
  <system-out/>
  <testcase classname="Import_DATA_Of_DBP.Spares" name="Spares_Expense_Discount_through_Workshop_PerNewCar" time="0.000">
    <skipped/>
  </testcase> <!-- Spares_Expense_Discount_through_Workshop_PerNewCar -->
  <system-out/>
  <testcase classname="Import_DATA_Of_DBP.Spares" name="Spares_Expense_Discount_any_others" time="0.000">
    <skipped/>
  </testcase> <!-- Spares_Expense_Discount_any_others -->
  <system-out/>
  <testcase classname="Import_DATA_Of_DBP.Spares" name="Spares_Expense_Discount_any_others_PerNewCar" time="0.000">
    <skipped/>
  </testcase> <!-- Spares_Expense_Discount_any_others_PerNewCar -->
  <system-out/>
  <testcase classname="Import_DATA_Of_DBP.Spares" name="Spares_Expense_Any_other_Expense" time="0.000">
    <skipped/>
  </testcase> <!-- Spares_Expense_Any_other_Expense -->
  <system-out/>
  <testcase classname="Import_DATA_Of_DBP.Spares" name="Spares_Expense_Any_other_Expense_PerNewCar" time="0.000">
    <skipped/>
  </testcase> <!-- Spares_Expense_Any_other_Expense_PerNewCar -->
  <system-out/>
  <testcase classname="Import_DATA_Of_DBP.Spares" name="Total_Spares_Income" time="0.000">
    <skipped/>
  </testcase> <!-- Total_Spares_Income -->
  <system-out/>
  <testcase classname="Import_DATA_Of_DBP.Spares" name="Total_Spares_Income_PerNewCar" time="0.000">
    <skipped/>
  </testcase> <!-- Total_Spares_Income_PerNewCar -->
  <system-out/>
  <testcase classname="Import_DATA_Of_DBP.Spares" name="Total_Spares_Direct_Expense" time="0.000">
    <skipped/>
  </testcase> <!-- Total_Spares_Direct_Expense -->
  <system-out/>
  <testcase classname="Import_DATA_Of_DBP.Spares" name="Total_Spares_Direct_Expense_PerNewCar" time="0.000">
    <skipped/>
  </testcase> <!-- Total_Spares_Direct_Expense_PerNewCar -->
  <system-out/>
  <testcase classname="Import_DATA_Of_DBP.Spares" name="Net_earning_from_Spares" time="0.000">
    <skipped/>
  </testcase> <!-- Net_earning_from_Spares -->
  <system-out/>
  <testcase classname="Import_DATA_Of_DBP.Spares" name="Net_earning_from_Spares_PerNewCar" time="0.000">
    <skipped/>
  </testcase> <!-- Net_earning_from_Spares_PerNewCar -->
  <system-out/>
</testsuite> <!-- Import_DATA_Of_DBP.Spares -->
