<?xml version="1.0" encoding="UTF-8"?>
<!-- Generated by org.testng.reporters.JUnitReportReporter -->
<testsuite hostname="DESKTOP-N9F7EI8" failures="0" tests="51" name="dbp_Login_Extends.True_value" time="42.106" errors="0" timestamp="2024-06-04T16:24:32 IST" skipped="0">
  <testcase classname="dbp_Login_Extends.True_value" name="clearData" time="11.463"/>
  <system-out/>
  <testcase classname="dbp_Login_Extends.True_value" name="Save_the_Data" time="6.674"/>
  <system-out/>
  <testcase classname="dbp_Login_Extends.True_value" name="POC_Sales_Amount" time="0.079"/>
  <system-out/>
  <testcase classname="dbp_Login_Extends.True_value" name="POC_Sales_COGS____Opening_Stocks____A____QTY" time="0.067"/>
  <system-out/>
  <testcase classname="dbp_Login_Extends.True_value" name="POC_Sales_COGS____Opening_Stocks____A____Amount" time="0.028"/>
  <system-out/>
  <testcase classname="dbp_Login_Extends.True_value" name="POC_Sales_COGS____Purchase____B____QTY" time="0.045"/>
  <system-out/>
  <testcase classname="dbp_Login_Extends.True_value" name="POC_Sales_COGS____Purchase____B____amount" time="0.023"/>
  <system-out/>
  <testcase classname="dbp_Login_Extends.True_value" name="POC_Sales_COGS____Closing_Stock____C____Qty" time="0.030"/>
  <system-out/>
  <testcase classname="dbp_Login_Extends.True_value" name="POC_Sales_COGS____Closing_Stock____C____Amount" time="0.042"/>
  <system-out/>
  <testcase classname="dbp_Login_Extends.True_value" name="POC_Sales_Incentive_amount_In_Income" time="0.033"/>
  <system-out/>
  <testcase classname="dbp_Login_Extends.True_value" name="Finance_Commission_Amount_In_Income" time="0.034"/>
  <system-out/>
  <testcase classname="dbp_Login_Extends.True_value" name="Insurance_Commission_Amount_In_Income" time="0.046"/>
  <system-out/>
  <testcase classname="dbp_Login_Extends.True_value" name="Net_Earnings_from_registration_Amount_In_Income" time="0.032"/>
  <system-out/>
  <testcase classname="dbp_Login_Extends.True_value" name="Any_other_POC_Sales_Income_Amount_In_Income" time="0.032"/>
  <system-out/>
  <testcase classname="dbp_Login_Extends.True_value" name="Refurbishment_Cost_Amount_In_Expense" time="0.042"/>
  <system-out/>
  <testcase classname="dbp_Login_Extends.True_value" name="Free_Service_Cost_Amount_In_Expense" time="0.032"/>
  <system-out/>
  <testcase classname="dbp_Login_Extends.True_value" name="Advertisement_Marketing_Promotional_Amount_In_Expense" time="0.050"/>
  <system-out/>
  <testcase classname="dbp_Login_Extends.True_value" name="Hyperlocal_Expense_Amount_In_Expense" time="0.030"/>
  <system-out/>
  <testcase classname="dbp_Login_Extends.True_value" name="Management_Fees_to_MSIL_Amount_In_Expense" time="0.046"/>
  <system-out/>
  <testcase classname="dbp_Login_Extends.True_value" name="Warranty_Cost_Amount_In_Expense" time="0.047"/>
  <system-out/>
  <testcase classname="dbp_Login_Extends.True_value" name="Any_Other_Expense_Amount_In_Expense" time="0.063"/>
  <system-out/>
  <testcase classname="dbp_Login_Extends.True_value" name="POC_Sales_Quantity" time="0.000"/>
  <system-out/>
  <testcase classname="dbp_Login_Extends.True_value" name="Per_POC_Sales_Rs" time="0.000"/>
  <system-out/>
  <testcase classname="dbp_Login_Extends.True_value" name="Cost_Of_Goods_Sold" time="0.000"/>
  <system-out/>
  <testcase classname="dbp_Login_Extends.True_value" name="POC_Sales_Margin_Amount_In_Income" time="0.000"/>
  <system-out/>
  <testcase classname="dbp_Login_Extends.True_value" name="Click_on_NewCars" time="4.957"/>
  <system-out/>
  <testcase classname="dbp_Login_Extends.True_value" name="POC_Sales_Margin_per_New_Car_Income" time="0.000"/>
  <system-out/>
  <testcase classname="dbp_Login_Extends.True_value" name="POC_Sales_Incentive_per_New_Car_Income" time="0.000"/>
  <system-out/>
  <testcase classname="dbp_Login_Extends.True_value" name="Finance_Commission_per_New_Car_Income" time="0.000"/>
  <system-out/>
  <testcase classname="dbp_Login_Extends.True_value" name="Insurance_Commission_per_New_Car_Income" time="0.000"/>
  <system-out/>
  <testcase classname="dbp_Login_Extends.True_value" name="Net_Earnings_from_registration_per_New_Car_Income" time="0.000"/>
  <system-out/>
  <testcase classname="dbp_Login_Extends.True_value" name="Any_other_POC_Sales_Income_per_New_Car_Income" time="0.000"/>
  <system-out/>
  <testcase classname="dbp_Login_Extends.True_value" name="click_on_ManPowerCost" time="9.073"/>
  <system-out/>
  <testcase classname="dbp_Login_Extends.True_value" name="Manpower_Cost_salary_and_Incentives_AMOUNT" time="0.000"/>
  <system-out/>
  <testcase classname="dbp_Login_Extends.True_value" name="Manpower_Cost_salary_and_Incentives_per_new_cars_Expenses" time="0.000"/>
  <system-out/>
  <testcase classname="dbp_Login_Extends.True_value" name="click_on_IntrestCost" time="9.138"/>
  <system-out/>
  <testcase classname="dbp_Login_Extends.True_value" name="Short_Term_Interest_Cost_AMOUNT" time="0.000"/>
  <system-out/>
  <testcase classname="dbp_Login_Extends.True_value" name="Short_Term_Interest_Cost__Per_new_CARS_expenses" time="0.000"/>
  <system-out/>
  <testcase classname="dbp_Login_Extends.True_value" name="Refurbishment_Cost_Per_new_CARS_expenses" time="0.000"/>
  <system-out/>
  <testcase classname="dbp_Login_Extends.True_value" name="Free_Service_Cost_Per_new_CARS_expenses" time="0.000"/>
  <system-out/>
  <testcase classname="dbp_Login_Extends.True_value" name="Advertisement_Marketing_Promotional_Per_new_CARS_expenses" time="0.000"/>
  <system-out/>
  <testcase classname="dbp_Login_Extends.True_value" name="Hyperlocal_Expense_Per_new_CARS_expenses" time="0.000"/>
  <system-out/>
  <testcase classname="dbp_Login_Extends.True_value" name="Management_Fees_to_MSIL_Per_new_CARS_expenses" time="0.000"/>
  <system-out/>
  <testcase classname="dbp_Login_Extends.True_value" name="Warranty_Cost_Per_new_CARS_expenses" time="0.000"/>
  <system-out/>
  <testcase classname="dbp_Login_Extends.True_value" name="Any_other_Expense_POC_Sales_only_Per_new_CARS_expenses" time="0.000"/>
  <system-out/>
  <testcase classname="dbp_Login_Extends.True_value" name="Total_POC_Sales_Income_A" time="0.000"/>
  <system-out/>
  <testcase classname="dbp_Login_Extends.True_value" name="Net_earning_from_POC_Sales_In_Totals" time="0.000"/>
  <system-out/>
  <testcase classname="dbp_Login_Extends.True_value" name="Total_POC_Sales_Income_A_per_new_CARS" time="0.000"/>
  <system-out/>
  <testcase classname="dbp_Login_Extends.True_value" name="Total_POC_Sales_Direct_Expense_B" time="0.000"/>
  <system-out/>
  <testcase classname="dbp_Login_Extends.True_value" name="Net_earning_from_POC_Sales_In__per_new_CARS" time="0.000"/>
  <system-out/>
  <testcase classname="dbp_Login_Extends.True_value" name="Total_POC_Sales_Direct_Expense_B_per_new_cars" time="0.000"/>
  <system-out/>
</testsuite> <!-- dbp_Login_Extends.True_value -->
