<?xml version="1.0" encoding="UTF-8"?>
<!-- Generated by org.testng.reporters.JUnitReportReporter -->
<testsuite hostname="DESKTOP-N9F7EI8" failures="0" tests="51" name="extend_Login.True_value" time="41.726" errors="0" timestamp="2024-05-31T15:51:29 IST" skipped="0">
  <testcase classname="extend_Login.True_value" name="clearData" time="11.195"/>
  <system-out/>
  <testcase classname="extend_Login.True_value" name="Save_the_Data" time="6.512"/>
  <system-out/>
  <testcase classname="extend_Login.True_value" name="POC_Sales_Amount" time="0.067"/>
  <system-out/>
  <testcase classname="extend_Login.True_value" name="POC_Sales_COGS____Opening_Stocks____A____QTY" time="0.043"/>
  <system-out/>
  <testcase classname="extend_Login.True_value" name="POC_Sales_COGS____Opening_Stocks____A____Amount" time="0.038"/>
  <system-out/>
  <testcase classname="extend_Login.True_value" name="POC_Sales_COGS____Purchase____B____QTY" time="0.040"/>
  <system-out/>
  <testcase classname="extend_Login.True_value" name="POC_Sales_COGS____Purchase____B____amount" time="0.040"/>
  <system-out/>
  <testcase classname="extend_Login.True_value" name="POC_Sales_COGS____Closing_Stock____C____Qty" time="0.039"/>
  <system-out/>
  <testcase classname="extend_Login.True_value" name="POC_Sales_COGS____Closing_Stock____C____Amount" time="0.040"/>
  <system-out/>
  <testcase classname="extend_Login.True_value" name="POC_Sales_Incentive_amount_In_Income" time="0.039"/>
  <system-out/>
  <testcase classname="extend_Login.True_value" name="Finance_Commission_Amount_In_Income" time="0.061"/>
  <system-out/>
  <testcase classname="extend_Login.True_value" name="Insurance_Commission_Amount_In_Income" time="0.037"/>
  <system-out/>
  <testcase classname="extend_Login.True_value" name="Net_Earnings_from_registration_Amount_In_Income" time="0.038"/>
  <system-out/>
  <testcase classname="extend_Login.True_value" name="Any_other_POC_Sales_Income_Amount_In_Income" time="0.038"/>
  <system-out/>
  <testcase classname="extend_Login.True_value" name="Refurbishment_Cost_Amount_In_Expense" time="0.035"/>
  <system-out/>
  <testcase classname="extend_Login.True_value" name="Free_Service_Cost_Amount_In_Expense" time="0.032"/>
  <system-out/>
  <testcase classname="extend_Login.True_value" name="Advertisement_Marketing_Promotional_Amount_In_Expense" time="0.035"/>
  <system-out/>
  <testcase classname="extend_Login.True_value" name="Hyperlocal_Expense_Amount_In_Expense" time="0.041"/>
  <system-out/>
  <testcase classname="extend_Login.True_value" name="Management_Fees_to_MSIL_Amount_In_Expense" time="0.041"/>
  <system-out/>
  <testcase classname="extend_Login.True_value" name="Warranty_Cost_Amount_In_Expense" time="0.043"/>
  <system-out/>
  <testcase classname="extend_Login.True_value" name="Any_Other_Expense_Amount_In_Expense" time="0.042"/>
  <system-out/>
  <testcase classname="extend_Login.True_value" name="POC_Sales_Quantity" time="0.001"/>
  <system-out/>
  <testcase classname="extend_Login.True_value" name="Per_POC_Sales_Rs" time="0.001"/>
  <system-out/>
  <testcase classname="extend_Login.True_value" name="Cost_Of_Goods_Sold" time="0.001"/>
  <system-out/>
  <testcase classname="extend_Login.True_value" name="POC_Sales_Margin_Amount_In_Income" time="0.001"/>
  <system-out/>
  <testcase classname="extend_Login.True_value" name="Click_on_NewCars" time="5.087"/>
  <system-out/>
  <testcase classname="extend_Login.True_value" name="POC_Sales_Margin_per_New_Car_Income" time="0.000"/>
  <system-out/>
  <testcase classname="extend_Login.True_value" name="POC_Sales_Incentive_per_New_Car_Income" time="0.000"/>
  <system-out/>
  <testcase classname="extend_Login.True_value" name="Finance_Commission_per_New_Car_Income" time="0.000"/>
  <system-out/>
  <testcase classname="extend_Login.True_value" name="Insurance_Commission_per_New_Car_Income" time="0.000"/>
  <system-out/>
  <testcase classname="extend_Login.True_value" name="Net_Earnings_from_registration_per_New_Car_Income" time="0.000"/>
  <system-out/>
  <testcase classname="extend_Login.True_value" name="Any_other_POC_Sales_Income_per_New_Car_Income" time="0.012"/>
  <system-out/>
  <testcase classname="extend_Login.True_value" name="click_on_ManPowerCost" time="9.072"/>
  <system-out/>
  <testcase classname="extend_Login.True_value" name="Manpower_Cost_salary_and_Incentives_AMOUNT" time="0.000"/>
  <system-out/>
  <testcase classname="extend_Login.True_value" name="Manpower_Cost_salary_and_Incentives_per_new_cars_Expenses" time="0.000"/>
  <system-out/>
  <testcase classname="extend_Login.True_value" name="click_on_IntrestCost" time="9.050"/>
  <system-out/>
  <testcase classname="extend_Login.True_value" name="Short_Term_Interest_Cost_AMOUNT" time="0.000"/>
  <system-out/>
  <testcase classname="extend_Login.True_value" name="Short_Term_Interest_Cost__Per_new_CARS_expenses" time="0.000"/>
  <system-out/>
  <testcase classname="extend_Login.True_value" name="Refurbishment_Cost_Per_new_CARS_expenses" time="0.000"/>
  <system-out/>
  <testcase classname="extend_Login.True_value" name="Free_Service_Cost_Per_new_CARS_expenses" time="0.000"/>
  <system-out/>
  <testcase classname="extend_Login.True_value" name="Advertisement_Marketing_Promotional_Per_new_CARS_expenses" time="0.000"/>
  <system-out/>
  <testcase classname="extend_Login.True_value" name="Hyperlocal_Expense_Per_new_CARS_expenses" time="0.000"/>
  <system-out/>
  <testcase classname="extend_Login.True_value" name="Management_Fees_to_MSIL_Per_new_CARS_expenses" time="0.000"/>
  <system-out/>
  <testcase classname="extend_Login.True_value" name="Warranty_Cost_Per_new_CARS_expenses" time="0.000"/>
  <system-out/>
  <testcase classname="extend_Login.True_value" name="Any_other_Expense_POC_Sales_only_Per_new_CARS_expenses" time="0.000"/>
  <system-out/>
  <testcase classname="extend_Login.True_value" name="Total_POC_Sales_Income_A" time="0.001"/>
  <system-out/>
  <testcase classname="extend_Login.True_value" name="Net_earning_from_POC_Sales_In_Totals" time="0.000"/>
  <system-out/>
  <testcase classname="extend_Login.True_value" name="Total_POC_Sales_Income_A_per_new_CARS" time="0.004"/>
  <system-out/>
  <testcase classname="extend_Login.True_value" name="Total_POC_Sales_Direct_Expense_B" time="0.000"/>
  <system-out/>
  <testcase classname="extend_Login.True_value" name="Total_POC_Sales_Direct_Expense_B_per_new_cars" time="0.000"/>
  <system-out/>
  <testcase classname="extend_Login.True_value" name="Net_earning_from_POC_Sales_In__per_new_CARS" time="0.000"/>
  <system-out/>
</testsuite> <!-- extend_Login.True_value -->
