<?xml version="1.0" encoding="UTF-8"?>
<!-- Generated by org.testng.reporters.JUnitReportReporter -->
<testsuite hostname="DESKTOP-N9F7EI8" failures="0" tests="130" name="dbp_Login_Extends.Common_Expense_TestNG" time="26.043" errors="1" timestamp="2024-06-04T16:24:32 IST" skipped="129">
  <testcase classname="dbp_Login_Extends.Common_Expense_TestNG" name="Setup" time="26.043">
    <error message="Expected condition failed: waiting for presence of element located by: By.cssSelector: [class=&quot;dealer-business px-0 py-4&quot;] (tried for 15 second(s) with 500 milliseconds interval)" type="org.openqa.selenium.TimeoutException">
      <![CDATA[org.openqa.selenium.TimeoutException: Expected condition failed: waiting for presence of element located by: By.cssSelector: [class="dealer-business px-0 py-4"] (tried for 15 second(s) with 500 milliseconds interval)
at org.openqa.selenium.support.ui.WebDriverWait.timeoutException(WebDriverWait.java:84)
at org.openqa.selenium.support.ui.FluentWait.until(FluentWait.java:228)
at Import_DATA_Of_DBP.Login_Page.Setup(Login_Page.java:52)
at java.base/jdk.internal.reflect.DirectMethodHandleAccessor.invoke(DirectMethodHandleAccessor.java:104)
at java.base/java.lang.reflect.Method.invoke(Method.java:578)
at org.testng.internal.MethodInvocationHelper.invokeMethod(MethodInvocationHelper.java:133)
at org.testng.internal.MethodInvocationHelper.invokeMethodConsideringTimeout(MethodInvocationHelper.java:62)
at org.testng.internal.ConfigInvoker.invokeConfigurationMethod(ConfigInvoker.java:385)
at org.testng.internal.ConfigInvoker.invokeConfigurations(ConfigInvoker.java:321)
at org.testng.internal.TestMethodWorker.invokeBeforeClassMethods(TestMethodWorker.java:176)
at org.testng.internal.TestMethodWorker.run(TestMethodWorker.java:122)
at java.base/java.util.ArrayList.forEach(ArrayList.java:1511)
at org.testng.TestRunner.privateRun(TestRunner.java:794)
at org.testng.TestRunner.run(TestRunner.java:596)
at org.testng.SuiteRunner.runTest(SuiteRunner.java:377)
at org.testng.SuiteRunner.runSequentially(SuiteRunner.java:371)
at org.testng.SuiteRunner.privateRun(SuiteRunner.java:332)
at org.testng.SuiteRunner.run(SuiteRunner.java:276)
at org.testng.SuiteRunnerWorker.runSuite(SuiteRunnerWorker.java:53)
at org.testng.SuiteRunnerWorker.run(SuiteRunnerWorker.java:96)
at org.testng.TestNG.runSuitesSequentially(TestNG.java:1212)
at org.testng.TestNG.runSuitesLocally(TestNG.java:1134)
at org.testng.TestNG.runSuites(TestNG.java:1063)
at org.testng.TestNG.run(TestNG.java:1031)
at org.testng.remote.AbstractRemoteTestNG.run(AbstractRemoteTestNG.java:115)
at org.testng.remote.RemoteTestNG.initAndRun(RemoteTestNG.java:251)
at org.testng.remote.RemoteTestNG.main(RemoteTestNG.java:77)
Caused by: org.openqa.selenium.NoSuchElementException: no such element: Unable to locate element: {"method":"css selector","selector":"[class="dealer-business px-0 py-4"]"}
  (Session info: chrome=125.0.6422.141)
For documentation on this error, please visit: https://www.selenium.dev/documentation/webdriver/troubleshooting/errors#no-such-element-exception
Build info: version: '4.20.0', revision: '866c76ca80'
System info: os.name: 'Windows 11', os.arch: 'amd64', os.version: '10.0', java.version: '20.0.2'
Driver info: org.openqa.selenium.chrome.ChromeDriver
Command: [eff9ee246804d1aeb4a5e556a19fd46f, findElement {using=css selector, value=[class="dealer-business px-0 py-4"]}]
Capabilities {acceptInsecureCerts: false, browserName: chrome, browserVersion: 125.0.6422.141, chrome: {chromedriverVersion: 125.0.6422.141 (4b1e8393712..., userDataDir: C:\Users\Thinkpad\AppData\L...}, fedcm:accounts: true, goog:chromeOptions: {debuggerAddress: localhost:57895}, networkConnectionEnabled: false, pageLoadStrategy: normal, platformName: windows, proxy: Proxy(), se:cdp: ws://localhost:57895/devtoo..., se:cdpVersion: 125.0.6422.141, setWindowRect: true, strictFileInteractability: false, timeouts: {implicit: 0, pageLoad: 300000, script: 30000}, unhandledPromptBehavior: dismiss and notify, webauthn:extension:credBlob: true, webauthn:extension:largeBlob: true, webauthn:extension:minPinLength: true, webauthn:extension:prf: true, webauthn:virtualAuthenticators: true}
Session ID: eff9ee246804d1aeb4a5e556a19fd46f
at java.base/jdk.internal.reflect.DirectConstructorHandleAccessor.newInstance(DirectConstructorHandleAccessor.java:67)
at java.base/java.lang.reflect.Constructor.newInstanceWithCaller(Constructor.java:500)
at java.base/java.lang.reflect.Constructor.newInstance(Constructor.java:484)
at org.openqa.selenium.remote.ErrorCodec.decode(ErrorCodec.java:167)
at org.openqa.selenium.remote.codec.w3c.W3CHttpResponseCodec.decode(W3CHttpResponseCodec.java:138)
at org.openqa.selenium.remote.codec.w3c.W3CHttpResponseCodec.decode(W3CHttpResponseCodec.java:50)
at org.openqa.selenium.remote.HttpCommandExecutor.execute(HttpCommandExecutor.java:190)
at org.openqa.selenium.remote.service.DriverCommandExecutor.invokeExecute(DriverCommandExecutor.java:216)
at org.openqa.selenium.remote.service.DriverCommandExecutor.execute(DriverCommandExecutor.java:174)
at org.openqa.selenium.remote.RemoteWebDriver.execute(RemoteWebDriver.java:518)
at org.openqa.selenium.remote.ElementLocation$ElementFinder$2.findElement(ElementLocation.java:165)
at org.openqa.selenium.remote.ElementLocation.findElement(ElementLocation.java:59)
at org.openqa.selenium.remote.RemoteWebDriver.findElement(RemoteWebDriver.java:355)
at org.openqa.selenium.remote.RemoteWebDriver.findElement(RemoteWebDriver.java:349)
at org.openqa.selenium.support.ui.ExpectedConditions$6.apply(ExpectedConditions.java:171)
at org.openqa.selenium.support.ui.ExpectedConditions$6.apply(ExpectedConditions.java:168)
at org.openqa.selenium.support.ui.FluentWait.until(FluentWait.java:203)
... 25 more
]]>
    </error>
  </testcase> <!-- Setup -->
  <system-out/>
  <testcase classname="dbp_Login_Extends.Common_Expense_TestNG" name="Clear_Data" time="0.000">
    <skipped/>
  </testcase> <!-- Clear_Data -->
  <system-out/>
  <testcase classname="dbp_Login_Extends.Common_Expense_TestNG" name="Save_Data_Depreciation_Rent" time="0.000">
    <skipped/>
  </testcase> <!-- Save_Data_Depreciation_Rent -->
  <system-out/>
  <testcase classname="dbp_Login_Extends.Common_Expense_TestNG" name="ClickOn_NewCar" time="0.000">
    <skipped/>
  </testcase> <!-- ClickOn_NewCar -->
  <system-out/>
  <testcase classname="dbp_Login_Extends.Common_Expense_TestNG" name="ClickOn_Manpower_Cost" time="0.000">
    <skipped/>
  </testcase> <!-- ClickOn_Manpower_Cost -->
  <system-out/>
  <testcase classname="dbp_Login_Extends.Common_Expense_TestNG" name="ClickOn_Interest_Cost" time="0.000">
    <skipped/>
  </testcase> <!-- ClickOn_Interest_Cost -->
  <system-out/>
  <testcase classname="dbp_Login_Extends.Common_Expense_TestNG" name="ClickOn_Common_Expense" time="0.000">
    <skipped/>
  </testcase> <!-- ClickOn_Common_Expense -->
  <system-out/>
  <testcase classname="dbp_Login_Extends.Common_Expense_TestNG" name="Depreciation_Building_NewCar" time="0.000">
    <skipped/>
  </testcase> <!-- Depreciation_Building_NewCar -->
  <system-out/>
  <testcase classname="dbp_Login_Extends.Common_Expense_TestNG" name="Depreciation_Building_MSGA" time="0.000">
    <skipped/>
  </testcase> <!-- Depreciation_Building_MSGA -->
  <system-out/>
  <testcase classname="dbp_Login_Extends.Common_Expense_TestNG" name="Depreciation_Building_Service" time="0.000">
    <skipped/>
  </testcase> <!-- Depreciation_Building_Service -->
  <system-out/>
  <testcase classname="dbp_Login_Extends.Common_Expense_TestNG" name="Depreciation_Building_Spares" time="0.000">
    <skipped/>
  </testcase> <!-- Depreciation_Building_Spares -->
  <system-out/>
  <testcase classname="dbp_Login_Extends.Common_Expense_TestNG" name="Depreciation_Building_TrueValue" time="0.000">
    <skipped/>
  </testcase> <!-- Depreciation_Building_TrueValue -->
  <system-out/>
  <testcase classname="dbp_Login_Extends.Common_Expense_TestNG" name="Depreciation_Building_MI" time="0.000">
    <skipped/>
  </testcase> <!-- Depreciation_Building_MI -->
  <system-out/>
  <testcase classname="dbp_Login_Extends.Common_Expense_TestNG" name="Depreciation_Building_MDS" time="0.000">
    <skipped/>
  </testcase> <!-- Depreciation_Building_MDS -->
  <system-out/>
  <testcase classname="dbp_Login_Extends.Common_Expense_TestNG" name="Depreciation_Building_Total" time="0.000">
    <skipped/>
  </testcase> <!-- Depreciation_Building_Total -->
  <system-out/>
  <testcase classname="dbp_Login_Extends.Common_Expense_TestNG" name="Depreciation_Plant_Machinery_NewCar" time="0.000">
    <skipped/>
  </testcase> <!-- Depreciation_Plant_Machinery_NewCar -->
  <system-out/>
  <testcase classname="dbp_Login_Extends.Common_Expense_TestNG" name="Depreciation_Plant_Machinery_MSGA" time="0.000">
    <skipped/>
  </testcase> <!-- Depreciation_Plant_Machinery_MSGA -->
  <system-out/>
  <testcase classname="dbp_Login_Extends.Common_Expense_TestNG" name="Depreciation_Plant_Machinery_Service" time="0.000">
    <skipped/>
  </testcase> <!-- Depreciation_Plant_Machinery_Service -->
  <system-out/>
  <testcase classname="dbp_Login_Extends.Common_Expense_TestNG" name="Depreciation_Plant_Machinery_Spares" time="0.000">
    <skipped/>
  </testcase> <!-- Depreciation_Plant_Machinery_Spares -->
  <system-out/>
  <testcase classname="dbp_Login_Extends.Common_Expense_TestNG" name="Depreciation_Plant_Machinery_TrueValue" time="0.000">
    <skipped/>
  </testcase> <!-- Depreciation_Plant_Machinery_TrueValue -->
  <system-out/>
  <testcase classname="dbp_Login_Extends.Common_Expense_TestNG" name="Depreciation_Plant_Machinery_MI" time="0.000">
    <skipped/>
  </testcase> <!-- Depreciation_Plant_Machinery_MI -->
  <system-out/>
  <testcase classname="dbp_Login_Extends.Common_Expense_TestNG" name="Depreciation_Plant_Machinery_MDS" time="0.000">
    <skipped/>
  </testcase> <!-- Depreciation_Plant_Machinery_MDS -->
  <system-out/>
  <testcase classname="dbp_Login_Extends.Common_Expense_TestNG" name="Depreciation_Plant_Machinery_Total" time="0.000">
    <skipped/>
  </testcase> <!-- Depreciation_Plant_Machinery_Total -->
  <system-out/>
  <testcase classname="dbp_Login_Extends.Common_Expense_TestNG" name="Depreciation_Demo_Vehicles_NewCar" time="0.000">
    <skipped/>
  </testcase> <!-- Depreciation_Demo_Vehicles_NewCar -->
  <system-out/>
  <testcase classname="dbp_Login_Extends.Common_Expense_TestNG" name="Depreciation_Demo_Vehicles_MSGA" time="0.000">
    <skipped/>
  </testcase> <!-- Depreciation_Demo_Vehicles_MSGA -->
  <system-out/>
  <testcase classname="dbp_Login_Extends.Common_Expense_TestNG" name="Depreciation_Demo_Vehicles_Service" time="0.000">
    <skipped/>
  </testcase> <!-- Depreciation_Demo_Vehicles_Service -->
  <system-out/>
  <testcase classname="dbp_Login_Extends.Common_Expense_TestNG" name="Depreciation_Demo_Vehicles_Spares" time="0.000">
    <skipped/>
  </testcase> <!-- Depreciation_Demo_Vehicles_Spares -->
  <system-out/>
  <testcase classname="dbp_Login_Extends.Common_Expense_TestNG" name="Depreciation_Demo_Vehicles_TrueValue" time="0.000">
    <skipped/>
  </testcase> <!-- Depreciation_Demo_Vehicles_TrueValue -->
  <system-out/>
  <testcase classname="dbp_Login_Extends.Common_Expense_TestNG" name="Depreciation_Demo_Vehicles_MI" time="0.000">
    <skipped/>
  </testcase> <!-- Depreciation_Demo_Vehicles_MI -->
  <system-out/>
  <testcase classname="dbp_Login_Extends.Common_Expense_TestNG" name="Depreciation_Demo_Vehicles_MDS" time="0.000">
    <skipped/>
  </testcase> <!-- Depreciation_Demo_Vehicles_MDS -->
  <system-out/>
  <testcase classname="dbp_Login_Extends.Common_Expense_TestNG" name="Depreciation_Demo_Vehicles_Total" time="0.000">
    <skipped/>
  </testcase> <!-- Depreciation_Demo_Vehicles_Total -->
  <system-out/>
  <testcase classname="dbp_Login_Extends.Common_Expense_TestNG" name="Depreciation_Others_NewCar" time="0.000">
    <skipped/>
  </testcase> <!-- Depreciation_Others_NewCar -->
  <system-out/>
  <testcase classname="dbp_Login_Extends.Common_Expense_TestNG" name="Depreciation_Others_MSGA" time="0.000">
    <skipped/>
  </testcase> <!-- Depreciation_Others_MSGA -->
  <system-out/>
  <testcase classname="dbp_Login_Extends.Common_Expense_TestNG" name="Depreciation_Others_Service" time="0.000">
    <skipped/>
  </testcase> <!-- Depreciation_Others_Service -->
  <system-out/>
  <testcase classname="dbp_Login_Extends.Common_Expense_TestNG" name="Depreciation_Others_Spares" time="0.000">
    <skipped/>
  </testcase> <!-- Depreciation_Others_Spares -->
  <system-out/>
  <testcase classname="dbp_Login_Extends.Common_Expense_TestNG" name="Depreciation_Others_TrueValue" time="0.000">
    <skipped/>
  </testcase> <!-- Depreciation_Others_TrueValue -->
  <system-out/>
  <testcase classname="dbp_Login_Extends.Common_Expense_TestNG" name="Depreciation_Others_MI" time="0.000">
    <skipped/>
  </testcase> <!-- Depreciation_Others_MI -->
  <system-out/>
  <testcase classname="dbp_Login_Extends.Common_Expense_TestNG" name="Depreciation_Others_MDS" time="0.000">
    <skipped/>
  </testcase> <!-- Depreciation_Others_MDS -->
  <system-out/>
  <testcase classname="dbp_Login_Extends.Common_Expense_TestNG" name="Depreciation_Others_Total" time="0.000">
    <skipped/>
  </testcase> <!-- Depreciation_Others_Total -->
  <system-out/>
  <testcase classname="dbp_Login_Extends.Common_Expense_TestNG" name="NewCar_Total" time="0.000">
    <skipped/>
  </testcase> <!-- NewCar_Total -->
  <system-out/>
  <testcase classname="dbp_Login_Extends.Common_Expense_TestNG" name="MSGA_Total" time="0.000">
    <skipped/>
  </testcase> <!-- MSGA_Total -->
  <system-out/>
  <testcase classname="dbp_Login_Extends.Common_Expense_TestNG" name="Service_Total" time="0.000">
    <skipped/>
  </testcase> <!-- Service_Total -->
  <system-out/>
  <testcase classname="dbp_Login_Extends.Common_Expense_TestNG" name="Spares_Total" time="0.000">
    <skipped/>
  </testcase> <!-- Spares_Total -->
  <system-out/>
  <testcase classname="dbp_Login_Extends.Common_Expense_TestNG" name="True_Value_Total" time="0.000">
    <skipped/>
  </testcase> <!-- True_Value_Total -->
  <system-out/>
  <testcase classname="dbp_Login_Extends.Common_Expense_TestNG" name="MI_Total" time="0.000">
    <skipped/>
  </testcase> <!-- MI_Total -->
  <system-out/>
  <testcase classname="dbp_Login_Extends.Common_Expense_TestNG" name="MDS_Total" time="0.000">
    <skipped/>
  </testcase> <!-- MDS_Total -->
  <system-out/>
  <testcase classname="dbp_Login_Extends.Common_Expense_TestNG" name="Total_Total" time="0.000">
    <skipped/>
  </testcase> <!-- Total_Total -->
  <system-out/>
  <testcase classname="dbp_Login_Extends.Common_Expense_TestNG" name="Rent_PaidToSelf_NewCar" time="0.000">
    <skipped/>
  </testcase> <!-- Rent_PaidToSelf_NewCar -->
  <system-out/>
  <testcase classname="dbp_Login_Extends.Common_Expense_TestNG" name="Rent_PaidToSelf_MSGA" time="0.000">
    <skipped/>
  </testcase> <!-- Rent_PaidToSelf_MSGA -->
  <system-out/>
  <testcase classname="dbp_Login_Extends.Common_Expense_TestNG" name="Rent_PaidToSelf_Service" time="0.000">
    <skipped/>
  </testcase> <!-- Rent_PaidToSelf_Service -->
  <system-out/>
  <testcase classname="dbp_Login_Extends.Common_Expense_TestNG" name="Rent_PaidToSelf_Spares" time="0.000">
    <skipped/>
  </testcase> <!-- Rent_PaidToSelf_Spares -->
  <system-out/>
  <testcase classname="dbp_Login_Extends.Common_Expense_TestNG" name="Rent_PaidToSelf_True_Value" time="0.000">
    <skipped/>
  </testcase> <!-- Rent_PaidToSelf_True_Value -->
  <system-out/>
  <testcase classname="dbp_Login_Extends.Common_Expense_TestNG" name="Rent_PaidToSelf_MI" time="0.000">
    <skipped/>
  </testcase> <!-- Rent_PaidToSelf_MI -->
  <system-out/>
  <testcase classname="dbp_Login_Extends.Common_Expense_TestNG" name="Rent_PaidToSelf_MDS" time="0.000">
    <skipped/>
  </testcase> <!-- Rent_PaidToSelf_MDS -->
  <system-out/>
  <testcase classname="dbp_Login_Extends.Common_Expense_TestNG" name="Rent_PaidToSelf_Others" time="0.000">
    <skipped/>
  </testcase> <!-- Rent_PaidToSelf_Others -->
  <system-out/>
  <testcase classname="dbp_Login_Extends.Common_Expense_TestNG" name="Rent_PaidToSelf_Total" time="0.000">
    <skipped/>
  </testcase> <!-- Rent_PaidToSelf_Total -->
  <system-out/>
  <testcase classname="dbp_Login_Extends.Common_Expense_TestNG" name="Rent_PaidToOthers_NewCar" time="0.000">
    <skipped/>
  </testcase> <!-- Rent_PaidToOthers_NewCar -->
  <system-out/>
  <testcase classname="dbp_Login_Extends.Common_Expense_TestNG" name="Rent_PaidToOthers_MSGA" time="0.000">
    <skipped/>
  </testcase> <!-- Rent_PaidToOthers_MSGA -->
  <system-out/>
  <testcase classname="dbp_Login_Extends.Common_Expense_TestNG" name="Rent_PaidToOthers_Service" time="0.000">
    <skipped/>
  </testcase> <!-- Rent_PaidToOthers_Service -->
  <system-out/>
  <testcase classname="dbp_Login_Extends.Common_Expense_TestNG" name="Rent_PaidToOthers_Spares" time="0.000">
    <skipped/>
  </testcase> <!-- Rent_PaidToOthers_Spares -->
  <system-out/>
  <testcase classname="dbp_Login_Extends.Common_Expense_TestNG" name="Rent_PaidToOthers_True_Value" time="0.000">
    <skipped/>
  </testcase> <!-- Rent_PaidToOthers_True_Value -->
  <system-out/>
  <testcase classname="dbp_Login_Extends.Common_Expense_TestNG" name="Rent_PaidToOthers_MI" time="0.000">
    <skipped/>
  </testcase> <!-- Rent_PaidToOthers_MI -->
  <system-out/>
  <testcase classname="dbp_Login_Extends.Common_Expense_TestNG" name="Rent_PaidToOthers_MDS" time="0.000">
    <skipped/>
  </testcase> <!-- Rent_PaidToOthers_MDS -->
  <system-out/>
  <testcase classname="dbp_Login_Extends.Common_Expense_TestNG" name="Rent_PaidToOthers_Others" time="0.000">
    <skipped/>
  </testcase> <!-- Rent_PaidToOthers_Others -->
  <system-out/>
  <testcase classname="dbp_Login_Extends.Common_Expense_TestNG" name="Rent_PaidToOthers_Total" time="0.000">
    <skipped/>
  </testcase> <!-- Rent_PaidToOthers_Total -->
  <system-out/>
  <testcase classname="dbp_Login_Extends.Common_Expense_TestNG" name="Rent_New_Car_Total" time="0.000">
    <skipped/>
  </testcase> <!-- Rent_New_Car_Total -->
  <system-out/>
  <testcase classname="dbp_Login_Extends.Common_Expense_TestNG" name="Rent_MSGA_Total" time="0.000">
    <skipped/>
  </testcase> <!-- Rent_MSGA_Total -->
  <system-out/>
  <testcase classname="dbp_Login_Extends.Common_Expense_TestNG" name="Rent_Service_Total" time="0.000">
    <skipped/>
  </testcase> <!-- Rent_Service_Total -->
  <system-out/>
  <testcase classname="dbp_Login_Extends.Common_Expense_TestNG" name="Rent_Spares_Total" time="0.000">
    <skipped/>
  </testcase> <!-- Rent_Spares_Total -->
  <system-out/>
  <testcase classname="dbp_Login_Extends.Common_Expense_TestNG" name="Rent_TrueValue_Total" time="0.000">
    <skipped/>
  </testcase> <!-- Rent_TrueValue_Total -->
  <system-out/>
  <testcase classname="dbp_Login_Extends.Common_Expense_TestNG" name="Rent_MI_Total" time="0.000">
    <skipped/>
  </testcase> <!-- Rent_MI_Total -->
  <system-out/>
  <testcase classname="dbp_Login_Extends.Common_Expense_TestNG" name="Rent_MDS_Total" time="0.000">
    <skipped/>
  </testcase> <!-- Rent_MDS_Total -->
  <system-out/>
  <testcase classname="dbp_Login_Extends.Common_Expense_TestNG" name="Rent_Others_Total" time="0.000">
    <skipped/>
  </testcase> <!-- Rent_Others_Total -->
  <system-out/>
  <testcase classname="dbp_Login_Extends.Common_Expense_TestNG" name="Rent_Total_Total" time="0.000">
    <skipped/>
  </testcase> <!-- Rent_Total_Total -->
  <system-out/>
  <testcase classname="dbp_Login_Extends.Common_Expense_TestNG" name="ClickOn_OtherExpense_Tab" time="0.000">
    <skipped/>
  </testcase> <!-- ClickOn_OtherExpense_Tab -->
  <system-out/>
  <testcase classname="dbp_Login_Extends.Common_Expense_TestNG" name="Save_Data_Other_Expense" time="0.000">
    <skipped/>
  </testcase> <!-- Save_Data_Other_Expense -->
  <system-out/>
  <testcase classname="dbp_Login_Extends.Common_Expense_TestNG" name="OtherExpense_Back_Office_Salary" time="0.000">
    <skipped/>
  </testcase> <!-- OtherExpense_Back_Office_Salary -->
  <system-out/>
  <testcase classname="dbp_Login_Extends.Common_Expense_TestNG" name="Back_Office_Salary_PerNewCar" time="0.000">
    <skipped/>
  </testcase> <!-- Back_Office_Salary_PerNewCar -->
  <system-out/>
  <testcase classname="dbp_Login_Extends.Common_Expense_TestNG" name="OtherExpense_Long_term_InterestCost" time="0.000">
    <skipped/>
  </testcase> <!-- OtherExpense_Long_term_InterestCost -->
  <system-out/>
  <testcase classname="dbp_Login_Extends.Common_Expense_TestNG" name="Long_term_InterestCost_PerNewCar" time="0.000">
    <skipped/>
  </testcase> <!-- Long_term_InterestCost_PerNewCar -->
  <system-out/>
  <testcase classname="dbp_Login_Extends.Common_Expense_TestNG" name="OtherExpense_Building_Depreciation" time="0.000">
    <skipped/>
  </testcase> <!-- OtherExpense_Building_Depreciation -->
  <system-out/>
  <testcase classname="dbp_Login_Extends.Common_Expense_TestNG" name="OtherExpense_BuildingDepreciation_PerNewCar" time="0.000">
    <skipped/>
  </testcase> <!-- OtherExpense_BuildingDepreciation_PerNewCar -->
  <system-out/>
  <testcase classname="dbp_Login_Extends.Common_Expense_TestNG" name="OtherExpense_PlantMachinery_Depreciation" time="0.000">
    <skipped/>
  </testcase> <!-- OtherExpense_PlantMachinery_Depreciation -->
  <system-out/>
  <testcase classname="dbp_Login_Extends.Common_Expense_TestNG" name="OtherExpense_PlantMachinery_Depreciation_PerNewCar" time="0.000">
    <skipped/>
  </testcase> <!-- OtherExpense_PlantMachinery_Depreciation_PerNewCar -->
  <system-out/>
  <testcase classname="dbp_Login_Extends.Common_Expense_TestNG" name="OtherExpense_DemoVehicles_Depreciation" time="0.000">
    <skipped/>
  </testcase> <!-- OtherExpense_DemoVehicles_Depreciation -->
  <system-out/>
  <testcase classname="dbp_Login_Extends.Common_Expense_TestNG" name="OtherExpense_DemoVehicles_Depreciation_PerNewCar" time="0.000">
    <skipped/>
  </testcase> <!-- OtherExpense_DemoVehicles_Depreciation_PerNewCar -->
  <system-out/>
  <testcase classname="dbp_Login_Extends.Common_Expense_TestNG" name="OtherExpense_Others_Depreciation" time="0.000">
    <skipped/>
  </testcase> <!-- OtherExpense_Others_Depreciation -->
  <system-out/>
  <testcase classname="dbp_Login_Extends.Common_Expense_TestNG" name="OtherExpense_Others_Depreciation_PerNewCar" time="0.000">
    <skipped/>
  </testcase> <!-- OtherExpense_Others_Depreciation_PerNewCar -->
  <system-out/>
  <testcase classname="dbp_Login_Extends.Common_Expense_TestNG" name="OtherExpense_Rent" time="0.000">
    <skipped/>
  </testcase> <!-- OtherExpense_Rent -->
  <system-out/>
  <testcase classname="dbp_Login_Extends.Common_Expense_TestNG" name="OtherExpense_Rent_PerNewCar" time="0.000">
    <skipped/>
  </testcase> <!-- OtherExpense_Rent_PerNewCar -->
  <system-out/>
  <testcase classname="dbp_Login_Extends.Common_Expense_TestNG" name="OtherExpense_Repair_Maintenance" time="0.000">
    <skipped/>
  </testcase> <!-- OtherExpense_Repair_Maintenance -->
  <system-out/>
  <testcase classname="dbp_Login_Extends.Common_Expense_TestNG" name="OtherExpense_RepairMaintenance_PerNewCar" time="0.000">
    <skipped/>
  </testcase> <!-- OtherExpense_RepairMaintenance_PerNewCar -->
  <system-out/>
  <testcase classname="dbp_Login_Extends.Common_Expense_TestNG" name="OtherExpense_Director_Promoter_Renumeration" time="0.000">
    <skipped/>
  </testcase> <!-- OtherExpense_Director_Promoter_Renumeration -->
  <system-out/>
  <testcase classname="dbp_Login_Extends.Common_Expense_TestNG" name="OtherExpense_Director_Promoter_Renumeration_PerNewCar" time="0.000">
    <skipped/>
  </testcase> <!-- OtherExpense_Director_Promoter_Renumeration_PerNewCar -->
  <system-out/>
  <testcase classname="dbp_Login_Extends.Common_Expense_TestNG" name="OtherExpense_Staff_Welfare_Expenses" time="0.000">
    <skipped/>
  </testcase> <!-- OtherExpense_Staff_Welfare_Expenses -->
  <system-out/>
  <testcase classname="dbp_Login_Extends.Common_Expense_TestNG" name="OtherExpense_Staff_Welfare_Expenses_PerNewCar" time="0.000">
    <skipped/>
  </testcase> <!-- OtherExpense_Staff_Welfare_Expenses_PerNewCar -->
  <system-out/>
  <testcase classname="dbp_Login_Extends.Common_Expense_TestNG" name="OtherExpense_Utilities" time="0.000">
    <skipped/>
  </testcase> <!-- OtherExpense_Utilities -->
  <system-out/>
  <testcase classname="dbp_Login_Extends.Common_Expense_TestNG" name="OtherExpense_Utilities_PerNewCar" time="0.000">
    <skipped/>
  </testcase> <!-- OtherExpense_Utilities_PerNewCar -->
  <system-out/>
  <testcase classname="dbp_Login_Extends.Common_Expense_TestNG" name="OtherExpense_Securities_Guards" time="0.000">
    <skipped/>
  </testcase> <!-- OtherExpense_Securities_Guards -->
  <system-out/>
  <testcase classname="dbp_Login_Extends.Common_Expense_TestNG" name="OtherExpense_Securities_Guards_PerNewCar" time="0.000">
    <skipped/>
  </testcase> <!-- OtherExpense_Securities_Guards_PerNewCar -->
  <system-out/>
  <testcase classname="dbp_Login_Extends.Common_Expense_TestNG" name="OtherExpense_Housekeeping_Pantry" time="0.000">
    <skipped/>
  </testcase> <!-- OtherExpense_Housekeeping_Pantry -->
  <system-out/>
  <testcase classname="dbp_Login_Extends.Common_Expense_TestNG" name="OtherExpense_Housekeeping_Pantry_PerNewCar" time="0.000">
    <skipped/>
  </testcase> <!-- OtherExpense_Housekeeping_Pantry_PerNewCar -->
  <system-out/>
  <testcase classname="dbp_Login_Extends.Common_Expense_TestNG" name="OtherExpense_Conveyance_Travelling_expense" time="0.000">
    <skipped/>
  </testcase> <!-- OtherExpense_Conveyance_Travelling_expense -->
  <system-out/>
  <testcase classname="dbp_Login_Extends.Common_Expense_TestNG" name="OtherExpense_Conveyance_Travelling_expense_PerNewCar" time="0.000">
    <skipped/>
  </testcase> <!-- OtherExpense_Conveyance_Travelling_expense_PerNewCar -->
  <system-out/>
  <testcase classname="dbp_Login_Extends.Common_Expense_TestNG" name="OtherExpense_Fuel_Expense" time="0.000">
    <skipped/>
  </testcase> <!-- OtherExpense_Fuel_Expense -->
  <system-out/>
  <testcase classname="dbp_Login_Extends.Common_Expense_TestNG" name="OtherExpense_Fuel_Expense_PerNewCar" time="0.000">
    <skipped/>
  </testcase> <!-- OtherExpense_Fuel_Expense_PerNewCar -->
  <system-out/>
  <testcase classname="dbp_Login_Extends.Common_Expense_TestNG" name="OtherExpense_Professional_Charge" time="0.000">
    <skipped/>
  </testcase> <!-- OtherExpense_Professional_Charge -->
  <system-out/>
  <testcase classname="dbp_Login_Extends.Common_Expense_TestNG" name="OtherExpense_Professional_Charge_PerNewCar" time="0.000">
    <skipped/>
  </testcase> <!-- OtherExpense_Professional_Charge_PerNewCar -->
  <system-out/>
  <testcase classname="dbp_Login_Extends.Common_Expense_TestNG" name="OtherExpense_Insurance" time="0.000">
    <skipped/>
  </testcase> <!-- OtherExpense_Insurance -->
  <system-out/>
  <testcase classname="dbp_Login_Extends.Common_Expense_TestNG" name="OtherExpense_Insurance_PerNewCar" time="0.000">
    <skipped/>
  </testcase> <!-- OtherExpense_Insurance_PerNewCar -->
  <system-out/>
  <testcase classname="dbp_Login_Extends.Common_Expense_TestNG" name="OtherExpense_Printing_Stationary" time="0.000">
    <skipped/>
  </testcase> <!-- OtherExpense_Printing_Stationary -->
  <system-out/>
  <testcase classname="dbp_Login_Extends.Common_Expense_TestNG" name="OtherExpense_Printing_Stationary_PerNewCar" time="0.000">
    <skipped/>
  </testcase> <!-- OtherExpense_Printing_Stationary_PerNewCar -->
  <system-out/>
  <testcase classname="dbp_Login_Extends.Common_Expense_TestNG" name="OtherExpense_Telephone_Mobile" time="0.000">
    <skipped/>
  </testcase> <!-- OtherExpense_Telephone_Mobile -->
  <system-out/>
  <testcase classname="dbp_Login_Extends.Common_Expense_TestNG" name="OtherExpense_Telephone_Mobile_PerNewCar" time="0.000">
    <skipped/>
  </testcase> <!-- OtherExpense_Telephone_Mobile_PerNewCar -->
  <system-out/>
  <testcase classname="dbp_Login_Extends.Common_Expense_TestNG" name="OtherExpense_Local_Municipal_Taxes" time="0.000">
    <skipped/>
  </testcase> <!-- OtherExpense_Local_Municipal_Taxes -->
  <system-out/>
  <testcase classname="dbp_Login_Extends.Common_Expense_TestNG" name="OtherExpense_Local_Municipal_Taxes_PerNewCar" time="0.000">
    <skipped/>
  </testcase> <!-- OtherExpense_Local_Municipal_Taxes_PerNewCar -->
  <system-out/>
  <testcase classname="dbp_Login_Extends.Common_Expense_TestNG" name="OtherExpense_Training" time="0.000">
    <skipped/>
  </testcase> <!-- OtherExpense_Training -->
  <system-out/>
  <testcase classname="dbp_Login_Extends.Common_Expense_TestNG" name="OtherExpense_Training_PerNewCar" time="0.000">
    <skipped/>
  </testcase> <!-- OtherExpense_Training_PerNewCar -->
  <system-out/>
  <testcase classname="dbp_Login_Extends.Common_Expense_TestNG" name="OtherExpense_EDP_Charges" time="0.000">
    <skipped/>
  </testcase> <!-- OtherExpense_EDP_Charges -->
  <system-out/>
  <testcase classname="dbp_Login_Extends.Common_Expense_TestNG" name="OtherExpense_EDP_Charges_PerNewCar" time="0.000">
    <skipped/>
  </testcase> <!-- OtherExpense_EDP_Charges_PerNewCar -->
  <system-out/>
  <testcase classname="dbp_Login_Extends.Common_Expense_TestNG" name="OtherExpense_Freight_Cartage" time="0.000">
    <skipped/>
  </testcase> <!-- OtherExpense_Freight_Cartage -->
  <system-out/>
  <testcase classname="dbp_Login_Extends.Common_Expense_TestNG" name="OtherExpense_Freight_Cartage_PerNewCar" time="0.000">
    <skipped/>
  </testcase> <!-- OtherExpense_Freight_Cartage_PerNewCar -->
  <system-out/>
  <testcase classname="dbp_Login_Extends.Common_Expense_TestNG" name="OtherExpense_Internet_Connectivity_Charges_Lease_Line_Wifi" time="0.000">
    <skipped/>
  </testcase> <!-- OtherExpense_Internet_Connectivity_Charges_Lease_Line_Wifi -->
  <system-out/>
  <testcase classname="dbp_Login_Extends.Common_Expense_TestNG" name="OtherExpense_Internet_Connectivity_Charges_Lease_Line_Wifi_PerNewCar" time="0.000">
    <skipped/>
  </testcase> <!-- OtherExpense_Internet_Connectivity_Charges_Lease_Line_Wifi_PerNewCar -->
  <system-out/>
  <testcase classname="dbp_Login_Extends.Common_Expense_TestNG" name="OtherExpense_Others" time="0.000">
    <skipped/>
  </testcase> <!-- OtherExpense_Others -->
  <system-out/>
  <testcase classname="dbp_Login_Extends.Common_Expense_TestNG" name="OtherExpense_Others_PerNewCar" time="0.000">
    <skipped/>
  </testcase> <!-- OtherExpense_Others_PerNewCar -->
  <system-out/>
  <testcase classname="dbp_Login_Extends.Common_Expense_TestNG" name="OtherExpense_Total_Common_Expenses" time="0.000">
    <skipped/>
  </testcase> <!-- OtherExpense_Total_Common_Expenses -->
  <system-out/>
  <testcase classname="dbp_Login_Extends.Common_Expense_TestNG" name="OtherExpense_Total_Common_Expenses_PerNewCar" time="0.000">
    <skipped/>
  </testcase> <!-- OtherExpense_Total_Common_Expenses_PerNewCar -->
  <system-out/>
  <testcase classname="dbp_Login_Extends.Common_Expense_TestNG" name="OtherExpense_Total_Overheads" time="0.000">
    <skipped/>
  </testcase> <!-- OtherExpense_Total_Overheads -->
  <system-out/>
  <testcase classname="dbp_Login_Extends.Common_Expense_TestNG" name="OtherExpense_Total_Overheads_PerNewCar" time="0.000">
    <skipped/>
  </testcase> <!-- OtherExpense_Total_Overheads_PerNewCar -->
  <system-out/>
</testsuite> <!-- dbp_Login_Extends.Common_Expense_TestNG -->
