<?xml version="1.0" encoding="UTF-8"?>
<!-- Generated by org.testng.reporters.JUnitReportReporter -->
<testsuite hostname="DESKTOP-N9F7EI8" failures="0" tests="14" name="dbp_Login_Extends.Network_Details" time="12.747" errors="0" timestamp="2024-06-04T16:24:32 IST" skipped="0">
  <testcase classname="dbp_Login_Extends.Network_Details" name="clearData" time="8.302"/>
  <system-out/>
  <testcase classname="dbp_Login_Extends.Network_Details" name="Workshop_MSSSP_In_Network_details" time="0.052"/>
  <system-out/>
  <testcase classname="dbp_Login_Extends.Network_Details" name="Main_Outlets_In_Network_details" time="0.055"/>
  <system-out/>
  <testcase classname="dbp_Login_Extends.Network_Details" name="R_Outlets_In_Network_details" time="0.057"/>
  <system-out/>
  <testcase classname="dbp_Login_Extends.Network_Details" name="Workshop_E_Workshops_In_Network_details" time="0.058"/>
  <system-out/>
  <testcase classname="dbp_Login_Extends.Network_Details" name="Bodyshop_R_Workshops_In_Network_details" time="0.047"/>
  <system-out/>
  <testcase classname="dbp_Login_Extends.Network_Details" name="Bodyshop_MSSSP_In_Network_details" time="0.039"/>
  <system-out/>
  <testcase classname="dbp_Login_Extends.Network_Details" name="True_Value_Outlet_In_Network_details" time="0.064"/>
  <system-out/>
  <testcase classname="dbp_Login_Extends.Network_Details" name="E_Outlets_In_Network_details" time="0.060"/>
  <system-out/>
  <testcase classname="dbp_Login_Extends.Network_Details" name="Bodyshop_E_Workshops_In_Network_details" time="0.047"/>
  <system-out/>
  <testcase classname="dbp_Login_Extends.Network_Details" name="Workshop_Main_Workshops_In_Network_details" time="0.061"/>
  <system-out/>
  <testcase classname="dbp_Login_Extends.Network_Details" name="BodyShop_Main_Workshops_In_Network_details" time="0.093"/>
  <system-out/>
  <testcase classname="dbp_Login_Extends.Network_Details" name="Workshop_R_Workshops_In_Network_details" time="0.109"/>
  <system-out/>
  <testcase classname="dbp_Login_Extends.Network_Details" name="Save_the_Data" time="3.703"/>
  <system-out/>
</testsuite> <!-- dbp_Login_Extends.Network_Details -->
