<?xml version="1.0" encoding="UTF-8"?>
<!-- Generated by org.testng.reporters.JUnitReportReporter -->
<testsuite hostname="DESKTOP-N9F7EI8" failures="0" tests="81" name="Import_DATA_Of_DBP.New_Car_TestNG" time="24.246" errors="1" timestamp="2024-06-04T15:43:14 IST" skipped="80">
  <testcase classname="Import_DATA_Of_DBP.New_Car_TestNG" name="Clear_Data" time="0.000">
    <skipped/>
  </testcase> <!-- Clear_Data -->
  <system-out/>
  <testcase classname="Import_DATA_Of_DBP.New_Car_TestNG" name="Setup" time="24.246">
    <error message="Expected condition failed: waiting for presence of element located by: By.cssSelector: [class=&quot;dealer-business px-0 py-4&quot;] (tried for 15 second(s) with 500 milliseconds interval)" type="org.openqa.selenium.TimeoutException">
      <![CDATA[org.openqa.selenium.TimeoutException: Expected condition failed: waiting for presence of element located by: By.cssSelector: [class="dealer-business px-0 py-4"] (tried for 15 second(s) with 500 milliseconds interval)
at org.openqa.selenium.support.ui.WebDriverWait.timeoutException(WebDriverWait.java:84)
at org.openqa.selenium.support.ui.FluentWait.until(FluentWait.java:228)
at Import_DATA_Of_DBP.Login_Page.Setup(Login_Page.java:52)
at java.base/jdk.internal.reflect.DirectMethodHandleAccessor.invoke(DirectMethodHandleAccessor.java:104)
at java.base/java.lang.reflect.Method.invoke(Method.java:578)
at org.testng.internal.MethodInvocationHelper.invokeMethod(MethodInvocationHelper.java:133)
at org.testng.internal.MethodInvocationHelper.invokeMethodConsideringTimeout(MethodInvocationHelper.java:62)
at org.testng.internal.ConfigInvoker.invokeConfigurationMethod(ConfigInvoker.java:385)
at org.testng.internal.ConfigInvoker.invokeConfigurations(ConfigInvoker.java:321)
at org.testng.internal.TestMethodWorker.invokeBeforeClassMethods(TestMethodWorker.java:176)
at org.testng.internal.TestMethodWorker.run(TestMethodWorker.java:122)
at java.base/java.util.ArrayList.forEach(ArrayList.java:1511)
at org.testng.TestRunner.privateRun(TestRunner.java:794)
at org.testng.TestRunner.run(TestRunner.java:596)
at org.testng.SuiteRunner.runTest(SuiteRunner.java:377)
at org.testng.SuiteRunner.runSequentially(SuiteRunner.java:371)
at org.testng.SuiteRunner.privateRun(SuiteRunner.java:332)
at org.testng.SuiteRunner.run(SuiteRunner.java:276)
at org.testng.SuiteRunnerWorker.runSuite(SuiteRunnerWorker.java:53)
at org.testng.SuiteRunnerWorker.run(SuiteRunnerWorker.java:96)
at org.testng.TestNG.runSuitesSequentially(TestNG.java:1212)
at org.testng.TestNG.runSuitesLocally(TestNG.java:1134)
at org.testng.TestNG.runSuites(TestNG.java:1063)
at org.testng.TestNG.run(TestNG.java:1031)
at org.testng.remote.AbstractRemoteTestNG.run(AbstractRemoteTestNG.java:115)
at org.testng.remote.RemoteTestNG.initAndRun(RemoteTestNG.java:251)
at org.testng.remote.RemoteTestNG.main(RemoteTestNG.java:77)
Caused by: org.openqa.selenium.NoSuchElementException: no such element: Unable to locate element: {"method":"css selector","selector":"[class="dealer-business px-0 py-4"]"}
  (Session info: chrome=125.0.6422.141)
For documentation on this error, please visit: https://www.selenium.dev/documentation/webdriver/troubleshooting/errors#no-such-element-exception
Build info: version: '4.20.0', revision: '866c76ca80'
System info: os.name: 'Windows 11', os.arch: 'amd64', os.version: '10.0', java.version: '20.0.2'
Driver info: org.openqa.selenium.chrome.ChromeDriver
Command: [9f90dbd04b71a3a8e912681fd749de04, findElement {using=css selector, value=[class="dealer-business px-0 py-4"]}]
Capabilities {acceptInsecureCerts: false, browserName: chrome, browserVersion: 125.0.6422.141, chrome: {chromedriverVersion: 125.0.6422.141 (4b1e8393712..., userDataDir: C:\Users\Thinkpad\AppData\L...}, fedcm:accounts: true, goog:chromeOptions: {debuggerAddress: localhost:52031}, networkConnectionEnabled: false, pageLoadStrategy: normal, platformName: windows, proxy: Proxy(), se:cdp: ws://localhost:52031/devtoo..., se:cdpVersion: 125.0.6422.141, setWindowRect: true, strictFileInteractability: false, timeouts: {implicit: 0, pageLoad: 300000, script: 30000}, unhandledPromptBehavior: dismiss and notify, webauthn:extension:credBlob: true, webauthn:extension:largeBlob: true, webauthn:extension:minPinLength: true, webauthn:extension:prf: true, webauthn:virtualAuthenticators: true}
Session ID: 9f90dbd04b71a3a8e912681fd749de04
at java.base/jdk.internal.reflect.DirectConstructorHandleAccessor.newInstance(DirectConstructorHandleAccessor.java:67)
at java.base/java.lang.reflect.Constructor.newInstanceWithCaller(Constructor.java:500)
at java.base/java.lang.reflect.Constructor.newInstance(Constructor.java:484)
at org.openqa.selenium.remote.ErrorCodec.decode(ErrorCodec.java:167)
at org.openqa.selenium.remote.codec.w3c.W3CHttpResponseCodec.decode(W3CHttpResponseCodec.java:138)
at org.openqa.selenium.remote.codec.w3c.W3CHttpResponseCodec.decode(W3CHttpResponseCodec.java:50)
at org.openqa.selenium.remote.HttpCommandExecutor.execute(HttpCommandExecutor.java:190)
at org.openqa.selenium.remote.service.DriverCommandExecutor.invokeExecute(DriverCommandExecutor.java:216)
at org.openqa.selenium.remote.service.DriverCommandExecutor.execute(DriverCommandExecutor.java:174)
at org.openqa.selenium.remote.RemoteWebDriver.execute(RemoteWebDriver.java:518)
at org.openqa.selenium.remote.ElementLocation$ElementFinder$2.findElement(ElementLocation.java:165)
at org.openqa.selenium.remote.ElementLocation.findElement(ElementLocation.java:59)
at org.openqa.selenium.remote.RemoteWebDriver.findElement(RemoteWebDriver.java:355)
at org.openqa.selenium.remote.RemoteWebDriver.findElement(RemoteWebDriver.java:349)
at org.openqa.selenium.support.ui.ExpectedConditions$6.apply(ExpectedConditions.java:171)
at org.openqa.selenium.support.ui.ExpectedConditions$6.apply(ExpectedConditions.java:168)
at org.openqa.selenium.support.ui.FluentWait.until(FluentWait.java:203)
... 25 more
]]>
    </error>
  </testcase> <!-- Setup -->
  <system-out/>
  <testcase classname="Import_DATA_Of_DBP.New_Car_TestNG" name="ClickOn_StockSheet" time="0.000">
    <skipped/>
  </testcase> <!-- ClickOn_StockSheet -->
  <system-out/>
  <testcase classname="Import_DATA_Of_DBP.New_Car_TestNG" name="ClickOn_Manpower_Cost" time="0.000">
    <skipped/>
  </testcase> <!-- ClickOn_Manpower_Cost -->
  <system-out/>
  <testcase classname="Import_DATA_Of_DBP.New_Car_TestNG" name="ClickOn_Interest_Cost" time="0.000">
    <skipped/>
  </testcase> <!-- ClickOn_Interest_Cost -->
  <system-out/>
  <testcase classname="Import_DATA_Of_DBP.New_Car_TestNG" name="ClickOn_NewCar" time="0.000">
    <skipped/>
  </testcase> <!-- ClickOn_NewCar -->
  <system-out/>
  <testcase classname="Import_DATA_Of_DBP.New_Car_TestNG" name="NewCar_RetailSales_Quantity" time="0.000">
    <skipped/>
  </testcase> <!-- NewCar_RetailSales_Quantity -->
  <system-out/>
  <testcase classname="Import_DATA_Of_DBP.New_Car_TestNG" name="NewCar_RetailSales_Amount" time="0.000">
    <skipped/>
  </testcase> <!-- NewCar_RetailSales_Amount -->
  <system-out/>
  <testcase classname="Import_DATA_Of_DBP.New_Car_TestNG" name="NewCar_Margin_Amount" time="0.000">
    <skipped/>
  </testcase> <!-- NewCar_Margin_Amount -->
  <system-out/>
  <testcase classname="Import_DATA_Of_DBP.New_Car_TestNG" name="NewCar_Margin_PerNewCar" time="0.000">
    <skipped/>
  </testcase> <!-- NewCar_Margin_PerNewCar -->
  <system-out/>
  <testcase classname="Import_DATA_Of_DBP.New_Car_TestNG" name="TotalDRF_Amount" time="0.000">
    <skipped/>
  </testcase> <!-- TotalDRF_Amount -->
  <system-out/>
  <testcase classname="Import_DATA_Of_DBP.New_Car_TestNG" name="Total_DRFAmount_PerNewCar" time="0.000">
    <skipped/>
  </testcase> <!-- Total_DRFAmount_PerNewCar -->
  <system-out/>
  <testcase classname="Import_DATA_Of_DBP.New_Car_TestNG" name="SPOT_Value_On_MSILInvoice" time="0.000">
    <skipped/>
  </testcase> <!-- SPOT_Value_On_MSILInvoice -->
  <system-out/>
  <testcase classname="Import_DATA_Of_DBP.New_Car_TestNG" name="SPOT_Value_PerNewCar" time="0.000">
    <skipped/>
  </testcase> <!-- SPOT_Value_PerNewCar -->
  <system-out/>
  <testcase classname="Import_DATA_Of_DBP.New_Car_TestNG" name="RIPS_Support_ISL_RMK" time="0.000">
    <skipped/>
  </testcase> <!-- RIPS_Support_ISL_RMK -->
  <system-out/>
  <testcase classname="Import_DATA_Of_DBP.New_Car_TestNG" name="RIPS_Support_PerNewCar" time="0.000">
    <skipped/>
  </testcase> <!-- RIPS_Support_PerNewCar -->
  <system-out/>
  <testcase classname="Import_DATA_Of_DBP.New_Car_TestNG" name="Wholesale_Incentives_MACNAC" time="0.000">
    <skipped/>
  </testcase> <!-- Wholesale_Incentives_MACNAC -->
  <system-out/>
  <testcase classname="Import_DATA_Of_DBP.New_Car_TestNG" name="Wholesale_Incentives_MAC_NAC_PerNewCar" time="0.000">
    <skipped/>
  </testcase> <!-- Wholesale_Incentives_MAC_NAC_PerNewCar -->
  <system-out/>
  <testcase classname="Import_DATA_Of_DBP.New_Car_TestNG" name="Wholesale_Incentives_Trade_Discount" time="0.000">
    <skipped/>
  </testcase> <!-- Wholesale_Incentives_Trade_Discount -->
  <system-out/>
  <testcase classname="Import_DATA_Of_DBP.New_Car_TestNG" name="Wholesale_Incentives_TradeDiscount_PerNewCar" time="0.000">
    <skipped/>
  </testcase> <!-- Wholesale_Incentives_TradeDiscount_PerNewCar -->
  <system-out/>
  <testcase classname="Import_DATA_Of_DBP.New_Car_TestNG" name="BSC_NSC_Payout" time="0.000">
    <skipped/>
  </testcase> <!-- BSC_NSC_Payout -->
  <system-out/>
  <testcase classname="Import_DATA_Of_DBP.New_Car_TestNG" name="BSC_NSC_Payout_PerNewCar" time="0.000">
    <skipped/>
  </testcase> <!-- BSC_NSC_Payout_PerNewCar -->
  <system-out/>
  <testcase classname="Import_DATA_Of_DBP.New_Car_TestNG" name="RO_ZO_HO_Incentive_Scheme" time="0.000">
    <skipped/>
  </testcase> <!-- RO_ZO_HO_Incentive_Scheme -->
  <system-out/>
  <testcase classname="Import_DATA_Of_DBP.New_Car_TestNG" name="RO_ZO_HO_Incentive_Scheme_PerNewCar" time="0.000">
    <skipped/>
  </testcase> <!-- RO_ZO_HO_Incentive_Scheme_PerNewCar -->
  <system-out/>
  <testcase classname="Import_DATA_Of_DBP.New_Car_TestNG" name="Demo_Vehicle_Claims" time="0.000">
    <skipped/>
  </testcase> <!-- Demo_Vehicle_Claims -->
  <system-out/>
  <testcase classname="Import_DATA_Of_DBP.New_Car_TestNG" name="Demo_Vehicle_Claims_PerNewCar" time="0.000">
    <skipped/>
  </testcase> <!-- Demo_Vehicle_Claims_PerNewCar -->
  <system-out/>
  <testcase classname="Import_DATA_Of_DBP.New_Car_TestNG" name="DGS_D_Payout_Incentive" time="0.000">
    <skipped/>
  </testcase> <!-- DGS_D_Payout_Incentive -->
  <system-out/>
  <testcase classname="Import_DATA_Of_DBP.New_Car_TestNG" name="DGS_D_Payout_Incentive_PerNewCar" time="0.000">
    <skipped/>
  </testcase> <!-- DGS_D_Payout_Incentive_PerNewCar -->
  <system-out/>
  <testcase classname="Import_DATA_Of_DBP.New_Car_TestNG" name="JASP_Claims" time="0.000">
    <skipped/>
  </testcase> <!-- JASP_Claims -->
  <system-out/>
  <testcase classname="Import_DATA_Of_DBP.New_Car_TestNG" name="JASP_Claims_PerNewCar" time="0.000">
    <skipped/>
  </testcase> <!-- JASP_Claims_PerNewCar -->
  <system-out/>
  <testcase classname="Import_DATA_Of_DBP.New_Car_TestNG" name="Finance_Commission_Quantity" time="0.000">
    <skipped/>
  </testcase> <!-- Finance_Commission_Quantity -->
  <system-out/>
  <testcase classname="Import_DATA_Of_DBP.New_Car_TestNG" name="Finance_Commission_Amount" time="0.000">
    <skipped/>
  </testcase> <!-- Finance_Commission_Amount -->
  <system-out/>
  <testcase classname="Import_DATA_Of_DBP.New_Car_TestNG" name="Finance_Commission_Amount_PerNewCar" time="0.000">
    <skipped/>
  </testcase> <!-- Finance_Commission_Amount_PerNewCar -->
  <system-out/>
  <testcase classname="Import_DATA_Of_DBP.New_Car_TestNG" name="Insurance_Commission_Quantity" time="0.000">
    <skipped/>
  </testcase> <!-- Insurance_Commission_Quantity -->
  <system-out/>
  <testcase classname="Import_DATA_Of_DBP.New_Car_TestNG" name="Insurance_Commission_Amount" time="0.000">
    <skipped/>
  </testcase> <!-- Insurance_Commission_Amount -->
  <system-out/>
  <testcase classname="Import_DATA_Of_DBP.New_Car_TestNG" name="Insurance_Commission_Amount_PerNewCar" time="0.000">
    <skipped/>
  </testcase> <!-- Insurance_Commission_Amount_PerNewCar -->
  <system-out/>
  <testcase classname="Import_DATA_Of_DBP.New_Car_TestNG" name="MSR_Loyalty_Reward_Card_Quantity" time="0.000">
    <skipped/>
  </testcase> <!-- MSR_Loyalty_Reward_Card_Quantity -->
  <system-out/>
  <testcase classname="Import_DATA_Of_DBP.New_Car_TestNG" name="MSR_Loyalty_Reward_Card_Amount" time="0.000">
    <skipped/>
  </testcase> <!-- MSR_Loyalty_Reward_Card_Amount -->
  <system-out/>
  <testcase classname="Import_DATA_Of_DBP.New_Car_TestNG" name="MSR_Loyalty_Reward_Card_Amount_PerNewCar" time="0.000">
    <skipped/>
  </testcase> <!-- MSR_Loyalty_Reward_Card_Amount_PerNewCar -->
  <system-out/>
  <testcase classname="Import_DATA_Of_DBP.New_Car_TestNG" name="Extended_Warranty_Commission_Quantity" time="0.000">
    <skipped/>
  </testcase> <!-- Extended_Warranty_Commission_Quantity -->
  <system-out/>
  <testcase classname="Import_DATA_Of_DBP.New_Car_TestNG" name="Extended_Warranty_Commission_Amount" time="0.000">
    <skipped/>
  </testcase> <!-- Extended_Warranty_Commission_Amount -->
  <system-out/>
  <testcase classname="Import_DATA_Of_DBP.New_Car_TestNG" name="Extended_Warranty_Commission_Amount_PerNewCar" time="0.000">
    <skipped/>
  </testcase> <!-- Extended_Warranty_Commission_Amount_PerNewCar -->
  <system-out/>
  <testcase classname="Import_DATA_Of_DBP.New_Car_TestNG" name="CCP_Commission_Quantity" time="0.000">
    <skipped/>
  </testcase> <!-- CCP_Commission_Quantity -->
  <system-out/>
  <testcase classname="Import_DATA_Of_DBP.New_Car_TestNG" name="CCP_Commission_Amount" time="0.000">
    <skipped/>
  </testcase> <!-- CCP_Commission_Amount -->
  <system-out/>
  <testcase classname="Import_DATA_Of_DBP.New_Car_TestNG" name="CCP_Commission_Amount_PerNewCar" time="0.000">
    <skipped/>
  </testcase> <!-- CCP_Commission_Amount_PerNewCar -->
  <system-out/>
  <testcase classname="Import_DATA_Of_DBP.New_Car_TestNG" name="IncomeFromIssuanceOfFitnessCertificate_Amount" time="0.000">
    <skipped/>
  </testcase> <!-- IncomeFromIssuanceOfFitnessCertificate_Amount -->
  <system-out/>
  <testcase classname="Import_DATA_Of_DBP.New_Car_TestNG" name="IncomeFromIssuanceOfFitnessCertificate_PerNewCar" time="0.000">
    <skipped/>
  </testcase> <!-- IncomeFromIssuanceOfFitnessCertificate_PerNewCar -->
  <system-out/>
  <testcase classname="Import_DATA_Of_DBP.New_Car_TestNG" name="Interest_Receipt_from_MSIL_Amount" time="0.000">
    <skipped/>
  </testcase> <!-- Interest_Receipt_from_MSIL_Amount -->
  <system-out/>
  <testcase classname="Import_DATA_Of_DBP.New_Car_TestNG" name="Interest_Receipt_from_MSIL_Amount_PerNewCar" time="0.000">
    <skipped/>
  </testcase> <!-- Interest_Receipt_from_MSIL_Amount_PerNewCar -->
  <system-out/>
  <testcase classname="Import_DATA_Of_DBP.New_Car_TestNG" name="NewCar_Other_income_Amount" time="0.000">
    <skipped/>
  </testcase> <!-- NewCar_Other_income_Amount -->
  <system-out/>
  <testcase classname="Import_DATA_Of_DBP.New_Car_TestNG" name="NewCar_Other_income_Amount_PerNewCar" time="0.000">
    <skipped/>
  </testcase> <!-- NewCar_Other_income_Amount_PerNewCar -->
  <system-out/>
  <testcase classname="Import_DATA_Of_DBP.New_Car_TestNG" name="Any_other_Income_Amount" time="0.000">
    <skipped/>
  </testcase> <!-- Any_other_Income_Amount -->
  <system-out/>
  <testcase classname="Import_DATA_Of_DBP.New_Car_TestNG" name="Any_other_Income_Amount_PerNewCar" time="0.000">
    <skipped/>
  </testcase> <!-- Any_other_Income_Amount_PerNewCar -->
  <system-out/>
  <testcase classname="Import_DATA_Of_DBP.New_Car_TestNG" name="NewCar_Manpower_Cost" time="0.000">
    <skipped/>
  </testcase> <!-- NewCar_Manpower_Cost -->
  <system-out/>
  <testcase classname="Import_DATA_Of_DBP.New_Car_TestNG" name="Manpower_Cost_PerNewCar" time="0.000">
    <skipped/>
  </testcase> <!-- Manpower_Cost_PerNewCar -->
  <system-out/>
  <testcase classname="Import_DATA_Of_DBP.New_Car_TestNG" name="NewCar_Total_Discount" time="0.000">
    <skipped/>
  </testcase> <!-- NewCar_Total_Discount -->
  <system-out/>
  <testcase classname="Import_DATA_Of_DBP.New_Car_TestNG" name="Total_Discount_PerNewCar" time="0.000">
    <skipped/>
  </testcase> <!-- Total_Discount_PerNewCar -->
  <system-out/>
  <testcase classname="Import_DATA_Of_DBP.New_Car_TestNG" name="NewCar_Short_term_Interest_Cost" time="0.000">
    <skipped/>
  </testcase> <!-- NewCar_Short_term_Interest_Cost -->
  <system-out/>
  <testcase classname="Import_DATA_Of_DBP.New_Car_TestNG" name="Short_term_Interest_Cost_PerNewCar" time="0.000">
    <skipped/>
  </testcase> <!-- Short_term_Interest_Cost_PerNewCar -->
  <system-out/>
  <testcase classname="Import_DATA_Of_DBP.New_Car_TestNG" name="Delivery_Expenses_Amount" time="0.000">
    <skipped/>
  </testcase> <!-- Delivery_Expenses_Amount -->
  <system-out/>
  <testcase classname="Import_DATA_Of_DBP.New_Car_TestNG" name="Delivery_Expenses_PerNewCar" time="0.000">
    <skipped/>
  </testcase> <!-- Delivery_Expenses_PerNewCar -->
  <system-out/>
  <testcase classname="Import_DATA_Of_DBP.New_Car_TestNG" name="Fuel_expenses_Amount" time="0.000">
    <skipped/>
  </testcase> <!-- Fuel_expenses_Amount -->
  <system-out/>
  <testcase classname="Import_DATA_Of_DBP.New_Car_TestNG" name="Fuel_expenses_PerNewCar" time="0.000">
    <skipped/>
  </testcase> <!-- Fuel_expenses_PerNewCar -->
  <system-out/>
  <testcase classname="Import_DATA_Of_DBP.New_Car_TestNG" name="Advertisement_Marketing_Promotional_Expenses_Amount" time="0.000">
    <skipped/>
  </testcase> <!-- Advertisement_Marketing_Promotional_Expenses_Amount -->
  <system-out/>
  <testcase classname="Import_DATA_Of_DBP.New_Car_TestNG" name="Advertisement_Marketing_Promotional_Expenses_PerNewCar" time="0.000">
    <skipped/>
  </testcase> <!-- Advertisement_Marketing_Promotional_Expenses_PerNewCar -->
  <system-out/>
  <testcase classname="Import_DATA_Of_DBP.New_Car_TestNG" name="Hyperlocal_Expense_Amount" time="0.000">
    <skipped/>
  </testcase> <!-- Hyperlocal_Expense_Amount -->
  <system-out/>
  <testcase classname="Import_DATA_Of_DBP.New_Car_TestNG" name="Hyperlocal_Expense_PerNewCar" time="0.000">
    <skipped/>
  </testcase> <!-- Hyperlocal_Expense_PerNewCar -->
  <system-out/>
  <testcase classname="Import_DATA_Of_DBP.New_Car_TestNG" name="Pool_Lifting_Charges_Amount" time="0.000">
    <skipped/>
  </testcase> <!-- Pool_Lifting_Charges_Amount -->
  <system-out/>
  <testcase classname="Import_DATA_Of_DBP.New_Car_TestNG" name="Pool_Lifting_Charges_PerNewCar" time="0.000">
    <skipped/>
  </testcase> <!-- Pool_Lifting_Charges_PerNewCar -->
  <system-out/>
  <testcase classname="Import_DATA_Of_DBP.New_Car_TestNG" name="DSA_DMA_Commission_Amount" time="0.000">
    <skipped/>
  </testcase> <!-- DSA_DMA_Commission_Amount -->
  <system-out/>
  <testcase classname="Import_DATA_Of_DBP.New_Car_TestNG" name="DSA_DMA_Commission_PerNewCar" time="0.000">
    <skipped/>
  </testcase> <!-- DSA_DMA_Commission_PerNewCar -->
  <system-out/>
  <testcase classname="Import_DATA_Of_DBP.New_Car_TestNG" name="Lease_Rental_on_Demo_Vehicles_Amount" time="0.000">
    <skipped/>
  </testcase> <!-- Lease_Rental_on_Demo_Vehicles_Amount -->
  <system-out/>
  <testcase classname="Import_DATA_Of_DBP.New_Car_TestNG" name="Lease_Rental_on_Demo_Vehicles_PerNewCar" time="0.000">
    <skipped/>
  </testcase> <!-- Lease_Rental_on_Demo_Vehicles_PerNewCar -->
  <system-out/>
  <testcase classname="Import_DATA_Of_DBP.New_Car_TestNG" name="Any_other_Expense_Amount" time="0.000">
    <skipped/>
  </testcase> <!-- Any_other_Expense_Amount -->
  <system-out/>
  <testcase classname="Import_DATA_Of_DBP.New_Car_TestNG" name="Any_other_Expense_PerNewCar" time="0.000">
    <skipped/>
  </testcase> <!-- Any_other_Expense_PerNewCar -->
  <system-out/>
  <testcase classname="Import_DATA_Of_DBP.New_Car_TestNG" name="Total_New_Car_Income" time="0.000">
    <skipped/>
  </testcase> <!-- Total_New_Car_Income -->
  <system-out/>
  <testcase classname="Import_DATA_Of_DBP.New_Car_TestNG" name="Total_New_Car_Income_PerNewCar" time="0.000">
    <skipped/>
  </testcase> <!-- Total_New_Car_Income_PerNewCar -->
  <system-out/>
  <testcase classname="Import_DATA_Of_DBP.New_Car_TestNG" name="Total_New_Car_Direct_Expense" time="0.000">
    <skipped/>
  </testcase> <!-- Total_New_Car_Direct_Expense -->
  <system-out/>
  <testcase classname="Import_DATA_Of_DBP.New_Car_TestNG" name="Net_Earning_New_car_PerNewCar" time="0.000">
    <skipped/>
  </testcase> <!-- Net_Earning_New_car_PerNewCar -->
  <system-out/>
  <testcase classname="Import_DATA_Of_DBP.New_Car_TestNG" name="Total_New_Car_Direct_Expense_PerNewCar" time="0.000">
    <skipped/>
  </testcase> <!-- Total_New_Car_Direct_Expense_PerNewCar -->
  <system-out/>
  <testcase classname="Import_DATA_Of_DBP.New_Car_TestNG" name="Net_Earning_New_car" time="0.000">
    <skipped/>
  </testcase> <!-- Net_Earning_New_car -->
  <system-out/>
</testsuite> <!-- Import_DATA_Of_DBP.New_Car_TestNG -->
