<?xml version="1.0" encoding="UTF-8"?>
<!-- Generated by org.testng.reporters.JUnitReportReporter -->
<testsuite hostname="DESKTOP-N9F7EI8" failures="0" tests="52" name="dbp_Login_Extends.SERVICE" time="53.641" errors="0" timestamp="2024-06-04T16:24:31 IST" skipped="0">
  <testcase classname="dbp_Login_Extends.SERVICE" name="Click_on_NewCars" time="8.859"/>
  <system-out/>
  <testcase classname="dbp_Login_Extends.SERVICE" name="Clear_Data" time="17.507"/>
  <system-out/>
  <testcase classname="dbp_Login_Extends.SERVICE" name="Save_the_Data" time="5.636"/>
  <system-out/>
  <testcase classname="dbp_Login_Extends.SERVICE" name="Free_Service_Load_Workshop____QTY" time="0.092"/>
  <system-out/>
  <testcase classname="dbp_Login_Extends.SERVICE" name="Bodyshop_Load____QTY" time="0.084"/>
  <system-out/>
  <testcase classname="dbp_Login_Extends.SERVICE" name="Paid_AND_Running_Repairs_Load____QTY" time="0.087"/>
  <system-out/>
  <testcase classname="dbp_Login_Extends.SERVICE" name="Labour_charges_Work_shop_In_INCOME" time="0.104"/>
  <system-out/>
  <testcase classname="dbp_Login_Extends.SERVICE" name="Labour_charges_Bodyshop_In_INCOME" time="0.095"/>
  <system-out/>
  <testcase classname="dbp_Login_Extends.SERVICE" name="Labour_charges_Warranty_claims_In_INCOME" time="0.061"/>
  <system-out/>
  <testcase classname="dbp_Login_Extends.SERVICE" name="Free_service_Receipts_In_INCOME" time="0.033"/>
  <system-out/>
  <testcase classname="dbp_Login_Extends.SERVICE" name="Transit_Damage_Claim_In_INCOME" time="0.050"/>
  <system-out/>
  <testcase classname="dbp_Login_Extends.SERVICE" name="Scrap_Sales_In_INCOME" time="0.043"/>
  <system-out/>
  <testcase classname="dbp_Login_Extends.SERVICE" name="EW_Commisison_In_INCOME" time="0.034"/>
  <system-out/>
  <testcase classname="dbp_Login_Extends.SERVICE" name="Service_Incentive_In_INCOME" time="0.065"/>
  <system-out/>
  <testcase classname="dbp_Login_Extends.SERVICE" name="CRI_Incentive_payout_In_INCOME" time="0.099"/>
  <system-out/>
  <testcase classname="dbp_Login_Extends.SERVICE" name="PDI_Incentive_payout_In_INCOME" time="0.076"/>
  <system-out/>
  <testcase classname="dbp_Login_Extends.SERVICE" name="CCP_Renewal_Commission_In_INCOME" time="0.043"/>
  <system-out/>
  <testcase classname="dbp_Login_Extends.SERVICE" name="Any_other_Service_Income_In_INCOME" time="0.030"/>
  <system-out/>
  <testcase classname="dbp_Login_Extends.SERVICE" name="Contractual_Labour_Workshop_In_EXPENSE" time="0.024"/>
  <system-out/>
  <testcase classname="dbp_Login_Extends.SERVICE" name="Contractual_Labour_Bodyshop_In_EXPENSE" time="0.043"/>
  <system-out/>
  <testcase classname="dbp_Login_Extends.SERVICE" name="Any_other_Job_done_by_external_agency_In_EXPENSE" time="0.027"/>
  <system-out/>
  <testcase classname="dbp_Login_Extends.SERVICE" name="Free_Service_Payout_In_EXPENSE" time="0.042"/>
  <system-out/>
  <testcase classname="dbp_Login_Extends.SERVICE" name="Advertisement_Marketing_Promotional_In_EXPENSE" time="0.036"/>
  <system-out/>
  <testcase classname="dbp_Login_Extends.SERVICE" name="Hyperlocal_Expense_In_EXPENSE" time="0.082"/>
  <system-out/>
  <testcase classname="dbp_Login_Extends.SERVICE" name="Discount_Bill_discount_In_EXPENSE" time="0.046"/>
  <system-out/>
  <testcase classname="dbp_Login_Extends.SERVICE" name="Discount_under_MSR_Autocard_My_Nexa_In_EXPENSE" time="0.048"/>
  <system-out/>
  <testcase classname="dbp_Login_Extends.SERVICE" name="Cost_of_Consumption_of_Paints_In_EXPENSE" time="0.043"/>
  <system-out/>
  <testcase classname="dbp_Login_Extends.SERVICE" name="Any_other_Expense_Service_Only_In_EXPENSE" time="0.043"/>
  <system-out/>
  <testcase classname="dbp_Login_Extends.SERVICE" name="Labour_charges_Work_shop_per_Load_In_Income" time="0.000"/>
  <system-out/>
  <testcase classname="dbp_Login_Extends.SERVICE" name="Labour_charges_Bodyshop_Accidental_per_Load_In_Income" time="0.000"/>
  <system-out/>
  <testcase classname="dbp_Login_Extends.SERVICE" name="Manpower_Cost_Salary_Incentive_per_New_cars_Expenses" time="0.000"/>
  <system-out/>
  <testcase classname="dbp_Login_Extends.SERVICE" name="Short_Term_Interest_Cost_Service__per_New_cars_Expenses" time="0.000"/>
  <system-out/>
  <testcase classname="dbp_Login_Extends.SERVICE" name="Contractual_Labour_Workshop__per_New_cars_Expenses" time="0.000"/>
  <system-out/>
  <testcase classname="dbp_Login_Extends.SERVICE" name="Contractual_Labour_Bodyshop__per_New_cars_Expenses" time="0.000"/>
  <system-out/>
  <testcase classname="dbp_Login_Extends.SERVICE" name="Any_other_Job_done_by_external_agency__per_New_cars_Expenses" time="0.000"/>
  <system-out/>
  <testcase classname="dbp_Login_Extends.SERVICE" name="Free_Service_Payout__per_New_cars_Expenses" time="0.000"/>
  <system-out/>
  <testcase classname="dbp_Login_Extends.SERVICE" name="Advertisement_Marketing_Promotional__per_New_cars_Expenses" time="0.000"/>
  <system-out/>
  <testcase classname="dbp_Login_Extends.SERVICE" name="Hyperlocal_Expense__per_New_cars_Expenses" time="0.000"/>
  <system-out/>
  <testcase classname="dbp_Login_Extends.SERVICE" name="Discount_Bill_discount__per_New_cars_Expenses" time="0.000"/>
  <system-out/>
  <testcase classname="dbp_Login_Extends.SERVICE" name="Discount_under_MSR__per_New_cars_Expenses" time="0.006"/>
  <system-out/>
  <testcase classname="dbp_Login_Extends.SERVICE" name="Cost_of_Consumption_of_Paints__per_New_cars_Expenses" time="0.000"/>
  <system-out/>
  <testcase classname="dbp_Login_Extends.SERVICE" name="Any_other_Expense_Service_Only__per_New_cars_Expenses" time="1.004"/>
  <system-out/>
  <testcase classname="dbp_Login_Extends.SERVICE" name="Total_Service_Income_A__per_New_cars_Expenses" time="1.012"/>
  <system-out/>
  <testcase classname="dbp_Login_Extends.SERVICE" name="Total_Service_Income_A_per_New_Cars" time="1.015"/>
  <system-out/>
  <testcase classname="dbp_Login_Extends.SERVICE" name="Net_earning_from_Service_A_B" time="1.015"/>
  <system-out/>
  <testcase classname="dbp_Login_Extends.SERVICE" name="Net_earning_from_Service_A_B_per_New_Cars" time="1.015"/>
  <system-out/>
  <testcase classname="dbp_Login_Extends.SERVICE" name="Total_Service_Direct_Expense_B" time="1.010"/>
  <system-out/>
  <testcase classname="dbp_Login_Extends.SERVICE" name="Total_Service_Direct_Expense_B_per_New_cars" time="1.012"/>
  <system-out/>
  <testcase classname="dbp_Login_Extends.SERVICE" name="click_on_ManPowerCost" time="3.866"/>
  <system-out/>
  <testcase classname="dbp_Login_Extends.SERVICE" name="click_on_IntrestCost" time="9.254"/>
  <system-out/>
  <testcase classname="dbp_Login_Extends.SERVICE" name="Manpower_Cost_MAtches_from__total_manpowercost" time="0.000"/>
  <system-out/>
  <testcase classname="dbp_Login_Extends.SERVICE" name="Short_Term_Interest_Cost_Service_MAtches_from__IntrestCost_Modules" time="0.000"/>
  <system-out/>
</testsuite> <!-- dbp_Login_Extends.SERVICE -->
