<?xml version="1.0" encoding="UTF-8"?>
<!-- Generated by org.testng.reporters.JUnitReportReporter -->
<testsuite hostname="DESKTOP-N9F7EI8" failures="0" tests="52" name="Import_DATA_Of_DBP.SERVICE" time="25.948" errors="1" timestamp="2024-06-04T15:43:14 IST" skipped="51">
  <testcase classname="Import_DATA_Of_DBP.SERVICE" name="Setup" time="25.948">
    <error message="Expected condition failed: waiting for presence of element located by: By.cssSelector: [class=&quot;dealer-business px-0 py-4&quot;] (tried for 15 second(s) with 500 milliseconds interval)" type="org.openqa.selenium.TimeoutException">
      <![CDATA[org.openqa.selenium.TimeoutException: Expected condition failed: waiting for presence of element located by: By.cssSelector: [class="dealer-business px-0 py-4"] (tried for 15 second(s) with 500 milliseconds interval)
at org.openqa.selenium.support.ui.WebDriverWait.timeoutException(WebDriverWait.java:84)
at org.openqa.selenium.support.ui.FluentWait.until(FluentWait.java:228)
at Import_DATA_Of_DBP.Login_Page.Setup(Login_Page.java:52)
at java.base/jdk.internal.reflect.DirectMethodHandleAccessor.invoke(DirectMethodHandleAccessor.java:104)
at java.base/java.lang.reflect.Method.invoke(Method.java:578)
at org.testng.internal.MethodInvocationHelper.invokeMethod(MethodInvocationHelper.java:133)
at org.testng.internal.MethodInvocationHelper.invokeMethodConsideringTimeout(MethodInvocationHelper.java:62)
at org.testng.internal.ConfigInvoker.invokeConfigurationMethod(ConfigInvoker.java:385)
at org.testng.internal.ConfigInvoker.invokeConfigurations(ConfigInvoker.java:321)
at org.testng.internal.TestMethodWorker.invokeBeforeClassMethods(TestMethodWorker.java:176)
at org.testng.internal.TestMethodWorker.run(TestMethodWorker.java:122)
at java.base/java.util.ArrayList.forEach(ArrayList.java:1511)
at org.testng.TestRunner.privateRun(TestRunner.java:794)
at org.testng.TestRunner.run(TestRunner.java:596)
at org.testng.SuiteRunner.runTest(SuiteRunner.java:377)
at org.testng.SuiteRunner.runSequentially(SuiteRunner.java:371)
at org.testng.SuiteRunner.privateRun(SuiteRunner.java:332)
at org.testng.SuiteRunner.run(SuiteRunner.java:276)
at org.testng.SuiteRunnerWorker.runSuite(SuiteRunnerWorker.java:53)
at org.testng.SuiteRunnerWorker.run(SuiteRunnerWorker.java:96)
at org.testng.TestNG.runSuitesSequentially(TestNG.java:1212)
at org.testng.TestNG.runSuitesLocally(TestNG.java:1134)
at org.testng.TestNG.runSuites(TestNG.java:1063)
at org.testng.TestNG.run(TestNG.java:1031)
at org.testng.remote.AbstractRemoteTestNG.run(AbstractRemoteTestNG.java:115)
at org.testng.remote.RemoteTestNG.initAndRun(RemoteTestNG.java:251)
at org.testng.remote.RemoteTestNG.main(RemoteTestNG.java:77)
Caused by: org.openqa.selenium.NoSuchElementException: no such element: Unable to locate element: {"method":"css selector","selector":"[class="dealer-business px-0 py-4"]"}
  (Session info: chrome=125.0.6422.141)
For documentation on this error, please visit: https://www.selenium.dev/documentation/webdriver/troubleshooting/errors#no-such-element-exception
Build info: version: '4.20.0', revision: '866c76ca80'
System info: os.name: 'Windows 11', os.arch: 'amd64', os.version: '10.0', java.version: '20.0.2'
Driver info: org.openqa.selenium.chrome.ChromeDriver
Command: [d94b42dd5d0492255511f78b53451385, findElement {using=css selector, value=[class="dealer-business px-0 py-4"]}]
Capabilities {acceptInsecureCerts: false, browserName: chrome, browserVersion: 125.0.6422.141, chrome: {chromedriverVersion: 125.0.6422.141 (4b1e8393712..., userDataDir: C:\Users\Thinkpad\AppData\L...}, fedcm:accounts: true, goog:chromeOptions: {debuggerAddress: localhost:52327}, networkConnectionEnabled: false, pageLoadStrategy: normal, platformName: windows, proxy: Proxy(), se:cdp: ws://localhost:52327/devtoo..., se:cdpVersion: 125.0.6422.141, setWindowRect: true, strictFileInteractability: false, timeouts: {implicit: 0, pageLoad: 300000, script: 30000}, unhandledPromptBehavior: dismiss and notify, webauthn:extension:credBlob: true, webauthn:extension:largeBlob: true, webauthn:extension:minPinLength: true, webauthn:extension:prf: true, webauthn:virtualAuthenticators: true}
Session ID: d94b42dd5d0492255511f78b53451385
at java.base/jdk.internal.reflect.DirectConstructorHandleAccessor.newInstance(DirectConstructorHandleAccessor.java:67)
at java.base/java.lang.reflect.Constructor.newInstanceWithCaller(Constructor.java:500)
at java.base/java.lang.reflect.Constructor.newInstance(Constructor.java:484)
at org.openqa.selenium.remote.ErrorCodec.decode(ErrorCodec.java:167)
at org.openqa.selenium.remote.codec.w3c.W3CHttpResponseCodec.decode(W3CHttpResponseCodec.java:138)
at org.openqa.selenium.remote.codec.w3c.W3CHttpResponseCodec.decode(W3CHttpResponseCodec.java:50)
at org.openqa.selenium.remote.HttpCommandExecutor.execute(HttpCommandExecutor.java:190)
at org.openqa.selenium.remote.service.DriverCommandExecutor.invokeExecute(DriverCommandExecutor.java:216)
at org.openqa.selenium.remote.service.DriverCommandExecutor.execute(DriverCommandExecutor.java:174)
at org.openqa.selenium.remote.RemoteWebDriver.execute(RemoteWebDriver.java:518)
at org.openqa.selenium.remote.ElementLocation$ElementFinder$2.findElement(ElementLocation.java:165)
at org.openqa.selenium.remote.ElementLocation.findElement(ElementLocation.java:59)
at org.openqa.selenium.remote.RemoteWebDriver.findElement(RemoteWebDriver.java:355)
at org.openqa.selenium.remote.RemoteWebDriver.findElement(RemoteWebDriver.java:349)
at org.openqa.selenium.support.ui.ExpectedConditions$6.apply(ExpectedConditions.java:171)
at org.openqa.selenium.support.ui.ExpectedConditions$6.apply(ExpectedConditions.java:168)
at org.openqa.selenium.support.ui.FluentWait.until(FluentWait.java:203)
... 25 more
]]>
    </error>
  </testcase> <!-- Setup -->
  <system-out/>
  <testcase classname="Import_DATA_Of_DBP.SERVICE" name="Click_on_NewCars" time="0.000">
    <skipped/>
  </testcase> <!-- Click_on_NewCars -->
  <system-out/>
  <testcase classname="Import_DATA_Of_DBP.SERVICE" name="Clear_Data" time="0.000">
    <skipped/>
  </testcase> <!-- Clear_Data -->
  <system-out/>
  <testcase classname="Import_DATA_Of_DBP.SERVICE" name="Free_Service_Load_Workshop____QTY" time="0.000">
    <skipped/>
  </testcase> <!-- Free_Service_Load_Workshop____QTY -->
  <system-out/>
  <testcase classname="Import_DATA_Of_DBP.SERVICE" name="Bodyshop_Load____QTY" time="0.000">
    <skipped/>
  </testcase> <!-- Bodyshop_Load____QTY -->
  <system-out/>
  <testcase classname="Import_DATA_Of_DBP.SERVICE" name="Paid_AND_Running_Repairs_Load____QTY" time="0.000">
    <skipped/>
  </testcase> <!-- Paid_AND_Running_Repairs_Load____QTY -->
  <system-out/>
  <testcase classname="Import_DATA_Of_DBP.SERVICE" name="Labour_charges_Work_shop_In_INCOME" time="0.000">
    <skipped/>
  </testcase> <!-- Labour_charges_Work_shop_In_INCOME -->
  <system-out/>
  <testcase classname="Import_DATA_Of_DBP.SERVICE" name="Labour_charges_Bodyshop_In_INCOME" time="0.000">
    <skipped/>
  </testcase> <!-- Labour_charges_Bodyshop_In_INCOME -->
  <system-out/>
  <testcase classname="Import_DATA_Of_DBP.SERVICE" name="Labour_charges_Warranty_claims_In_INCOME" time="0.000">
    <skipped/>
  </testcase> <!-- Labour_charges_Warranty_claims_In_INCOME -->
  <system-out/>
  <testcase classname="Import_DATA_Of_DBP.SERVICE" name="Free_service_Receipts_In_INCOME" time="0.000">
    <skipped/>
  </testcase> <!-- Free_service_Receipts_In_INCOME -->
  <system-out/>
  <testcase classname="Import_DATA_Of_DBP.SERVICE" name="Transit_Damage_Claim_In_INCOME" time="0.000">
    <skipped/>
  </testcase> <!-- Transit_Damage_Claim_In_INCOME -->
  <system-out/>
  <testcase classname="Import_DATA_Of_DBP.SERVICE" name="Scrap_Sales_In_INCOME" time="0.000">
    <skipped/>
  </testcase> <!-- Scrap_Sales_In_INCOME -->
  <system-out/>
  <testcase classname="Import_DATA_Of_DBP.SERVICE" name="EW_Commisison_In_INCOME" time="0.000">
    <skipped/>
  </testcase> <!-- EW_Commisison_In_INCOME -->
  <system-out/>
  <testcase classname="Import_DATA_Of_DBP.SERVICE" name="Service_Incentive_In_INCOME" time="0.000">
    <skipped/>
  </testcase> <!-- Service_Incentive_In_INCOME -->
  <system-out/>
  <testcase classname="Import_DATA_Of_DBP.SERVICE" name="CRI_Incentive_payout_In_INCOME" time="0.000">
    <skipped/>
  </testcase> <!-- CRI_Incentive_payout_In_INCOME -->
  <system-out/>
  <testcase classname="Import_DATA_Of_DBP.SERVICE" name="PDI_Incentive_payout_In_INCOME" time="0.000">
    <skipped/>
  </testcase> <!-- PDI_Incentive_payout_In_INCOME -->
  <system-out/>
  <testcase classname="Import_DATA_Of_DBP.SERVICE" name="CCP_Renewal_Commission_In_INCOME" time="0.000">
    <skipped/>
  </testcase> <!-- CCP_Renewal_Commission_In_INCOME -->
  <system-out/>
  <testcase classname="Import_DATA_Of_DBP.SERVICE" name="Any_other_Service_Income_In_INCOME" time="0.000">
    <skipped/>
  </testcase> <!-- Any_other_Service_Income_In_INCOME -->
  <system-out/>
  <testcase classname="Import_DATA_Of_DBP.SERVICE" name="Contractual_Labour_Workshop_In_EXPENSE" time="0.000">
    <skipped/>
  </testcase> <!-- Contractual_Labour_Workshop_In_EXPENSE -->
  <system-out/>
  <testcase classname="Import_DATA_Of_DBP.SERVICE" name="Contractual_Labour_Bodyshop_In_EXPENSE" time="0.000">
    <skipped/>
  </testcase> <!-- Contractual_Labour_Bodyshop_In_EXPENSE -->
  <system-out/>
  <testcase classname="Import_DATA_Of_DBP.SERVICE" name="Any_other_Job_done_by_external_agency_In_EXPENSE" time="0.000">
    <skipped/>
  </testcase> <!-- Any_other_Job_done_by_external_agency_In_EXPENSE -->
  <system-out/>
  <testcase classname="Import_DATA_Of_DBP.SERVICE" name="Free_Service_Payout_In_EXPENSE" time="0.000">
    <skipped/>
  </testcase> <!-- Free_Service_Payout_In_EXPENSE -->
  <system-out/>
  <testcase classname="Import_DATA_Of_DBP.SERVICE" name="Advertisement_Marketing_Promotional_In_EXPENSE" time="0.000">
    <skipped/>
  </testcase> <!-- Advertisement_Marketing_Promotional_In_EXPENSE -->
  <system-out/>
  <testcase classname="Import_DATA_Of_DBP.SERVICE" name="Hyperlocal_Expense_In_EXPENSE" time="0.000">
    <skipped/>
  </testcase> <!-- Hyperlocal_Expense_In_EXPENSE -->
  <system-out/>
  <testcase classname="Import_DATA_Of_DBP.SERVICE" name="Discount_Bill_discount_In_EXPENSE" time="0.000">
    <skipped/>
  </testcase> <!-- Discount_Bill_discount_In_EXPENSE -->
  <system-out/>
  <testcase classname="Import_DATA_Of_DBP.SERVICE" name="Discount_under_MSR_Autocard_My_Nexa_In_EXPENSE" time="0.000">
    <skipped/>
  </testcase> <!-- Discount_under_MSR_Autocard_My_Nexa_In_EXPENSE -->
  <system-out/>
  <testcase classname="Import_DATA_Of_DBP.SERVICE" name="Cost_of_Consumption_of_Paints_In_EXPENSE" time="0.000">
    <skipped/>
  </testcase> <!-- Cost_of_Consumption_of_Paints_In_EXPENSE -->
  <system-out/>
  <testcase classname="Import_DATA_Of_DBP.SERVICE" name="Any_other_Expense_Service_Only_In_EXPENSE" time="0.000">
    <skipped/>
  </testcase> <!-- Any_other_Expense_Service_Only_In_EXPENSE -->
  <system-out/>
  <testcase classname="Import_DATA_Of_DBP.SERVICE" name="Labour_charges_Work_shop_per_Load_In_Income" time="0.000">
    <skipped/>
  </testcase> <!-- Labour_charges_Work_shop_per_Load_In_Income -->
  <system-out/>
  <testcase classname="Import_DATA_Of_DBP.SERVICE" name="Labour_charges_Bodyshop_Accidental_per_Load_In_Income" time="0.000">
    <skipped/>
  </testcase> <!-- Labour_charges_Bodyshop_Accidental_per_Load_In_Income -->
  <system-out/>
  <testcase classname="Import_DATA_Of_DBP.SERVICE" name="Manpower_Cost_Salary_Incentive_per_New_cars_Expenses" time="0.000">
    <skipped/>
  </testcase> <!-- Manpower_Cost_Salary_Incentive_per_New_cars_Expenses -->
  <system-out/>
  <testcase classname="Import_DATA_Of_DBP.SERVICE" name="Short_Term_Interest_Cost_Service__per_New_cars_Expenses" time="0.000">
    <skipped/>
  </testcase> <!-- Short_Term_Interest_Cost_Service__per_New_cars_Expenses -->
  <system-out/>
  <testcase classname="Import_DATA_Of_DBP.SERVICE" name="Contractual_Labour_Workshop__per_New_cars_Expenses" time="0.000">
    <skipped/>
  </testcase> <!-- Contractual_Labour_Workshop__per_New_cars_Expenses -->
  <system-out/>
  <testcase classname="Import_DATA_Of_DBP.SERVICE" name="Contractual_Labour_Bodyshop__per_New_cars_Expenses" time="0.000">
    <skipped/>
  </testcase> <!-- Contractual_Labour_Bodyshop__per_New_cars_Expenses -->
  <system-out/>
  <testcase classname="Import_DATA_Of_DBP.SERVICE" name="Any_other_Job_done_by_external_agency__per_New_cars_Expenses" time="0.000">
    <skipped/>
  </testcase> <!-- Any_other_Job_done_by_external_agency__per_New_cars_Expenses -->
  <system-out/>
  <testcase classname="Import_DATA_Of_DBP.SERVICE" name="Free_Service_Payout__per_New_cars_Expenses" time="0.000">
    <skipped/>
  </testcase> <!-- Free_Service_Payout__per_New_cars_Expenses -->
  <system-out/>
  <testcase classname="Import_DATA_Of_DBP.SERVICE" name="Advertisement_Marketing_Promotional__per_New_cars_Expenses" time="0.000">
    <skipped/>
  </testcase> <!-- Advertisement_Marketing_Promotional__per_New_cars_Expenses -->
  <system-out/>
  <testcase classname="Import_DATA_Of_DBP.SERVICE" name="Hyperlocal_Expense__per_New_cars_Expenses" time="0.000">
    <skipped/>
  </testcase> <!-- Hyperlocal_Expense__per_New_cars_Expenses -->
  <system-out/>
  <testcase classname="Import_DATA_Of_DBP.SERVICE" name="Discount_Bill_discount__per_New_cars_Expenses" time="0.000">
    <skipped/>
  </testcase> <!-- Discount_Bill_discount__per_New_cars_Expenses -->
  <system-out/>
  <testcase classname="Import_DATA_Of_DBP.SERVICE" name="Discount_under_MSR__per_New_cars_Expenses" time="0.000">
    <skipped/>
  </testcase> <!-- Discount_under_MSR__per_New_cars_Expenses -->
  <system-out/>
  <testcase classname="Import_DATA_Of_DBP.SERVICE" name="Cost_of_Consumption_of_Paints__per_New_cars_Expenses" time="0.000">
    <skipped/>
  </testcase> <!-- Cost_of_Consumption_of_Paints__per_New_cars_Expenses -->
  <system-out/>
  <testcase classname="Import_DATA_Of_DBP.SERVICE" name="Any_other_Expense_Service_Only__per_New_cars_Expenses" time="0.000">
    <skipped/>
  </testcase> <!-- Any_other_Expense_Service_Only__per_New_cars_Expenses -->
  <system-out/>
  <testcase classname="Import_DATA_Of_DBP.SERVICE" name="Total_Service_Income_A__per_New_cars_Expenses" time="0.000">
    <skipped/>
  </testcase> <!-- Total_Service_Income_A__per_New_cars_Expenses -->
  <system-out/>
  <testcase classname="Import_DATA_Of_DBP.SERVICE" name="Total_Service_Income_A_per_New_Cars" time="0.000">
    <skipped/>
  </testcase> <!-- Total_Service_Income_A_per_New_Cars -->
  <system-out/>
  <testcase classname="Import_DATA_Of_DBP.SERVICE" name="Net_earning_from_Service_A_B" time="0.000">
    <skipped/>
  </testcase> <!-- Net_earning_from_Service_A_B -->
  <system-out/>
  <testcase classname="Import_DATA_Of_DBP.SERVICE" name="Net_earning_from_Service_A_B_per_New_Cars" time="0.000">
    <skipped/>
  </testcase> <!-- Net_earning_from_Service_A_B_per_New_Cars -->
  <system-out/>
  <testcase classname="Import_DATA_Of_DBP.SERVICE" name="Total_Service_Direct_Expense_B" time="0.000">
    <skipped/>
  </testcase> <!-- Total_Service_Direct_Expense_B -->
  <system-out/>
  <testcase classname="Import_DATA_Of_DBP.SERVICE" name="Total_Service_Direct_Expense_B_per_New_cars" time="0.000">
    <skipped/>
  </testcase> <!-- Total_Service_Direct_Expense_B_per_New_cars -->
  <system-out/>
  <testcase classname="Import_DATA_Of_DBP.SERVICE" name="click_on_ManPowerCost" time="0.000">
    <skipped/>
  </testcase> <!-- click_on_ManPowerCost -->
  <system-out/>
  <testcase classname="Import_DATA_Of_DBP.SERVICE" name="click_on_IntrestCost" time="0.000">
    <skipped/>
  </testcase> <!-- click_on_IntrestCost -->
  <system-out/>
  <testcase classname="Import_DATA_Of_DBP.SERVICE" name="Manpower_Cost_MAtches_from__total_manpowercost" time="0.000">
    <skipped/>
  </testcase> <!-- Manpower_Cost_MAtches_from__total_manpowercost -->
  <system-out/>
  <testcase classname="Import_DATA_Of_DBP.SERVICE" name="Short_Term_Interest_Cost_Service_MAtches_from__IntrestCost_Modules" time="0.000">
    <skipped/>
  </testcase> <!-- Short_Term_Interest_Cost_Service_MAtches_from__IntrestCost_Modules -->
  <system-out/>
</testsuite> <!-- Import_DATA_Of_DBP.SERVICE -->
