<?xml version="1.0" encoding="UTF-8"?>
<!-- Generated by org.testng.reporters.JUnitReportReporter -->
<testsuite hostname="DESKTOP-N9F7EI8" failures="0" tests="106" name="intrestCost_Cost.copy.Intrest_Cost" time="24.417" errors="0" timestamp="2024-05-24T17:37:31 IST" skipped="0">
  <testcase classname="intrestCost_Cost.copy.Intrest_Cost" name="clearData" time="15.034"/>
  <system-out/>
  <testcase classname="intrestCost_Cost.copy.Intrest_Cost" name="Total_Interest_Paid_on_ST_LOANS" time="0.031"/>
  <system-out/>
  <testcase classname="intrestCost_Cost.copy.Intrest_Cost" name="Save_the_Data" time="1.466"/>
  <system-out/>
  <testcase classname="intrestCost_Cost.copy.Intrest_Cost" name="Short_Term_Loan_From_Banks_Financial_Institutions_In_NEW_Cars" time="0.049"/>
  <system-out/>
  <testcase classname="intrestCost_Cost.copy.Intrest_Cost" name="Short_Term_Loan_From_Banks_Financial_Institutions_in_MSGA" time="0.055"/>
  <system-out/>
  <testcase classname="intrestCost_Cost.copy.Intrest_Cost" name="Short_Term_Loan_From_Banks_Financial_Institutions_in_Service" time="0.067"/>
  <system-out/>
  <testcase classname="intrestCost_Cost.copy.Intrest_Cost" name="Short_Term_Loan_From_Banks_Financial_Institutions_in_Spares" time="0.070"/>
  <system-out/>
  <testcase classname="intrestCost_Cost.copy.Intrest_Cost" name="Short_Term_Loan_From_Banks_Financial_Institutions_in_POC" time="0.051"/>
  <system-out/>
  <testcase classname="intrestCost_Cost.copy.Intrest_Cost" name="Short_Term_Loan_From_Banks_Financial_Institutions_in_MI" time="0.063"/>
  <system-out/>
  <testcase classname="intrestCost_Cost.copy.Intrest_Cost" name="Short_Term_Loan_From_Banks_Financial_Institutions_in_MDS" time="0.075"/>
  <system-out/>
  <testcase classname="intrestCost_Cost.copy.Intrest_Cost" name="Short_Term_Loan_From_Banks_Financial_Institutions_in_Totals" time="0.051"/>
  <system-out/>
  <testcase classname="intrestCost_Cost.copy.Intrest_Cost" name="Short_Term_Loan_From_Directors_Related_Parties_In_NEW_Cars" time="0.107"/>
  <system-out/>
  <testcase classname="intrestCost_Cost.copy.Intrest_Cost" name="Short_Term_Loan_From_Directors_Related_Parties_in_MSGA" time="0.137"/>
  <system-out/>
  <testcase classname="intrestCost_Cost.copy.Intrest_Cost" name="Short_Term_Loan_From_Directors_Related_Parties_in_Service" time="0.095"/>
  <system-out/>
  <testcase classname="intrestCost_Cost.copy.Intrest_Cost" name="Short_Term_Loan_From_Directors_Related_Parties_in_Spares" time="0.093"/>
  <system-out/>
  <testcase classname="intrestCost_Cost.copy.Intrest_Cost" name="Short_Term_Loan_From_Directors_Related_Parties_in_POC" time="0.071"/>
  <system-out/>
  <testcase classname="intrestCost_Cost.copy.Intrest_Cost" name="Short_Term_Loan_From_Directors_Related_Parties_in_MI" time="0.062"/>
  <system-out/>
  <testcase classname="intrestCost_Cost.copy.Intrest_Cost" name="Short_Term_Loan_From_Directors_Related_Parties_in_MDS" time="0.073"/>
  <system-out/>
  <testcase classname="intrestCost_Cost.copy.Intrest_Cost" name="Short_Term_Loan_From_Directors_Related_Parties_in_Totals" time="0.068"/>
  <system-out/>
  <testcase classname="intrestCost_Cost.copy.Intrest_Cost" name="Total_Short_Term_Loans_In_New_Cars" time="0.065"/>
  <system-out/>
  <testcase classname="intrestCost_Cost.copy.Intrest_Cost" name="Total_Short_Term_Loans_In_MSGA" time="0.065"/>
  <system-out/>
  <testcase classname="intrestCost_Cost.copy.Intrest_Cost" name="Total_Short_Term_Loans_In_Service" time="0.066"/>
  <system-out/>
  <testcase classname="intrestCost_Cost.copy.Intrest_Cost" name="Total_Short_Term_Loans_In_Spares" time="0.059"/>
  <system-out/>
  <testcase classname="intrestCost_Cost.copy.Intrest_Cost" name="Total_Short_Term_Loans_In_POC" time="0.078"/>
  <system-out/>
  <testcase classname="intrestCost_Cost.copy.Intrest_Cost" name="Total_Short_Term_Loans_In_MI" time="0.070"/>
  <system-out/>
  <testcase classname="intrestCost_Cost.copy.Intrest_Cost" name="Total_Short_Term_Loans_In_MDS" time="0.057"/>
  <system-out/>
  <testcase classname="intrestCost_Cost.copy.Intrest_Cost" name="Total_Short_Term_Loans_In_Totals" time="0.163"/>
  <system-out/>
  <testcase classname="intrestCost_Cost.copy.Intrest_Cost" name="Total_Short_Term_Loans" time="0.344"/>
  <system-out/>
  <testcase classname="intrestCost_Cost.copy.Intrest_Cost" name="Short_Term_Loan_Interest_Cost_Banks_And_Financial_In_NEW_Cars" time="0.071"/>
  <system-out/>
  <testcase classname="intrestCost_Cost.copy.Intrest_Cost" name="Short_Term_Loan_Interest_Cost_Banks_And_Financial_In_MSGA" time="0.065"/>
  <system-out/>
  <testcase classname="intrestCost_Cost.copy.Intrest_Cost" name="Short_Term_Loan_Interest_Cost_Banks_And_Financial_In_Service" time="0.055"/>
  <system-out/>
  <testcase classname="intrestCost_Cost.copy.Intrest_Cost" name="Short_Term_Loan_Interest_Cost_Banks_And_Financial_In_Spares" time="0.091"/>
  <system-out/>
  <testcase classname="intrestCost_Cost.copy.Intrest_Cost" name="Short_Term_Loan_Interest_Cost_Banks_And_Financial_In_POC" time="0.305"/>
  <system-out/>
  <testcase classname="intrestCost_Cost.copy.Intrest_Cost" name="Short_Term_Loan_Interest_Cost_Banks_And_Financial_In_MI" time="0.086"/>
  <system-out/>
  <testcase classname="intrestCost_Cost.copy.Intrest_Cost" name="Short_Term_Loan_____Interest_Cost_Banks_And_Financial_In_MDS" time="0.071"/>
  <system-out/>
  <testcase classname="intrestCost_Cost.copy.Intrest_Cost" name="Short_Term_Loan____Interest_Cost_Banks_And_Financial_In_Totals" time="0.039"/>
  <system-out/>
  <testcase classname="intrestCost_Cost.copy.Intrest_Cost" name="Short_Term_Loan____Interest_Cost_Directors_Related_Parties____In_NEW_Cars" time="0.066"/>
  <system-out/>
  <testcase classname="intrestCost_Cost.copy.Intrest_Cost" name="Short_Term_Loan_____Interest_Cost_Directors_Related_Parties_____In_MSGA" time="0.062"/>
  <system-out/>
  <testcase classname="intrestCost_Cost.copy.Intrest_Cost" name="Short_Term_Loan______Interest_Cost_Directors_Related_Parties______In_Service" time="0.053"/>
  <system-out/>
  <testcase classname="intrestCost_Cost.copy.Intrest_Cost" name="Short_Term_Loan______Interest_Cost_Directors_Related_Parties______In_Spares" time="0.073"/>
  <system-out/>
  <testcase classname="intrestCost_Cost.copy.Intrest_Cost" name="Short_Term_Loan______Interest_Cost_Directors_Related_Parties______In_POC" time="0.077"/>
  <system-out/>
  <testcase classname="intrestCost_Cost.copy.Intrest_Cost" name="Short_Term_Loan______Interest_Cost_Directors_Related_Parties______In_MI" time="0.072"/>
  <system-out/>
  <testcase classname="intrestCost_Cost.copy.Intrest_Cost" name="Short_Term_Loan______Interest_Cost_Directors_Related_Parties______In_MDS" time="0.071"/>
  <system-out/>
  <testcase classname="intrestCost_Cost.copy.Intrest_Cost" name="Short_Term_Loan__Interest_Cost_Directors_Related_Parties_In_Totals" time="0.063"/>
  <system-out/>
  <testcase classname="intrestCost_Cost.copy.Intrest_Cost" name="Total_Interest_Paid_on_ST_Loans___OF_New_cars" time="0.053"/>
  <system-out/>
  <testcase classname="intrestCost_Cost.copy.Intrest_Cost" name="Total_Interest_Paid_on_ST_Loans_OF_MSGA" time="0.034"/>
  <system-out/>
  <testcase classname="intrestCost_Cost.copy.Intrest_Cost" name="Total_Interest_Paid_on_ST_Loans_OF_SERVICES" time="0.035"/>
  <system-out/>
  <testcase classname="intrestCost_Cost.copy.Intrest_Cost" name="Total_Interest_Paid_on_ST_Loans_OF_SPARES" time="0.033"/>
  <system-out/>
  <testcase classname="intrestCost_Cost.copy.Intrest_Cost" name="Total_Interest_Paid_on_ST_Loans_OF_POc" time="0.052"/>
  <system-out/>
  <testcase classname="intrestCost_Cost.copy.Intrest_Cost" name="Total_Interest_Paid_on_ST_Loans_OF_MI" time="0.054"/>
  <system-out/>
  <testcase classname="intrestCost_Cost.copy.Intrest_Cost" name="Total_Interest_Paid_on_ST_Loans_OF_MDS" time="0.065"/>
  <system-out/>
  <testcase classname="intrestCost_Cost.copy.Intrest_Cost" name="Total_Interest_Paid_on_ST_Loans_OF_Totals" time="0.087"/>
  <system-out/>
  <testcase classname="intrestCost_Cost.copy.Intrest_Cost" name="Long_Term_Loan_From_Banks_Financial_Institutions_In_NEW_Cars" time="0.088"/>
  <system-out/>
  <testcase classname="intrestCost_Cost.copy.Intrest_Cost" name="Long_Term_Loan_From_Banks_Financial_Institutions_In_M_S_G_A" time="0.047"/>
  <system-out/>
  <testcase classname="intrestCost_Cost.copy.Intrest_Cost" name="Long_Term_Loan_From_Banks_Financial_Institutions_In_SERVICESS" time="0.064"/>
  <system-out/>
  <testcase classname="intrestCost_Cost.copy.Intrest_Cost" name="Long_Term_Loan_From_Banks_Financial_Institutions_In_SPARES" time="0.046"/>
  <system-out/>
  <testcase classname="intrestCost_Cost.copy.Intrest_Cost" name="Long_Term_Loan_From_Banks_Financial_Institutions_In_POC" time="0.066"/>
  <system-out/>
  <testcase classname="intrestCost_Cost.copy.Intrest_Cost" name="Long_Term_Loan_From_Banks_Financial_Institutions_In_M_I" time="0.087"/>
  <system-out/>
  <testcase classname="intrestCost_Cost.copy.Intrest_Cost" name="Long_Term_Loan_From_Banks_Financial_Institutions_In_MDS" time="0.081"/>
  <system-out/>
  <testcase classname="intrestCost_Cost.copy.Intrest_Cost" name="Long_Term_Loan_From_Banks_Financial_Institutions_of_Totals" time="0.004"/>
  <system-out/>
  <testcase classname="intrestCost_Cost.copy.Intrest_Cost" name="Long_Term_Loan_From_Directors_Related_Parties_In_NEW_Cars" time="0.045"/>
  <system-out/>
  <testcase classname="intrestCost_Cost.copy.Intrest_Cost" name="Long_Term_Loan_From_Directors_Related_Parties_In_M_S_G_A" time="0.048"/>
  <system-out/>
  <testcase classname="intrestCost_Cost.copy.Intrest_Cost" name="Long_Term_Loan_From_Directors_Related_Parties_In_SERVICESS" time="0.048"/>
  <system-out/>
  <testcase classname="intrestCost_Cost.copy.Intrest_Cost" name="Long_Term_Loan_From_Directors_Related_Parties_In_SPARES" time="0.055"/>
  <system-out/>
  <testcase classname="intrestCost_Cost.copy.Intrest_Cost" name="Long_Term_Loan_From_Directors_Related_Parties_In_POC" time="0.048"/>
  <system-out/>
  <testcase classname="intrestCost_Cost.copy.Intrest_Cost" name="Long_Term_Loan_From_Directors_Related_Parties_In_M_I" time="0.055"/>
  <system-out/>
  <testcase classname="intrestCost_Cost.copy.Intrest_Cost" name="Long_Term_Loan_From_Directors_Related_Parties_In_MDS" time="0.046"/>
  <system-out/>
  <testcase classname="intrestCost_Cost.copy.Intrest_Cost" name="Long_Term_Loan_From_Directors_Related_Parties_of_Totals" time="0.000"/>
  <system-out/>
  <testcase classname="intrestCost_Cost.copy.Intrest_Cost" name="Total_Long_Term_Loans_of_NEw_Cars" time="0.000"/>
  <system-out/>
  <testcase classname="intrestCost_Cost.copy.Intrest_Cost" name="Total_Long_Term_Loans_of_MSGA" time="0.000"/>
  <system-out/>
  <testcase classname="intrestCost_Cost.copy.Intrest_Cost" name="Total_Long_Term_Loans_of_Servicee" time="0.000"/>
  <system-out/>
  <testcase classname="intrestCost_Cost.copy.Intrest_Cost" name="Total_Long_Term_Loans_of_Spares" time="0.000"/>
  <system-out/>
  <testcase classname="intrestCost_Cost.copy.Intrest_Cost" name="Total_Long_Term_Loans_of_POC" time="0.000"/>
  <system-out/>
  <testcase classname="intrestCost_Cost.copy.Intrest_Cost" name="Total_Long_Term_Loans_of_MI" time="0.006"/>
  <system-out/>
  <testcase classname="intrestCost_Cost.copy.Intrest_Cost" name="Total_Long_Term_Loans_of_MDS" time="0.000"/>
  <system-out/>
  <testcase classname="intrestCost_Cost.copy.Intrest_Cost" name="Total_Long_Term_Loans_of_TOTALS_Rs" time="0.000"/>
  <system-out/>
  <testcase classname="intrestCost_Cost.copy.Intrest_Cost" name="Total_Long_Term_Loans" time="0.010"/>
  <system-out/>
  <testcase classname="intrestCost_Cost.copy.Intrest_Cost" name="Long_Term_Loan_Interest_Cost_Bank_and_Financial_In_NEW_Cars" time="0.125"/>
  <system-out/>
  <testcase classname="intrestCost_Cost.copy.Intrest_Cost" name="Long_Term_Loan_Interest_Cost_Bank_and_Financial_In_MSGA" time="0.032"/>
  <system-out/>
  <testcase classname="intrestCost_Cost.copy.Intrest_Cost" name="Long_Term_Loan_Interest_Cost_Bank_and_Financial_In_SERVICE" time="0.076"/>
  <system-out/>
  <testcase classname="intrestCost_Cost.copy.Intrest_Cost" name="Long_Term_Loan_Interest_Cost_Bank_and_Financial_In_Spares" time="0.047"/>
  <system-out/>
  <testcase classname="intrestCost_Cost.copy.Intrest_Cost" name="Long_Term_Loan_Interest_Cost_Bank_and_Financial_In_Poc" time="0.044"/>
  <system-out/>
  <testcase classname="intrestCost_Cost.copy.Intrest_Cost" name="Long_Term_Loan_Interest_Cost_Bank_and_Financial_In_MI" time="0.048"/>
  <system-out/>
  <testcase classname="intrestCost_Cost.copy.Intrest_Cost" name="Long_Term_Loan_Interest_Cost_Bank_and_Financial_In_MDS" time="0.054"/>
  <system-out/>
  <testcase classname="intrestCost_Cost.copy.Intrest_Cost" name="Long_Term_Loan_Interest_Cost_Bank_and_Financial_In_TOtals" time="0.002"/>
  <system-out/>
  <testcase classname="intrestCost_Cost.copy.Intrest_Cost" name="Long_Term_Loan_Interest_Cost_Directors_Related_Parties_In_NEW_Cars" time="0.048"/>
  <system-out/>
  <testcase classname="intrestCost_Cost.copy.Intrest_Cost" name="Long_Term_Interest_Cost_Directors_Related_Parties_In_MSGA" time="0.048"/>
  <system-out/>
  <testcase classname="intrestCost_Cost.copy.Intrest_Cost" name="Long_Term_Loan_Interest_Cost_Directors_Related_Parties_In_SERVICE" time="0.045"/>
  <system-out/>
  <testcase classname="intrestCost_Cost.copy.Intrest_Cost" name="Long_Term_Loan_Interest_Cost_Directors_Related_Parties_In_Spares" time="0.063"/>
  <system-out/>
  <testcase classname="intrestCost_Cost.copy.Intrest_Cost" name="Long_Term_Loan_Interest_Cost_Directors_Related_Parties_In_Poc" time="0.051"/>
  <system-out/>
  <testcase classname="intrestCost_Cost.copy.Intrest_Cost" name="Long_Term_Loan_Interest_Cost_Directors_Related_Parties_In_MI" time="0.056"/>
  <system-out/>
  <testcase classname="intrestCost_Cost.copy.Intrest_Cost" name="Long_Term_Loan_Interest_Cost_Directors_Related_Parties_In_MDS" time="0.083"/>
  <system-out/>
  <testcase classname="intrestCost_Cost.copy.Intrest_Cost" name="Long_Term_Loan_Interest_Cost_Directors_Related_Parties_Of_TOtals" time="0.000"/>
  <system-out/>
  <testcase classname="intrestCost_Cost.copy.Intrest_Cost" name="Total_Interest_Cost_on_LT_Loans_Of_NEW_Cars" time="0.000"/>
  <system-out/>
  <testcase classname="intrestCost_Cost.copy.Intrest_Cost" name="Total_Interest_Cost_on_LT_Loans_Of_MSGA" time="0.000"/>
  <system-out/>
  <testcase classname="intrestCost_Cost.copy.Intrest_Cost" name="Total_Interest_Cost_on_LT_Loans_Of_service" time="0.000"/>
  <system-out/>
  <testcase classname="intrestCost_Cost.copy.Intrest_Cost" name="Total_Interest_Cost_on_LT_Loans_Of_Spares" time="0.000"/>
  <system-out/>
  <testcase classname="intrestCost_Cost.copy.Intrest_Cost" name="Total_Interest_Cost_on_LT_Loans_Of_PoC" time="0.000"/>
  <system-out/>
  <testcase classname="intrestCost_Cost.copy.Intrest_Cost" name="Total_Interest_Cost_on_LT_Loans_Of_MI" time="0.000"/>
  <system-out/>
  <testcase classname="intrestCost_Cost.copy.Intrest_Cost" name="Total_Interest_Cost_on_LT_Loans_Of_MDS" time="0.000"/>
  <system-out/>
  <testcase classname="intrestCost_Cost.copy.Intrest_Cost" name="Total_Interest_Cost_on_LT_Loans_Of_Totals" time="0.000"/>
  <system-out/>
  <testcase classname="intrestCost_Cost.copy.Intrest_Cost" name="Total_Interest_Cost_on_LT_Loans" time="0.000"/>
  <system-out/>
  <testcase classname="intrestCost_Cost.copy.Intrest_Cost" name="Click_on_New_Cars" time="2.316"/>
  <system-out/>
  <testcase classname="intrestCost_Cost.copy.Intrest_Cost" name="ST_Interest_Cost_Per_Car" time="0.000"/>
  <system-out/>
  <testcase classname="intrestCost_Cost.copy.Intrest_Cost" name="LT_Interest_Cost_Per_Car" time="0.000"/>
  <system-out/>
  <testcase classname="intrestCost_Cost.copy.Intrest_Cost" name="Total_Interest_Cost_Per_Car" time="0.017"/>
  <system-out/>
</testsuite> <!-- intrestCost_Cost.copy.Intrest_Cost -->
