<?xml version="1.0" encoding="UTF-8"?>
<!-- Generated by org.testng.reporters.JUnitReportReporter -->
<testsuite hostname="DESKTOP-N9F7EI8" failures="2" tests="103" name="aLLLogin.ManpowerCost_TestNG" time="67.607" errors="0" timestamp="2024-06-03T15:29:53 IST" skipped="0">
  <testcase classname="aLLLogin.ManpowerCost_TestNG" name="Clear_Data" time="10.099"/>
  <system-out/>
  <testcase classname="aLLLogin.ManpowerCost_TestNG" name="NewCar_Salary_DirectMP" time="0.032"/>
  <system-out/>
  <testcase classname="aLLLogin.ManpowerCost_TestNG" name="Save_Data" time="4.453"/>
  <system-out/>
  <testcase classname="aLLLogin.ManpowerCost_TestNG" name="NewCar_Incentive_DirectMP" time="0.034"/>
  <system-out/>
  <testcase classname="aLLLogin.ManpowerCost_TestNG" name="NewCar_Salary_InDirectMP" time="0.032"/>
  <system-out/>
  <testcase classname="aLLLogin.ManpowerCost_TestNG" name="NewCar_Incentive_InDirectMP" time="0.033"/>
  <system-out/>
  <testcase classname="aLLLogin.ManpowerCost_TestNG" name="NewCar_Total_Salary" time="0.000"/>
  <system-out/>
  <testcase classname="aLLLogin.ManpowerCost_TestNG" name="NewCar_Total_Incentive" time="0.000"/>
  <system-out/>
  <testcase classname="aLLLogin.ManpowerCost_TestNG" name="NewCar_Total_ManpowerCost" time="0.000"/>
  <system-out/>
  <testcase classname="aLLLogin.ManpowerCost_TestNG" name="MDS_Salary_DirectMP" time="0.135"/>
  <system-out/>
  <testcase classname="aLLLogin.ManpowerCost_TestNG" name="MDS_Incentive_DirectMP" time="0.026"/>
  <system-out/>
  <testcase classname="aLLLogin.ManpowerCost_TestNG" name="MDS_Salary_InDirectMP" time="0.023"/>
  <system-out/>
  <testcase classname="aLLLogin.ManpowerCost_TestNG" name="MDS_Incentive_InDirectMP" time="0.031"/>
  <system-out/>
  <testcase classname="aLLLogin.ManpowerCost_TestNG" name="MDS_Total_Salary" time="0.000"/>
  <system-out/>
  <testcase classname="aLLLogin.ManpowerCost_TestNG" name="MDS_Total_Incentive" time="0.000"/>
  <system-out/>
  <testcase classname="aLLLogin.ManpowerCost_TestNG" name="MDS_Total_ManpowerCost" time="0.000"/>
  <system-out/>
  <testcase classname="aLLLogin.ManpowerCost_TestNG" name="MIRenewal_Salary_DirectMP" time="0.016"/>
  <system-out/>
  <testcase classname="aLLLogin.ManpowerCost_TestNG" name="MIRenewal_Incentive_DirectMP" time="0.016"/>
  <system-out/>
  <testcase classname="aLLLogin.ManpowerCost_TestNG" name="MIRenewal_Salary_InDirectMP" time="0.032"/>
  <system-out/>
  <testcase classname="aLLLogin.ManpowerCost_TestNG" name="MIRenewal_Incentive_InDirectMP" time="0.031"/>
  <system-out/>
  <testcase classname="aLLLogin.ManpowerCost_TestNG" name="MIRenewal_Total_Salary" time="0.000"/>
  <system-out/>
  <testcase classname="aLLLogin.ManpowerCost_TestNG" name="MIRenewal_Total_Incentive" time="0.000"/>
  <system-out/>
  <testcase classname="aLLLogin.ManpowerCost_TestNG" name="MIRenewal_Total_ManpowerCost" time="0.000"/>
  <system-out/>
  <testcase classname="aLLLogin.ManpowerCost_TestNG" name="MSGA_Salary_DirectMP" time="0.026"/>
  <system-out/>
  <testcase classname="aLLLogin.ManpowerCost_TestNG" name="MSGA_Incentive_DirectMP" time="0.021"/>
  <system-out/>
  <testcase classname="aLLLogin.ManpowerCost_TestNG" name="MSGA_Salary_InDirectMP" time="0.031"/>
  <system-out/>
  <testcase classname="aLLLogin.ManpowerCost_TestNG" name="MSGA_Incentive_InDirectMP" time="0.016"/>
  <system-out/>
  <testcase classname="aLLLogin.ManpowerCost_TestNG" name="MSGA_Total_Salary" time="0.000"/>
  <system-out/>
  <testcase classname="aLLLogin.ManpowerCost_TestNG" name="MSGA_Total_Incentive" time="0.000"/>
  <system-out/>
  <testcase classname="aLLLogin.ManpowerCost_TestNG" name="MSGA_Total_ManpowerCost" time="0.000"/>
  <system-out/>
  <testcase classname="aLLLogin.ManpowerCost_TestNG" name="True_Value_Salary_DirectMP" time="0.016"/>
  <system-out/>
  <testcase classname="aLLLogin.ManpowerCost_TestNG" name="True_Value_Incentive_DirectMP" time="0.031"/>
  <system-out/>
  <testcase classname="aLLLogin.ManpowerCost_TestNG" name="True_Value_Salary_InDirectMP" time="0.031"/>
  <system-out/>
  <testcase classname="aLLLogin.ManpowerCost_TestNG" name="True_Value_Incentive_InDirectMP" time="0.016"/>
  <system-out/>
  <testcase classname="aLLLogin.ManpowerCost_TestNG" name="True_Value_Total_Salary" time="0.000"/>
  <system-out/>
  <testcase classname="aLLLogin.ManpowerCost_TestNG" name="True_Value_Total_Incentive" time="0.000"/>
  <system-out/>
  <testcase classname="aLLLogin.ManpowerCost_TestNG" name="True_Value_Total_ManpowerCost" time="0.000"/>
  <system-out/>
  <testcase classname="aLLLogin.ManpowerCost_TestNG" name="Spares_Salary_DirectMP" time="0.031"/>
  <system-out/>
  <testcase classname="aLLLogin.ManpowerCost_TestNG" name="Spares_Incentive_DirectMP" time="0.032"/>
  <system-out/>
  <testcase classname="aLLLogin.ManpowerCost_TestNG" name="Spares_Salary_InDirectMP" time="0.031"/>
  <system-out/>
  <testcase classname="aLLLogin.ManpowerCost_TestNG" name="Spares_Incentive_InDirectMP" time="0.032"/>
  <system-out/>
  <testcase classname="aLLLogin.ManpowerCost_TestNG" name="Spares_Total_Salary" time="0.000"/>
  <system-out/>
  <testcase classname="aLLLogin.ManpowerCost_TestNG" name="Spares_Total_Incentive" time="0.000"/>
  <system-out/>
  <testcase classname="aLLLogin.ManpowerCost_TestNG" name="Spares_Total_ManpowerCost" time="0.000"/>
  <system-out/>
  <testcase classname="aLLLogin.ManpowerCost_TestNG" name="Service_Salary_DirectMP" time="0.031"/>
  <system-out/>
  <testcase classname="aLLLogin.ManpowerCost_TestNG" name="Service_Incentive_DirectMP" time="0.031"/>
  <system-out/>
  <testcase classname="aLLLogin.ManpowerCost_TestNG" name="Service_Salary_InDirectMP" time="0.031"/>
  <system-out/>
  <testcase classname="aLLLogin.ManpowerCost_TestNG" name="Service_Incentive_InDirectMP" time="0.016"/>
  <system-out/>
  <testcase classname="aLLLogin.ManpowerCost_TestNG" name="Service_Total_Salary" time="0.000"/>
  <system-out/>
  <testcase classname="aLLLogin.ManpowerCost_TestNG" name="Service_Total_Incentive" time="0.000"/>
  <system-out/>
  <testcase classname="aLLLogin.ManpowerCost_TestNG" name="Service_Total_ManpowerCost" time="0.000"/>
  <system-out/>
  <testcase classname="aLLLogin.ManpowerCost_TestNG" name="Corporate_Office_Salary_DirectMP" time="0.031"/>
  <system-out/>
  <testcase classname="aLLLogin.ManpowerCost_TestNG" name="Corporate_Office_Incentive_DirectMP" time="0.031"/>
  <system-out/>
  <testcase classname="aLLLogin.ManpowerCost_TestNG" name="Corporate_Office_Salary_InDirectMP" time="0.032"/>
  <system-out/>
  <testcase classname="aLLLogin.ManpowerCost_TestNG" name="Corporate_Office_Incentive_InDirectMP" time="0.031"/>
  <system-out/>
  <testcase classname="aLLLogin.ManpowerCost_TestNG" name="Corporate_Office_Total_Salary" time="0.000"/>
  <system-out/>
  <testcase classname="aLLLogin.ManpowerCost_TestNG" name="Corporate_Office_Total_Incentive" time="0.000"/>
  <system-out/>
  <testcase classname="aLLLogin.ManpowerCost_TestNG" name="Corporate_Office_Total_ManpowerCost" time="0.000"/>
  <system-out/>
  <testcase classname="aLLLogin.ManpowerCost_TestNG" name="Total_Salary_DirectMP" time="0.000"/>
  <system-out/>
  <testcase classname="aLLLogin.ManpowerCost_TestNG" name="Total_Incentive_DirectMP" time="0.000"/>
  <system-out/>
  <testcase classname="aLLLogin.ManpowerCost_TestNG" name="Total_Salary_InDirectMP" time="0.000"/>
  <system-out/>
  <testcase classname="aLLLogin.ManpowerCost_TestNG" name="Total_Incentive_InDirectMP" time="0.000"/>
  <system-out/>
  <testcase classname="aLLLogin.ManpowerCost_TestNG" name="Total_Total_Salary" time="0.000"/>
  <system-out/>
  <testcase classname="aLLLogin.ManpowerCost_TestNG" name="Total_Total_Incentive" time="0.000"/>
  <system-out/>
  <testcase classname="aLLLogin.ManpowerCost_TestNG" name="Total_Total_ManpowerCost" time="0.000"/>
  <system-out/>
  <testcase classname="aLLLogin.ManpowerCost_TestNG" name="ClickOn_ManpowerCount_NewCar" time="5.373"/>
  <system-out/>
  <testcase classname="aLLLogin.ManpowerCost_TestNG" name="NewCar_Total_Direct_ManpowerCount" time="0.000">
    <failure message="expected [0] but found [60]" type="java.lang.AssertionError">
      <![CDATA[java.lang.AssertionError: expected [0] but found [60]
at org.testng.Assert.fail(Assert.java:99)
at org.testng.Assert.failNotEquals(Assert.java:1037)
at org.testng.Assert.assertEqualsImpl(Assert.java:140)
at org.testng.Assert.assertEquals(Assert.java:122)
at org.testng.Assert.assertEquals(Assert.java:797)
at org.testng.Assert.assertEquals(Assert.java:807)
at aLLLogin.ManpowerCost_TestNG.NewCar_Total_Direct_ManpowerCount(ManpowerCost_TestNG.java:926)
at java.base/jdk.internal.reflect.DirectMethodHandleAccessor.invoke(DirectMethodHandleAccessor.java:104)
at java.base/java.lang.reflect.Method.invoke(Method.java:578)
at org.testng.internal.MethodInvocationHelper.invokeMethod(MethodInvocationHelper.java:133)
at org.testng.internal.TestInvoker.invokeMethod(TestInvoker.java:598)
at org.testng.internal.TestInvoker.invokeTestMethod(TestInvoker.java:173)
at org.testng.internal.MethodRunner.runInSequence(MethodRunner.java:46)
at org.testng.internal.TestInvoker$MethodInvocationAgent.invoke(TestInvoker.java:824)
at org.testng.internal.TestInvoker.invokeTestMethods(TestInvoker.java:146)
at org.testng.internal.TestMethodWorker.invokeTestMethods(TestMethodWorker.java:146)
at org.testng.internal.TestMethodWorker.run(TestMethodWorker.java:128)
at java.base/java.util.ArrayList.forEach(ArrayList.java:1511)
at org.testng.TestRunner.privateRun(TestRunner.java:794)
at org.testng.TestRunner.run(TestRunner.java:596)
at org.testng.SuiteRunner.runTest(SuiteRunner.java:377)
at org.testng.SuiteRunner.runSequentially(SuiteRunner.java:371)
at org.testng.SuiteRunner.privateRun(SuiteRunner.java:332)
at org.testng.SuiteRunner.run(SuiteRunner.java:276)
at org.testng.SuiteRunnerWorker.runSuite(SuiteRunnerWorker.java:53)
at org.testng.SuiteRunnerWorker.run(SuiteRunnerWorker.java:96)
at org.testng.TestNG.runSuitesSequentially(TestNG.java:1212)
at org.testng.TestNG.runSuitesLocally(TestNG.java:1134)
at org.testng.TestNG.runSuites(TestNG.java:1063)
at org.testng.TestNG.run(TestNG.java:1031)
at org.testng.remote.AbstractRemoteTestNG.run(AbstractRemoteTestNG.java:115)
at org.testng.remote.RemoteTestNG.initAndRun(RemoteTestNG.java:251)
at org.testng.remote.RemoteTestNG.main(RemoteTestNG.java:77)
]]>
    </failure>
  </testcase> <!-- NewCar_Total_Direct_ManpowerCount -->
  <system-out/>
  <testcase classname="aLLLogin.ManpowerCost_TestNG" name="NewCar_Total_InDirect_ManpowerCount" time="0.000">
    <failure message="expected [0] but found [336]" type="java.lang.AssertionError">
      <![CDATA[java.lang.AssertionError: expected [0] but found [336]
at org.testng.Assert.fail(Assert.java:99)
at org.testng.Assert.failNotEquals(Assert.java:1037)
at org.testng.Assert.assertEqualsImpl(Assert.java:140)
at org.testng.Assert.assertEquals(Assert.java:122)
at org.testng.Assert.assertEquals(Assert.java:797)
at org.testng.Assert.assertEquals(Assert.java:807)
at aLLLogin.ManpowerCost_TestNG.NewCar_Total_InDirect_ManpowerCount(ManpowerCost_TestNG.java:931)
at java.base/jdk.internal.reflect.DirectMethodHandleAccessor.invoke(DirectMethodHandleAccessor.java:104)
at java.base/java.lang.reflect.Method.invoke(Method.java:578)
at org.testng.internal.MethodInvocationHelper.invokeMethod(MethodInvocationHelper.java:133)
at org.testng.internal.TestInvoker.invokeMethod(TestInvoker.java:598)
at org.testng.internal.TestInvoker.invokeTestMethod(TestInvoker.java:173)
at org.testng.internal.MethodRunner.runInSequence(MethodRunner.java:46)
at org.testng.internal.TestInvoker$MethodInvocationAgent.invoke(TestInvoker.java:824)
at org.testng.internal.TestInvoker.invokeTestMethods(TestInvoker.java:146)
at org.testng.internal.TestMethodWorker.invokeTestMethods(TestMethodWorker.java:146)
at org.testng.internal.TestMethodWorker.run(TestMethodWorker.java:128)
at java.base/java.util.ArrayList.forEach(ArrayList.java:1511)
at org.testng.TestRunner.privateRun(TestRunner.java:794)
at org.testng.TestRunner.run(TestRunner.java:596)
at org.testng.SuiteRunner.runTest(SuiteRunner.java:377)
at org.testng.SuiteRunner.runSequentially(SuiteRunner.java:371)
at org.testng.SuiteRunner.privateRun(SuiteRunner.java:332)
at org.testng.SuiteRunner.run(SuiteRunner.java:276)
at org.testng.SuiteRunnerWorker.runSuite(SuiteRunnerWorker.java:53)
at org.testng.SuiteRunnerWorker.run(SuiteRunnerWorker.java:96)
at org.testng.TestNG.runSuitesSequentially(TestNG.java:1212)
at org.testng.TestNG.runSuitesLocally(TestNG.java:1134)
at org.testng.TestNG.runSuites(TestNG.java:1063)
at org.testng.TestNG.run(TestNG.java:1031)
at org.testng.remote.AbstractRemoteTestNG.run(AbstractRemoteTestNG.java:115)
at org.testng.remote.RemoteTestNG.initAndRun(RemoteTestNG.java:251)
at org.testng.remote.RemoteTestNG.main(RemoteTestNG.java:77)
]]>
    </failure>
  </testcase> <!-- NewCar_Total_InDirect_ManpowerCount -->
  <system-out/>
  <testcase classname="aLLLogin.ManpowerCost_TestNG" name="ClickOn_ManpowerCount_MSGA" time="5.294"/>
  <system-out/>
  <testcase classname="aLLLogin.ManpowerCost_TestNG" name="MSGA_Total_Direct_ManpowerCount" time="0.000"/>
  <system-out/>
  <testcase classname="aLLLogin.ManpowerCost_TestNG" name="MSGA_Total_InDirect_ManpowerCount" time="0.000"/>
  <system-out/>
  <testcase classname="aLLLogin.ManpowerCost_TestNG" name="ClickOn_ManpowerCount_WBSP" time="5.166"/>
  <system-out/>
  <testcase classname="aLLLogin.ManpowerCost_TestNG" name="WSBP_Total_Direct_ManpowerCount" time="0.000"/>
  <system-out/>
  <testcase classname="aLLLogin.ManpowerCost_TestNG" name="WSBP_Total_InDirect_ManpowerCount" time="0.000"/>
  <system-out/>
  <testcase classname="aLLLogin.ManpowerCost_TestNG" name="ClickOn_ManpowerCount_Spares" time="5.179"/>
  <system-out/>
  <testcase classname="aLLLogin.ManpowerCost_TestNG" name="Spares_Total_Direct_ManpowerCount" time="0.015"/>
  <system-out/>
  <testcase classname="aLLLogin.ManpowerCost_TestNG" name="Spares_Total_InDirect_ManpowerCount" time="0.000"/>
  <system-out/>
  <testcase classname="aLLLogin.ManpowerCost_TestNG" name="ClickOn_ManpowerCount_True_Value" time="5.153"/>
  <system-out/>
  <testcase classname="aLLLogin.ManpowerCost_TestNG" name="TrueValue_Total_Direct_ManpowerCount" time="0.000"/>
  <system-out/>
  <testcase classname="aLLLogin.ManpowerCost_TestNG" name="TrueValue_Total_InDirect_ManpowerCount" time="0.000"/>
  <system-out/>
  <testcase classname="aLLLogin.ManpowerCost_TestNG" name="ClickOn_ManpowerCount_MIRenewal" time="5.173"/>
  <system-out/>
  <testcase classname="aLLLogin.ManpowerCost_TestNG" name="MIRenewal_Total_Direct_ManpowerCount" time="0.000"/>
  <system-out/>
  <testcase classname="aLLLogin.ManpowerCost_TestNG" name="MIRenewal_Total_InDirect_ManpowerCount" time="0.000"/>
  <system-out/>
  <testcase classname="aLLLogin.ManpowerCost_TestNG" name="ClickOn_ManpowerCount_MDS" time="5.267"/>
  <system-out/>
  <testcase classname="aLLLogin.ManpowerCost_TestNG" name="MDS_Total_Direct_ManpowerCount" time="0.000"/>
  <system-out/>
  <testcase classname="aLLLogin.ManpowerCost_TestNG" name="MDS_Total_InDirect_ManpowerCount" time="0.000"/>
  <system-out/>
  <testcase classname="aLLLogin.ManpowerCost_TestNG" name="ClickOn_ManpowerCount_CommonManpower" time="5.154"/>
  <system-out/>
  <testcase classname="aLLLogin.ManpowerCost_TestNG" name="CommonManpower_Total_Direct_ManpowerCount" time="0.000"/>
  <system-out/>
  <testcase classname="aLLLogin.ManpowerCost_TestNG" name="CommonManpower_Total_InDirect_ManpowerCount" time="0.000"/>
  <system-out/>
  <testcase classname="aLLLogin.ManpowerCost_TestNG" name="ClickOn_New_Car" time="5.154"/>
  <system-out/>
  <testcase classname="aLLLogin.ManpowerCost_TestNG" name="Total_Manpower_Cost_Per_Car" time="0.000"/>
  <system-out/>
  <testcase classname="aLLLogin.ManpowerCost_TestNG" name="ClickOn_ManpowerCost_Again" time="5.138"/>
  <system-out/>
  <testcase classname="aLLLogin.ManpowerCost_TestNG" name="New_Car_Total_ManpowerCount" time="0.000"/>
  <system-out/>
  <testcase classname="aLLLogin.ManpowerCost_TestNG" name="MDS_Total_ManpowerCount" time="0.000"/>
  <system-out/>
  <testcase classname="aLLLogin.ManpowerCost_TestNG" name="MI_Renewal_Total_ManpowerCount" time="0.000"/>
  <system-out/>
  <testcase classname="aLLLogin.ManpowerCost_TestNG" name="MSGA_Total_ManpowerCount" time="0.000"/>
  <system-out/>
  <testcase classname="aLLLogin.ManpowerCost_TestNG" name="True_Value_Total_ManpowerCount" time="0.000"/>
  <system-out/>
  <testcase classname="aLLLogin.ManpowerCost_TestNG" name="Spares_Total_ManpowerCount" time="0.000"/>
  <system-out/>
  <testcase classname="aLLLogin.ManpowerCost_TestNG" name="Service_Total_ManpowerCount" time="0.000"/>
  <system-out/>
  <testcase classname="aLLLogin.ManpowerCost_TestNG" name="Common_Manpower_Total_ManpowerCount" time="0.000"/>
  <system-out/>
  <testcase classname="aLLLogin.ManpowerCost_TestNG" name="Total_Total_ManpowerCount" time="0.000"/>
  <system-out/>
  <testcase classname="aLLLogin.ManpowerCost_TestNG" name="Total_Direct_ManpowerCount" time="0.000"/>
  <system-out/>
  <testcase classname="aLLLogin.ManpowerCost_TestNG" name="Total_InDirect_ManpowerCount" time="0.000"/>
  <system-out/>
</testsuite> <!-- aLLLogin.ManpowerCost_TestNG -->
