<?xml version="1.0" encoding="UTF-8"?>
<!-- Generated by org.testng.reporters.JUnitReportReporter -->
<testsuite hostname="DESKTOP-N9F7EI8" failures="0" tests="19" name="extend_Login.KEy_Financials" time="13.920" errors="0" timestamp="2024-05-31T15:51:29 IST" skipped="0">
  <testcase classname="extend_Login.KEy_Financials" name="click_on_IntrestCost" time="5.138"/>
  <system-out/>
  <testcase classname="extend_Login.KEy_Financials" name="Clear_Data" time="3.446"/>
  <system-out/>
  <testcase classname="extend_Login.KEy_Financials" name="sendTheVAlues" time="3.136"/>
  <system-out/>
  <testcase classname="extend_Login.KEy_Financials" name="Save_the_Data" time="1.653"/>
  <system-out/>
  <testcase classname="extend_Login.KEy_Financials" name="Share_Capital" time="0.036"/>
  <system-out/>
  <testcase classname="extend_Login.KEy_Financials" name="Reserves_Surplus" time="0.042"/>
  <system-out/>
  <testcase classname="extend_Login.KEy_Financials" name="Long_term_Debt" time="0.012"/>
  <system-out/>
  <testcase classname="extend_Login.KEy_Financials" name="Short_term_Debt" time="0.000"/>
  <system-out/>
  <testcase classname="extend_Login.KEy_Financials" name="Total_Asset" time="0.049"/>
  <system-out/>
  <testcase classname="extend_Login.KEy_Financials" name="Loans_Advances" time="0.046"/>
  <system-out/>
  <testcase classname="extend_Login.KEy_Financials" name="Current_Liabilities" time="0.031"/>
  <system-out/>
  <testcase classname="extend_Login.KEy_Financials" name="Debtors" time="0.041"/>
  <system-out/>
  <testcase classname="extend_Login.KEy_Financials" name="Total_Liabilities" time="0.046"/>
  <system-out/>
  <testcase classname="extend_Login.KEy_Financials" name="Deferred_Tax_Liability" time="0.040"/>
  <system-out/>
  <testcase classname="extend_Login.KEy_Financials" name="Investment" time="0.045"/>
  <system-out/>
  <testcase classname="extend_Login.KEy_Financials" name="Creditors" time="0.032"/>
  <system-out/>
  <testcase classname="extend_Login.KEy_Financials" name="Cash_in_Hand" time="0.044"/>
  <system-out/>
  <testcase classname="extend_Login.KEy_Financials" name="Current_Asset" time="0.048"/>
  <system-out/>
  <testcase classname="extend_Login.KEy_Financials" name="Closing_Stock" time="0.035"/>
  <system-out/>
</testsuite> <!-- extend_Login.KEy_Financials -->
