<?xml version="1.0" encoding="UTF-8"?>
<!-- Generated by org.testng.reporters.JUnitReportReporter -->
<testsuite hostname="DESKTOP-N9F7EI8" failures="0" tests="12" name="aLLLogin.Network_Details" time="0.334" errors="0" timestamp="2024-06-03T15:29:53 IST" skipped="0">
  <testcase classname="aLLLogin.Network_Details" name="Workshop_MSSSP_In_Network_details" time="0.027"/>
  <system-out/>
  <testcase classname="aLLLogin.Network_Details" name="E_Outlets_In_Network_details" time="0.020"/>
  <system-out/>
  <testcase classname="aLLLogin.Network_Details" name="Bodyshop_MSSSP_In_Network_details" time="0.027"/>
  <system-out/>
  <testcase classname="aLLLogin.Network_Details" name="Workshop_Main_Workshops_In_Network_details" time="0.030"/>
  <system-out/>
  <testcase classname="aLLLogin.Network_Details" name="True_Value_Outlet_In_Network_details" time="0.034"/>
  <system-out/>
  <testcase classname="aLLLogin.Network_Details" name="Main_Outlets_In_Network_details" time="0.030"/>
  <system-out/>
  <testcase classname="aLLLogin.Network_Details" name="Bodyshop_R_Workshops_In_Network_details" time="0.031"/>
  <system-out/>
  <testcase classname="aLLLogin.Network_Details" name="BodyShop_Main_Workshops_In_Network_details" time="0.027"/>
  <system-out/>
  <testcase classname="aLLLogin.Network_Details" name="Bodyshop_E_Workshops_In_Network_details" time="0.034"/>
  <system-out/>
  <testcase classname="aLLLogin.Network_Details" name="Workshop_E_Workshops_In_Network_details" time="0.026"/>
  <system-out/>
  <testcase classname="aLLLogin.Network_Details" name="R_Outlets_In_Network_details" time="0.033"/>
  <system-out/>
  <testcase classname="aLLLogin.Network_Details" name="Workshop_R_Workshops_In_Network_details" time="0.015"/>
  <system-out/>
</testsuite> <!-- aLLLogin.Network_Details -->
