<?xml version="1.0" encoding="UTF-8"?>
<!-- Generated by org.testng.reporters.JUnitReportReporter -->
<testsuite hostname="DESKTOP-N9F7EI8" failures="0" tests="103" name="dBP_all_Modules.ManpowerCost_TestNG" time="84.580" errors="0" timestamp="2024-05-31T12:19:42 IST" skipped="0">
  <testcase classname="dBP_all_Modules.ManpowerCost_TestNG" name="Clear_Data" time="22.475"/>
  <system-out/>
  <testcase classname="dBP_all_Modules.ManpowerCost_TestNG" name="NewCar_Salary_DirectMP" time="0.083"/>
  <system-out/>
  <testcase classname="dBP_all_Modules.ManpowerCost_TestNG" name="Save_Data" time="6.833"/>
  <system-out/>
  <testcase classname="dBP_all_Modules.ManpowerCost_TestNG" name="NewCar_Incentive_DirectMP" time="0.080"/>
  <system-out/>
  <testcase classname="dBP_all_Modules.ManpowerCost_TestNG" name="NewCar_Salary_InDirectMP" time="0.099"/>
  <system-out/>
  <testcase classname="dBP_all_Modules.ManpowerCost_TestNG" name="NewCar_Incentive_InDirectMP" time="0.094"/>
  <system-out/>
  <testcase classname="dBP_all_Modules.ManpowerCost_TestNG" name="NewCar_Total_Salary" time="0.000"/>
  <system-out/>
  <testcase classname="dBP_all_Modules.ManpowerCost_TestNG" name="NewCar_Total_Incentive" time="0.000"/>
  <system-out/>
  <testcase classname="dBP_all_Modules.ManpowerCost_TestNG" name="NewCar_Total_ManpowerCost" time="0.000"/>
  <system-out/>
  <testcase classname="dBP_all_Modules.ManpowerCost_TestNG" name="MDS_Salary_DirectMP" time="0.061"/>
  <system-out/>
  <testcase classname="dBP_all_Modules.ManpowerCost_TestNG" name="MDS_Incentive_DirectMP" time="0.038"/>
  <system-out/>
  <testcase classname="dBP_all_Modules.ManpowerCost_TestNG" name="MDS_Salary_InDirectMP" time="0.028"/>
  <system-out/>
  <testcase classname="dBP_all_Modules.ManpowerCost_TestNG" name="MDS_Incentive_InDirectMP" time="0.051"/>
  <system-out/>
  <testcase classname="dBP_all_Modules.ManpowerCost_TestNG" name="MDS_Total_Salary" time="0.000"/>
  <system-out/>
  <testcase classname="dBP_all_Modules.ManpowerCost_TestNG" name="MDS_Total_Incentive" time="0.000"/>
  <system-out/>
  <testcase classname="dBP_all_Modules.ManpowerCost_TestNG" name="MDS_Total_ManpowerCost" time="0.000"/>
  <system-out/>
  <testcase classname="dBP_all_Modules.ManpowerCost_TestNG" name="MIRenewal_Salary_DirectMP" time="0.048"/>
  <system-out/>
  <testcase classname="dBP_all_Modules.ManpowerCost_TestNG" name="MIRenewal_Incentive_DirectMP" time="0.047"/>
  <system-out/>
  <testcase classname="dBP_all_Modules.ManpowerCost_TestNG" name="MIRenewal_Salary_InDirectMP" time="0.045"/>
  <system-out/>
  <testcase classname="dBP_all_Modules.ManpowerCost_TestNG" name="MIRenewal_Incentive_InDirectMP" time="0.059"/>
  <system-out/>
  <testcase classname="dBP_all_Modules.ManpowerCost_TestNG" name="MIRenewal_Total_Salary" time="0.000"/>
  <system-out/>
  <testcase classname="dBP_all_Modules.ManpowerCost_TestNG" name="MIRenewal_Total_Incentive" time="0.000"/>
  <system-out/>
  <testcase classname="dBP_all_Modules.ManpowerCost_TestNG" name="MIRenewal_Total_ManpowerCost" time="0.000"/>
  <system-out/>
  <testcase classname="dBP_all_Modules.ManpowerCost_TestNG" name="MSGA_Salary_DirectMP" time="0.047"/>
  <system-out/>
  <testcase classname="dBP_all_Modules.ManpowerCost_TestNG" name="MSGA_Incentive_DirectMP" time="0.080"/>
  <system-out/>
  <testcase classname="dBP_all_Modules.ManpowerCost_TestNG" name="MSGA_Salary_InDirectMP" time="0.088"/>
  <system-out/>
  <testcase classname="dBP_all_Modules.ManpowerCost_TestNG" name="MSGA_Incentive_InDirectMP" time="0.081"/>
  <system-out/>
  <testcase classname="dBP_all_Modules.ManpowerCost_TestNG" name="MSGA_Total_Salary" time="0.000"/>
  <system-out/>
  <testcase classname="dBP_all_Modules.ManpowerCost_TestNG" name="MSGA_Total_Incentive" time="0.000"/>
  <system-out/>
  <testcase classname="dBP_all_Modules.ManpowerCost_TestNG" name="MSGA_Total_ManpowerCost" time="0.000"/>
  <system-out/>
  <testcase classname="dBP_all_Modules.ManpowerCost_TestNG" name="True_Value_Salary_DirectMP" time="0.080"/>
  <system-out/>
  <testcase classname="dBP_all_Modules.ManpowerCost_TestNG" name="True_Value_Incentive_DirectMP" time="0.075"/>
  <system-out/>
  <testcase classname="dBP_all_Modules.ManpowerCost_TestNG" name="True_Value_Salary_InDirectMP" time="0.037"/>
  <system-out/>
  <testcase classname="dBP_all_Modules.ManpowerCost_TestNG" name="True_Value_Incentive_InDirectMP" time="0.054"/>
  <system-out/>
  <testcase classname="dBP_all_Modules.ManpowerCost_TestNG" name="True_Value_Total_Salary" time="0.000"/>
  <system-out/>
  <testcase classname="dBP_all_Modules.ManpowerCost_TestNG" name="True_Value_Total_Incentive" time="0.000"/>
  <system-out/>
  <testcase classname="dBP_all_Modules.ManpowerCost_TestNG" name="True_Value_Total_ManpowerCost" time="0.000"/>
  <system-out/>
  <testcase classname="dBP_all_Modules.ManpowerCost_TestNG" name="Spares_Salary_DirectMP" time="0.048"/>
  <system-out/>
  <testcase classname="dBP_all_Modules.ManpowerCost_TestNG" name="Spares_Incentive_DirectMP" time="0.047"/>
  <system-out/>
  <testcase classname="dBP_all_Modules.ManpowerCost_TestNG" name="Spares_Salary_InDirectMP" time="0.048"/>
  <system-out/>
  <testcase classname="dBP_all_Modules.ManpowerCost_TestNG" name="Spares_Incentive_InDirectMP" time="0.044"/>
  <system-out/>
  <testcase classname="dBP_all_Modules.ManpowerCost_TestNG" name="Spares_Total_Salary" time="0.001"/>
  <system-out/>
  <testcase classname="dBP_all_Modules.ManpowerCost_TestNG" name="Spares_Total_Incentive" time="0.000"/>
  <system-out/>
  <testcase classname="dBP_all_Modules.ManpowerCost_TestNG" name="Spares_Total_ManpowerCost" time="0.000"/>
  <system-out/>
  <testcase classname="dBP_all_Modules.ManpowerCost_TestNG" name="Service_Salary_DirectMP" time="0.040"/>
  <system-out/>
  <testcase classname="dBP_all_Modules.ManpowerCost_TestNG" name="Service_Incentive_DirectMP" time="0.034"/>
  <system-out/>
  <testcase classname="dBP_all_Modules.ManpowerCost_TestNG" name="Service_Salary_InDirectMP" time="0.037"/>
  <system-out/>
  <testcase classname="dBP_all_Modules.ManpowerCost_TestNG" name="Service_Incentive_InDirectMP" time="0.041"/>
  <system-out/>
  <testcase classname="dBP_all_Modules.ManpowerCost_TestNG" name="Service_Total_Salary" time="0.000"/>
  <system-out/>
  <testcase classname="dBP_all_Modules.ManpowerCost_TestNG" name="Service_Total_Incentive" time="0.000"/>
  <system-out/>
  <testcase classname="dBP_all_Modules.ManpowerCost_TestNG" name="Service_Total_ManpowerCost" time="0.000"/>
  <system-out/>
  <testcase classname="dBP_all_Modules.ManpowerCost_TestNG" name="Corporate_Office_Salary_DirectMP" time="0.055"/>
  <system-out/>
  <testcase classname="dBP_all_Modules.ManpowerCost_TestNG" name="Corporate_Office_Incentive_DirectMP" time="0.046"/>
  <system-out/>
  <testcase classname="dBP_all_Modules.ManpowerCost_TestNG" name="Corporate_Office_Salary_InDirectMP" time="0.048"/>
  <system-out/>
  <testcase classname="dBP_all_Modules.ManpowerCost_TestNG" name="Corporate_Office_Incentive_InDirectMP" time="0.041"/>
  <system-out/>
  <testcase classname="dBP_all_Modules.ManpowerCost_TestNG" name="Corporate_Office_Total_Salary" time="0.000"/>
  <system-out/>
  <testcase classname="dBP_all_Modules.ManpowerCost_TestNG" name="Corporate_Office_Total_Incentive" time="0.000"/>
  <system-out/>
  <testcase classname="dBP_all_Modules.ManpowerCost_TestNG" name="Corporate_Office_Total_ManpowerCost" time="0.000"/>
  <system-out/>
  <testcase classname="dBP_all_Modules.ManpowerCost_TestNG" name="Total_Salary_DirectMP" time="0.000"/>
  <system-out/>
  <testcase classname="dBP_all_Modules.ManpowerCost_TestNG" name="Total_Incentive_DirectMP" time="0.014"/>
  <system-out/>
  <testcase classname="dBP_all_Modules.ManpowerCost_TestNG" name="Total_Salary_InDirectMP" time="0.000"/>
  <system-out/>
  <testcase classname="dBP_all_Modules.ManpowerCost_TestNG" name="Total_Incentive_InDirectMP" time="0.000"/>
  <system-out/>
  <testcase classname="dBP_all_Modules.ManpowerCost_TestNG" name="Total_Total_Salary" time="0.000"/>
  <system-out/>
  <testcase classname="dBP_all_Modules.ManpowerCost_TestNG" name="Total_Total_Incentive" time="0.000"/>
  <system-out/>
  <testcase classname="dBP_all_Modules.ManpowerCost_TestNG" name="Total_Total_ManpowerCost" time="0.000"/>
  <system-out/>
  <testcase classname="dBP_all_Modules.ManpowerCost_TestNG" name="ClickOn_ManpowerCount_NewCar" time="5.266"/>
  <system-out/>
  <testcase classname="dBP_all_Modules.ManpowerCost_TestNG" name="NewCar_Total_Direct_ManpowerCount" time="0.000"/>
  <system-out/>
  <testcase classname="dBP_all_Modules.ManpowerCost_TestNG" name="NewCar_Total_InDirect_ManpowerCount" time="0.000"/>
  <system-out/>
  <testcase classname="dBP_all_Modules.ManpowerCost_TestNG" name="ClickOn_ManpowerCount_MSGA" time="5.425"/>
  <system-out/>
  <testcase classname="dBP_all_Modules.ManpowerCost_TestNG" name="MSGA_Total_Direct_ManpowerCount" time="0.000"/>
  <system-out/>
  <testcase classname="dBP_all_Modules.ManpowerCost_TestNG" name="MSGA_Total_InDirect_ManpowerCount" time="0.000"/>
  <system-out/>
  <testcase classname="dBP_all_Modules.ManpowerCost_TestNG" name="ClickOn_ManpowerCount_WBSP" time="5.384"/>
  <system-out/>
  <testcase classname="dBP_all_Modules.ManpowerCost_TestNG" name="WSBP_Total_Direct_ManpowerCount" time="0.002"/>
  <system-out/>
  <testcase classname="dBP_all_Modules.ManpowerCost_TestNG" name="WSBP_Total_InDirect_ManpowerCount" time="0.000"/>
  <system-out/>
  <testcase classname="dBP_all_Modules.ManpowerCost_TestNG" name="ClickOn_ManpowerCount_Spares" time="5.322"/>
  <system-out/>
  <testcase classname="dBP_all_Modules.ManpowerCost_TestNG" name="Spares_Total_Direct_ManpowerCount" time="0.000"/>
  <system-out/>
  <testcase classname="dBP_all_Modules.ManpowerCost_TestNG" name="Spares_Total_InDirect_ManpowerCount" time="0.000"/>
  <system-out/>
  <testcase classname="dBP_all_Modules.ManpowerCost_TestNG" name="ClickOn_ManpowerCount_True_Value" time="5.340"/>
  <system-out/>
  <testcase classname="dBP_all_Modules.ManpowerCost_TestNG" name="TrueValue_Total_Direct_ManpowerCount" time="0.000"/>
  <system-out/>
  <testcase classname="dBP_all_Modules.ManpowerCost_TestNG" name="TrueValue_Total_InDirect_ManpowerCount" time="0.000"/>
  <system-out/>
  <testcase classname="dBP_all_Modules.ManpowerCost_TestNG" name="ClickOn_ManpowerCount_MIRenewal" time="5.287"/>
  <system-out/>
  <testcase classname="dBP_all_Modules.ManpowerCost_TestNG" name="MIRenewal_Total_Direct_ManpowerCount" time="0.000"/>
  <system-out/>
  <testcase classname="dBP_all_Modules.ManpowerCost_TestNG" name="MIRenewal_Total_InDirect_ManpowerCount" time="0.000"/>
  <system-out/>
  <testcase classname="dBP_all_Modules.ManpowerCost_TestNG" name="ClickOn_ManpowerCount_MDS" time="5.429"/>
  <system-out/>
  <testcase classname="dBP_all_Modules.ManpowerCost_TestNG" name="MDS_Total_Direct_ManpowerCount" time="0.000"/>
  <system-out/>
  <testcase classname="dBP_all_Modules.ManpowerCost_TestNG" name="MDS_Total_InDirect_ManpowerCount" time="0.000"/>
  <system-out/>
  <testcase classname="dBP_all_Modules.ManpowerCost_TestNG" name="ClickOn_ManpowerCount_CommonManpower" time="5.365"/>
  <system-out/>
  <testcase classname="dBP_all_Modules.ManpowerCost_TestNG" name="CommonManpower_Total_Direct_ManpowerCount" time="0.000"/>
  <system-out/>
  <testcase classname="dBP_all_Modules.ManpowerCost_TestNG" name="CommonManpower_Total_InDirect_ManpowerCount" time="0.000"/>
  <system-out/>
  <testcase classname="dBP_all_Modules.ManpowerCost_TestNG" name="ClickOn_New_Car" time="5.312"/>
  <system-out/>
  <testcase classname="dBP_all_Modules.ManpowerCost_TestNG" name="Total_Manpower_Cost_Per_Car" time="0.000"/>
  <system-out/>
  <testcase classname="dBP_all_Modules.ManpowerCost_TestNG" name="ClickOn_ManpowerCost_Again" time="5.321"/>
  <system-out/>
  <testcase classname="dBP_all_Modules.ManpowerCost_TestNG" name="New_Car_Total_ManpowerCount" time="0.000"/>
  <system-out/>
  <testcase classname="dBP_all_Modules.ManpowerCost_TestNG" name="MDS_Total_ManpowerCount" time="0.000"/>
  <system-out/>
  <testcase classname="dBP_all_Modules.ManpowerCost_TestNG" name="MI_Renewal_Total_ManpowerCount" time="0.000"/>
  <system-out/>
  <testcase classname="dBP_all_Modules.ManpowerCost_TestNG" name="MSGA_Total_ManpowerCount" time="0.000"/>
  <system-out/>
  <testcase classname="dBP_all_Modules.ManpowerCost_TestNG" name="True_Value_Total_ManpowerCount" time="0.000"/>
  <system-out/>
  <testcase classname="dBP_all_Modules.ManpowerCost_TestNG" name="Spares_Total_ManpowerCount" time="0.000"/>
  <system-out/>
  <testcase classname="dBP_all_Modules.ManpowerCost_TestNG" name="Service_Total_ManpowerCount" time="0.000"/>
  <system-out/>
  <testcase classname="dBP_all_Modules.ManpowerCost_TestNG" name="Common_Manpower_Total_ManpowerCount" time="0.000"/>
  <system-out/>
  <testcase classname="dBP_all_Modules.ManpowerCost_TestNG" name="Total_Total_ManpowerCount" time="0.000"/>
  <system-out/>
  <testcase classname="dBP_all_Modules.ManpowerCost_TestNG" name="Total_Direct_ManpowerCount" time="0.000"/>
  <system-out/>
  <testcase classname="dBP_all_Modules.ManpowerCost_TestNG" name="Total_InDirect_ManpowerCount" time="0.000"/>
  <system-out/>
</testsuite> <!-- dBP_all_Modules.ManpowerCost_TestNG -->
