<?xml version="1.0" encoding="UTF-8"?>
<!-- Generated by org.testng.reporters.JUnitReportReporter -->
<testsuite hostname="DESKTOP-N9F7EI8" failures="0" tests="145" name="Import_DATA_Of_DBP.ManpowerCount_TestNG" time="67.011" errors="0" timestamp="2024-06-04T15:43:14 IST" skipped="0">
  <testcase classname="Import_DATA_Of_DBP.ManpowerCount_TestNG" name="clearData" time="5.303"/>
  <system-out/>
  <testcase classname="Import_DATA_Of_DBP.ManpowerCount_TestNG" name="NewCar_DirectMP_GeneralM" time="0.038"/>
  <system-out/>
  <testcase classname="Import_DATA_Of_DBP.ManpowerCount_TestNG" name="NewCar_DirectMP_SalesM" time="0.037"/>
  <system-out/>
  <testcase classname="Import_DATA_Of_DBP.ManpowerCount_TestNG" name="NewCar_DirectMP_RelationM" time="0.040"/>
  <system-out/>
  <testcase classname="Import_DATA_Of_DBP.ManpowerCount_TestNG" name="NewCar_DirectMP_TeamL" time="0.044"/>
  <system-out/>
  <testcase classname="Import_DATA_Of_DBP.ManpowerCount_TestNG" name="NewCar_InDirectMP_QCM" time="0.042"/>
  <system-out/>
  <testcase classname="Import_DATA_Of_DBP.ManpowerCount_TestNG" name="NewCar_InDirectMP_QCE" time="0.035"/>
  <system-out/>
  <testcase classname="Import_DATA_Of_DBP.ManpowerCount_TestNG" name="NewCar_InDirectMP_ServiceAd" time="0.053"/>
  <system-out/>
  <testcase classname="Import_DATA_Of_DBP.ManpowerCount_TestNG" name="NewCar_InDirectMP_LobbyM" time="0.041"/>
  <system-out/>
  <testcase classname="Import_DATA_Of_DBP.ManpowerCount_TestNG" name="NewCar_InDirectMP_Receptionist" time="0.043"/>
  <system-out/>
  <testcase classname="Import_DATA_Of_DBP.ManpowerCount_TestNG" name="NewCar_InDirectMP_DeliveryCoordinator" time="0.042"/>
  <system-out/>
  <testcase classname="Import_DATA_Of_DBP.ManpowerCount_TestNG" name="NewCar_InDirectMP_Autocard" time="0.041"/>
  <system-out/>
  <testcase classname="Import_DATA_Of_DBP.ManpowerCount_TestNG" name="NewCar_InDirectMP_RegistrationRTO" time="0.043"/>
  <system-out/>
  <testcase classname="Import_DATA_Of_DBP.ManpowerCount_TestNG" name="NewCar_InDirectMP_Telecallers" time="0.038"/>
  <system-out/>
  <testcase classname="Import_DATA_Of_DBP.ManpowerCount_TestNG" name="NewCar_InDirectMP_DataEntryOperator" time="0.045"/>
  <system-out/>
  <testcase classname="Import_DATA_Of_DBP.ManpowerCount_TestNG" name="NewCar_InDirectMP_Anysupportstaff" time="0.044"/>
  <system-out/>
  <testcase classname="Import_DATA_Of_DBP.ManpowerCount_TestNG" name="NewCar_InDirectMP_Security" time="0.042"/>
  <system-out/>
  <testcase classname="Import_DATA_Of_DBP.ManpowerCount_TestNG" name="NewCar_InDirectMP_Drivers" time="0.063"/>
  <system-out/>
  <testcase classname="Import_DATA_Of_DBP.ManpowerCount_TestNG" name="NewCar_InDirectMP_Peons" time="0.062"/>
  <system-out/>
  <testcase classname="Import_DATA_Of_DBP.ManpowerCount_TestNG" name="NewCar_InDirectMP_Sweepers" time="0.066"/>
  <system-out/>
  <testcase classname="Import_DATA_Of_DBP.ManpowerCount_TestNG" name="NewCar_InDirectMP_Cleaners" time="0.046"/>
  <system-out/>
  <testcase classname="Import_DATA_Of_DBP.ManpowerCount_TestNG" name="NewCar_InDirectMP_AnyOther" time="0.040"/>
  <system-out/>
  <testcase classname="Import_DATA_Of_DBP.ManpowerCount_TestNG" name="NewCar_DirectMP_Total" time="0.000"/>
  <system-out/>
  <testcase classname="Import_DATA_Of_DBP.ManpowerCount_TestNG" name="NewCar_InDirectMP_Total" time="0.002"/>
  <system-out/>
  <testcase classname="Import_DATA_Of_DBP.ManpowerCount_TestNG" name="ClickOn_MSGA" time="5.677"/>
  <system-out/>
  <testcase classname="Import_DATA_Of_DBP.ManpowerCount_TestNG" name="MSGA_DirectMP_Manager" time="0.032"/>
  <system-out/>
  <testcase classname="Import_DATA_Of_DBP.ManpowerCount_TestNG" name="MSGA_DirectMP_Executives" time="0.035"/>
  <system-out/>
  <testcase classname="Import_DATA_Of_DBP.ManpowerCount_TestNG" name="MSGA_DirectMP_Fitter" time="0.028"/>
  <system-out/>
  <testcase classname="Import_DATA_Of_DBP.ManpowerCount_TestNG" name="MSGA_InDirectMP_Anysupportstaff" time="0.029"/>
  <system-out/>
  <testcase classname="Import_DATA_Of_DBP.ManpowerCount_TestNG" name="MSGA_InDirectMP_Anyotherstaff" time="0.033"/>
  <system-out/>
  <testcase classname="Import_DATA_Of_DBP.ManpowerCount_TestNG" name="MSGA_DirectMP_Total" time="0.000"/>
  <system-out/>
  <testcase classname="Import_DATA_Of_DBP.ManpowerCount_TestNG" name="MSGA_InDirectMP_Total" time="0.014"/>
  <system-out/>
  <testcase classname="Import_DATA_Of_DBP.ManpowerCount_TestNG" name="ClickOn_WBSP" time="8.672"/>
  <system-out/>
  <testcase classname="Import_DATA_Of_DBP.ManpowerCount_TestNG" name="WBSP_DirectMP_VicePresident" time="0.078"/>
  <system-out/>
  <testcase classname="Import_DATA_Of_DBP.ManpowerCount_TestNG" name="WBSP_DirectMP_GeneralManager" time="0.094"/>
  <system-out/>
  <testcase classname="Import_DATA_Of_DBP.ManpowerCount_TestNG" name="WBSP_DirectMP_WorksManager" time="0.047"/>
  <system-out/>
  <testcase classname="Import_DATA_Of_DBP.ManpowerCount_TestNG" name="WBSP_DirectMP_FloorController" time="0.032"/>
  <system-out/>
  <testcase classname="Import_DATA_Of_DBP.ManpowerCount_TestNG" name="WBSP_DirectMP_ServiceAdvisor" time="0.047"/>
  <system-out/>
  <testcase classname="Import_DATA_Of_DBP.ManpowerCount_TestNG" name="WBSP_DirectMP_TechnicalAdvisor" time="0.048"/>
  <system-out/>
  <testcase classname="Import_DATA_Of_DBP.ManpowerCount_TestNG" name="WBSP_DirectMP_MechanicsTechnicians" time="0.046"/>
  <system-out/>
  <testcase classname="Import_DATA_Of_DBP.ManpowerCount_TestNG" name="WBSP_DirectMP_FinalInspector" time="0.035"/>
  <system-out/>
  <testcase classname="Import_DATA_Of_DBP.ManpowerCount_TestNG" name="WBSP_DirectMP_WashingManpower" time="0.044"/>
  <system-out/>
  <testcase classname="Import_DATA_Of_DBP.ManpowerCount_TestNG" name="WBSP_DirectMP_WashingSupervisor" time="0.037"/>
  <system-out/>
  <testcase classname="Import_DATA_Of_DBP.ManpowerCount_TestNG" name="WBSP_DirectMP_Denter" time="0.035"/>
  <system-out/>
  <testcase classname="Import_DATA_Of_DBP.ManpowerCount_TestNG" name="WBSP_DirectMP_Electricians" time="0.024"/>
  <system-out/>
  <testcase classname="Import_DATA_Of_DBP.ManpowerCount_TestNG" name="WBSP_DirectMP_AssistantWorksManager" time="0.032"/>
  <system-out/>
  <testcase classname="Import_DATA_Of_DBP.ManpowerCount_TestNG" name="WBSP_DirectMP_PDISupervisor" time="0.031"/>
  <system-out/>
  <testcase classname="Import_DATA_Of_DBP.ManpowerCount_TestNG" name="WBSP_DirectMP_PDITechnicians" time="0.031"/>
  <system-out/>
  <testcase classname="Import_DATA_Of_DBP.ManpowerCount_TestNG" name="WBSP_DirectMP_Others" time="0.028"/>
  <system-out/>
  <testcase classname="Import_DATA_Of_DBP.ManpowerCount_TestNG" name="WBSP_DirectMP_BodyshopManager" time="0.044"/>
  <system-out/>
  <testcase classname="Import_DATA_Of_DBP.ManpowerCount_TestNG" name="WBSP_DirectMP_BodyShop_ServiceAdvisor" time="0.038"/>
  <system-out/>
  <testcase classname="Import_DATA_Of_DBP.ManpowerCount_TestNG" name="WBSP_DirectMP_BodyShop_Supervisor" time="0.044"/>
  <system-out/>
  <testcase classname="Import_DATA_Of_DBP.ManpowerCount_TestNG" name="WBSP_DirectMP_BodyShop_MechanicsTechnicians" time="0.045"/>
  <system-out/>
  <testcase classname="Import_DATA_Of_DBP.ManpowerCount_TestNG" name="WBSP_DirectMP_BodyShop_Denter" time="0.037"/>
  <system-out/>
  <testcase classname="Import_DATA_Of_DBP.ManpowerCount_TestNG" name="WBSP_DirectMP_BodyShop_Painter" time="0.037"/>
  <system-out/>
  <testcase classname="Import_DATA_Of_DBP.ManpowerCount_TestNG" name="WBSP_DirectMP_BodyShop_FinalInspector" time="0.036"/>
  <system-out/>
  <testcase classname="Import_DATA_Of_DBP.ManpowerCount_TestNG" name="WBSP_DirectMP_BodyShop_Electricians" time="0.048"/>
  <system-out/>
  <testcase classname="Import_DATA_Of_DBP.ManpowerCount_TestNG" name="WBSP_InDirectMP_CustomerCareManager" time="0.039"/>
  <system-out/>
  <testcase classname="Import_DATA_Of_DBP.ManpowerCount_TestNG" name="WBSP_InDirectMP_CustomerCareExecutives" time="0.039"/>
  <system-out/>
  <testcase classname="Import_DATA_Of_DBP.ManpowerCount_TestNG" name="WBSP_InDirectMP_CrackTeams" time="0.043"/>
  <system-out/>
  <testcase classname="Import_DATA_Of_DBP.ManpowerCount_TestNG" name="WBSP_InDirectMP_ReceptionHostess" time="0.030"/>
  <system-out/>
  <testcase classname="Import_DATA_Of_DBP.ManpowerCount_TestNG" name="WBSP_InDirectMP_TrainingCordinator" time="0.046"/>
  <system-out/>
  <testcase classname="Import_DATA_Of_DBP.ManpowerCount_TestNG" name="WBSP_InDirectMP_Maintenance" time="0.048"/>
  <system-out/>
  <testcase classname="Import_DATA_Of_DBP.ManpowerCount_TestNG" name="WBSP_InDirectMP_Marketingteam" time="0.048"/>
  <system-out/>
  <testcase classname="Import_DATA_Of_DBP.ManpowerCount_TestNG" name="WBSP_InDirectMP_Telecallers" time="0.039"/>
  <system-out/>
  <testcase classname="Import_DATA_Of_DBP.ManpowerCount_TestNG" name="WBSP_InDirectMP_FrontOffice" time="0.040"/>
  <system-out/>
  <testcase classname="Import_DATA_Of_DBP.ManpowerCount_TestNG" name="WBSP_InDirectMP_Cashier" time="0.050"/>
  <system-out/>
  <testcase classname="Import_DATA_Of_DBP.ManpowerCount_TestNG" name="WBSP_InDirectMP_Autocard" time="0.029"/>
  <system-out/>
  <testcase classname="Import_DATA_Of_DBP.ManpowerCount_TestNG" name="WBSP_InDirectMP_Anyothersupportstaff" time="0.046"/>
  <system-out/>
  <testcase classname="Import_DATA_Of_DBP.ManpowerCount_TestNG" name="WBSP_InDirectMP_Security" time="0.052"/>
  <system-out/>
  <testcase classname="Import_DATA_Of_DBP.ManpowerCount_TestNG" name="WBSP_InDirectMP_Drivers" time="0.054"/>
  <system-out/>
  <testcase classname="Import_DATA_Of_DBP.ManpowerCount_TestNG" name="WBSP_InDirectMP_Peons" time="0.042"/>
  <system-out/>
  <testcase classname="Import_DATA_Of_DBP.ManpowerCount_TestNG" name="WBSP_InDirectMP_Sweepers" time="0.042"/>
  <system-out/>
  <testcase classname="Import_DATA_Of_DBP.ManpowerCount_TestNG" name="WBSP_InDirectMP_Cleaners" time="0.052"/>
  <system-out/>
  <testcase classname="Import_DATA_Of_DBP.ManpowerCount_TestNG" name="WBSP_InDirectMP_LiftHandler" time="0.027"/>
  <system-out/>
  <testcase classname="Import_DATA_Of_DBP.ManpowerCount_TestNG" name="WBSP_InDirectMP_AnyOther" time="0.036"/>
  <system-out/>
  <testcase classname="Import_DATA_Of_DBP.ManpowerCount_TestNG" name="WBSP_DirectMP_Total" time="0.000"/>
  <system-out/>
  <testcase classname="Import_DATA_Of_DBP.ManpowerCount_TestNG" name="WBSP_InDirectMP_Total" time="0.003"/>
  <system-out/>
  <testcase classname="Import_DATA_Of_DBP.ManpowerCount_TestNG" name="ClickOn_Spares" time="10.766"/>
  <system-out/>
  <testcase classname="Import_DATA_Of_DBP.ManpowerCount_TestNG" name="Spares_DirectMP_Manager" time="0.099"/>
  <system-out/>
  <testcase classname="Import_DATA_Of_DBP.ManpowerCount_TestNG" name="Spares_DirectMP_AsstManager" time="0.077"/>
  <system-out/>
  <testcase classname="Import_DATA_Of_DBP.ManpowerCount_TestNG" name="Spares_DirectMP_Storekeepers" time="0.047"/>
  <system-out/>
  <testcase classname="Import_DATA_Of_DBP.ManpowerCount_TestNG" name="Spares_DirectMP_Pickers" time="0.031"/>
  <system-out/>
  <testcase classname="Import_DATA_Of_DBP.ManpowerCount_TestNG" name="Spares_InDirectMP_Anysupportstaff" time="0.047"/>
  <system-out/>
  <testcase classname="Import_DATA_Of_DBP.ManpowerCount_TestNG" name="Spares_InDirectMP_Anyotherstaff" time="0.048"/>
  <system-out/>
  <testcase classname="Import_DATA_Of_DBP.ManpowerCount_TestNG" name="Spares_DirectMP_Total" time="0.000"/>
  <system-out/>
  <testcase classname="Import_DATA_Of_DBP.ManpowerCount_TestNG" name="Spares_InDirectMP_Total" time="0.000"/>
  <system-out/>
  <testcase classname="Import_DATA_Of_DBP.ManpowerCount_TestNG" name="ClickOn_TrueValue" time="7.438"/>
  <system-out/>
  <testcase classname="Import_DATA_Of_DBP.ManpowerCount_TestNG" name="TrueValue_DirectMP_Manager" time="0.056"/>
  <system-out/>
  <testcase classname="Import_DATA_Of_DBP.ManpowerCount_TestNG" name="TrueValue_DirectMP_TLSales" time="0.077"/>
  <system-out/>
  <testcase classname="Import_DATA_Of_DBP.ManpowerCount_TestNG" name="TrueValue_DirectMP_DSESales" time="0.082"/>
  <system-out/>
  <testcase classname="Import_DATA_Of_DBP.ManpowerCount_TestNG" name="TrueValue_DirectMP_Marketing" time="0.078"/>
  <system-out/>
  <testcase classname="Import_DATA_Of_DBP.ManpowerCount_TestNG" name="TrueValue_DirectMP_SourcingExecutive" time="0.076"/>
  <system-out/>
  <testcase classname="Import_DATA_Of_DBP.ManpowerCount_TestNG" name="TrueValue_DirectMP_TLSourcing" time="0.071"/>
  <system-out/>
  <testcase classname="Import_DATA_Of_DBP.ManpowerCount_TestNG" name="TrueValue_DirectMP_RefurbishmentSupervisor" time="0.063"/>
  <system-out/>
  <testcase classname="Import_DATA_Of_DBP.ManpowerCount_TestNG" name="TrueValue_InDirectMP_CCM" time="0.079"/>
  <system-out/>
  <testcase classname="Import_DATA_Of_DBP.ManpowerCount_TestNG" name="TrueValue_InDirectMP_Telecaller" time="0.062"/>
  <system-out/>
  <testcase classname="Import_DATA_Of_DBP.ManpowerCount_TestNG" name="TrueValue_InDirectMP_Receptionist" time="0.064"/>
  <system-out/>
  <testcase classname="Import_DATA_Of_DBP.ManpowerCount_TestNG" name="TrueValue_InDirectMP_DataEntryOperator" time="0.064"/>
  <system-out/>
  <testcase classname="Import_DATA_Of_DBP.ManpowerCount_TestNG" name="TrueValue_InDirectMP_Anyothersupportstaff" time="0.078"/>
  <system-out/>
  <testcase classname="Import_DATA_Of_DBP.ManpowerCount_TestNG" name="TrueValue_InDirectMP_Security" time="0.069"/>
  <system-out/>
  <testcase classname="Import_DATA_Of_DBP.ManpowerCount_TestNG" name="TrueValue_InDirectMP_Drivers" time="0.057"/>
  <system-out/>
  <testcase classname="Import_DATA_Of_DBP.ManpowerCount_TestNG" name="TrueValue_InDirectMP_Peons" time="0.043"/>
  <system-out/>
  <testcase classname="Import_DATA_Of_DBP.ManpowerCount_TestNG" name="TrueValue_InDirectMP_Sweepers" time="0.033"/>
  <system-out/>
  <testcase classname="Import_DATA_Of_DBP.ManpowerCount_TestNG" name="TrueValue_InDirectMP_Cleaners" time="0.036"/>
  <system-out/>
  <testcase classname="Import_DATA_Of_DBP.ManpowerCount_TestNG" name="TrueValue_InDirectMP_Anyother" time="0.041"/>
  <system-out/>
  <testcase classname="Import_DATA_Of_DBP.ManpowerCount_TestNG" name="TrueValue_DirectMP_Total" time="0.000"/>
  <system-out/>
  <testcase classname="Import_DATA_Of_DBP.ManpowerCount_TestNG" name="TrueValue_InDirectMP_Total" time="0.000"/>
  <system-out/>
  <testcase classname="Import_DATA_Of_DBP.ManpowerCount_TestNG" name="ClickOn_MIRenewal" time="6.743"/>
  <system-out/>
  <testcase classname="Import_DATA_Of_DBP.ManpowerCount_TestNG" name="MIRenewal_DirectMP_Manager" time="0.029"/>
  <system-out/>
  <testcase classname="Import_DATA_Of_DBP.ManpowerCount_TestNG" name="MIRenewal_DirectMP_TeleCaller" time="0.030"/>
  <system-out/>
  <testcase classname="Import_DATA_Of_DBP.ManpowerCount_TestNG" name="MIRenewal_DirectMP_FieldPersonnel" time="0.040"/>
  <system-out/>
  <testcase classname="Import_DATA_Of_DBP.ManpowerCount_TestNG" name="MIRenewal_DirectMP_Executives" time="0.040"/>
  <system-out/>
  <testcase classname="Import_DATA_Of_DBP.ManpowerCount_TestNG" name="MIRenewal_InDirectMP_Anysupportstaff" time="0.078"/>
  <system-out/>
  <testcase classname="Import_DATA_Of_DBP.ManpowerCount_TestNG" name="MIRenewal_InDirectMP_Anyotherstaff" time="0.083"/>
  <system-out/>
  <testcase classname="Import_DATA_Of_DBP.ManpowerCount_TestNG" name="MIRenewal_DirectMP_Total" time="0.000"/>
  <system-out/>
  <testcase classname="Import_DATA_Of_DBP.ManpowerCount_TestNG" name="MIRenewal_InDirectMP_Total" time="0.000"/>
  <system-out/>
  <testcase classname="Import_DATA_Of_DBP.ManpowerCount_TestNG" name="ClickOn_MDS" time="6.516"/>
  <system-out/>
  <testcase classname="Import_DATA_Of_DBP.ManpowerCount_TestNG" name="MDS_DirectMP_Manager" time="0.046"/>
  <system-out/>
  <testcase classname="Import_DATA_Of_DBP.ManpowerCount_TestNG" name="MDS_DirectMP_Trainer" time="0.048"/>
  <system-out/>
  <testcase classname="Import_DATA_Of_DBP.ManpowerCount_TestNG" name="MDS_InDirectMP_Anysupportstaff" time="0.047"/>
  <system-out/>
  <testcase classname="Import_DATA_Of_DBP.ManpowerCount_TestNG" name="MDS_InDirectMP_Anyotherstaff" time="0.038"/>
  <system-out/>
  <testcase classname="Import_DATA_Of_DBP.ManpowerCount_TestNG" name="MDS_DirectMP_Total" time="0.000"/>
  <system-out/>
  <testcase classname="Import_DATA_Of_DBP.ManpowerCount_TestNG" name="MDS_InDirectMP_Total" time="0.000"/>
  <system-out/>
  <testcase classname="Import_DATA_Of_DBP.ManpowerCount_TestNG" name="ClickOn_CommonMP" time="7.128"/>
  <system-out/>
  <testcase classname="Import_DATA_Of_DBP.ManpowerCount_TestNG" name="CommonMP_DirectMP_Manager" time="0.048"/>
  <system-out/>
  <testcase classname="Import_DATA_Of_DBP.ManpowerCount_TestNG" name="CommonMP_DirectMP_Executives" time="0.047"/>
  <system-out/>
  <testcase classname="Import_DATA_Of_DBP.ManpowerCount_TestNG" name="CommonMP_DirectMP_FieldPersonnel" time="0.043"/>
  <system-out/>
  <testcase classname="Import_DATA_Of_DBP.ManpowerCount_TestNG" name="CommonMP_DirectMP_Cashiers" time="0.045"/>
  <system-out/>
  <testcase classname="Import_DATA_Of_DBP.ManpowerCount_TestNG" name="CommonMP_DirectMP_Finance_Manager" time="0.059"/>
  <system-out/>
  <testcase classname="Import_DATA_Of_DBP.ManpowerCount_TestNG" name="CommonMP_InDirectMP_EDP" time="0.042"/>
  <system-out/>
  <testcase classname="Import_DATA_Of_DBP.ManpowerCount_TestNG" name="CommonMP_InDirectMP_HR" time="0.049"/>
  <system-out/>
  <testcase classname="Import_DATA_Of_DBP.ManpowerCount_TestNG" name="CommonMP_InDirectMP_Admin" time="0.049"/>
  <system-out/>
  <testcase classname="Import_DATA_Of_DBP.ManpowerCount_TestNG" name="CommonMP_InDirectMP_Auditors" time="0.050"/>
  <system-out/>
  <testcase classname="Import_DATA_Of_DBP.ManpowerCount_TestNG" name="CommonMP_InDirectMP_Anyothersupportstaff" time="0.048"/>
  <system-out/>
  <testcase classname="Import_DATA_Of_DBP.ManpowerCount_TestNG" name="CommonMP_InDirectMP_CEO" time="0.048"/>
  <system-out/>
  <testcase classname="Import_DATA_Of_DBP.ManpowerCount_TestNG" name="CommonMP_InDirectMP_Director" time="0.049"/>
  <system-out/>
  <testcase classname="Import_DATA_Of_DBP.ManpowerCount_TestNG" name="CommonMP_InDirectMP_ExecutiveDirector" time="0.048"/>
  <system-out/>
  <testcase classname="Import_DATA_Of_DBP.ManpowerCount_TestNG" name="CommonMP_InDirectMP_HRHead" time="0.046"/>
  <system-out/>
  <testcase classname="Import_DATA_Of_DBP.ManpowerCount_TestNG" name="CommonMP_InDirectMP_Promoters" time="0.039"/>
  <system-out/>
  <testcase classname="Import_DATA_Of_DBP.ManpowerCount_TestNG" name="CommonMP_InDirectMP_Owner" time="0.042"/>
  <system-out/>
  <testcase classname="Import_DATA_Of_DBP.ManpowerCount_TestNG" name="CommonMP_InDirectMP_AnyOtherTelecallers" time="0.062"/>
  <system-out/>
  <testcase classname="Import_DATA_Of_DBP.ManpowerCount_TestNG" name="CommonMP_InDirectMP_Anyotherstaff" time="0.046"/>
  <system-out/>
  <testcase classname="Import_DATA_Of_DBP.ManpowerCount_TestNG" name="CommonMP_DirectMP_Total" time="0.000"/>
  <system-out/>
  <testcase classname="Import_DATA_Of_DBP.ManpowerCount_TestNG" name="CommonMP_InDirectMP_Total" time="3.010"/>
  <system-out/>
</testsuite> <!-- Import_DATA_Of_DBP.ManpowerCount_TestNG -->
