<?xml version="1.0" encoding="UTF-8"?>
<!-- Generated by org.testng.reporters.JUnitReportReporter -->
<testsuite hostname="DESKTOP-N9F7EI8" failures="0" tests="103" name="dBP_Login_ALL.ManpowerCost_TestNG" time="77.019" errors="0" timestamp="2024-06-05T11:56:35 IST" skipped="0">
  <testcase classname="dBP_Login_ALL.ManpowerCost_TestNG" name="Clear_Data" time="17.992"/>
  <system-out/>
  <testcase classname="dBP_Login_ALL.ManpowerCost_TestNG" name="Save_Data" time="6.388"/>
  <system-out/>
  <testcase classname="dBP_Login_ALL.ManpowerCost_TestNG" name="NewCar_Salary_DirectMP" time="0.079"/>
  <system-out/>
  <testcase classname="dBP_Login_ALL.ManpowerCost_TestNG" name="NewCar_Incentive_DirectMP" time="0.016"/>
  <system-out/>
  <testcase classname="dBP_Login_ALL.ManpowerCost_TestNG" name="NewCar_Salary_InDirectMP" time="0.031"/>
  <system-out/>
  <testcase classname="dBP_Login_ALL.ManpowerCost_TestNG" name="NewCar_Incentive_InDirectMP" time="0.031"/>
  <system-out/>
  <testcase classname="dBP_Login_ALL.ManpowerCost_TestNG" name="NewCar_Total_Salary" time="0.000"/>
  <system-out/>
  <testcase classname="dBP_Login_ALL.ManpowerCost_TestNG" name="NewCar_Total_Incentive" time="0.000"/>
  <system-out/>
  <testcase classname="dBP_Login_ALL.ManpowerCost_TestNG" name="NewCar_Total_ManpowerCost" time="0.000"/>
  <system-out/>
  <testcase classname="dBP_Login_ALL.ManpowerCost_TestNG" name="MDS_Salary_DirectMP" time="0.032"/>
  <system-out/>
  <testcase classname="dBP_Login_ALL.ManpowerCost_TestNG" name="MDS_Incentive_DirectMP" time="0.016"/>
  <system-out/>
  <testcase classname="dBP_Login_ALL.ManpowerCost_TestNG" name="MDS_Salary_InDirectMP" time="0.031"/>
  <system-out/>
  <testcase classname="dBP_Login_ALL.ManpowerCost_TestNG" name="MDS_Incentive_InDirectMP" time="0.031"/>
  <system-out/>
  <testcase classname="dBP_Login_ALL.ManpowerCost_TestNG" name="MDS_Total_Salary" time="0.000"/>
  <system-out/>
  <testcase classname="dBP_Login_ALL.ManpowerCost_TestNG" name="MDS_Total_Incentive" time="0.000"/>
  <system-out/>
  <testcase classname="dBP_Login_ALL.ManpowerCost_TestNG" name="MDS_Total_ManpowerCost" time="0.000"/>
  <system-out/>
  <testcase classname="dBP_Login_ALL.ManpowerCost_TestNG" name="MIRenewal_Salary_DirectMP" time="0.032"/>
  <system-out/>
  <testcase classname="dBP_Login_ALL.ManpowerCost_TestNG" name="MIRenewal_Incentive_DirectMP" time="0.016"/>
  <system-out/>
  <testcase classname="dBP_Login_ALL.ManpowerCost_TestNG" name="MIRenewal_Salary_InDirectMP" time="0.031"/>
  <system-out/>
  <testcase classname="dBP_Login_ALL.ManpowerCost_TestNG" name="MIRenewal_Incentive_InDirectMP" time="0.015"/>
  <system-out/>
  <testcase classname="dBP_Login_ALL.ManpowerCost_TestNG" name="MIRenewal_Total_Salary" time="0.000"/>
  <system-out/>
  <testcase classname="dBP_Login_ALL.ManpowerCost_TestNG" name="MIRenewal_Total_Incentive" time="0.000"/>
  <system-out/>
  <testcase classname="dBP_Login_ALL.ManpowerCost_TestNG" name="MIRenewal_Total_ManpowerCost" time="0.000"/>
  <system-out/>
  <testcase classname="dBP_Login_ALL.ManpowerCost_TestNG" name="MSGA_Salary_DirectMP" time="0.048"/>
  <system-out/>
  <testcase classname="dBP_Login_ALL.ManpowerCost_TestNG" name="MSGA_Incentive_DirectMP" time="0.031"/>
  <system-out/>
  <testcase classname="dBP_Login_ALL.ManpowerCost_TestNG" name="MSGA_Salary_InDirectMP" time="0.016"/>
  <system-out/>
  <testcase classname="dBP_Login_ALL.ManpowerCost_TestNG" name="MSGA_Incentive_InDirectMP" time="0.031"/>
  <system-out/>
  <testcase classname="dBP_Login_ALL.ManpowerCost_TestNG" name="MSGA_Total_Salary" time="0.000"/>
  <system-out/>
  <testcase classname="dBP_Login_ALL.ManpowerCost_TestNG" name="MSGA_Total_Incentive" time="0.000"/>
  <system-out/>
  <testcase classname="dBP_Login_ALL.ManpowerCost_TestNG" name="MSGA_Total_ManpowerCost" time="0.000"/>
  <system-out/>
  <testcase classname="dBP_Login_ALL.ManpowerCost_TestNG" name="True_Value_Salary_DirectMP" time="0.031"/>
  <system-out/>
  <testcase classname="dBP_Login_ALL.ManpowerCost_TestNG" name="True_Value_Incentive_DirectMP" time="0.016"/>
  <system-out/>
  <testcase classname="dBP_Login_ALL.ManpowerCost_TestNG" name="True_Value_Salary_InDirectMP" time="0.015"/>
  <system-out/>
  <testcase classname="dBP_Login_ALL.ManpowerCost_TestNG" name="True_Value_Incentive_InDirectMP" time="0.032"/>
  <system-out/>
  <testcase classname="dBP_Login_ALL.ManpowerCost_TestNG" name="True_Value_Total_Salary" time="0.000"/>
  <system-out/>
  <testcase classname="dBP_Login_ALL.ManpowerCost_TestNG" name="True_Value_Total_Incentive" time="0.000"/>
  <system-out/>
  <testcase classname="dBP_Login_ALL.ManpowerCost_TestNG" name="True_Value_Total_ManpowerCost" time="0.000"/>
  <system-out/>
  <testcase classname="dBP_Login_ALL.ManpowerCost_TestNG" name="Spares_Salary_DirectMP" time="0.016"/>
  <system-out/>
  <testcase classname="dBP_Login_ALL.ManpowerCost_TestNG" name="Spares_Incentive_DirectMP" time="0.031"/>
  <system-out/>
  <testcase classname="dBP_Login_ALL.ManpowerCost_TestNG" name="Spares_Salary_InDirectMP" time="0.015"/>
  <system-out/>
  <testcase classname="dBP_Login_ALL.ManpowerCost_TestNG" name="Spares_Incentive_InDirectMP" time="0.032"/>
  <system-out/>
  <testcase classname="dBP_Login_ALL.ManpowerCost_TestNG" name="Spares_Total_Salary" time="0.000"/>
  <system-out/>
  <testcase classname="dBP_Login_ALL.ManpowerCost_TestNG" name="Spares_Total_Incentive" time="0.000"/>
  <system-out/>
  <testcase classname="dBP_Login_ALL.ManpowerCost_TestNG" name="Spares_Total_ManpowerCost" time="0.000"/>
  <system-out/>
  <testcase classname="dBP_Login_ALL.ManpowerCost_TestNG" name="Service_Salary_DirectMP" time="0.031"/>
  <system-out/>
  <testcase classname="dBP_Login_ALL.ManpowerCost_TestNG" name="Service_Incentive_DirectMP" time="0.032"/>
  <system-out/>
  <testcase classname="dBP_Login_ALL.ManpowerCost_TestNG" name="Service_Salary_InDirectMP" time="0.031"/>
  <system-out/>
  <testcase classname="dBP_Login_ALL.ManpowerCost_TestNG" name="Service_Incentive_InDirectMP" time="0.015"/>
  <system-out/>
  <testcase classname="dBP_Login_ALL.ManpowerCost_TestNG" name="Service_Total_Salary" time="0.000"/>
  <system-out/>
  <testcase classname="dBP_Login_ALL.ManpowerCost_TestNG" name="Service_Total_Incentive" time="0.000"/>
  <system-out/>
  <testcase classname="dBP_Login_ALL.ManpowerCost_TestNG" name="Service_Total_ManpowerCost" time="0.000"/>
  <system-out/>
  <testcase classname="dBP_Login_ALL.ManpowerCost_TestNG" name="Corporate_Office_Salary_DirectMP" time="0.032"/>
  <system-out/>
  <testcase classname="dBP_Login_ALL.ManpowerCost_TestNG" name="Corporate_Office_Incentive_DirectMP" time="0.031"/>
  <system-out/>
  <testcase classname="dBP_Login_ALL.ManpowerCost_TestNG" name="Corporate_Office_Salary_InDirectMP" time="0.032"/>
  <system-out/>
  <testcase classname="dBP_Login_ALL.ManpowerCost_TestNG" name="Corporate_Office_Incentive_InDirectMP" time="0.015"/>
  <system-out/>
  <testcase classname="dBP_Login_ALL.ManpowerCost_TestNG" name="Corporate_Office_Total_Salary" time="0.000"/>
  <system-out/>
  <testcase classname="dBP_Login_ALL.ManpowerCost_TestNG" name="Corporate_Office_Total_Incentive" time="0.000"/>
  <system-out/>
  <testcase classname="dBP_Login_ALL.ManpowerCost_TestNG" name="Corporate_Office_Total_ManpowerCost" time="0.000"/>
  <system-out/>
  <testcase classname="dBP_Login_ALL.ManpowerCost_TestNG" name="Total_Salary_DirectMP" time="0.000"/>
  <system-out/>
  <testcase classname="dBP_Login_ALL.ManpowerCost_TestNG" name="Total_Incentive_DirectMP" time="0.000"/>
  <system-out/>
  <testcase classname="dBP_Login_ALL.ManpowerCost_TestNG" name="Total_Salary_InDirectMP" time="0.000"/>
  <system-out/>
  <testcase classname="dBP_Login_ALL.ManpowerCost_TestNG" name="Total_Incentive_InDirectMP" time="0.000"/>
  <system-out/>
  <testcase classname="dBP_Login_ALL.ManpowerCost_TestNG" name="Total_Total_Salary" time="0.000"/>
  <system-out/>
  <testcase classname="dBP_Login_ALL.ManpowerCost_TestNG" name="Total_Total_Incentive" time="0.000"/>
  <system-out/>
  <testcase classname="dBP_Login_ALL.ManpowerCost_TestNG" name="Total_Total_ManpowerCost" time="0.000"/>
  <system-out/>
  <testcase classname="dBP_Login_ALL.ManpowerCost_TestNG" name="ClickOn_ManpowerCount_NewCar" time="5.278"/>
  <system-out/>
  <testcase classname="dBP_Login_ALL.ManpowerCost_TestNG" name="NewCar_Total_Direct_ManpowerCount" time="0.000"/>
  <system-out/>
  <testcase classname="dBP_Login_ALL.ManpowerCost_TestNG" name="NewCar_Total_InDirect_ManpowerCount" time="0.000"/>
  <system-out/>
  <testcase classname="dBP_Login_ALL.ManpowerCost_TestNG" name="ClickOn_ManpowerCount_MSGA" time="5.222"/>
  <system-out/>
  <testcase classname="dBP_Login_ALL.ManpowerCost_TestNG" name="MSGA_Total_Direct_ManpowerCount" time="0.000"/>
  <system-out/>
  <testcase classname="dBP_Login_ALL.ManpowerCost_TestNG" name="MSGA_Total_InDirect_ManpowerCount" time="0.000"/>
  <system-out/>
  <testcase classname="dBP_Login_ALL.ManpowerCost_TestNG" name="ClickOn_ManpowerCount_WBSP" time="5.198"/>
  <system-out/>
  <testcase classname="dBP_Login_ALL.ManpowerCost_TestNG" name="WSBP_Total_Direct_ManpowerCount" time="0.000"/>
  <system-out/>
  <testcase classname="dBP_Login_ALL.ManpowerCost_TestNG" name="WSBP_Total_InDirect_ManpowerCount" time="0.000"/>
  <system-out/>
  <testcase classname="dBP_Login_ALL.ManpowerCost_TestNG" name="ClickOn_ManpowerCount_Spares" time="5.172"/>
  <system-out/>
  <testcase classname="dBP_Login_ALL.ManpowerCost_TestNG" name="Spares_Total_Direct_ManpowerCount" time="0.000"/>
  <system-out/>
  <testcase classname="dBP_Login_ALL.ManpowerCost_TestNG" name="Spares_Total_InDirect_ManpowerCount" time="0.000"/>
  <system-out/>
  <testcase classname="dBP_Login_ALL.ManpowerCost_TestNG" name="ClickOn_ManpowerCount_True_Value" time="5.163"/>
  <system-out/>
  <testcase classname="dBP_Login_ALL.ManpowerCost_TestNG" name="TrueValue_Total_Direct_ManpowerCount" time="0.000"/>
  <system-out/>
  <testcase classname="dBP_Login_ALL.ManpowerCost_TestNG" name="TrueValue_Total_InDirect_ManpowerCount" time="0.000"/>
  <system-out/>
  <testcase classname="dBP_Login_ALL.ManpowerCost_TestNG" name="ClickOn_ManpowerCount_MIRenewal" time="5.138"/>
  <system-out/>
  <testcase classname="dBP_Login_ALL.ManpowerCost_TestNG" name="MIRenewal_Total_Direct_ManpowerCount" time="0.000"/>
  <system-out/>
  <testcase classname="dBP_Login_ALL.ManpowerCost_TestNG" name="MIRenewal_Total_InDirect_ManpowerCount" time="0.000"/>
  <system-out/>
  <testcase classname="dBP_Login_ALL.ManpowerCost_TestNG" name="ClickOn_ManpowerCount_MDS" time="5.162"/>
  <system-out/>
  <testcase classname="dBP_Login_ALL.ManpowerCost_TestNG" name="MDS_Total_Direct_ManpowerCount" time="0.000"/>
  <system-out/>
  <testcase classname="dBP_Login_ALL.ManpowerCost_TestNG" name="MDS_Total_InDirect_ManpowerCount" time="0.000"/>
  <system-out/>
  <testcase classname="dBP_Login_ALL.ManpowerCost_TestNG" name="ClickOn_ManpowerCount_CommonManpower" time="5.140"/>
  <system-out/>
  <testcase classname="dBP_Login_ALL.ManpowerCost_TestNG" name="CommonManpower_Total_Direct_ManpowerCount" time="0.000"/>
  <system-out/>
  <testcase classname="dBP_Login_ALL.ManpowerCost_TestNG" name="CommonManpower_Total_InDirect_ManpowerCount" time="0.016"/>
  <system-out/>
  <testcase classname="dBP_Login_ALL.ManpowerCost_TestNG" name="ClickOn_New_Car" time="5.125"/>
  <system-out/>
  <testcase classname="dBP_Login_ALL.ManpowerCost_TestNG" name="Total_Manpower_Cost_Per_Car" time="0.000"/>
  <system-out/>
  <testcase classname="dBP_Login_ALL.ManpowerCost_TestNG" name="ClickOn_ManpowerCost_Again" time="5.131"/>
  <system-out/>
  <testcase classname="dBP_Login_ALL.ManpowerCost_TestNG" name="New_Car_Total_ManpowerCount" time="0.000"/>
  <system-out/>
  <testcase classname="dBP_Login_ALL.ManpowerCost_TestNG" name="MDS_Total_ManpowerCount" time="0.000"/>
  <system-out/>
  <testcase classname="dBP_Login_ALL.ManpowerCost_TestNG" name="MI_Renewal_Total_ManpowerCount" time="0.000"/>
  <system-out/>
  <testcase classname="dBP_Login_ALL.ManpowerCost_TestNG" name="MSGA_Total_ManpowerCount" time="0.000"/>
  <system-out/>
  <testcase classname="dBP_Login_ALL.ManpowerCost_TestNG" name="True_Value_Total_ManpowerCount" time="0.000"/>
  <system-out/>
  <testcase classname="dBP_Login_ALL.ManpowerCost_TestNG" name="Spares_Total_ManpowerCount" time="0.000"/>
  <system-out/>
  <testcase classname="dBP_Login_ALL.ManpowerCost_TestNG" name="Service_Total_ManpowerCount" time="0.000"/>
  <system-out/>
  <testcase classname="dBP_Login_ALL.ManpowerCost_TestNG" name="Common_Manpower_Total_ManpowerCount" time="0.000"/>
  <system-out/>
  <testcase classname="dBP_Login_ALL.ManpowerCost_TestNG" name="Total_Total_ManpowerCount" time="0.000"/>
  <system-out/>
  <testcase classname="dBP_Login_ALL.ManpowerCost_TestNG" name="Total_Direct_ManpowerCount" time="0.000"/>
  <system-out/>
  <testcase classname="dBP_Login_ALL.ManpowerCost_TestNG" name="Total_InDirect_ManpowerCount" time="0.000"/>
  <system-out/>
</testsuite> <!-- dBP_Login_ALL.ManpowerCost_TestNG -->
