<?xml version="1.0" encoding="UTF-8"?>
<!-- Generated by org.testng.reporters.JUnitReportReporter -->
<testsuite hostname="DESKTOP-N9F7EI8" failures="0" tests="14" name="dBP_all_Modules.Network_Details" time="12.840" errors="0" timestamp="2024-05-31T12:19:42 IST" skipped="0">
  <testcase classname="dBP_all_Modules.Network_Details" name="clearData" time="8.229"/>
  <system-out/>
  <testcase classname="dBP_all_Modules.Network_Details" name="True_Value_Outlet_In_Network_details" time="0.059"/>
  <system-out/>
  <testcase classname="dBP_all_Modules.Network_Details" name="Bodyshop_R_Workshops_In_Network_details" time="0.066"/>
  <system-out/>
  <testcase classname="dBP_all_Modules.Network_Details" name="Bodyshop_E_Workshops_In_Network_details" time="0.075"/>
  <system-out/>
  <testcase classname="dBP_all_Modules.Network_Details" name="Workshop_Main_Workshops_In_Network_details" time="0.058"/>
  <system-out/>
  <testcase classname="dBP_all_Modules.Network_Details" name="BodyShop_Main_Workshops_In_Network_details" time="0.162"/>
  <system-out/>
  <testcase classname="dBP_all_Modules.Network_Details" name="Main_Outlets_In_Network_details" time="0.065"/>
  <system-out/>
  <testcase classname="dBP_all_Modules.Network_Details" name="E_Outlets_In_Network_details" time="0.057"/>
  <system-out/>
  <testcase classname="dBP_all_Modules.Network_Details" name="R_Outlets_In_Network_details" time="0.058"/>
  <system-out/>
  <testcase classname="dBP_all_Modules.Network_Details" name="Workshop_R_Workshops_In_Network_details" time="0.053"/>
  <system-out/>
  <testcase classname="dBP_all_Modules.Network_Details" name="Bodyshop_MSSSP_In_Network_details" time="0.063"/>
  <system-out/>
  <testcase classname="dBP_all_Modules.Network_Details" name="Workshop_E_Workshops_In_Network_details" time="0.057"/>
  <system-out/>
  <testcase classname="dBP_all_Modules.Network_Details" name="Workshop_MSSSP_In_Network_details" time="0.057"/>
  <system-out/>
  <testcase classname="dBP_all_Modules.Network_Details" name="Save_the_Data" time="3.781"/>
  <system-out/>
</testsuite> <!-- dBP_all_Modules.Network_Details -->
