<?xml version="1.0" encoding="UTF-8"?>
<!-- Generated by org.testng.reporters.JUnitReportReporter -->
<testsuite hostname="DESKTOP-N9F7EI8" failures="0" tests="177" name="aLLLogin.Login_STOCKS" time="4.585" errors="1" timestamp="2024-06-03T15:29:53 IST" skipped="0">
  <testcase classname="aLLLogin.Login_STOCKS" name="CAlCULATION_OF_DRF_Per_Cars_In__SUPER_CARRY" time="0.000"/>
  <system-out/>
  <testcase classname="aLLLogin.Login_STOCKS" name="CAlCULATION_OF_RETAIL_SALES_QTY_Of__EECO" time="0.000"/>
  <system-out/>
  <testcase classname="aLLLogin.Login_STOCKS" name="CAlCULATION_OF_Margin_Per_Cars_In__DZIRE" time="0.016"/>
  <system-out/>
  <testcase classname="aLLLogin.Login_STOCKS" name="Dealer_Compulsion_Discount_Of_AltoK10" time="0.032"/>
  <system-out/>
  <testcase classname="aLLLogin.Login_STOCKS" name="Opening_Stock__Qty_Of_Brezza" time="0.015"/>
  <system-out/>
  <testcase classname="aLLLogin.Login_STOCKS" name="CAlCULATION_OF_DRF_Per_Cars_In__SWIFT" time="0.000"/>
  <system-out/>
  <testcase classname="aLLLogin.Login_STOCKS" name="Closing_stock_Amount_Of_Swift" time="0.047"/>
  <system-out/>
  <testcase classname="aLLLogin.Login_STOCKS" name="CAlCULATION_OF_discount_Per_Cars_In__SWIFT" time="0.000"/>
  <system-out/>
  <testcase classname="aLLLogin.Login_STOCKS" name="CAlCULATION_OF_RETAIL_SALES_QTY_Of__BREZZA" time="0.000"/>
  <system-out/>
  <testcase classname="aLLLogin.Login_STOCKS" name="WholeSale_Qty_Of_Wagon_R" time="0.032"/>
  <system-out/>
  <testcase classname="aLLLogin.Login_STOCKS" name="DRF_Of_Dzire" time="0.033"/>
  <system-out/>
  <testcase classname="aLLLogin.Login_STOCKS" name="Closing_stock_Qty_Of_Brezza" time="0.031"/>
  <system-out/>
  <testcase classname="aLLLogin.Login_STOCKS" name="WholeSale_Qty_Of_S_presso" time="0.031"/>
  <system-out/>
  <testcase classname="aLLLogin.Login_STOCKS" name="Closing_stock_Qty_Of_Swift" time="0.032"/>
  <system-out/>
  <testcase classname="aLLLogin.Login_STOCKS" name="Closing_stock_Qty_Of_Dzire" time="0.032"/>
  <system-out/>
  <testcase classname="aLLLogin.Login_STOCKS" name="DRF_Of_SuperCarry" time="0.032"/>
  <system-out/>
  <testcase classname="aLLLogin.Login_STOCKS" name="CAlCULATION_OF_Total_Discount_In__EECO" time="0.000"/>
  <system-out/>
  <testcase classname="aLLLogin.Login_STOCKS" name="Retail_sales_Amount_Of_Brezza" time="0.031"/>
  <system-out/>
  <testcase classname="aLLLogin.Login_STOCKS" name="CAlCULATION_OF_RETAIL_SALES_QTY_In__SUPER_CARRY" time="0.015"/>
  <system-out/>
  <testcase classname="aLLLogin.Login_STOCKS" name="CAlCULATION_OF_Total_Discount_In__SWIFT" time="0.016"/>
  <system-out/>
  <testcase classname="aLLLogin.Login_STOCKS" name="CAlCULATION_OF_Total_Discount_In__DZIRE" time="0.000"/>
  <system-out/>
  <testcase classname="aLLLogin.Login_STOCKS" name="DRF_Of_AltoK10" time="0.030"/>
  <system-out/>
  <testcase classname="aLLLogin.Login_STOCKS" name="CAlCULATION_OF_Discount_Per_Cars_ALTO" time="0.000"/>
  <system-out/>
  <testcase classname="aLLLogin.Login_STOCKS" name="TOTAL_Opening_stock_QTY" time="0.000"/>
  <system-out/>
  <testcase classname="aLLLogin.Login_STOCKS" name="CAlCULATION_OF_DRF_Per_Cars_In__DZIRE" time="0.015"/>
  <system-out/>
  <testcase classname="aLLLogin.Login_STOCKS" name="Dealer_Compulsion_Discount_Of_Wagon_R" time="0.032"/>
  <system-out/>
  <testcase classname="aLLLogin.Login_STOCKS" name="CAlCULATION_OF_RETAIL_SALES_QTY_Of__SPresso" time="0.000"/>
  <system-out/>
  <testcase classname="aLLLogin.Login_STOCKS" name="WholeSale_Amount_Of_Brezza" time="0.031"/>
  <system-out/>
  <testcase classname="aLLLogin.Login_STOCKS" name="Consumer_Offer_Exchange_Bonus_Of_ERTIGA" time="0.031"/>
  <system-out/>
  <testcase classname="aLLLogin.Login_STOCKS" name="DRF_Of_ECO" time="0.015"/>
  <system-out/>
  <testcase classname="aLLLogin.Login_STOCKS" name="Opening_Stock__Qty_Of_Wagon_R" time="0.025"/>
  <system-out/>
  <testcase classname="aLLLogin.Login_STOCKS" name="CAlCULATION_OF_discount_Per_Cars_In__WAGON_R" time="0.002"/>
  <system-out/>
  <testcase classname="aLLLogin.Login_STOCKS" name="Consumer_Offer_Exchange_Bonus_Of_Dzire" time="0.031"/>
  <system-out/>
  <testcase classname="aLLLogin.Login_STOCKS" name="CAlCULATION_OF_Total_Discount_In__Celerio" time="0.015"/>
  <system-out/>
  <testcase classname="aLLLogin.Login_STOCKS" name="CAlCULATION_OF_Total_Discount_In_ALTO" time="0.000"/>
  <system-out/>
  <testcase classname="aLLLogin.Login_STOCKS" name="CAlCULATION_OF_Margin_Per_Cars_In__Celerio" time="0.000"/>
  <system-out/>
  <testcase classname="aLLLogin.Login_STOCKS" name="Opening_Stock_Amount_Of_Swift" time="0.031"/>
  <system-out/>
  <testcase classname="aLLLogin.Login_STOCKS" name="CAlCULATION_OF_margin_Amount_In_ERTIGA" time="0.001"/>
  <system-out/>
  <testcase classname="aLLLogin.Login_STOCKS" name="WholeSale_Amount_Of_ECO" time="0.032"/>
  <system-out/>
  <testcase classname="aLLLogin.Login_STOCKS" name="WholeSale_Amount_Of_SuperCarry" time="0.028"/>
  <system-out/>
  <testcase classname="aLLLogin.Login_STOCKS" name="Consumer_Offer_Exchange_Bonus_Of_CELERIO" time="0.031"/>
  <system-out/>
  <testcase classname="aLLLogin.Login_STOCKS" name="Opening_Stock__Qty_Of_SuperCarry" time="0.016"/>
  <system-out/>
  <testcase classname="aLLLogin.Login_STOCKS" name="CAlCULATION_OF_DRF_Per_Cars_In__Spresso" time="0.016"/>
  <system-out/>
  <testcase classname="aLLLogin.Login_STOCKS" name="WholeSale_Amount_Of_Swift" time="0.019"/>
  <system-out/>
  <testcase classname="aLLLogin.Login_STOCKS" name="TOTAL_WholeSale_Amount" time="0.000"/>
  <system-out/>
  <testcase classname="aLLLogin.Login_STOCKS" name="CAlCULATION_OF_margin_Amount_In_WAGON_R" time="0.000"/>
  <system-out/>
  <testcase classname="aLLLogin.Login_STOCKS" name="WholeSale_Amount_Of_CELERIO" time="0.053">
    <error message="stale element reference: stale element not found in the current frame
  (Session info: chrome=125.0.6422.141)
For documentation on this error, please visit: https://www.selenium.dev/documentation/webdriver/troubleshooting/errors#stale-element-reference-exception
Build info: version: &#039;4.20.0&#039;, revision: &#039;866c76ca80&#039;
System info: os.name: &#039;Windows 11&#039;, os.arch: &#039;amd64&#039;, os.version: &#039;10.0&#039;, java.version: &#039;20.0.2&#039;
Driver info: org.openqa.selenium.chrome.ChromeDriver
Command: [d779d2f28bca51394aae13c40027e987, getElementAttribute {id=f.CAA402906F66ACDCDE5BCDE206B27B5D.d.A2B222EAB8689CE4A338B6816C76050A.e.323, name=value}]
Capabilities {acceptInsecureCerts: false, browserName: chrome, browserVersion: 125.0.6422.141, chrome: {chromedriverVersion: 125.0.6422.141 (4b1e8393712..., userDataDir: C:\Users\Thinkpad\AppData\L...}, fedcm:accounts: true, goog:chromeOptions: {debuggerAddress: localhost:54186}, networkConnectionEnabled: false, pageLoadStrategy: normal, platformName: windows, proxy: Proxy(), se:cdp: ws://localhost:54186/devtoo..., se:cdpVersion: 125.0.6422.141, setWindowRect: true, strictFileInteractability: false, timeouts: {implicit: 0, pageLoad: 300000, script: 30000}, unhandledPromptBehavior: dismiss and notify, webauthn:extension:credBlob: true, webauthn:extension:largeBlob: true, webauthn:extension:minPinLength: true, webauthn:extension:prf: true, webauthn:virtualAuthenticators: true}
Element: [[ChromeDriver: chrome on windows (d779d2f28bca51394aae13c40027e987)] -&gt; xpath: (//*[@type=&quot;number&quot;])[36]]
Session ID: d779d2f28bca51394aae13c40027e987" type="org.openqa.selenium.StaleElementReferenceException">
      <![CDATA[org.openqa.selenium.StaleElementReferenceException: stale element reference: stale element not found in the current frame
  (Session info: chrome=125.0.6422.141)
For documentation on this error, please visit: https://www.selenium.dev/documentation/webdriver/troubleshooting/errors#stale-element-reference-exception
Build info: version: '4.20.0', revision: '866c76ca80'
System info: os.name: 'Windows 11', os.arch: 'amd64', os.version: '10.0', java.version: '20.0.2'
Driver info: org.openqa.selenium.chrome.ChromeDriver
Command: [d779d2f28bca51394aae13c40027e987, getElementAttribute {id=f.CAA402906F66ACDCDE5BCDE206B27B5D.d.A2B222EAB8689CE4A338B6816C76050A.e.323, name=value}]
Capabilities {acceptInsecureCerts: false, browserName: chrome, browserVersion: 125.0.6422.141, chrome: {chromedriverVersion: 125.0.6422.141 (4b1e8393712..., userDataDir: C:\Users\Thinkpad\AppData\L...}, fedcm:accounts: true, goog:chromeOptions: {debuggerAddress: localhost:54186}, networkConnectionEnabled: false, pageLoadStrategy: normal, platformName: windows, proxy: Proxy(), se:cdp: ws://localhost:54186/devtoo..., se:cdpVersion: 125.0.6422.141, setWindowRect: true, strictFileInteractability: false, timeouts: {implicit: 0, pageLoad: 300000, script: 30000}, unhandledPromptBehavior: dismiss and notify, webauthn:extension:credBlob: true, webauthn:extension:largeBlob: true, webauthn:extension:minPinLength: true, webauthn:extension:prf: true, webauthn:virtualAuthenticators: true}
Element: [[ChromeDriver: chrome on windows (d779d2f28bca51394aae13c40027e987)] -> xpath: (//*[@type="number"])[36]]
Session ID: d779d2f28bca51394aae13c40027e987
at java.base/jdk.internal.reflect.DirectConstructorHandleAccessor.newInstance(DirectConstructorHandleAccessor.java:67)
at java.base/java.lang.reflect.Constructor.newInstanceWithCaller(Constructor.java:500)
at java.base/java.lang.reflect.Constructor.newInstance(Constructor.java:484)
at org.openqa.selenium.remote.ErrorCodec.decode(ErrorCodec.java:167)
at org.openqa.selenium.remote.codec.w3c.W3CHttpResponseCodec.decode(W3CHttpResponseCodec.java:138)
at org.openqa.selenium.remote.codec.w3c.W3CHttpResponseCodec.decode(W3CHttpResponseCodec.java:50)
at org.openqa.selenium.remote.HttpCommandExecutor.execute(HttpCommandExecutor.java:190)
at org.openqa.selenium.remote.service.DriverCommandExecutor.invokeExecute(DriverCommandExecutor.java:216)
at org.openqa.selenium.remote.service.DriverCommandExecutor.execute(DriverCommandExecutor.java:174)
at org.openqa.selenium.remote.RemoteWebDriver.execute(RemoteWebDriver.java:518)
at org.openqa.selenium.remote.RemoteWebElement.execute(RemoteWebElement.java:223)
at org.openqa.selenium.remote.RemoteWebElement.getAttribute(RemoteWebElement.java:149)
at aLLLogin.Login_STOCKS.WholeSale_Amount_Of_CELERIO(Login_STOCKS.java:1140)
at java.base/jdk.internal.reflect.DirectMethodHandleAccessor.invoke(DirectMethodHandleAccessor.java:104)
at java.base/java.lang.reflect.Method.invoke(Method.java:578)
at org.testng.internal.MethodInvocationHelper.invokeMethod(MethodInvocationHelper.java:133)
at org.testng.internal.TestInvoker.invokeMethod(TestInvoker.java:598)
at org.testng.internal.TestInvoker.invokeTestMethod(TestInvoker.java:173)
at org.testng.internal.MethodRunner.runInSequence(MethodRunner.java:46)
at org.testng.internal.TestInvoker$MethodInvocationAgent.invoke(TestInvoker.java:824)
at org.testng.internal.TestInvoker.invokeTestMethods(TestInvoker.java:146)
at org.testng.internal.TestMethodWorker.invokeTestMethods(TestMethodWorker.java:146)
at org.testng.internal.TestMethodWorker.run(TestMethodWorker.java:128)
at java.base/java.util.ArrayList.forEach(ArrayList.java:1511)
at org.testng.TestRunner.privateRun(TestRunner.java:794)
at org.testng.TestRunner.run(TestRunner.java:596)
at org.testng.SuiteRunner.runTest(SuiteRunner.java:377)
at org.testng.SuiteRunner.runSequentially(SuiteRunner.java:371)
at org.testng.SuiteRunner.privateRun(SuiteRunner.java:332)
at org.testng.SuiteRunner.run(SuiteRunner.java:276)
at org.testng.SuiteRunnerWorker.runSuite(SuiteRunnerWorker.java:53)
at org.testng.SuiteRunnerWorker.run(SuiteRunnerWorker.java:96)
at org.testng.TestNG.runSuitesSequentially(TestNG.java:1212)
at org.testng.TestNG.runSuitesLocally(TestNG.java:1134)
at org.testng.TestNG.runSuites(TestNG.java:1063)
at org.testng.TestNG.run(TestNG.java:1031)
at org.testng.remote.AbstractRemoteTestNG.run(AbstractRemoteTestNG.java:115)
at org.testng.remote.RemoteTestNG.initAndRun(RemoteTestNG.java:251)
at org.testng.remote.RemoteTestNG.main(RemoteTestNG.java:77)
]]>
    </error>
  </testcase> <!-- WholeSale_Amount_Of_CELERIO -->
  <system-out/>
  <testcase classname="aLLLogin.Login_STOCKS" name="CAlCULATION_OF_RETAIL_SALES_QTY_Of__DZIRE" time="0.000"/>
  <system-out/>
  <testcase classname="aLLLogin.Login_STOCKS" name="CAlCULATION_OF_Margin_Per_Cars_In__ERTIGA" time="0.000"/>
  <system-out/>
  <testcase classname="aLLLogin.Login_STOCKS" name="TOTAL_DRF" time="0.000"/>
  <system-out/>
  <testcase classname="aLLLogin.Login_STOCKS" name="Dealer_Compulsion_Discount_Of_ERTIGA" time="0.027"/>
  <system-out/>
  <testcase classname="aLLLogin.Login_STOCKS" name="TOTAL_Consumer_Offer_ISL_RMK" time="0.000"/>
  <system-out/>
  <testcase classname="aLLLogin.Login_STOCKS" name="CAlCULATION_OF_DRF_per_Cars_In_ALTO" time="0.000"/>
  <system-out/>
  <testcase classname="aLLLogin.Login_STOCKS" name="Consumer_Offer_Exchange_Bonus_Of_Swift" time="0.025"/>
  <system-out/>
  <testcase classname="aLLLogin.Login_STOCKS" name="CAlCULATION_OF_Total_Discount_In__Spresso" time="0.000"/>
  <system-out/>
  <testcase classname="aLLLogin.Login_STOCKS" name="Closing_stock_Qty_Of_Wagon_R" time="0.033"/>
  <system-out/>
  <testcase classname="aLLLogin.Login_STOCKS" name="CAlCULATION_OF_DRF_Per_Cars_In__ERTIGA" time="0.014"/>
  <system-out/>
  <testcase classname="aLLLogin.Login_STOCKS" name="Closing_stock_Amount_Of_Brezza" time="0.047"/>
  <system-out/>
  <testcase classname="aLLLogin.Login_STOCKS" name="WholeSale_Qty_Of_ECO" time="0.031"/>
  <system-out/>
  <testcase classname="aLLLogin.Login_STOCKS" name="Closing_stock_Amount_Of_ECO" time="0.031"/>
  <system-out/>
  <testcase classname="aLLLogin.Login_STOCKS" name="CAlCULATION_OF_Margin_Per_Cars_In__SUPER_CARRY" time="0.000"/>
  <system-out/>
  <testcase classname="aLLLogin.Login_STOCKS" name="Retail_sales_Amount_Of_SuperCarry" time="0.016"/>
  <system-out/>
  <testcase classname="aLLLogin.Login_STOCKS" name="CAlCULATION_OF_Margin_Per_Cars_In__BREZZA" time="0.015"/>
  <system-out/>
  <testcase classname="aLLLogin.Login_STOCKS" name="CAlCULATION_OF_RETAIL_SALES_QTY_Of__SWIFT" time="0.000"/>
  <system-out/>
  <testcase classname="aLLLogin.Login_STOCKS" name="DRF_Of_CELERIO" time="0.031"/>
  <system-out/>
  <testcase classname="aLLLogin.Login_STOCKS" name="WholeSale_Amount_Of_Dzire" time="0.130"/>
  <system-out/>
  <testcase classname="aLLLogin.Login_STOCKS" name="Opening_Stock_Amount_Of_CELERIO" time="0.038"/>
  <system-out/>
  <testcase classname="aLLLogin.Login_STOCKS" name="Closing_stock_Amount_Of_ERTIGA" time="0.016"/>
  <system-out/>
  <testcase classname="aLLLogin.Login_STOCKS" name="Closing_stock_Amount_Of_AltoK10" time="0.047"/>
  <system-out/>
  <testcase classname="aLLLogin.Login_STOCKS" name="Dealer_Compulsion_Discount_Of_Brezza" time="0.031"/>
  <system-out/>
  <testcase classname="aLLLogin.Login_STOCKS" name="TOTAL_Closing_Stock_Qty" time="0.000"/>
  <system-out/>
  <testcase classname="aLLLogin.Login_STOCKS" name="Closing_stock_Amount_Of_CELERIO" time="0.032"/>
  <system-out/>
  <testcase classname="aLLLogin.Login_STOCKS" name="WholeSale_Qty_Of_ERTIGA" time="0.032"/>
  <system-out/>
  <testcase classname="aLLLogin.Login_STOCKS" name="Consumer_Offer_Exchange_Bonus_Of_SuperCarry" time="0.031"/>
  <system-out/>
  <testcase classname="aLLLogin.Login_STOCKS" name="Opening_Stock__Qty_Of_ERTIGA" time="0.032"/>
  <system-out/>
  <testcase classname="aLLLogin.Login_STOCKS" name="Margin_Per_Cars" time="0.000"/>
  <system-out/>
  <testcase classname="aLLLogin.Login_STOCKS" name="Closing_stock_Qty_Of_SuperCarry" time="0.031"/>
  <system-out/>
  <testcase classname="aLLLogin.Login_STOCKS" name="CAlCULATION_OF_Margin_per_Cars_In_ALTO" time="0.000"/>
  <system-out/>
  <testcase classname="aLLLogin.Login_STOCKS" name="Closing_stock_Qty_Of_ECO" time="0.009"/>
  <system-out/>
  <testcase classname="aLLLogin.Login_STOCKS" name="Opening_Stock__Qty_Of_Dzire" time="0.043"/>
  <system-out/>
  <testcase classname="aLLLogin.Login_STOCKS" name="CAlCULATION_OF_Margin_Per_Cars_In__Spresso" time="0.000"/>
  <system-out/>
  <testcase classname="aLLLogin.Login_STOCKS" name="CAlCULATION_OF_Margin_Per_Cars_In__WAGON_R" time="0.000"/>
  <system-out/>
  <testcase classname="aLLLogin.Login_STOCKS" name="Opening_Stock_Amount_Of_Wagon_R" time="0.047"/>
  <system-out/>
  <testcase classname="aLLLogin.Login_STOCKS" name="Opening_Stock_Amount_Of_AltoK10" time="0.031"/>
  <system-out/>
  <testcase classname="aLLLogin.Login_STOCKS" name="Dealer_Compulsion_Discount_Of_Dzire" time="0.034"/>
  <system-out/>
  <testcase classname="aLLLogin.Login_STOCKS" name="CAlCULATION_OF_Total_Discount_In__WAGON_R" time="0.000"/>
  <system-out/>
  <testcase classname="aLLLogin.Login_STOCKS" name="DRF_Of_Brezza" time="0.037"/>
  <system-out/>
  <testcase classname="aLLLogin.Login_STOCKS" name="CAlCULATION_OF_margin_Amount_In_Spresso" time="0.002"/>
  <system-out/>
  <testcase classname="aLLLogin.Login_STOCKS" name="Retail_sales_Amount_Of_Swift" time="0.037"/>
  <system-out/>
  <testcase classname="aLLLogin.Login_STOCKS" name="CAlCULATION_OF_RETAIL_SALES_QTY_Of_ALTO" time="0.000"/>
  <system-out/>
  <testcase classname="aLLLogin.Login_STOCKS" name="DRF_Per_Cars" time="0.000"/>
  <system-out/>
  <testcase classname="aLLLogin.Login_STOCKS" name="Opening_Stock_Amount_Of_Brezza" time="0.031"/>
  <system-out/>
  <testcase classname="aLLLogin.Login_STOCKS" name="Closing_stock_Amount_Of_SuperCarry" time="0.016"/>
  <system-out/>
  <testcase classname="aLLLogin.Login_STOCKS" name="Consumer_Offer_Exchange_Bonus_Of_ECO" time="0.032"/>
  <system-out/>
  <testcase classname="aLLLogin.Login_STOCKS" name="Opening_Stock__Qty_Of_AltoK10" time="0.016"/>
  <system-out/>
  <testcase classname="aLLLogin.Login_STOCKS" name="TOTAL_Margin_Amount" time="0.000"/>
  <system-out/>
  <testcase classname="aLLLogin.Login_STOCKS" name="CAlCULATION_OF_Total_Discount_In__BREZZA" time="0.000"/>
  <system-out/>
  <testcase classname="aLLLogin.Login_STOCKS" name="Consumer_Offer_Exchange_Bonus_Of_AltoK10" time="0.030"/>
  <system-out/>
  <testcase classname="aLLLogin.Login_STOCKS" name="CAlCULATION_OF_Total_Discount_In__ERTIGA" time="0.000"/>
  <system-out/>
  <testcase classname="aLLLogin.Login_STOCKS" name="Dealer_Compulsion_Discount_Of_ECO" time="0.031"/>
  <system-out/>
  <testcase classname="aLLLogin.Login_STOCKS" name="WholeSale_Amount_Of_Wagon_R" time="0.032"/>
  <system-out/>
  <testcase classname="aLLLogin.Login_STOCKS" name="CAlCULATION_OF_margin_Amount_In_BREZZA" time="0.001"/>
  <system-out/>
  <testcase classname="aLLLogin.Login_STOCKS" name="WholeSale_Qty_Of_Dzire" time="0.032"/>
  <system-out/>
  <testcase classname="aLLLogin.Login_STOCKS" name="Dealer_Compulsion_Discount_Of_CELERIO" time="0.032"/>
  <system-out/>
  <testcase classname="aLLLogin.Login_STOCKS" name="Retail_sales_Amount_Of_Dzire" time="0.031"/>
  <system-out/>
  <testcase classname="aLLLogin.Login_STOCKS" name="CAlCULATION_OF_Margin_Per_Cars_In__EECO" time="0.000"/>
  <system-out/>
  <testcase classname="aLLLogin.Login_STOCKS" name="WholeSale_Qty_Of_Brezza" time="0.016"/>
  <system-out/>
  <testcase classname="aLLLogin.Login_STOCKS" name="Save_the_Data" time="1.206"/>
  <system-out/>
  <testcase classname="aLLLogin.Login_STOCKS" name="CAlCULATION_OF_Margin_Per_Cars_In__SWIFT" time="0.000"/>
  <system-out/>
  <testcase classname="aLLLogin.Login_STOCKS" name="Opening_Stock__Qty_Of_ECO" time="0.031"/>
  <system-out/>
  <testcase classname="aLLLogin.Login_STOCKS" name="Retail_sales_Amount_Of_S_presso" time="0.031"/>
  <system-out/>
  <testcase classname="aLLLogin.Login_STOCKS" name="TOTAL_WholeSale_Qty" time="0.000"/>
  <system-out/>
  <testcase classname="aLLLogin.Login_STOCKS" name="DRF_Of_Swift" time="0.031"/>
  <system-out/>
  <testcase classname="aLLLogin.Login_STOCKS" name="WholeSale_Amount_Of_ERTIGA" time="0.033"/>
  <system-out/>
  <testcase classname="aLLLogin.Login_STOCKS" name="CAlCULATION_OF_margin_Amount_In_ALTO" time="0.001"/>
  <system-out/>
  <testcase classname="aLLLogin.Login_STOCKS" name="CAlCULATION_OF_margin_Amount_In_SUPER_CARRY" time="0.001"/>
  <system-out/>
  <testcase classname="aLLLogin.Login_STOCKS" name="TOTAL_Retail_sales_Amount" time="0.000"/>
  <system-out/>
  <testcase classname="aLLLogin.Login_STOCKS" name="Consumer_Offer_Exchange_Bonus_Of_Wagon_R" time="0.044"/>
  <system-out/>
  <testcase classname="aLLLogin.Login_STOCKS" name="CAlCULATION_OF_margin_Amount_In_DZIRE" time="0.001"/>
  <system-out/>
  <testcase classname="aLLLogin.Login_STOCKS" name="Opening_Stock__Qty_Of_Swift" time="0.022"/>
  <system-out/>
  <testcase classname="aLLLogin.Login_STOCKS" name="Consumer_Offer_Exchange_Bonus_Of_S_presso" time="0.063"/>
  <system-out/>
  <testcase classname="aLLLogin.Login_STOCKS" name="TOTAL_Closing_Stock_amount" time="0.000"/>
  <system-out/>
  <testcase classname="aLLLogin.Login_STOCKS" name="Dealer_Compulsion_Discount_Of_S_presso" time="0.032"/>
  <system-out/>
  <testcase classname="aLLLogin.Login_STOCKS" name="Closing_stock_Amount_Of_Dzire" time="0.016"/>
  <system-out/>
  <testcase classname="aLLLogin.Login_STOCKS" name="WholeSale_Amount_Of_AltoK10" time="0.053"/>
  <system-out/>
  <testcase classname="aLLLogin.Login_STOCKS" name="DRF_Of_S_presso" time="0.031"/>
  <system-out/>
  <testcase classname="aLLLogin.Login_STOCKS" name="CAlCULATION_OF_discount_Per_Cars_In__Spresso" time="0.000"/>
  <system-out/>
  <testcase classname="aLLLogin.Login_STOCKS" name="Dealer_Compulsion_Discount_Of_SuperCarry" time="0.016"/>
  <system-out/>
  <testcase classname="aLLLogin.Login_STOCKS" name="Dealer_Compulsion_Discount_Of_Swift" time="0.031"/>
  <system-out/>
  <testcase classname="aLLLogin.Login_STOCKS" name="Opening_Stock__Qty_Of_CELERIO" time="0.048"/>
  <system-out/>
  <testcase classname="aLLLogin.Login_STOCKS" name="WholeSale_Qty_Of_AltoK10" time="0.031"/>
  <system-out/>
  <testcase classname="aLLLogin.Login_STOCKS" name="Closing_stock_Qty_Of_CELERIO" time="0.035"/>
  <system-out/>
  <testcase classname="aLLLogin.Login_STOCKS" name="Retail_sales_Amount_Of_ERTIGA" time="0.031"/>
  <system-out/>
  <testcase classname="aLLLogin.Login_STOCKS" name="CAlCULATION_OF_RETAIL_SALES_QTY_Of__Celerio" time="0.000"/>
  <system-out/>
  <testcase classname="aLLLogin.Login_STOCKS" name="Retail_sales_Amount_Of_CELERIO" time="0.032"/>
  <system-out/>
  <testcase classname="aLLLogin.Login_STOCKS" name="WholeSale_Qty_Of_CELERIO" time="0.031"/>
  <system-out/>
  <testcase classname="aLLLogin.Login_STOCKS" name="TOTAL_Opening_stock_amount" time="0.000"/>
  <system-out/>
  <testcase classname="aLLLogin.Login_STOCKS" name="Closing_stock_Qty_Of_ERTIGA" time="0.016"/>
  <system-out/>
  <testcase classname="aLLLogin.Login_STOCKS" name="TOTAL_Discount" time="0.012"/>
  <system-out/>
  <testcase classname="aLLLogin.Login_STOCKS" name="Closing_stock_Qty_Of_AltoK10" time="0.034"/>
  <system-out/>
  <testcase classname="aLLLogin.Login_STOCKS" name="CAlCULATION_OF_RETAIL_SALES_QTY_Of__ERTIGA" time="0.000"/>
  <system-out/>
  <testcase classname="aLLLogin.Login_STOCKS" name="Consumer_Offer_Exchange_Bonus_Of_Brezza" time="0.032"/>
  <system-out/>
  <testcase classname="aLLLogin.Login_STOCKS" name="CAlCULATION_OF_discount_Per_Cars_In__ERTIGA" time="0.016"/>
  <system-out/>
  <testcase classname="aLLLogin.Login_STOCKS" name="Closing_stock_Amount_Of_Wagon_R" time="0.031"/>
  <system-out/>
  <testcase classname="aLLLogin.Login_STOCKS" name="TOTAL_Dealer_Compulsion_Discount" time="0.000"/>
  <system-out/>
  <testcase classname="aLLLogin.Login_STOCKS" name="CAlCULATION_OF_margin_Amount_In_EECO" time="0.001"/>
  <system-out/>
  <testcase classname="aLLLogin.Login_STOCKS" name="Retail_sales_Amount_Of_Wagon_R" time="0.030"/>
  <system-out/>
  <testcase classname="aLLLogin.Login_STOCKS" name="Opening_Stock_Amount_Of_Dzire" time="0.025"/>
  <system-out/>
  <testcase classname="aLLLogin.Login_STOCKS" name="CAlCULATION_OF_DRF_Per_Cars_In__Celerio" time="0.000"/>
  <system-out/>
  <testcase classname="aLLLogin.Login_STOCKS" name="Opening_Stock_Amount_Of_ECO" time="0.031"/>
  <system-out/>
  <testcase classname="aLLLogin.Login_STOCKS" name="Opening_Stock__Qty_Of_Spresso" time="0.031"/>
  <system-out/>
  <testcase classname="aLLLogin.Login_STOCKS" name="DRF_Of_ERTIGA" time="0.031"/>
  <system-out/>
  <testcase classname="aLLLogin.Login_STOCKS" name="WholeSale_Qty_Of_SuperCarry" time="0.018"/>
  <system-out/>
  <testcase classname="aLLLogin.Login_STOCKS" name="Retail_sales_Amount_Of_ECO" time="0.032"/>
  <system-out/>
  <testcase classname="aLLLogin.Login_STOCKS" name="CAlCULATION_OF_Total_Discount_In__SUPER_CARRY" time="0.000"/>
  <system-out/>
  <testcase classname="aLLLogin.Login_STOCKS" name="CAlCULATION_OF_DRF_Per_Cars_In__BREZZA" time="0.016"/>
  <system-out/>
  <testcase classname="aLLLogin.Login_STOCKS" name="DRF_Of_Wagon_R" time="0.031"/>
  <system-out/>
  <testcase classname="aLLLogin.Login_STOCKS" name="WholeSale_Amount_Of_S_presso" time="0.050"/>
  <system-out/>
  <testcase classname="aLLLogin.Login_STOCKS" name="WholeSale_Qty_Of_Swift" time="0.029"/>
  <system-out/>
  <testcase classname="aLLLogin.Login_STOCKS" name="Opening_Stock_Amount_Of_SuperCarry" time="0.016"/>
  <system-out/>
  <testcase classname="aLLLogin.Login_STOCKS" name="CAlCULATION_OF_DRF_Per_Cars_In__WAGON_R" time="0.000"/>
  <system-out/>
  <testcase classname="aLLLogin.Login_STOCKS" name="CAlCULATION_OF_discount_Per_Cars_In__BREZZA" time="0.015"/>
  <system-out/>
  <testcase classname="aLLLogin.Login_STOCKS" name="CAlCULATION_OF_DRF_Per_Cars_In__EECO" time="0.000"/>
  <system-out/>
  <testcase classname="aLLLogin.Login_STOCKS" name="CAlCULATION_OF_discount_Per_Cars_In__SUPER_CARRY" time="0.000"/>
  <system-out/>
  <testcase classname="aLLLogin.Login_STOCKS" name="Discount_Per_Cars" time="0.000"/>
  <system-out/>
  <testcase classname="aLLLogin.Login_STOCKS" name="CAlCULATION_OF_discount_Per_Cars_In__DZIRE" time="0.000"/>
  <system-out/>
  <testcase classname="aLLLogin.Login_STOCKS" name="Closing_stock_Amount_Of_S_presso" time="0.031"/>
  <system-out/>
  <testcase classname="aLLLogin.Login_STOCKS" name="Retail_sales_Amount_Of_AltoK10" time="0.031"/>
  <system-out/>
  <testcase classname="aLLLogin.Login_STOCKS" name="Closing_stock_Qty_Of_S_presso" time="0.031"/>
  <system-out/>
  <testcase classname="aLLLogin.Login_STOCKS" name="CAlCULATION_OF_discount_Per_Cars_In__Celerio" time="0.000"/>
  <system-out/>
  <testcase classname="aLLLogin.Login_STOCKS" name="TOTAL_Retail_sales_Qty" time="0.000"/>
  <system-out/>
  <testcase classname="aLLLogin.Login_STOCKS" name="CAlCULATION_OF_RETAIL_SALES_QTY_Of__WAGON_R" time="0.000"/>
  <system-out/>
  <testcase classname="aLLLogin.Login_STOCKS" name="Opening_Stock_Amount_Of_ERTIGA" time="0.031"/>
  <system-out/>
  <testcase classname="aLLLogin.Login_STOCKS" name="CAlCULATION_OF_margin_Amount_In_Celerio" time="0.001"/>
  <system-out/>
  <testcase classname="aLLLogin.Login_STOCKS" name="Opening_Stock_Amount_Of_S_presso" time="0.032"/>
  <system-out/>
  <testcase classname="aLLLogin.Login_STOCKS" name="CAlCULATION_OF_margin_Amount_In_SWIFT" time="0.001"/>
  <system-out/>
  <testcase classname="aLLLogin.Login_STOCKS" name="CAlCULATION_OF_discount_Per_Cars_In__EECO" time="0.000"/>
  <system-out/>
</testsuite> <!-- aLLLogin.Login_STOCKS -->
