<?xml version="1.0" encoding="UTF-8"?>
<!-- Generated by org.testng.reporters.JUnitReportReporter -->
<testsuite hostname="DESKTOP-N9F7EI8" failures="0" tests="146" name="dBP_Login_ALL.ManpowerCount_TestNG" time="79.049" errors="0" timestamp="2024-06-05T11:56:35 IST" skipped="0">
  <testcase classname="dBP_Login_ALL.ManpowerCount_TestNG" name="clearData" time="11.685"/>
  <system-out/>
  <testcase classname="dBP_Login_ALL.ManpowerCount_TestNG" name="NewCar_DirectMP_GeneralM" time="0.016"/>
  <system-out/>
  <testcase classname="dBP_Login_ALL.ManpowerCount_TestNG" name="NewCar_DirectMP_SalesM" time="0.031"/>
  <system-out/>
  <testcase classname="dBP_Login_ALL.ManpowerCount_TestNG" name="NewCar_DirectMP_RelationM" time="0.016"/>
  <system-out/>
  <testcase classname="dBP_Login_ALL.ManpowerCount_TestNG" name="NewCar_DirectMP_TeamL" time="0.034"/>
  <system-out/>
  <testcase classname="dBP_Login_ALL.ManpowerCount_TestNG" name="NewCar_InDirectMP_QCM" time="0.013"/>
  <system-out/>
  <testcase classname="dBP_Login_ALL.ManpowerCount_TestNG" name="NewCar_InDirectMP_QCE" time="0.031"/>
  <system-out/>
  <testcase classname="dBP_Login_ALL.ManpowerCount_TestNG" name="NewCar_InDirectMP_ServiceAd" time="0.016"/>
  <system-out/>
  <testcase classname="dBP_Login_ALL.ManpowerCount_TestNG" name="NewCar_InDirectMP_LobbyM" time="0.015"/>
  <system-out/>
  <testcase classname="dBP_Login_ALL.ManpowerCount_TestNG" name="NewCar_InDirectMP_Receptionist" time="0.032"/>
  <system-out/>
  <testcase classname="dBP_Login_ALL.ManpowerCount_TestNG" name="NewCar_InDirectMP_DeliveryCoordinator" time="0.017"/>
  <system-out/>
  <testcase classname="dBP_Login_ALL.ManpowerCount_TestNG" name="NewCar_InDirectMP_Autocard" time="0.015"/>
  <system-out/>
  <testcase classname="dBP_Login_ALL.ManpowerCount_TestNG" name="NewCar_InDirectMP_RegistrationRTO" time="0.017"/>
  <system-out/>
  <testcase classname="dBP_Login_ALL.ManpowerCount_TestNG" name="NewCar_InDirectMP_Telecallers" time="0.027"/>
  <system-out/>
  <testcase classname="dBP_Login_ALL.ManpowerCount_TestNG" name="NewCar_InDirectMP_DataEntryOperator" time="0.019"/>
  <system-out/>
  <testcase classname="dBP_Login_ALL.ManpowerCount_TestNG" name="NewCar_InDirectMP_Anysupportstaff" time="0.016"/>
  <system-out/>
  <testcase classname="dBP_Login_ALL.ManpowerCount_TestNG" name="NewCar_InDirectMP_Security" time="0.016"/>
  <system-out/>
  <testcase classname="dBP_Login_ALL.ManpowerCount_TestNG" name="NewCar_InDirectMP_Drivers" time="0.016"/>
  <system-out/>
  <testcase classname="dBP_Login_ALL.ManpowerCount_TestNG" name="NewCar_InDirectMP_Peons" time="0.018"/>
  <system-out/>
  <testcase classname="dBP_Login_ALL.ManpowerCount_TestNG" name="NewCar_InDirectMP_Sweepers" time="0.022"/>
  <system-out/>
  <testcase classname="dBP_Login_ALL.ManpowerCount_TestNG" name="NewCar_InDirectMP_Cleaners" time="0.034"/>
  <system-out/>
  <testcase classname="dBP_Login_ALL.ManpowerCount_TestNG" name="NewCar_InDirectMP_AnyOther" time="0.016"/>
  <system-out/>
  <testcase classname="dBP_Login_ALL.ManpowerCount_TestNG" name="NewCar_DirectMP_Total" time="0.000"/>
  <system-out/>
  <testcase classname="dBP_Login_ALL.ManpowerCount_TestNG" name="NewCar_InDirectMP_Total" time="0.000"/>
  <system-out/>
  <testcase classname="dBP_Login_ALL.ManpowerCount_TestNG" name="ClickOn_MSGA" time="5.795"/>
  <system-out/>
  <testcase classname="dBP_Login_ALL.ManpowerCount_TestNG" name="MSGA_DirectMP_Manager" time="0.018"/>
  <system-out/>
  <testcase classname="dBP_Login_ALL.ManpowerCount_TestNG" name="MSGA_DirectMP_Executives" time="0.023"/>
  <system-out/>
  <testcase classname="dBP_Login_ALL.ManpowerCount_TestNG" name="MSGA_DirectMP_Fitter" time="0.026"/>
  <system-out/>
  <testcase classname="dBP_Login_ALL.ManpowerCount_TestNG" name="MSGA_InDirectMP_Anysupportstaff" time="0.017"/>
  <system-out/>
  <testcase classname="dBP_Login_ALL.ManpowerCount_TestNG" name="MSGA_InDirectMP_Anyotherstaff" time="0.035"/>
  <system-out/>
  <testcase classname="dBP_Login_ALL.ManpowerCount_TestNG" name="MSGA_DirectMP_Total" time="0.001"/>
  <system-out/>
  <testcase classname="dBP_Login_ALL.ManpowerCount_TestNG" name="MSGA_InDirectMP_Total" time="0.001"/>
  <system-out/>
  <testcase classname="dBP_Login_ALL.ManpowerCount_TestNG" name="ClickOn_WBSP" time="10.980"/>
  <system-out/>
  <testcase classname="dBP_Login_ALL.ManpowerCount_TestNG" name="WBSP_DirectMP_VicePresident" time="0.031"/>
  <system-out/>
  <testcase classname="dBP_Login_ALL.ManpowerCount_TestNG" name="WBSP_DirectMP_GeneralManager" time="0.015"/>
  <system-out/>
  <testcase classname="dBP_Login_ALL.ManpowerCount_TestNG" name="WBSP_DirectMP_WorksManager" time="0.032"/>
  <system-out/>
  <testcase classname="dBP_Login_ALL.ManpowerCount_TestNG" name="WBSP_DirectMP_FloorController" time="0.016"/>
  <system-out/>
  <testcase classname="dBP_Login_ALL.ManpowerCount_TestNG" name="WBSP_DirectMP_ServiceAdvisor" time="0.031"/>
  <system-out/>
  <testcase classname="dBP_Login_ALL.ManpowerCount_TestNG" name="WBSP_DirectMP_TechnicalAdvisor" time="0.016"/>
  <system-out/>
  <testcase classname="dBP_Login_ALL.ManpowerCount_TestNG" name="WBSP_DirectMP_MechanicsTechnicians" time="0.036"/>
  <system-out/>
  <testcase classname="dBP_Login_ALL.ManpowerCount_TestNG" name="WBSP_DirectMP_FinalInspector" time="0.024"/>
  <system-out/>
  <testcase classname="dBP_Login_ALL.ManpowerCount_TestNG" name="WBSP_DirectMP_WashingManpower" time="0.021"/>
  <system-out/>
  <testcase classname="dBP_Login_ALL.ManpowerCount_TestNG" name="WBSP_DirectMP_WashingSupervisor" time="0.016"/>
  <system-out/>
  <testcase classname="dBP_Login_ALL.ManpowerCount_TestNG" name="WBSP_DirectMP_Denter" time="0.015"/>
  <system-out/>
  <testcase classname="dBP_Login_ALL.ManpowerCount_TestNG" name="WBSP_DirectMP_Electricians" time="0.032"/>
  <system-out/>
  <testcase classname="dBP_Login_ALL.ManpowerCount_TestNG" name="WBSP_DirectMP_AssistantWorksManager" time="0.015"/>
  <system-out/>
  <testcase classname="dBP_Login_ALL.ManpowerCount_TestNG" name="WBSP_DirectMP_PDISupervisor" time="0.016"/>
  <system-out/>
  <testcase classname="dBP_Login_ALL.ManpowerCount_TestNG" name="WBSP_DirectMP_PDITechnicians" time="0.031"/>
  <system-out/>
  <testcase classname="dBP_Login_ALL.ManpowerCount_TestNG" name="WBSP_DirectMP_Others" time="0.016"/>
  <system-out/>
  <testcase classname="dBP_Login_ALL.ManpowerCount_TestNG" name="WBSP_DirectMP_BodyshopManager" time="0.016"/>
  <system-out/>
  <testcase classname="dBP_Login_ALL.ManpowerCount_TestNG" name="WBSP_DirectMP_BodyShop_ServiceAdvisor" time="0.031"/>
  <system-out/>
  <testcase classname="dBP_Login_ALL.ManpowerCount_TestNG" name="WBSP_DirectMP_BodyShop_Supervisor" time="0.016"/>
  <system-out/>
  <testcase classname="dBP_Login_ALL.ManpowerCount_TestNG" name="WBSP_DirectMP_BodyShop_MechanicsTechnicians" time="0.031"/>
  <system-out/>
  <testcase classname="dBP_Login_ALL.ManpowerCount_TestNG" name="WBSP_DirectMP_BodyShop_Denter" time="0.016"/>
  <system-out/>
  <testcase classname="dBP_Login_ALL.ManpowerCount_TestNG" name="WBSP_DirectMP_BodyShop_Painter" time="0.031"/>
  <system-out/>
  <testcase classname="dBP_Login_ALL.ManpowerCount_TestNG" name="WBSP_DirectMP_BodyShop_FinalInspector" time="0.016"/>
  <system-out/>
  <testcase classname="dBP_Login_ALL.ManpowerCount_TestNG" name="WBSP_DirectMP_BodyShop_Electricians" time="0.031"/>
  <system-out/>
  <testcase classname="dBP_Login_ALL.ManpowerCount_TestNG" name="WBSP_InDirectMP_CustomerCareManager" time="0.021"/>
  <system-out/>
  <testcase classname="dBP_Login_ALL.ManpowerCount_TestNG" name="WBSP_InDirectMP_CustomerCareExecutives" time="0.027"/>
  <system-out/>
  <testcase classname="dBP_Login_ALL.ManpowerCount_TestNG" name="WBSP_InDirectMP_CrackTeams" time="0.015"/>
  <system-out/>
  <testcase classname="dBP_Login_ALL.ManpowerCount_TestNG" name="WBSP_InDirectMP_ReceptionHostess" time="0.031"/>
  <system-out/>
  <testcase classname="dBP_Login_ALL.ManpowerCount_TestNG" name="WBSP_InDirectMP_TrainingCordinator" time="0.016"/>
  <system-out/>
  <testcase classname="dBP_Login_ALL.ManpowerCount_TestNG" name="WBSP_InDirectMP_Maintenance" time="0.016"/>
  <system-out/>
  <testcase classname="dBP_Login_ALL.ManpowerCount_TestNG" name="WBSP_InDirectMP_Marketingteam" time="0.014"/>
  <system-out/>
  <testcase classname="dBP_Login_ALL.ManpowerCount_TestNG" name="WBSP_InDirectMP_Telecallers" time="0.029"/>
  <system-out/>
  <testcase classname="dBP_Login_ALL.ManpowerCount_TestNG" name="WBSP_InDirectMP_FrontOffice" time="0.018"/>
  <system-out/>
  <testcase classname="dBP_Login_ALL.ManpowerCount_TestNG" name="WBSP_InDirectMP_Cashier" time="0.017"/>
  <system-out/>
  <testcase classname="dBP_Login_ALL.ManpowerCount_TestNG" name="WBSP_InDirectMP_Autocard" time="0.014"/>
  <system-out/>
  <testcase classname="dBP_Login_ALL.ManpowerCount_TestNG" name="WBSP_InDirectMP_Anyothersupportstaff" time="0.020"/>
  <system-out/>
  <testcase classname="dBP_Login_ALL.ManpowerCount_TestNG" name="WBSP_InDirectMP_Security" time="0.017"/>
  <system-out/>
  <testcase classname="dBP_Login_ALL.ManpowerCount_TestNG" name="WBSP_InDirectMP_Drivers" time="0.031"/>
  <system-out/>
  <testcase classname="dBP_Login_ALL.ManpowerCount_TestNG" name="WBSP_InDirectMP_Peons" time="0.017"/>
  <system-out/>
  <testcase classname="dBP_Login_ALL.ManpowerCount_TestNG" name="WBSP_InDirectMP_Sweepers" time="0.016"/>
  <system-out/>
  <testcase classname="dBP_Login_ALL.ManpowerCount_TestNG" name="WBSP_InDirectMP_Cleaners" time="0.031"/>
  <system-out/>
  <testcase classname="dBP_Login_ALL.ManpowerCount_TestNG" name="WBSP_InDirectMP_LiftHandler" time="0.015"/>
  <system-out/>
  <testcase classname="dBP_Login_ALL.ManpowerCount_TestNG" name="WBSP_InDirectMP_AnyOther" time="0.032"/>
  <system-out/>
  <testcase classname="dBP_Login_ALL.ManpowerCount_TestNG" name="WBSP_DirectMP_Total" time="0.000"/>
  <system-out/>
  <testcase classname="dBP_Login_ALL.ManpowerCount_TestNG" name="WBSP_InDirectMP_Total" time="0.000"/>
  <system-out/>
  <testcase classname="dBP_Login_ALL.ManpowerCount_TestNG" name="ClickOn_Spares" time="10.911"/>
  <system-out/>
  <testcase classname="dBP_Login_ALL.ManpowerCount_TestNG" name="Spares_DirectMP_Manager" time="0.022"/>
  <system-out/>
  <testcase classname="dBP_Login_ALL.ManpowerCount_TestNG" name="Spares_DirectMP_AsstManager" time="0.028"/>
  <system-out/>
  <testcase classname="dBP_Login_ALL.ManpowerCount_TestNG" name="Spares_DirectMP_Storekeepers" time="0.017"/>
  <system-out/>
  <testcase classname="dBP_Login_ALL.ManpowerCount_TestNG" name="Spares_DirectMP_Pickers" time="0.026"/>
  <system-out/>
  <testcase classname="dBP_Login_ALL.ManpowerCount_TestNG" name="Spares_InDirectMP_Anysupportstaff" time="0.021"/>
  <system-out/>
  <testcase classname="dBP_Login_ALL.ManpowerCount_TestNG" name="Spares_InDirectMP_Anyotherstaff" time="0.017"/>
  <system-out/>
  <testcase classname="dBP_Login_ALL.ManpowerCount_TestNG" name="Spares_DirectMP_Total" time="0.000"/>
  <system-out/>
  <testcase classname="dBP_Login_ALL.ManpowerCount_TestNG" name="Spares_InDirectMP_Total" time="0.000"/>
  <system-out/>
  <testcase classname="dBP_Login_ALL.ManpowerCount_TestNG" name="ClickOn_TrueValue" time="8.043"/>
  <system-out/>
  <testcase classname="dBP_Login_ALL.ManpowerCount_TestNG" name="TrueValue_DirectMP_Manager" time="0.030"/>
  <system-out/>
  <testcase classname="dBP_Login_ALL.ManpowerCount_TestNG" name="TrueValue_DirectMP_TLSales" time="0.020"/>
  <system-out/>
  <testcase classname="dBP_Login_ALL.ManpowerCount_TestNG" name="TrueValue_DirectMP_DSESales" time="0.016"/>
  <system-out/>
  <testcase classname="dBP_Login_ALL.ManpowerCount_TestNG" name="TrueValue_DirectMP_Marketing" time="0.016"/>
  <system-out/>
  <testcase classname="dBP_Login_ALL.ManpowerCount_TestNG" name="TrueValue_DirectMP_SourcingExecutive" time="0.016"/>
  <system-out/>
  <testcase classname="dBP_Login_ALL.ManpowerCount_TestNG" name="TrueValue_DirectMP_TLSourcing" time="0.015"/>
  <system-out/>
  <testcase classname="dBP_Login_ALL.ManpowerCount_TestNG" name="TrueValue_DirectMP_RefurbishmentSupervisor" time="0.016"/>
  <system-out/>
  <testcase classname="dBP_Login_ALL.ManpowerCount_TestNG" name="TrueValue_InDirectMP_CCM" time="0.015"/>
  <system-out/>
  <testcase classname="dBP_Login_ALL.ManpowerCount_TestNG" name="TrueValue_InDirectMP_Telecaller" time="0.032"/>
  <system-out/>
  <testcase classname="dBP_Login_ALL.ManpowerCount_TestNG" name="TrueValue_InDirectMP_Receptionist" time="0.016"/>
  <system-out/>
  <testcase classname="dBP_Login_ALL.ManpowerCount_TestNG" name="TrueValue_InDirectMP_DataEntryOperator" time="0.015"/>
  <system-out/>
  <testcase classname="dBP_Login_ALL.ManpowerCount_TestNG" name="TrueValue_InDirectMP_Anyothersupportstaff" time="0.016"/>
  <system-out/>
  <testcase classname="dBP_Login_ALL.ManpowerCount_TestNG" name="TrueValue_InDirectMP_Security" time="0.029"/>
  <system-out/>
  <testcase classname="dBP_Login_ALL.ManpowerCount_TestNG" name="TrueValue_InDirectMP_Drivers" time="0.016"/>
  <system-out/>
  <testcase classname="dBP_Login_ALL.ManpowerCount_TestNG" name="TrueValue_InDirectMP_Peons" time="0.033"/>
  <system-out/>
  <testcase classname="dBP_Login_ALL.ManpowerCount_TestNG" name="TrueValue_InDirectMP_Sweepers" time="0.015"/>
  <system-out/>
  <testcase classname="dBP_Login_ALL.ManpowerCount_TestNG" name="TrueValue_InDirectMP_Cleaners" time="0.032"/>
  <system-out/>
  <testcase classname="dBP_Login_ALL.ManpowerCount_TestNG" name="TrueValue_InDirectMP_Anyother" time="0.024"/>
  <system-out/>
  <testcase classname="dBP_Login_ALL.ManpowerCount_TestNG" name="TrueValue_DirectMP_Total" time="0.000"/>
  <system-out/>
  <testcase classname="dBP_Login_ALL.ManpowerCount_TestNG" name="TrueValue_InDirectMP_Total" time="0.000"/>
  <system-out/>
  <testcase classname="dBP_Login_ALL.ManpowerCount_TestNG" name="ClickOn_MIRenewal" time="6.886"/>
  <system-out/>
  <testcase classname="dBP_Login_ALL.ManpowerCount_TestNG" name="MIRenewal_DirectMP_Manager" time="0.016"/>
  <system-out/>
  <testcase classname="dBP_Login_ALL.ManpowerCount_TestNG" name="MIRenewal_DirectMP_TeleCaller" time="0.019"/>
  <system-out/>
  <testcase classname="dBP_Login_ALL.ManpowerCount_TestNG" name="MIRenewal_DirectMP_FieldPersonnel" time="0.033"/>
  <system-out/>
  <testcase classname="dBP_Login_ALL.ManpowerCount_TestNG" name="MIRenewal_DirectMP_Executives" time="0.022"/>
  <system-out/>
  <testcase classname="dBP_Login_ALL.ManpowerCount_TestNG" name="MIRenewal_InDirectMP_Anysupportstaff" time="0.020"/>
  <system-out/>
  <testcase classname="dBP_Login_ALL.ManpowerCount_TestNG" name="MIRenewal_InDirectMP_Anyotherstaff" time="0.018"/>
  <system-out/>
  <testcase classname="dBP_Login_ALL.ManpowerCount_TestNG" name="MIRenewal_DirectMP_Total" time="0.000"/>
  <system-out/>
  <testcase classname="dBP_Login_ALL.ManpowerCount_TestNG" name="MIRenewal_InDirectMP_Total" time="0.000"/>
  <system-out/>
  <testcase classname="dBP_Login_ALL.ManpowerCount_TestNG" name="ClickOn_MDS" time="6.580"/>
  <system-out/>
  <testcase classname="dBP_Login_ALL.ManpowerCount_TestNG" name="MDS_DirectMP_Manager" time="0.019"/>
  <system-out/>
  <testcase classname="dBP_Login_ALL.ManpowerCount_TestNG" name="MDS_DirectMP_Trainer" time="0.031"/>
  <system-out/>
  <testcase classname="dBP_Login_ALL.ManpowerCount_TestNG" name="MDS_InDirectMP_Anysupportstaff" time="0.016"/>
  <system-out/>
  <testcase classname="dBP_Login_ALL.ManpowerCount_TestNG" name="MDS_InDirectMP_Anyotherstaff" time="0.017"/>
  <system-out/>
  <testcase classname="dBP_Login_ALL.ManpowerCount_TestNG" name="MDS_DirectMP_Total" time="0.000"/>
  <system-out/>
  <testcase classname="dBP_Login_ALL.ManpowerCount_TestNG" name="MDS_InDirectMP_Total" time="0.000"/>
  <system-out/>
  <testcase classname="dBP_Login_ALL.ManpowerCount_TestNG" name="ClickOn_CommonMP" time="8.125"/>
  <system-out/>
  <testcase classname="dBP_Login_ALL.ManpowerCount_TestNG" name="CommonMP_DirectMP_Manager" time="0.037"/>
  <system-out/>
  <testcase classname="dBP_Login_ALL.ManpowerCount_TestNG" name="CommonMP_DirectMP_Executives" time="0.012"/>
  <system-out/>
  <testcase classname="dBP_Login_ALL.ManpowerCount_TestNG" name="CommonMP_DirectMP_FieldPersonnel" time="0.032"/>
  <system-out/>
  <testcase classname="dBP_Login_ALL.ManpowerCount_TestNG" name="CommonMP_DirectMP_Cashiers" time="0.015"/>
  <system-out/>
  <testcase classname="dBP_Login_ALL.ManpowerCount_TestNG" name="CommonMP_DirectMP_Finance_Manager" time="0.016"/>
  <system-out/>
  <testcase classname="dBP_Login_ALL.ManpowerCount_TestNG" name="CommonMP_InDirectMP_EDP" time="0.031"/>
  <system-out/>
  <testcase classname="dBP_Login_ALL.ManpowerCount_TestNG" name="CommonMP_InDirectMP_HR" time="0.021"/>
  <system-out/>
  <testcase classname="dBP_Login_ALL.ManpowerCount_TestNG" name="CommonMP_InDirectMP_Admin" time="0.011"/>
  <system-out/>
  <testcase classname="dBP_Login_ALL.ManpowerCount_TestNG" name="CommonMP_InDirectMP_Auditors" time="0.031"/>
  <system-out/>
  <testcase classname="dBP_Login_ALL.ManpowerCount_TestNG" name="CommonMP_InDirectMP_Anyothersupportstaff" time="0.016"/>
  <system-out/>
  <testcase classname="dBP_Login_ALL.ManpowerCount_TestNG" name="CommonMP_InDirectMP_CEO" time="0.015"/>
  <system-out/>
  <testcase classname="dBP_Login_ALL.ManpowerCount_TestNG" name="CommonMP_InDirectMP_Director" time="0.027"/>
  <system-out/>
  <testcase classname="dBP_Login_ALL.ManpowerCount_TestNG" name="CommonMP_InDirectMP_ExecutiveDirector" time="0.021"/>
  <system-out/>
  <testcase classname="dBP_Login_ALL.ManpowerCount_TestNG" name="CommonMP_InDirectMP_HRHead" time="0.015"/>
  <system-out/>
  <testcase classname="dBP_Login_ALL.ManpowerCount_TestNG" name="CommonMP_InDirectMP_Promoters" time="0.032"/>
  <system-out/>
  <testcase classname="dBP_Login_ALL.ManpowerCount_TestNG" name="CommonMP_InDirectMP_Owner" time="0.026"/>
  <system-out/>
  <testcase classname="dBP_Login_ALL.ManpowerCount_TestNG" name="CommonMP_InDirectMP_AnyOtherTelecallers" time="0.021"/>
  <system-out/>
  <testcase classname="dBP_Login_ALL.ManpowerCount_TestNG" name="CommonMP_InDirectMP_Anyotherstaff" time="0.020"/>
  <system-out/>
  <testcase classname="dBP_Login_ALL.ManpowerCount_TestNG" name="CommonMP_DirectMP_Total" time="0.000"/>
  <system-out/>
  <testcase classname="dBP_Login_ALL.ManpowerCount_TestNG" name="CommonMP_InDirectMP_Total" time="3.010"/>
  <system-out/>
  <testcase classname="dBP_Login_ALL.ManpowerCount_TestNG" name="Save_the_Data" time="4.415"/>
  <system-out/>
</testsuite> <!-- dBP_Login_ALL.ManpowerCount_TestNG -->
