<?xml version="1.0" encoding="UTF-8"?>
<!-- Generated by org.testng.reporters.JUnitReportReporter -->
<testsuite hostname="DESKTOP-N9F7EI8" failures="0" tests="14" name="dBP_Login_ALL.Network_Details" time="10.614" errors="0" timestamp="2024-06-05T11:56:35 IST" skipped="0">
  <testcase classname="dBP_Login_ALL.Network_Details" name="Bodyshop_E_Workshops_In_Network_details" time="0.031"/>
  <system-out/>
  <testcase classname="dBP_Login_ALL.Network_Details" name="R_Outlets_In_Network_details" time="0.031"/>
  <system-out/>
  <testcase classname="dBP_Login_ALL.Network_Details" name="Workshop_MSSSP_In_Network_details" time="0.027"/>
  <system-out/>
  <testcase classname="dBP_Login_ALL.Network_Details" name="clearData" time="6.724"/>
  <system-out/>
  <testcase classname="dBP_Login_ALL.Network_Details" name="Workshop_E_Workshops_In_Network_details" time="0.036"/>
  <system-out/>
  <testcase classname="dBP_Login_ALL.Network_Details" name="Bodyshop_R_Workshops_In_Network_details" time="0.023"/>
  <system-out/>
  <testcase classname="dBP_Login_ALL.Network_Details" name="BodyShop_Main_Workshops_In_Network_details" time="0.048"/>
  <system-out/>
  <testcase classname="dBP_Login_ALL.Network_Details" name="Bodyshop_MSSSP_In_Network_details" time="0.040"/>
  <system-out/>
  <testcase classname="dBP_Login_ALL.Network_Details" name="Main_Outlets_In_Network_details" time="0.031"/>
  <system-out/>
  <testcase classname="dBP_Login_ALL.Network_Details" name="E_Outlets_In_Network_details" time="0.031"/>
  <system-out/>
  <testcase classname="dBP_Login_ALL.Network_Details" name="Workshop_Main_Workshops_In_Network_details" time="0.032"/>
  <system-out/>
  <testcase classname="dBP_Login_ALL.Network_Details" name="Workshop_R_Workshops_In_Network_details" time="0.031"/>
  <system-out/>
  <testcase classname="dBP_Login_ALL.Network_Details" name="True_Value_Outlet_In_Network_details" time="0.032"/>
  <system-out/>
  <testcase classname="dBP_Login_ALL.Network_Details" name="Save_the_Data" time="3.497"/>
  <system-out/>
</testsuite> <!-- dBP_Login_ALL.Network_Details -->
