<?xml version="1.0" encoding="UTF-8"?>
<!-- Generated by org.testng.reporters.JUnitReportReporter -->
<testsuite hostname="DESKTOP-N9F7EI8" failures="0" tests="23" name="dBP_all_Modules.MDS" time="37.142" errors="0" timestamp="2024-05-31T12:19:41 IST" skipped="0">
  <testcase classname="dBP_all_Modules.MDS" name="Click_on_NewCars" time="3.910"/>
  <system-out/>
  <testcase classname="dBP_all_Modules.MDS" name="click_on_IntrestCost" time="3.783"/>
  <system-out/>
  <testcase classname="dBP_all_Modules.MDS" name="click_on_ManPowerCost" time="8.136"/>
  <system-out/>
  <testcase classname="dBP_all_Modules.MDS" name="clearData" time="13.298"/>
  <system-out/>
  <testcase classname="dBP_all_Modules.MDS" name="Save_the_Data" time="7.767"/>
  <system-out/>
  <testcase classname="dBP_all_Modules.MDS" name="MDS_Enrollment_Income_QTY" time="0.063"/>
  <system-out/>
  <testcase classname="dBP_all_Modules.MDS" name="MDS_Enrollment_Income_Amount" time="0.041"/>
  <system-out/>
  <testcase classname="dBP_all_Modules.MDS" name="MDS_Incentives_Amount" time="0.033"/>
  <system-out/>
  <testcase classname="dBP_all_Modules.MDS" name="Any_other_Income_amount" time="0.048"/>
  <system-out/>
  <testcase classname="dBP_all_Modules.MDS" name="Any_other_Expense_MDS_only" time="0.060"/>
  <system-out/>
  <testcase classname="dBP_all_Modules.MDS" name="Per_new_cars__Income_Of_MDS_Enrollment" time="0.000"/>
  <system-out/>
  <testcase classname="dBP_all_Modules.MDS" name="Per_new_cars__Income_Of_MDS_Incentives" time="0.003"/>
  <system-out/>
  <testcase classname="dBP_all_Modules.MDS" name="Per_new_cars__Income_Of_Any_other_Income" time="0.000"/>
  <system-out/>
  <testcase classname="dBP_all_Modules.MDS" name="Per_new_cars__Expense_Of_Manpower_Cost_and_salary_Incentives" time="0.000"/>
  <system-out/>
  <testcase classname="dBP_all_Modules.MDS" name="Per_new_cars__Expense_Of_Short_term_Interest_Cost" time="0.000"/>
  <system-out/>
  <testcase classname="dBP_all_Modules.MDS" name="Per_New_cars_Expense_Of_Any_other_Expense_MDS_only" time="0.000"/>
  <system-out/>
  <testcase classname="dBP_all_Modules.MDS" name="Total_MDS_Income_A" time="0.000"/>
  <system-out/>
  <testcase classname="dBP_all_Modules.MDS" name="Per_New_cars_Expense_Of_Total_MDS_Income_A" time="0.000"/>
  <system-out/>
  <testcase classname="dBP_all_Modules.MDS" name="Net_Earning_from_MDS_A_B" time="0.000"/>
  <system-out/>
  <testcase classname="dBP_all_Modules.MDS" name="Net_Earning_from_MDS_A_B_of_per_New_Car_Income" time="0.000"/>
  <system-out/>
  <testcase classname="dBP_all_Modules.MDS" name="Total_MDS_Direct_Expense_B" time="0.000"/>
  <system-out/>
  <testcase classname="dBP_all_Modules.MDS" name="Total_MDS_Direct_Expense_B_of_per_New_cars_Expenses" time="0.000"/>
  <system-out/>
  <testcase classname="dBP_all_Modules.MDS" name="Net_Earning_from_MDS_Enrolments" time="0.000"/>
  <system-out/>
</testsuite> <!-- dBP_all_Modules.MDS -->
