<?xml version="1.0" encoding="UTF-8"?>
<!-- Generated by org.testng.reporters.JUnitReportReporter -->
<testsuite hostname="DESKTOP-N9F7EI8" failures="0" tests="177" name="dBP_Login_ALL.STOCKS" time="4.319" errors="0" timestamp="2024-06-05T11:56:35 IST" skipped="0">
  <testcase classname="dBP_Login_ALL.STOCKS" name="Opening_Stock__Qty_Of_ERTIGA" time="0.032"/>
  <system-out/>
  <testcase classname="dBP_Login_ALL.STOCKS" name="CAlCULATION_OF_Margin_Per_Cars_In__Celerio" time="0.000"/>
  <system-out/>
  <testcase classname="dBP_Login_ALL.STOCKS" name="TOTAL_Closing_Stock_amount" time="0.001"/>
  <system-out/>
  <testcase classname="dBP_Login_ALL.STOCKS" name="Consumer_Offer_Exchange_Bonus_Of_Wagon_R" time="0.032"/>
  <system-out/>
  <testcase classname="dBP_Login_ALL.STOCKS" name="CAlCULATION_OF_Margin_Per_Cars_In__SWIFT" time="0.000"/>
  <system-out/>
  <testcase classname="dBP_Login_ALL.STOCKS" name="DRF_Of_S_presso" time="0.031"/>
  <system-out/>
  <testcase classname="dBP_Login_ALL.STOCKS" name="CAlCULATION_OF_Total_Discount_In__EECO" time="0.000"/>
  <system-out/>
  <testcase classname="dBP_Login_ALL.STOCKS" name="TOTAL_Dealer_Compulsion_Discount" time="0.001"/>
  <system-out/>
  <testcase classname="dBP_Login_ALL.STOCKS" name="CAlCULATION_OF_RETAIL_SALES_QTY_Of__DZIRE" time="0.000"/>
  <system-out/>
  <testcase classname="dBP_Login_ALL.STOCKS" name="TOTAL_WholeSale_Amount" time="0.000"/>
  <system-out/>
  <testcase classname="dBP_Login_ALL.STOCKS" name="Consumer_Offer_Exchange_Bonus_Of_SuperCarry" time="0.016"/>
  <system-out/>
  <testcase classname="dBP_Login_ALL.STOCKS" name="CAlCULATION_OF_DRF_Per_Cars_In__ERTIGA" time="0.000"/>
  <system-out/>
  <testcase classname="dBP_Login_ALL.STOCKS" name="Dealer_Compulsion_Discount_Of_AltoK10" time="0.016"/>
  <system-out/>
  <testcase classname="dBP_Login_ALL.STOCKS" name="Consumer_Offer_Exchange_Bonus_Of_Brezza" time="0.032"/>
  <system-out/>
  <testcase classname="dBP_Login_ALL.STOCKS" name="CAlCULATION_OF_DRF_Per_Cars_In__DZIRE" time="0.000"/>
  <system-out/>
  <testcase classname="dBP_Login_ALL.STOCKS" name="Closing_stock_Amount_Of_AltoK10" time="0.038"/>
  <system-out/>
  <testcase classname="dBP_Login_ALL.STOCKS" name="CAlCULATION_OF_RETAIL_SALES_QTY_Of__EECO" time="0.000"/>
  <system-out/>
  <testcase classname="dBP_Login_ALL.STOCKS" name="Dealer_Compulsion_Discount_Of_SuperCarry" time="0.031"/>
  <system-out/>
  <testcase classname="dBP_Login_ALL.STOCKS" name="Opening_Stock__Qty_Of_CELERIO" time="0.040"/>
  <system-out/>
  <testcase classname="dBP_Login_ALL.STOCKS" name="WholeSale_Amount_Of_Brezza" time="0.033"/>
  <system-out/>
  <testcase classname="dBP_Login_ALL.STOCKS" name="CAlCULATION_OF_DRF_Per_Cars_In__BREZZA" time="0.000"/>
  <system-out/>
  <testcase classname="dBP_Login_ALL.STOCKS" name="CAlCULATION_OF_Total_Discount_In__DZIRE" time="0.000"/>
  <system-out/>
  <testcase classname="dBP_Login_ALL.STOCKS" name="CAlCULATION_OF_discount_Per_Cars_In__Celerio" time="0.000"/>
  <system-out/>
  <testcase classname="dBP_Login_ALL.STOCKS" name="Closing_stock_Qty_Of_Wagon_R" time="0.037"/>
  <system-out/>
  <testcase classname="dBP_Login_ALL.STOCKS" name="CAlCULATION_OF_RETAIL_SALES_QTY_Of__Celerio" time="0.000"/>
  <system-out/>
  <testcase classname="dBP_Login_ALL.STOCKS" name="TOTAL_WholeSale_Qty" time="0.000"/>
  <system-out/>
  <testcase classname="dBP_Login_ALL.STOCKS" name="Opening_Stock_Amount_Of_AltoK10" time="0.031"/>
  <system-out/>
  <testcase classname="dBP_Login_ALL.STOCKS" name="Opening_Stock_Amount_Of_ERTIGA" time="0.031"/>
  <system-out/>
  <testcase classname="dBP_Login_ALL.STOCKS" name="CAlCULATION_OF_discount_Per_Cars_In__BREZZA" time="0.000"/>
  <system-out/>
  <testcase classname="dBP_Login_ALL.STOCKS" name="CAlCULATION_OF_discount_Per_Cars_In__Spresso" time="0.000"/>
  <system-out/>
  <testcase classname="dBP_Login_ALL.STOCKS" name="TOTAL_Retail_sales_Qty" time="0.000"/>
  <system-out/>
  <testcase classname="dBP_Login_ALL.STOCKS" name="Opening_Stock__Qty_Of_Wagon_R" time="0.031"/>
  <system-out/>
  <testcase classname="dBP_Login_ALL.STOCKS" name="CAlCULATION_OF_Margin_Per_Cars_In__SUPER_CARRY" time="0.000"/>
  <system-out/>
  <testcase classname="dBP_Login_ALL.STOCKS" name="CAlCULATION_OF_Total_Discount_In__BREZZA" time="0.000"/>
  <system-out/>
  <testcase classname="dBP_Login_ALL.STOCKS" name="DRF_Of_AltoK10" time="0.031"/>
  <system-out/>
  <testcase classname="dBP_Login_ALL.STOCKS" name="CAlCULATION_OF_DRF_Per_Cars_In__WAGON_R" time="0.000"/>
  <system-out/>
  <testcase classname="dBP_Login_ALL.STOCKS" name="DRF_Of_Dzire" time="0.031"/>
  <system-out/>
  <testcase classname="dBP_Login_ALL.STOCKS" name="CAlCULATION_OF_margin_Amount_In_BREZZA" time="0.000"/>
  <system-out/>
  <testcase classname="dBP_Login_ALL.STOCKS" name="CAlCULATION_OF_Total_Discount_In__SWIFT" time="0.000"/>
  <system-out/>
  <testcase classname="dBP_Login_ALL.STOCKS" name="Closing_stock_Qty_Of_ECO" time="0.016"/>
  <system-out/>
  <testcase classname="dBP_Login_ALL.STOCKS" name="WholeSale_Qty_Of_SuperCarry" time="0.031"/>
  <system-out/>
  <testcase classname="dBP_Login_ALL.STOCKS" name="Opening_Stock_Amount_Of_ECO" time="0.016"/>
  <system-out/>
  <testcase classname="dBP_Login_ALL.STOCKS" name="WholeSale_Amount_Of_AltoK10" time="0.056"/>
  <system-out/>
  <testcase classname="dBP_Login_ALL.STOCKS" name="Consumer_Offer_Exchange_Bonus_Of_Dzire" time="0.032"/>
  <system-out/>
  <testcase classname="dBP_Login_ALL.STOCKS" name="CAlCULATION_OF_DRF_Per_Cars_In__EECO" time="0.000"/>
  <system-out/>
  <testcase classname="dBP_Login_ALL.STOCKS" name="Dealer_Compulsion_Discount_Of_CELERIO" time="0.031"/>
  <system-out/>
  <testcase classname="dBP_Login_ALL.STOCKS" name="Closing_stock_Amount_Of_ECO" time="0.032"/>
  <system-out/>
  <testcase classname="dBP_Login_ALL.STOCKS" name="CAlCULATION_OF_margin_Amount_In_Spresso" time="0.000"/>
  <system-out/>
  <testcase classname="dBP_Login_ALL.STOCKS" name="TOTAL_DRF" time="0.000"/>
  <system-out/>
  <testcase classname="dBP_Login_ALL.STOCKS" name="DRF_Of_ERTIGA" time="0.032"/>
  <system-out/>
  <testcase classname="dBP_Login_ALL.STOCKS" name="Closing_stock_Amount_Of_Dzire" time="0.016"/>
  <system-out/>
  <testcase classname="dBP_Login_ALL.STOCKS" name="WholeSale_Amount_Of_ECO" time="0.045"/>
  <system-out/>
  <testcase classname="dBP_Login_ALL.STOCKS" name="Opening_Stock__Qty_Of_ECO" time="0.031"/>
  <system-out/>
  <testcase classname="dBP_Login_ALL.STOCKS" name="Opening_Stock_Amount_Of_Brezza" time="0.032"/>
  <system-out/>
  <testcase classname="dBP_Login_ALL.STOCKS" name="Opening_Stock_Amount_Of_Dzire" time="0.031"/>
  <system-out/>
  <testcase classname="dBP_Login_ALL.STOCKS" name="Opening_Stock_Amount_Of_CELERIO" time="0.031"/>
  <system-out/>
  <testcase classname="dBP_Login_ALL.STOCKS" name="Retail_sales_Amount_Of_Swift" time="0.031"/>
  <system-out/>
  <testcase classname="dBP_Login_ALL.STOCKS" name="WholeSale_Amount_Of_ERTIGA" time="0.020"/>
  <system-out/>
  <testcase classname="dBP_Login_ALL.STOCKS" name="CAlCULATION_OF_discount_Per_Cars_In__DZIRE" time="0.000"/>
  <system-out/>
  <testcase classname="dBP_Login_ALL.STOCKS" name="CAlCULATION_OF_Total_Discount_In__ERTIGA" time="0.000"/>
  <system-out/>
  <testcase classname="dBP_Login_ALL.STOCKS" name="CAlCULATION_OF_Total_Discount_In__WAGON_R" time="0.000"/>
  <system-out/>
  <testcase classname="dBP_Login_ALL.STOCKS" name="CAlCULATION_OF_DRF_Per_Cars_In__Celerio" time="0.000"/>
  <system-out/>
  <testcase classname="dBP_Login_ALL.STOCKS" name="WholeSale_Amount_Of_SuperCarry" time="0.031"/>
  <system-out/>
  <testcase classname="dBP_Login_ALL.STOCKS" name="CAlCULATION_OF_margin_Amount_In_SWIFT" time="0.000"/>
  <system-out/>
  <testcase classname="dBP_Login_ALL.STOCKS" name="DRF_Of_ECO" time="0.015"/>
  <system-out/>
  <testcase classname="dBP_Login_ALL.STOCKS" name="Closing_stock_Qty_Of_Brezza" time="0.031"/>
  <system-out/>
  <testcase classname="dBP_Login_ALL.STOCKS" name="Dealer_Compulsion_Discount_Of_Brezza" time="0.032"/>
  <system-out/>
  <testcase classname="dBP_Login_ALL.STOCKS" name="Closing_stock_Amount_Of_Wagon_R" time="0.027"/>
  <system-out/>
  <testcase classname="dBP_Login_ALL.STOCKS" name="Retail_sales_Amount_Of_S_presso" time="0.031"/>
  <system-out/>
  <testcase classname="dBP_Login_ALL.STOCKS" name="Retail_sales_Amount_Of_Brezza" time="0.033"/>
  <system-out/>
  <testcase classname="dBP_Login_ALL.STOCKS" name="CAlCULATION_OF_discount_Per_Cars_In__SUPER_CARRY" time="0.000"/>
  <system-out/>
  <testcase classname="dBP_Login_ALL.STOCKS" name="WholeSale_Amount_Of_Wagon_R" time="0.015"/>
  <system-out/>
  <testcase classname="dBP_Login_ALL.STOCKS" name="CAlCULATION_OF_margin_Amount_In_DZIRE" time="0.000"/>
  <system-out/>
  <testcase classname="dBP_Login_ALL.STOCKS" name="WholeSale_Amount_Of_CELERIO" time="0.032"/>
  <system-out/>
  <testcase classname="dBP_Login_ALL.STOCKS" name="CAlCULATION_OF_RETAIL_SALES_QTY_Of__SPresso" time="0.000"/>
  <system-out/>
  <testcase classname="dBP_Login_ALL.STOCKS" name="Closing_stock_Amount_Of_CELERIO" time="0.031"/>
  <system-out/>
  <testcase classname="dBP_Login_ALL.STOCKS" name="CAlCULATION_OF_Total_Discount_In__Celerio" time="0.000"/>
  <system-out/>
  <testcase classname="dBP_Login_ALL.STOCKS" name="Closing_stock_Amount_Of_SuperCarry" time="0.009"/>
  <system-out/>
  <testcase classname="dBP_Login_ALL.STOCKS" name="WholeSale_Qty_Of_ERTIGA" time="0.032"/>
  <system-out/>
  <testcase classname="dBP_Login_ALL.STOCKS" name="Retail_sales_Amount_Of_SuperCarry" time="0.032"/>
  <system-out/>
  <testcase classname="dBP_Login_ALL.STOCKS" name="Opening_Stock__Qty_Of_Dzire" time="0.016"/>
  <system-out/>
  <testcase classname="dBP_Login_ALL.STOCKS" name="DRF_Of_Wagon_R" time="0.032"/>
  <system-out/>
  <testcase classname="dBP_Login_ALL.STOCKS" name="Opening_Stock_Amount_Of_S_presso" time="0.032"/>
  <system-out/>
  <testcase classname="dBP_Login_ALL.STOCKS" name="Consumer_Offer_Exchange_Bonus_Of_ECO" time="0.016"/>
  <system-out/>
  <testcase classname="dBP_Login_ALL.STOCKS" name="CAlCULATION_OF_margin_Amount_In_EECO" time="0.000"/>
  <system-out/>
  <testcase classname="dBP_Login_ALL.STOCKS" name="Opening_Stock__Qty_Of_AltoK10" time="0.031"/>
  <system-out/>
  <testcase classname="dBP_Login_ALL.STOCKS" name="DRF_Of_SuperCarry" time="0.010"/>
  <system-out/>
  <testcase classname="dBP_Login_ALL.STOCKS" name="CAlCULATION_OF_Margin_Per_Cars_In__WAGON_R" time="0.000"/>
  <system-out/>
  <testcase classname="dBP_Login_ALL.STOCKS" name="Retail_sales_Amount_Of_CELERIO" time="0.033"/>
  <system-out/>
  <testcase classname="dBP_Login_ALL.STOCKS" name="CAlCULATION_OF_DRF_per_Cars_In_ALTO" time="0.000"/>
  <system-out/>
  <testcase classname="dBP_Login_ALL.STOCKS" name="CAlCULATION_OF_Margin_per_Cars_In_ALTO" time="0.000"/>
  <system-out/>
  <testcase classname="dBP_Login_ALL.STOCKS" name="CAlCULATION_OF_Margin_Per_Cars_In__ERTIGA" time="0.000"/>
  <system-out/>
  <testcase classname="dBP_Login_ALL.STOCKS" name="Retail_sales_Amount_Of_Wagon_R" time="0.027"/>
  <system-out/>
  <testcase classname="dBP_Login_ALL.STOCKS" name="Dealer_Compulsion_Discount_Of_ECO" time="0.009"/>
  <system-out/>
  <testcase classname="dBP_Login_ALL.STOCKS" name="Closing_stock_Qty_Of_S_presso" time="0.032"/>
  <system-out/>
  <testcase classname="dBP_Login_ALL.STOCKS" name="Retail_sales_Amount_Of_ERTIGA" time="0.032"/>
  <system-out/>
  <testcase classname="dBP_Login_ALL.STOCKS" name="CAlCULATION_OF_margin_Amount_In_ALTO" time="0.000"/>
  <system-out/>
  <testcase classname="dBP_Login_ALL.STOCKS" name="CAlCULATION_OF_Total_Discount_In__Spresso" time="0.000"/>
  <system-out/>
  <testcase classname="dBP_Login_ALL.STOCKS" name="CAlCULATION_OF_discount_Per_Cars_In__WAGON_R" time="0.000"/>
  <system-out/>
  <testcase classname="dBP_Login_ALL.STOCKS" name="TOTAL_Discount" time="0.000"/>
  <system-out/>
  <testcase classname="dBP_Login_ALL.STOCKS" name="Consumer_Offer_Exchange_Bonus_Of_CELERIO" time="0.015"/>
  <system-out/>
  <testcase classname="dBP_Login_ALL.STOCKS" name="CAlCULATION_OF_margin_Amount_In_SUPER_CARRY" time="0.000"/>
  <system-out/>
  <testcase classname="dBP_Login_ALL.STOCKS" name="Closing_stock_Amount_Of_S_presso" time="0.034"/>
  <system-out/>
  <testcase classname="dBP_Login_ALL.STOCKS" name="WholeSale_Qty_Of_AltoK10" time="0.016"/>
  <system-out/>
  <testcase classname="dBP_Login_ALL.STOCKS" name="Closing_stock_Qty_Of_Dzire" time="0.031"/>
  <system-out/>
  <testcase classname="dBP_Login_ALL.STOCKS" name="Dealer_Compulsion_Discount_Of_ERTIGA" time="0.031"/>
  <system-out/>
  <testcase classname="dBP_Login_ALL.STOCKS" name="Opening_Stock__Qty_Of_SuperCarry" time="0.015"/>
  <system-out/>
  <testcase classname="dBP_Login_ALL.STOCKS" name="CAlCULATION_OF_Margin_Per_Cars_In__DZIRE" time="0.000"/>
  <system-out/>
  <testcase classname="dBP_Login_ALL.STOCKS" name="CAlCULATION_OF_RETAIL_SALES_QTY_Of__SWIFT" time="0.000"/>
  <system-out/>
  <testcase classname="dBP_Login_ALL.STOCKS" name="TOTAL_Consumer_Offer_ISL_RMK" time="0.000"/>
  <system-out/>
  <testcase classname="dBP_Login_ALL.STOCKS" name="TOTAL_Retail_sales_Amount" time="0.000"/>
  <system-out/>
  <testcase classname="dBP_Login_ALL.STOCKS" name="Consumer_Offer_Exchange_Bonus_Of_ERTIGA" time="0.057"/>
  <system-out/>
  <testcase classname="dBP_Login_ALL.STOCKS" name="WholeSale_Qty_Of_Dzire" time="0.032"/>
  <system-out/>
  <testcase classname="dBP_Login_ALL.STOCKS" name="Consumer_Offer_Exchange_Bonus_Of_Swift" time="0.031"/>
  <system-out/>
  <testcase classname="dBP_Login_ALL.STOCKS" name="CAlCULATION_OF_RETAIL_SALES_QTY_Of__BREZZA" time="0.000"/>
  <system-out/>
  <testcase classname="dBP_Login_ALL.STOCKS" name="CAlCULATION_OF_DRF_Per_Cars_In__SWIFT" time="0.000"/>
  <system-out/>
  <testcase classname="dBP_Login_ALL.STOCKS" name="TOTAL_Closing_Stock_Qty" time="0.001"/>
  <system-out/>
  <testcase classname="dBP_Login_ALL.STOCKS" name="CAlCULATION_OF_Total_Discount_In_ALTO" time="0.000"/>
  <system-out/>
  <testcase classname="dBP_Login_ALL.STOCKS" name="WholeSale_Qty_Of_S_presso" time="0.031"/>
  <system-out/>
  <testcase classname="dBP_Login_ALL.STOCKS" name="Closing_stock_Qty_Of_CELERIO" time="0.032"/>
  <system-out/>
  <testcase classname="dBP_Login_ALL.STOCKS" name="CAlCULATION_OF_discount_Per_Cars_In__SWIFT" time="0.000"/>
  <system-out/>
  <testcase classname="dBP_Login_ALL.STOCKS" name="Closing_stock_Qty_Of_ERTIGA" time="0.031"/>
  <system-out/>
  <testcase classname="dBP_Login_ALL.STOCKS" name="CAlCULATION_OF_DRF_Per_Cars_In__SUPER_CARRY" time="0.000"/>
  <system-out/>
  <testcase classname="dBP_Login_ALL.STOCKS" name="TOTAL_Opening_stock_QTY" time="0.000"/>
  <system-out/>
  <testcase classname="dBP_Login_ALL.STOCKS" name="Dealer_Compulsion_Discount_Of_Dzire" time="0.036"/>
  <system-out/>
  <testcase classname="dBP_Login_ALL.STOCKS" name="Retail_sales_Amount_Of_ECO" time="0.021"/>
  <system-out/>
  <testcase classname="dBP_Login_ALL.STOCKS" name="WholeSale_Qty_Of_ECO" time="0.031"/>
  <system-out/>
  <testcase classname="dBP_Login_ALL.STOCKS" name="Closing_stock_Amount_Of_Brezza" time="0.025"/>
  <system-out/>
  <testcase classname="dBP_Login_ALL.STOCKS" name="Retail_sales_Amount_Of_Dzire" time="0.031"/>
  <system-out/>
  <testcase classname="dBP_Login_ALL.STOCKS" name="WholeSale_Amount_Of_S_presso" time="0.032"/>
  <system-out/>
  <testcase classname="dBP_Login_ALL.STOCKS" name="CAlCULATION_OF_Margin_Per_Cars_In__Spresso" time="0.000"/>
  <system-out/>
  <testcase classname="dBP_Login_ALL.STOCKS" name="Opening_Stock__Qty_Of_Swift" time="0.048"/>
  <system-out/>
  <testcase classname="dBP_Login_ALL.STOCKS" name="Closing_stock_Amount_Of_ERTIGA" time="0.016"/>
  <system-out/>
  <testcase classname="dBP_Login_ALL.STOCKS" name="CAlCULATION_OF_RETAIL_SALES_QTY_Of__ERTIGA" time="0.016"/>
  <system-out/>
  <testcase classname="dBP_Login_ALL.STOCKS" name="Opening_Stock_Amount_Of_Wagon_R" time="0.031"/>
  <system-out/>
  <testcase classname="dBP_Login_ALL.STOCKS" name="WholeSale_Qty_Of_Brezza" time="0.038"/>
  <system-out/>
  <testcase classname="dBP_Login_ALL.STOCKS" name="WholeSale_Qty_Of_Swift" time="0.032"/>
  <system-out/>
  <testcase classname="dBP_Login_ALL.STOCKS" name="WholeSale_Qty_Of_Wagon_R" time="0.031"/>
  <system-out/>
  <testcase classname="dBP_Login_ALL.STOCKS" name="CAlCULATION_OF_RETAIL_SALES_QTY_In__SUPER_CARRY" time="0.000"/>
  <system-out/>
  <testcase classname="dBP_Login_ALL.STOCKS" name="Margin_Per_Cars" time="0.000"/>
  <system-out/>
  <testcase classname="dBP_Login_ALL.STOCKS" name="CAlCULATION_OF_margin_Amount_In_WAGON_R" time="0.000"/>
  <system-out/>
  <testcase classname="dBP_Login_ALL.STOCKS" name="CAlCULATION_OF_Margin_Per_Cars_In__EECO" time="0.000"/>
  <system-out/>
  <testcase classname="dBP_Login_ALL.STOCKS" name="WholeSale_Amount_Of_Dzire" time="0.034"/>
  <system-out/>
  <testcase classname="dBP_Login_ALL.STOCKS" name="Closing_stock_Qty_Of_SuperCarry" time="0.031"/>
  <system-out/>
  <testcase classname="dBP_Login_ALL.STOCKS" name="Closing_stock_Qty_Of_Swift" time="0.016"/>
  <system-out/>
  <testcase classname="dBP_Login_ALL.STOCKS" name="TOTAL_Margin_Amount" time="0.001"/>
  <system-out/>
  <testcase classname="dBP_Login_ALL.STOCKS" name="CAlCULATION_OF_margin_Amount_In_Celerio" time="0.016"/>
  <system-out/>
  <testcase classname="dBP_Login_ALL.STOCKS" name="CAlCULATION_OF_discount_Per_Cars_In__ERTIGA" time="0.000"/>
  <system-out/>
  <testcase classname="dBP_Login_ALL.STOCKS" name="DRF_Of_Brezza" time="0.031"/>
  <system-out/>
  <testcase classname="dBP_Login_ALL.STOCKS" name="CAlCULATION_OF_RETAIL_SALES_QTY_Of__WAGON_R" time="0.000"/>
  <system-out/>
  <testcase classname="dBP_Login_ALL.STOCKS" name="CAlCULATION_OF_discount_Per_Cars_In__EECO" time="0.000"/>
  <system-out/>
  <testcase classname="dBP_Login_ALL.STOCKS" name="TOTAL_Opening_stock_amount" time="0.001"/>
  <system-out/>
  <testcase classname="dBP_Login_ALL.STOCKS" name="Consumer_Offer_Exchange_Bonus_Of_AltoK10" time="0.032"/>
  <system-out/>
  <testcase classname="dBP_Login_ALL.STOCKS" name="Consumer_Offer_Exchange_Bonus_Of_S_presso" time="0.027"/>
  <system-out/>
  <testcase classname="dBP_Login_ALL.STOCKS" name="Dealer_Compulsion_Discount_Of_Wagon_R" time="0.016"/>
  <system-out/>
  <testcase classname="dBP_Login_ALL.STOCKS" name="Closing_stock_Amount_Of_Swift" time="0.036"/>
  <system-out/>
  <testcase classname="dBP_Login_ALL.STOCKS" name="Opening_Stock__Qty_Of_Spresso" time="0.031"/>
  <system-out/>
  <testcase classname="dBP_Login_ALL.STOCKS" name="Opening_Stock_Amount_Of_Swift" time="0.032"/>
  <system-out/>
  <testcase classname="dBP_Login_ALL.STOCKS" name="WholeSale_Amount_Of_Swift" time="0.032"/>
  <system-out/>
  <testcase classname="dBP_Login_ALL.STOCKS" name="Opening_Stock_Amount_Of_SuperCarry" time="0.015"/>
  <system-out/>
  <testcase classname="dBP_Login_ALL.STOCKS" name="DRF_Of_CELERIO" time="0.032"/>
  <system-out/>
  <testcase classname="dBP_Login_ALL.STOCKS" name="DRF_Of_Swift" time="0.031"/>
  <system-out/>
  <testcase classname="dBP_Login_ALL.STOCKS" name="CAlCULATION_OF_RETAIL_SALES_QTY_Of_ALTO" time="0.000"/>
  <system-out/>
  <testcase classname="dBP_Login_ALL.STOCKS" name="CAlCULATION_OF_margin_Amount_In_ERTIGA" time="0.000"/>
  <system-out/>
  <testcase classname="dBP_Login_ALL.STOCKS" name="Retail_sales_Amount_Of_AltoK10" time="0.031"/>
  <system-out/>
  <testcase classname="dBP_Login_ALL.STOCKS" name="CAlCULATION_OF_Margin_Per_Cars_In__BREZZA" time="0.000"/>
  <system-out/>
  <testcase classname="dBP_Login_ALL.STOCKS" name="CAlCULATION_OF_DRF_Per_Cars_In__Spresso" time="0.000"/>
  <system-out/>
  <testcase classname="dBP_Login_ALL.STOCKS" name="Discount_Per_Cars" time="0.000"/>
  <system-out/>
  <testcase classname="dBP_Login_ALL.STOCKS" name="CAlCULATION_OF_Discount_Per_Cars_ALTO" time="0.000"/>
  <system-out/>
  <testcase classname="dBP_Login_ALL.STOCKS" name="WholeSale_Qty_Of_CELERIO" time="0.024"/>
  <system-out/>
  <testcase classname="dBP_Login_ALL.STOCKS" name="Opening_Stock__Qty_Of_Brezza" time="0.037"/>
  <system-out/>
  <testcase classname="dBP_Login_ALL.STOCKS" name="Dealer_Compulsion_Discount_Of_S_presso" time="0.032"/>
  <system-out/>
  <testcase classname="dBP_Login_ALL.STOCKS" name="DRF_Per_Cars" time="0.000"/>
  <system-out/>
  <testcase classname="dBP_Login_ALL.STOCKS" name="Closing_stock_Qty_Of_AltoK10" time="0.016"/>
  <system-out/>
  <testcase classname="dBP_Login_ALL.STOCKS" name="CAlCULATION_OF_Total_Discount_In__SUPER_CARRY" time="0.000"/>
  <system-out/>
  <testcase classname="dBP_Login_ALL.STOCKS" name="Dealer_Compulsion_Discount_Of_Swift" time="0.016"/>
  <system-out/>
  <testcase classname="dBP_Login_ALL.STOCKS" name="Save_the_Data" time="1.405"/>
  <system-out/>
</testsuite> <!-- dBP_Login_ALL.STOCKS -->
