<?xml version="1.0" encoding="UTF-8"?>
<!-- Generated by org.testng.reporters.JUnitReportReporter -->
<testsuite hostname="DESKTOP-N9F7EI8" failures="0" tests="8" name="Import_DATA_Of_DBP.Discount" time="3.308" errors="0" timestamp="2024-06-04T16:31:58 IST" skipped="0">
  <testcase classname="Import_DATA_Of_DBP.Discount" name="Consumer_Offer_SPOT_RIPS" time="0.066"/>
  <system-out/>
  <testcase classname="Import_DATA_Of_DBP.Discount" name="ISL_RMK" time="0.050"/>
  <system-out/>
  <testcase classname="Import_DATA_Of_DBP.Discount" name="Exchange_Bonus" time="0.050"/>
  <system-out/>
  <testcase classname="Import_DATA_Of_DBP.Discount" name="Any_Regional_Office_Scheme" time="0.045"/>
  <system-out/>
  <testcase classname="Import_DATA_Of_DBP.Discount" name="Any_Other" time="0.040"/>
  <system-out/>
  <testcase classname="Import_DATA_Of_DBP.Discount" name="Total_Discount" time="1.030"/>
  <system-out/>
  <testcase classname="Import_DATA_Of_DBP.Discount" name="Dealer_Discount_Compulsion_Matches_From_STOCKs" time="1.013"/>
  <system-out/>
  <testcase classname="Import_DATA_Of_DBP.Discount" name="Total_Discount_Matches_From_STOCKs" time="1.014"/>
  <system-out/>
</testsuite> <!-- Import_DATA_Of_DBP.Discount -->
