<?xml version="1.0" encoding="UTF-8"?>
<!-- Generated by org.testng.reporters.JUnitReportReporter -->
<testsuite hostname="DESKTOP-N9F7EI8" failures="0" tests="25" name="dbp_Login_Extends.MDS" time="37.915" errors="0" timestamp="2024-06-04T17:32:13 IST" skipped="0">
  <testcase classname="dbp_Login_Extends.MDS" name="Click_on_NewCars" time="3.800"/>
  <system-out/>
  <testcase classname="dbp_Login_Extends.MDS" name="click_on_IntrestCost" time="3.961"/>
  <system-out/>
  <testcase classname="dbp_Login_Extends.MDS" name="click_on_ManPowerCost" time="8.237"/>
  <system-out/>
  <testcase classname="dbp_Login_Extends.MDS" name="SendTheValues" time="13.880"/>
  <system-out/>
  <testcase classname="dbp_Login_Extends.MDS" name="Save_the_Data" time="7.782"/>
  <system-out/>
  <testcase classname="dbp_Login_Extends.MDS" name="MDS_Enrollment_Income_QTY" time="0.047"/>
  <system-out/>
  <testcase classname="dbp_Login_Extends.MDS" name="MDS_Enrollment_Income_Amount" time="0.034"/>
  <system-out/>
  <testcase classname="dbp_Login_Extends.MDS" name="MDS_Incentives_Amount" time="0.040"/>
  <system-out/>
  <testcase classname="dbp_Login_Extends.MDS" name="Any_other_Income_amount" time="0.043"/>
  <system-out/>
  <testcase classname="dbp_Login_Extends.MDS" name="Any_other_Expense_MDS_only" time="0.045"/>
  <system-out/>
  <testcase classname="dbp_Login_Extends.MDS" name="Per_new_cars__Income_Of_MDS_Enrollment" time="0.000"/>
  <system-out/>
  <testcase classname="dbp_Login_Extends.MDS" name="Per_new_cars__Income_Of_MDS_Incentives" time="0.016"/>
  <system-out/>
  <testcase classname="dbp_Login_Extends.MDS" name="Per_new_cars__Income_Of_Any_other_Income" time="0.000"/>
  <system-out/>
  <testcase classname="dbp_Login_Extends.MDS" name="Per_new_cars__Expense_Of_Manpower_Cost_and_salary_Incentives" time="0.000"/>
  <system-out/>
  <testcase classname="dbp_Login_Extends.MDS" name="Per_new_cars__Expense_Of_Short_term_Interest_Cost" time="0.015"/>
  <system-out/>
  <testcase classname="dbp_Login_Extends.MDS" name="Per_New_cars_Expense_Of_Any_other_Expense_MDS_only" time="0.000"/>
  <system-out/>
  <testcase classname="dbp_Login_Extends.MDS" name="Total_MDS_Income_A" time="0.000"/>
  <system-out/>
  <testcase classname="dbp_Login_Extends.MDS" name="Per_New_cars_Expense_Of_Total_MDS_Income_A" time="0.002"/>
  <system-out/>
  <testcase classname="dbp_Login_Extends.MDS" name="Net_Earning_from_MDS_A_B" time="0.004"/>
  <system-out/>
  <testcase classname="dbp_Login_Extends.MDS" name="Net_Earning_from_MDS_A_B_of_per_New_Car_Income" time="0.001"/>
  <system-out/>
  <testcase classname="dbp_Login_Extends.MDS" name="Total_MDS_Direct_Expense_B" time="0.000"/>
  <system-out/>
  <testcase classname="dbp_Login_Extends.MDS" name="Total_MDS_Direct_Expense_B_of_per_New_cars_Expenses" time="0.008"/>
  <system-out/>
  <testcase classname="dbp_Login_Extends.MDS" name="Manpower_Cost_Salary_and_Incentives_matches_from_ManpowerCOST_Modules" time="0.000"/>
  <system-out/>
  <testcase classname="dbp_Login_Extends.MDS" name="Net_Earning_from_MDS_Enrolments" time="0.000"/>
  <system-out/>
  <testcase classname="dbp_Login_Extends.MDS" name="Short_term_Interest_Cost_MDS_Matches_from_Intrest_Cost_MODULES" time="0.000"/>
  <system-out/>
</testsuite> <!-- dbp_Login_Extends.MDS -->
