<?xml version="1.0" encoding="UTF-8"?>
<!-- Generated by org.testng.reporters.JUnitReportReporter -->
<testsuite hostname="DESKTOP-N9F7EI8" failures="0" tests="81" name="dbp_Login_Extends.New_Car_TestNG" time="64.472" errors="0" timestamp="2024-06-04T16:24:32 IST" skipped="0">
  <testcase classname="dbp_Login_Extends.New_Car_TestNG" name="Clear_Data" time="21.446"/>
  <system-out/>
  <testcase classname="dbp_Login_Extends.New_Car_TestNG" name="Save_Data" time="12.564"/>
  <system-out/>
  <testcase classname="dbp_Login_Extends.New_Car_TestNG" name="ClickOn_StockSheet" time="7.192"/>
  <system-out/>
  <testcase classname="dbp_Login_Extends.New_Car_TestNG" name="ClickOn_Manpower_Cost" time="6.855"/>
  <system-out/>
  <testcase classname="dbp_Login_Extends.New_Car_TestNG" name="ClickOn_Interest_Cost" time="6.757"/>
  <system-out/>
  <testcase classname="dbp_Login_Extends.New_Car_TestNG" name="ClickOn_NewCar" time="6.144"/>
  <system-out/>
  <testcase classname="dbp_Login_Extends.New_Car_TestNG" name="NewCar_RetailSales_Quantity" time="0.000"/>
  <system-out/>
  <testcase classname="dbp_Login_Extends.New_Car_TestNG" name="NewCar_RetailSales_Amount" time="0.000"/>
  <system-out/>
  <testcase classname="dbp_Login_Extends.New_Car_TestNG" name="NewCar_Margin_Amount" time="0.000"/>
  <system-out/>
  <testcase classname="dbp_Login_Extends.New_Car_TestNG" name="NewCar_Margin_PerNewCar" time="0.015"/>
  <system-out/>
  <testcase classname="dbp_Login_Extends.New_Car_TestNG" name="TotalDRF_Amount" time="0.000"/>
  <system-out/>
  <testcase classname="dbp_Login_Extends.New_Car_TestNG" name="Total_DRFAmount_PerNewCar" time="0.000"/>
  <system-out/>
  <testcase classname="dbp_Login_Extends.New_Car_TestNG" name="SPOT_Value_On_MSILInvoice" time="2.086"/>
  <system-out/>
  <testcase classname="dbp_Login_Extends.New_Car_TestNG" name="SPOT_Value_PerNewCar" time="0.000"/>
  <system-out/>
  <testcase classname="dbp_Login_Extends.New_Car_TestNG" name="RIPS_Support_ISL_RMK" time="0.079"/>
  <system-out/>
  <testcase classname="dbp_Login_Extends.New_Car_TestNG" name="RIPS_Support_PerNewCar" time="0.000"/>
  <system-out/>
  <testcase classname="dbp_Login_Extends.New_Car_TestNG" name="Wholesale_Incentives_MACNAC" time="0.079"/>
  <system-out/>
  <testcase classname="dbp_Login_Extends.New_Car_TestNG" name="Wholesale_Incentives_MAC_NAC_PerNewCar" time="0.000"/>
  <system-out/>
  <testcase classname="dbp_Login_Extends.New_Car_TestNG" name="Wholesale_Incentives_Trade_Discount" time="0.039"/>
  <system-out/>
  <testcase classname="dbp_Login_Extends.New_Car_TestNG" name="Wholesale_Incentives_TradeDiscount_PerNewCar" time="0.000"/>
  <system-out/>
  <testcase classname="dbp_Login_Extends.New_Car_TestNG" name="BSC_NSC_Payout" time="0.036"/>
  <system-out/>
  <testcase classname="dbp_Login_Extends.New_Car_TestNG" name="BSC_NSC_Payout_PerNewCar" time="0.000"/>
  <system-out/>
  <testcase classname="dbp_Login_Extends.New_Car_TestNG" name="RO_ZO_HO_Incentive_Scheme" time="0.031"/>
  <system-out/>
  <testcase classname="dbp_Login_Extends.New_Car_TestNG" name="RO_ZO_HO_Incentive_Scheme_PerNewCar" time="0.000"/>
  <system-out/>
  <testcase classname="dbp_Login_Extends.New_Car_TestNG" name="Demo_Vehicle_Claims" time="0.031"/>
  <system-out/>
  <testcase classname="dbp_Login_Extends.New_Car_TestNG" name="Demo_Vehicle_Claims_PerNewCar" time="0.000"/>
  <system-out/>
  <testcase classname="dbp_Login_Extends.New_Car_TestNG" name="DGS_D_Payout_Incentive" time="0.048"/>
  <system-out/>
  <testcase classname="dbp_Login_Extends.New_Car_TestNG" name="DGS_D_Payout_Incentive_PerNewCar" time="0.000"/>
  <system-out/>
  <testcase classname="dbp_Login_Extends.New_Car_TestNG" name="JASP_Claims" time="0.047"/>
  <system-out/>
  <testcase classname="dbp_Login_Extends.New_Car_TestNG" name="JASP_Claims_PerNewCar" time="0.000"/>
  <system-out/>
  <testcase classname="dbp_Login_Extends.New_Car_TestNG" name="Finance_Commission_Quantity" time="0.044"/>
  <system-out/>
  <testcase classname="dbp_Login_Extends.New_Car_TestNG" name="Finance_Commission_Amount" time="0.042"/>
  <system-out/>
  <testcase classname="dbp_Login_Extends.New_Car_TestNG" name="Finance_Commission_Amount_PerNewCar" time="0.000"/>
  <system-out/>
  <testcase classname="dbp_Login_Extends.New_Car_TestNG" name="Insurance_Commission_Quantity" time="0.042"/>
  <system-out/>
  <testcase classname="dbp_Login_Extends.New_Car_TestNG" name="Insurance_Commission_Amount" time="0.030"/>
  <system-out/>
  <testcase classname="dbp_Login_Extends.New_Car_TestNG" name="Insurance_Commission_Amount_PerNewCar" time="0.000"/>
  <system-out/>
  <testcase classname="dbp_Login_Extends.New_Car_TestNG" name="MSR_Loyalty_Reward_Card_Quantity" time="0.047"/>
  <system-out/>
  <testcase classname="dbp_Login_Extends.New_Car_TestNG" name="MSR_Loyalty_Reward_Card_Amount" time="0.047"/>
  <system-out/>
  <testcase classname="dbp_Login_Extends.New_Car_TestNG" name="MSR_Loyalty_Reward_Card_Amount_PerNewCar" time="0.000"/>
  <system-out/>
  <testcase classname="dbp_Login_Extends.New_Car_TestNG" name="Extended_Warranty_Commission_Quantity" time="0.047"/>
  <system-out/>
  <testcase classname="dbp_Login_Extends.New_Car_TestNG" name="Extended_Warranty_Commission_Amount" time="0.064"/>
  <system-out/>
  <testcase classname="dbp_Login_Extends.New_Car_TestNG" name="Extended_Warranty_Commission_Amount_PerNewCar" time="0.000"/>
  <system-out/>
  <testcase classname="dbp_Login_Extends.New_Car_TestNG" name="CCP_Commission_Quantity" time="0.047"/>
  <system-out/>
  <testcase classname="dbp_Login_Extends.New_Car_TestNG" name="CCP_Commission_Amount" time="0.047"/>
  <system-out/>
  <testcase classname="dbp_Login_Extends.New_Car_TestNG" name="CCP_Commission_Amount_PerNewCar" time="0.000"/>
  <system-out/>
  <testcase classname="dbp_Login_Extends.New_Car_TestNG" name="IncomeFromIssuanceOfFitnessCertificate_Amount" time="0.047"/>
  <system-out/>
  <testcase classname="dbp_Login_Extends.New_Car_TestNG" name="IncomeFromIssuanceOfFitnessCertificate_PerNewCar" time="0.000"/>
  <system-out/>
  <testcase classname="dbp_Login_Extends.New_Car_TestNG" name="Interest_Receipt_from_MSIL_Amount" time="0.048"/>
  <system-out/>
  <testcase classname="dbp_Login_Extends.New_Car_TestNG" name="Interest_Receipt_from_MSIL_Amount_PerNewCar" time="0.000"/>
  <system-out/>
  <testcase classname="dbp_Login_Extends.New_Car_TestNG" name="NewCar_Other_income_Amount" time="0.047"/>
  <system-out/>
  <testcase classname="dbp_Login_Extends.New_Car_TestNG" name="NewCar_Other_income_Amount_PerNewCar" time="0.000"/>
  <system-out/>
  <testcase classname="dbp_Login_Extends.New_Car_TestNG" name="Any_other_Income_Amount" time="0.047"/>
  <system-out/>
  <testcase classname="dbp_Login_Extends.New_Car_TestNG" name="Any_other_Income_Amount_PerNewCar" time="0.000"/>
  <system-out/>
  <testcase classname="dbp_Login_Extends.New_Car_TestNG" name="NewCar_Manpower_Cost" time="0.000"/>
  <system-out/>
  <testcase classname="dbp_Login_Extends.New_Car_TestNG" name="Manpower_Cost_PerNewCar" time="0.000"/>
  <system-out/>
  <testcase classname="dbp_Login_Extends.New_Car_TestNG" name="NewCar_Total_Discount" time="0.000"/>
  <system-out/>
  <testcase classname="dbp_Login_Extends.New_Car_TestNG" name="Total_Discount_PerNewCar" time="0.000"/>
  <system-out/>
  <testcase classname="dbp_Login_Extends.New_Car_TestNG" name="NewCar_Short_term_Interest_Cost" time="0.000"/>
  <system-out/>
  <testcase classname="dbp_Login_Extends.New_Car_TestNG" name="Short_term_Interest_Cost_PerNewCar" time="0.000"/>
  <system-out/>
  <testcase classname="dbp_Login_Extends.New_Car_TestNG" name="Delivery_Expenses_Amount" time="0.050"/>
  <system-out/>
  <testcase classname="dbp_Login_Extends.New_Car_TestNG" name="Delivery_Expenses_PerNewCar" time="0.000"/>
  <system-out/>
  <testcase classname="dbp_Login_Extends.New_Car_TestNG" name="Fuel_expenses_Amount" time="0.044"/>
  <system-out/>
  <testcase classname="dbp_Login_Extends.New_Car_TestNG" name="Fuel_expenses_PerNewCar" time="0.000"/>
  <system-out/>
  <testcase classname="dbp_Login_Extends.New_Car_TestNG" name="Advertisement_Marketing_Promotional_Expenses_Amount" time="0.047"/>
  <system-out/>
  <testcase classname="dbp_Login_Extends.New_Car_TestNG" name="Advertisement_Marketing_Promotional_Expenses_PerNewCar" time="0.000"/>
  <system-out/>
  <testcase classname="dbp_Login_Extends.New_Car_TestNG" name="Hyperlocal_Expense_Amount" time="0.032"/>
  <system-out/>
  <testcase classname="dbp_Login_Extends.New_Car_TestNG" name="Hyperlocal_Expense_PerNewCar" time="0.000"/>
  <system-out/>
  <testcase classname="dbp_Login_Extends.New_Car_TestNG" name="Pool_Lifting_Charges_Amount" time="0.047"/>
  <system-out/>
  <testcase classname="dbp_Login_Extends.New_Car_TestNG" name="Pool_Lifting_Charges_PerNewCar" time="0.000"/>
  <system-out/>
  <testcase classname="dbp_Login_Extends.New_Car_TestNG" name="DSA_DMA_Commission_Amount" time="0.063"/>
  <system-out/>
  <testcase classname="dbp_Login_Extends.New_Car_TestNG" name="DSA_DMA_Commission_PerNewCar" time="0.000"/>
  <system-out/>
  <testcase classname="dbp_Login_Extends.New_Car_TestNG" name="Lease_Rental_on_Demo_Vehicles_Amount" time="0.047"/>
  <system-out/>
  <testcase classname="dbp_Login_Extends.New_Car_TestNG" name="Lease_Rental_on_Demo_Vehicles_PerNewCar" time="0.000"/>
  <system-out/>
  <testcase classname="dbp_Login_Extends.New_Car_TestNG" name="Any_other_Expense_Amount" time="0.047"/>
  <system-out/>
  <testcase classname="dbp_Login_Extends.New_Car_TestNG" name="Any_other_Expense_PerNewCar" time="0.000"/>
  <system-out/>
  <testcase classname="dbp_Login_Extends.New_Car_TestNG" name="Total_New_Car_Income" time="0.000"/>
  <system-out/>
  <testcase classname="dbp_Login_Extends.New_Car_TestNG" name="Total_New_Car_Income_PerNewCar" time="0.000"/>
  <system-out/>
  <testcase classname="dbp_Login_Extends.New_Car_TestNG" name="Total_New_Car_Direct_Expense" time="0.000"/>
  <system-out/>
  <testcase classname="dbp_Login_Extends.New_Car_TestNG" name="Total_New_Car_Direct_Expense_PerNewCar" time="0.000"/>
  <system-out/>
  <testcase classname="dbp_Login_Extends.New_Car_TestNG" name="Net_Earning_New_car_PerNewCar" time="0.000"/>
  <system-out/>
  <testcase classname="dbp_Login_Extends.New_Car_TestNG" name="Net_Earning_New_car" time="0.000"/>
  <system-out/>
</testsuite> <!-- dbp_Login_Extends.New_Car_TestNG -->
