<?xml version="1.0" encoding="UTF-8"?>
<!-- Generated by org.testng.reporters.JUnitReportReporter -->
<testsuite hostname="DESKTOP-N9F7EI8" failures="0" tests="25" name="dbp_Login_Extends.Maruti_Insurance" time="34.216" errors="0" timestamp="2024-06-05T12:18:01 IST" skipped="0">
  <testcase classname="dbp_Login_Extends.Maruti_Insurance" name="Click_on_NewCars" time="3.659"/>
  <system-out/>
  <testcase classname="dbp_Login_Extends.Maruti_Insurance" name="Click_on_Manpower_Cost" time="4.703"/>
  <system-out/>
  <testcase classname="dbp_Login_Extends.Maruti_Insurance" name="click_on_IntrestCost" time="8.834"/>
  <system-out/>
  <testcase classname="dbp_Login_Extends.Maruti_Insurance" name="clearData" time="15.437"/>
  <system-out/>
  <testcase classname="dbp_Login_Extends.Maruti_Insurance" name="Save_the_Data" time="1.400"/>
  <system-out/>
  <testcase classname="dbp_Login_Extends.Maruti_Insurance" name="Insurance_Renewal_Income_QTY" time="0.033"/>
  <system-out/>
  <testcase classname="dbp_Login_Extends.Maruti_Insurance" name="Insurance_Renewal_Income_Amount" time="0.017"/>
  <system-out/>
  <testcase classname="dbp_Login_Extends.Maruti_Insurance" name="Insurance_Renewal_Commission_Amount" time="0.033"/>
  <system-out/>
  <testcase classname="dbp_Login_Extends.Maruti_Insurance" name="Any_other_Income_amount" time="0.018"/>
  <system-out/>
  <testcase classname="dbp_Login_Extends.Maruti_Insurance" name="Any_other_Expense_Amount" time="0.015"/>
  <system-out/>
  <testcase classname="dbp_Login_Extends.Maruti_Insurance" name="Per_new_cars__Income_Of_MDS_Enrollment" time="0.000"/>
  <system-out/>
  <testcase classname="dbp_Login_Extends.Maruti_Insurance" name="Per_new_cars__Income_Of_MDS_Incentives" time="0.000"/>
  <system-out/>
  <testcase classname="dbp_Login_Extends.Maruti_Insurance" name="Per_new_cars__Income_Of_Any_other_Income" time="0.000"/>
  <system-out/>
  <testcase classname="dbp_Login_Extends.Maruti_Insurance" name="click_on_MI_again" time="0.062"/>
  <system-out/>
  <testcase classname="dbp_Login_Extends.Maruti_Insurance" name="Per_New_Car_Expense_Of_ManpowerCost_Salary_and_Incentives" time="0.001"/>
  <system-out/>
  <testcase classname="dbp_Login_Extends.Maruti_Insurance" name="Per_New_Car_Expense_Of_Short_term_Interest_Cost" time="0.000"/>
  <system-out/>
  <testcase classname="dbp_Login_Extends.Maruti_Insurance" name="Per_New_Car_Expense_Of_Any_other_Expense" time="0.000"/>
  <system-out/>
  <testcase classname="dbp_Login_Extends.Maruti_Insurance" name="Total_MI_Renewal_Income_A" time="0.000"/>
  <system-out/>
  <testcase classname="dbp_Login_Extends.Maruti_Insurance" name="Net_Earning_MI_Renewal_A_B" time="0.001"/>
  <system-out/>
  <testcase classname="dbp_Login_Extends.Maruti_Insurance" name="Net_Earning_MI_Renewal_A_B_Per_New_Cars_Income" time="0.000"/>
  <system-out/>
  <testcase classname="dbp_Login_Extends.Maruti_Insurance" name="Total_MI_Direct_Expense_B" time="0.001"/>
  <system-out/>
  <testcase classname="dbp_Login_Extends.Maruti_Insurance" name="Total_MI_Direct_Expense_B_per_new_Cars_Expenses" time="0.000"/>
  <system-out/>
  <testcase classname="dbp_Login_Extends.Maruti_Insurance" name="Total_MI_Renewal_Income_A_Per_New_Cars_Income" time="0.001"/>
  <system-out/>
  <testcase classname="dbp_Login_Extends.Maruti_Insurance" name="Manpower_Cost_Salary_and_Incentives_matches_from_ManpowerCOST_Modules" time="0.000"/>
  <system-out/>
  <testcase classname="dbp_Login_Extends.Maruti_Insurance" name="Short_term_Interest_Cost_Matches_from_Intrest_Cost_MODULES" time="0.001"/>
  <system-out/>
</testsuite> <!-- dbp_Login_Extends.Maruti_Insurance -->
