<?xml version="1.0" encoding="UTF-8"?>
<!-- Generated by org.testng.reporters.JUnitReportReporter -->
<testsuite hostname="DESKTOP-N9F7EI8" failures="1" tests="25" name="aLLLogin.MDS" time="36.491" errors="0" timestamp="2024-06-05T10:53:29 IST" skipped="0">
  <testcase classname="aLLLogin.MDS" name="Click_on_NewCars" time="3.410"/>
  <system-out/>
  <testcase classname="aLLLogin.MDS" name="click_on_IntrestCost" time="3.433"/>
  <system-out/>
  <testcase classname="aLLLogin.MDS" name="click_on_ManPowerCost" time="7.659"/>
  <system-out/>
  <testcase classname="aLLLogin.MDS" name="SendTheValues" time="14.063"/>
  <system-out/>
  <testcase classname="aLLLogin.MDS" name="Save_the_Data" time="7.706"/>
  <system-out/>
  <testcase classname="aLLLogin.MDS" name="MDS_Enrollment_Income_QTY" time="0.060"/>
  <system-out/>
  <testcase classname="aLLLogin.MDS" name="MDS_Enrollment_Income_Amount" time="0.045"/>
  <system-out/>
  <testcase classname="aLLLogin.MDS" name="MDS_Incentives_Amount" time="0.032"/>
  <system-out/>
  <testcase classname="aLLLogin.MDS" name="Any_other_Income_amount" time="0.035"/>
  <system-out/>
  <testcase classname="aLLLogin.MDS" name="Any_other_Expense_MDS_only" time="0.040"/>
  <system-out/>
  <testcase classname="aLLLogin.MDS" name="Per_new_cars__Income_Of_MDS_Enrollment" time="0.000"/>
  <system-out/>
  <testcase classname="aLLLogin.MDS" name="Per_new_cars__Income_Of_MDS_Incentives" time="0.000"/>
  <system-out/>
  <testcase classname="aLLLogin.MDS" name="Per_new_cars__Income_Of_Any_other_Income" time="0.000"/>
  <system-out/>
  <testcase classname="aLLLogin.MDS" name="Per_new_cars__Expense_Of_Manpower_Cost_and_salary_Incentives" time="0.000"/>
  <system-out/>
  <testcase classname="aLLLogin.MDS" name="Per_new_cars__Expense_Of_Short_term_Interest_Cost" time="0.000"/>
  <system-out/>
  <testcase classname="aLLLogin.MDS" name="Per_New_cars_Expense_Of_Any_other_Expense_MDS_only" time="0.000"/>
  <system-out/>
  <testcase classname="aLLLogin.MDS" name="Total_MDS_Income_A" time="0.008"/>
  <system-out/>
  <testcase classname="aLLLogin.MDS" name="Per_New_cars_Expense_Of_Total_MDS_Income_A" time="0.000"/>
  <system-out/>
  <testcase classname="aLLLogin.MDS" name="Net_Earning_from_MDS_A_B" time="0.000"/>
  <system-out/>
  <testcase classname="aLLLogin.MDS" name="Net_Earning_from_MDS_A_B_of_per_New_Car_Income" time="0.000"/>
  <system-out/>
  <testcase classname="aLLLogin.MDS" name="Total_MDS_Direct_Expense_B" time="0.000"/>
  <system-out/>
  <testcase classname="aLLLogin.MDS" name="Total_MDS_Direct_Expense_B_of_per_New_cars_Expenses" time="0.000"/>
  <system-out/>
  <testcase classname="aLLLogin.MDS" name="Manpower_Cost_Salary_and_Incentives_matches_from_ManpowerCOST_Modules" time="0.000"/>
  <system-out/>
  <testcase classname="aLLLogin.MDS" name="Net_Earning_from_MDS_Enrolments" time="0.000">
    <failure message="Values are INVALID expected [3] but found [2]" type="java.lang.AssertionError">
      <![CDATA[java.lang.AssertionError: Values are INVALID expected [3] but found [2]
at org.testng.Assert.fail(Assert.java:99)
at org.testng.Assert.failNotEquals(Assert.java:1037)
at org.testng.Assert.assertEqualsImpl(Assert.java:140)
at org.testng.Assert.assertEquals(Assert.java:122)
at org.testng.Assert.assertEquals(Assert.java:797)
at aLLLogin.MDS.Net_Earning_from_MDS_Enrolments(MDS.java:438)
at java.base/jdk.internal.reflect.DirectMethodHandleAccessor.invoke(DirectMethodHandleAccessor.java:104)
at java.base/java.lang.reflect.Method.invoke(Method.java:578)
at org.testng.internal.MethodInvocationHelper.invokeMethod(MethodInvocationHelper.java:133)
at org.testng.internal.TestInvoker.invokeMethod(TestInvoker.java:598)
at org.testng.internal.TestInvoker.invokeTestMethod(TestInvoker.java:173)
at org.testng.internal.MethodRunner.runInSequence(MethodRunner.java:46)
at org.testng.internal.TestInvoker$MethodInvocationAgent.invoke(TestInvoker.java:824)
at org.testng.internal.TestInvoker.invokeTestMethods(TestInvoker.java:146)
at org.testng.internal.TestMethodWorker.invokeTestMethods(TestMethodWorker.java:146)
at org.testng.internal.TestMethodWorker.run(TestMethodWorker.java:128)
at java.base/java.util.ArrayList.forEach(ArrayList.java:1511)
at org.testng.TestRunner.privateRun(TestRunner.java:794)
at org.testng.TestRunner.run(TestRunner.java:596)
at org.testng.SuiteRunner.runTest(SuiteRunner.java:377)
at org.testng.SuiteRunner.runSequentially(SuiteRunner.java:371)
at org.testng.SuiteRunner.privateRun(SuiteRunner.java:332)
at org.testng.SuiteRunner.run(SuiteRunner.java:276)
at org.testng.SuiteRunnerWorker.runSuite(SuiteRunnerWorker.java:53)
at org.testng.SuiteRunnerWorker.run(SuiteRunnerWorker.java:96)
at org.testng.TestNG.runSuitesSequentially(TestNG.java:1212)
at org.testng.TestNG.runSuitesLocally(TestNG.java:1134)
at org.testng.TestNG.runSuites(TestNG.java:1063)
at org.testng.TestNG.run(TestNG.java:1031)
at org.testng.remote.AbstractRemoteTestNG.run(AbstractRemoteTestNG.java:115)
at org.testng.remote.RemoteTestNG.initAndRun(RemoteTestNG.java:251)
at org.testng.remote.RemoteTestNG.main(RemoteTestNG.java:77)
]]>
    </failure>
  </testcase> <!-- Net_Earning_from_MDS_Enrolments -->
  <system-out/>
  <testcase classname="aLLLogin.MDS" name="Short_term_Interest_Cost_MDS_Matches_from_Intrest_Cost_MODULES" time="0.000"/>
  <system-out/>
</testsuite> <!-- aLLLogin.MDS -->
