<?xml version="1.0" encoding="UTF-8"?>
<!-- Generated by org.testng.reporters.JUnitReportReporter -->
<testsuite hostname="DESKTOP-N9F7EI8" failures="0" tests="24" name="Import_DATA_Of_DBP.MDS" time="20.998" errors="0" timestamp="2024-06-04T15:43:14 IST" skipped="0">
  <testcase classname="Import_DATA_Of_DBP.MDS" name="Click_on_NewCars" time="3.814"/>
  <system-out/>
  <testcase classname="Import_DATA_Of_DBP.MDS" name="click_on_IntrestCost" time="3.864"/>
  <system-out/>
  <testcase classname="Import_DATA_Of_DBP.MDS" name="click_on_ManPowerCost" time="8.178"/>
  <system-out/>
  <testcase classname="Import_DATA_Of_DBP.MDS" name="SendTheValues" time="4.960"/>
  <system-out/>
  <testcase classname="Import_DATA_Of_DBP.MDS" name="MDS_Enrollment_Income_QTY" time="0.047"/>
  <system-out/>
  <testcase classname="Import_DATA_Of_DBP.MDS" name="MDS_Enrollment_Income_Amount" time="0.042"/>
  <system-out/>
  <testcase classname="Import_DATA_Of_DBP.MDS" name="MDS_Incentives_Amount" time="0.028"/>
  <system-out/>
  <testcase classname="Import_DATA_Of_DBP.MDS" name="Any_other_Income_amount" time="0.027"/>
  <system-out/>
  <testcase classname="Import_DATA_Of_DBP.MDS" name="Any_other_Expense_MDS_only" time="0.027"/>
  <system-out/>
  <testcase classname="Import_DATA_Of_DBP.MDS" name="Per_new_cars__Income_Of_MDS_Enrollment" time="0.000"/>
  <system-out/>
  <testcase classname="Import_DATA_Of_DBP.MDS" name="Per_new_cars__Income_Of_MDS_Incentives" time="0.001"/>
  <system-out/>
  <testcase classname="Import_DATA_Of_DBP.MDS" name="Per_new_cars__Income_Of_Any_other_Income" time="0.000"/>
  <system-out/>
  <testcase classname="Import_DATA_Of_DBP.MDS" name="Per_new_cars__Expense_Of_Manpower_Cost_and_salary_Incentives" time="0.000"/>
  <system-out/>
  <testcase classname="Import_DATA_Of_DBP.MDS" name="Per_new_cars__Expense_Of_Short_term_Interest_Cost" time="0.000"/>
  <system-out/>
  <testcase classname="Import_DATA_Of_DBP.MDS" name="Per_New_cars_Expense_Of_Any_other_Expense_MDS_only" time="0.000"/>
  <system-out/>
  <testcase classname="Import_DATA_Of_DBP.MDS" name="Total_MDS_Income_A" time="0.007"/>
  <system-out/>
  <testcase classname="Import_DATA_Of_DBP.MDS" name="Per_New_cars_Expense_Of_Total_MDS_Income_A" time="0.000"/>
  <system-out/>
  <testcase classname="Import_DATA_Of_DBP.MDS" name="Net_Earning_from_MDS_A_B" time="0.003"/>
  <system-out/>
  <testcase classname="Import_DATA_Of_DBP.MDS" name="Net_Earning_from_MDS_A_B_of_per_New_Car_Income" time="0.000"/>
  <system-out/>
  <testcase classname="Import_DATA_Of_DBP.MDS" name="Total_MDS_Direct_Expense_B" time="0.000"/>
  <system-out/>
  <testcase classname="Import_DATA_Of_DBP.MDS" name="Total_MDS_Direct_Expense_B_of_per_New_cars_Expenses" time="0.000"/>
  <system-out/>
  <testcase classname="Import_DATA_Of_DBP.MDS" name="Manpower_Cost_Salary_and_Incentives_matches_from_ManpowerCOST_Modules" time="0.000"/>
  <system-out/>
  <testcase classname="Import_DATA_Of_DBP.MDS" name="Net_Earning_from_MDS_Enrolments" time="0.000"/>
  <system-out/>
  <testcase classname="Import_DATA_Of_DBP.MDS" name="Short_term_Interest_Cost_MDS_Matches_from_Intrest_Cost_MODULES" time="0.000"/>
  <system-out/>
</testsuite> <!-- Import_DATA_Of_DBP.MDS -->
