<?xml version="1.0" encoding="UTF-8"?>
<!-- Generated by org.testng.reporters.JUnitReportReporter -->
<testsuite hostname="DESKTOP-N9F7EI8" failures="0" tests="55" name="extend_Login.Spares" time="53.458" errors="0" timestamp="2024-05-31T15:51:29 IST" skipped="0">
  <testcase classname="extend_Login.Spares" name="Clear_Data" time="16.361"/>
  <system-out/>
  <testcase classname="extend_Login.Spares" name="Save_Data" time="5.832"/>
  <system-out/>
  <testcase classname="extend_Login.Spares" name="ClickOn_Service" time="3.917"/>
  <system-out/>
  <testcase classname="extend_Login.Spares" name="ClickOn_NewCar" time="6.862"/>
  <system-out/>
  <testcase classname="extend_Login.Spares" name="ClickOn_Manpower_Cost" time="3.912"/>
  <system-out/>
  <testcase classname="extend_Login.Spares" name="ClickOn_Interest_Cost" time="3.747"/>
  <system-out/>
  <testcase classname="extend_Login.Spares" name="ClickOn_Spares" time="3.202"/>
  <system-out/>
  <testcase classname="extend_Login.Spares" name="Spares_Sales_Workshop_Amount" time="0.078"/>
  <system-out/>
  <testcase classname="extend_Login.Spares" name="Spares_Sales_Workshop_SalesPerLoad" time="0.000"/>
  <system-out/>
  <testcase classname="extend_Login.Spares" name="Spares_Sales_Bodyshop_Amount" time="0.079"/>
  <system-out/>
  <testcase classname="extend_Login.Spares" name="Spares_Sales_Bodyshop_SalesPerLoad" time="0.000"/>
  <system-out/>
  <testcase classname="extend_Login.Spares" name="SparesSales_Sales_of_Oil_Amount" time="0.084"/>
  <system-out/>
  <testcase classname="extend_Login.Spares" name="SparesSales_Other_Sales_Amount" time="0.073"/>
  <system-out/>
  <testcase classname="extend_Login.Spares" name="SpareSales_Total_Spares_Sales" time="0.000"/>
  <system-out/>
  <testcase classname="extend_Login.Spares" name="SparesCOGS_Spares_Parts_Opening_Stock" time="0.080"/>
  <system-out/>
  <testcase classname="extend_Login.Spares" name="SparesCOGS_Spares_Parts_Purchase" time="0.064"/>
  <system-out/>
  <testcase classname="extend_Login.Spares" name="SparesCOGS_Spares_Parts_Closing_Stock" time="0.047"/>
  <system-out/>
  <testcase classname="extend_Login.Spares" name="SparesCOGS_Oil_Opening_Stock" time="0.049"/>
  <system-out/>
  <testcase classname="extend_Login.Spares" name="SparesCOGS_Oil_Purchase" time="0.045"/>
  <system-out/>
  <testcase classname="extend_Login.Spares" name="SparesCOGS_Oil_Closing_Stock" time="0.081"/>
  <system-out/>
  <testcase classname="extend_Login.Spares" name="SparesCOGS_Tyres_Battery_Polish_Opening_Stock" time="0.031"/>
  <system-out/>
  <testcase classname="extend_Login.Spares" name="SparesCOGS_Tyres_Battery_Polish_Purchase" time="0.043"/>
  <system-out/>
  <testcase classname="extend_Login.Spares" name="SparesCOGS_Tyres_Battery_Polish_Closing_Stock" time="0.048"/>
  <system-out/>
  <testcase classname="extend_Login.Spares" name="SparesCOGS_Consumables_Opening_Stock" time="0.047"/>
  <system-out/>
  <testcase classname="extend_Login.Spares" name="SparesCOGS_Consumables_Purchase" time="0.047"/>
  <system-out/>
  <testcase classname="extend_Login.Spares" name="SparesCOGS_Consumables_Closing_Stock" time="0.047"/>
  <system-out/>
  <testcase classname="extend_Login.Spares" name="Spares_COGS_Cost_Of_Goods_Sold" time="0.000"/>
  <system-out/>
  <testcase classname="extend_Login.Spares" name="Spares_Income_Spares_Margin_Amount" time="0.000"/>
  <system-out/>
  <testcase classname="extend_Login.Spares" name="Spares_Income_Spares_Margin_PerNewCar" time="0.000"/>
  <system-out/>
  <testcase classname="extend_Login.Spares" name="Spares_Income_Incentive_from_Spare_parts_sale" time="1.070"/>
  <system-out/>
  <testcase classname="extend_Login.Spares" name="Spares_Income_Incentive_from_Spare_parts_sale_PerNewCar" time="0.000"/>
  <system-out/>
  <testcase classname="extend_Login.Spares" name="Spares_Income_Spare_Parts_Warranty_Claims" time="1.051"/>
  <system-out/>
  <testcase classname="extend_Login.Spares" name="Spares_Income_Spare_Parts_Warranty_Claims_PerNewCar" time="0.000"/>
  <system-out/>
  <testcase classname="extend_Login.Spares" name="Spares_Income_Scrap_Sales_Cardboard_Cartons" time="1.087"/>
  <system-out/>
  <testcase classname="extend_Login.Spares" name="Spares_Income_Scrap_Sales_Cardboard_Cartons_PerNewCar" time="0.000"/>
  <system-out/>
  <testcase classname="extend_Login.Spares" name="Spares_Income_Any_other_Spares_Income" time="1.094"/>
  <system-out/>
  <testcase classname="extend_Login.Spares" name="Spares_Income_Any_other_Spares_Income_PerNewCar" time="0.000"/>
  <system-out/>
  <testcase classname="extend_Login.Spares" name="Spares_Expense_Manpower_Cost" time="0.000"/>
  <system-out/>
  <testcase classname="extend_Login.Spares" name="Spares_Expense_Manpower_Cost_PerNewCar" time="0.000"/>
  <system-out/>
  <testcase classname="extend_Login.Spares" name="Spares_Expense_Short_term_Interest_Cost" time="0.000"/>
  <system-out/>
  <testcase classname="extend_Login.Spares" name="Spares_Expense_Short_term_Interest_Cost_PerNewCar" time="0.000"/>
  <system-out/>
  <testcase classname="extend_Login.Spares" name="Spares_Expense_Discount_Bill_discount" time="1.105"/>
  <system-out/>
  <testcase classname="extend_Login.Spares" name="Spares_Expense_Discount_Bill_discount_PerNewCar" time="0.000"/>
  <system-out/>
  <testcase classname="extend_Login.Spares" name="Spares_Expense_Discount_through_Workshop" time="1.091"/>
  <system-out/>
  <testcase classname="extend_Login.Spares" name="Spares_Expense_Discount_through_Workshop_PerNewCar" time="0.000"/>
  <system-out/>
  <testcase classname="extend_Login.Spares" name="Spares_Expense_Discount_any_others" time="1.092"/>
  <system-out/>
  <testcase classname="extend_Login.Spares" name="Spares_Expense_Discount_any_others_PerNewCar" time="0.000"/>
  <system-out/>
  <testcase classname="extend_Login.Spares" name="Spares_Expense_Any_other_Expense" time="1.092"/>
  <system-out/>
  <testcase classname="extend_Login.Spares" name="Spares_Expense_Any_other_Expense_PerNewCar" time="0.000"/>
  <system-out/>
  <testcase classname="extend_Login.Spares" name="Total_Spares_Income" time="0.000"/>
  <system-out/>
  <testcase classname="extend_Login.Spares" name="Total_Spares_Income_PerNewCar" time="0.000"/>
  <system-out/>
  <testcase classname="extend_Login.Spares" name="Total_Spares_Direct_Expense" time="0.000"/>
  <system-out/>
  <testcase classname="extend_Login.Spares" name="Total_Spares_Direct_Expense_PerNewCar" time="0.000"/>
  <system-out/>
  <testcase classname="extend_Login.Spares" name="Net_earning_from_Spares" time="0.000"/>
  <system-out/>
  <testcase classname="extend_Login.Spares" name="Net_earning_from_Spares_PerNewCar" time="0.000"/>
  <system-out/>
</testsuite> <!-- extend_Login.Spares -->
