<?xml version="1.0" encoding="UTF-8"?>
<!-- Generated by org.testng.reporters.JUnitReportReporter -->
<testsuite hostname="DESKTOP-N9F7EI8" failures="0" tests="129" name="dbp_Login_Extends.Common_Expense_TestNG" time="82.800" errors="0" timestamp="2024-06-05T12:52:49 IST" skipped="0">
  <testcase classname="dbp_Login_Extends.Common_Expense_TestNG" name="Clear_Data" time="18.102"/>
  <system-out/>
  <testcase classname="dbp_Login_Extends.Common_Expense_TestNG" name="Save_Data_Depreciation_Rent" time="14.804"/>
  <system-out/>
  <testcase classname="dbp_Login_Extends.Common_Expense_TestNG" name="ClickOn_NewCar" time="5.863"/>
  <system-out/>
  <testcase classname="dbp_Login_Extends.Common_Expense_TestNG" name="ClickOn_Manpower_Cost" time="2.919"/>
  <system-out/>
  <testcase classname="dbp_Login_Extends.Common_Expense_TestNG" name="ClickOn_Interest_Cost" time="2.893"/>
  <system-out/>
  <testcase classname="dbp_Login_Extends.Common_Expense_TestNG" name="ClickOn_Common_Expense" time="4.334"/>
  <system-out/>
  <testcase classname="dbp_Login_Extends.Common_Expense_TestNG" name="Depreciation_Building_NewCar" time="3.097"/>
  <system-out/>
  <testcase classname="dbp_Login_Extends.Common_Expense_TestNG" name="Depreciation_Building_MSGA" time="0.100"/>
  <system-out/>
  <testcase classname="dbp_Login_Extends.Common_Expense_TestNG" name="Depreciation_Building_Service" time="0.110"/>
  <system-out/>
  <testcase classname="dbp_Login_Extends.Common_Expense_TestNG" name="Depreciation_Building_Spares" time="0.063"/>
  <system-out/>
  <testcase classname="dbp_Login_Extends.Common_Expense_TestNG" name="Depreciation_Building_TrueValue" time="0.094"/>
  <system-out/>
  <testcase classname="dbp_Login_Extends.Common_Expense_TestNG" name="Depreciation_Building_MI" time="0.092"/>
  <system-out/>
  <testcase classname="dbp_Login_Extends.Common_Expense_TestNG" name="Depreciation_Building_MDS" time="0.095"/>
  <system-out/>
  <testcase classname="dbp_Login_Extends.Common_Expense_TestNG" name="Depreciation_Building_Total" time="0.015"/>
  <system-out/>
  <testcase classname="dbp_Login_Extends.Common_Expense_TestNG" name="Depreciation_Plant_Machinery_NewCar" time="0.077"/>
  <system-out/>
  <testcase classname="dbp_Login_Extends.Common_Expense_TestNG" name="Depreciation_Plant_Machinery_MSGA" time="0.079"/>
  <system-out/>
  <testcase classname="dbp_Login_Extends.Common_Expense_TestNG" name="Depreciation_Plant_Machinery_Service" time="0.094"/>
  <system-out/>
  <testcase classname="dbp_Login_Extends.Common_Expense_TestNG" name="Depreciation_Plant_Machinery_Spares" time="0.079"/>
  <system-out/>
  <testcase classname="dbp_Login_Extends.Common_Expense_TestNG" name="Depreciation_Plant_Machinery_TrueValue" time="0.069"/>
  <system-out/>
  <testcase classname="dbp_Login_Extends.Common_Expense_TestNG" name="Depreciation_Plant_Machinery_MI" time="0.039"/>
  <system-out/>
  <testcase classname="dbp_Login_Extends.Common_Expense_TestNG" name="Depreciation_Plant_Machinery_MDS" time="0.040"/>
  <system-out/>
  <testcase classname="dbp_Login_Extends.Common_Expense_TestNG" name="Depreciation_Plant_Machinery_Total" time="0.000"/>
  <system-out/>
  <testcase classname="dbp_Login_Extends.Common_Expense_TestNG" name="Depreciation_Demo_Vehicles_NewCar" time="0.048"/>
  <system-out/>
  <testcase classname="dbp_Login_Extends.Common_Expense_TestNG" name="Depreciation_Demo_Vehicles_MSGA" time="0.048"/>
  <system-out/>
  <testcase classname="dbp_Login_Extends.Common_Expense_TestNG" name="Depreciation_Demo_Vehicles_Service" time="0.062"/>
  <system-out/>
  <testcase classname="dbp_Login_Extends.Common_Expense_TestNG" name="Depreciation_Demo_Vehicles_Spares" time="0.063"/>
  <system-out/>
  <testcase classname="dbp_Login_Extends.Common_Expense_TestNG" name="Depreciation_Demo_Vehicles_TrueValue" time="0.063"/>
  <system-out/>
  <testcase classname="dbp_Login_Extends.Common_Expense_TestNG" name="Depreciation_Demo_Vehicles_MI" time="0.083"/>
  <system-out/>
  <testcase classname="dbp_Login_Extends.Common_Expense_TestNG" name="Depreciation_Demo_Vehicles_MDS" time="0.078"/>
  <system-out/>
  <testcase classname="dbp_Login_Extends.Common_Expense_TestNG" name="Depreciation_Demo_Vehicles_Total" time="0.000"/>
  <system-out/>
  <testcase classname="dbp_Login_Extends.Common_Expense_TestNG" name="Depreciation_Others_NewCar" time="0.046"/>
  <system-out/>
  <testcase classname="dbp_Login_Extends.Common_Expense_TestNG" name="Depreciation_Others_MSGA" time="0.032"/>
  <system-out/>
  <testcase classname="dbp_Login_Extends.Common_Expense_TestNG" name="Depreciation_Others_Service" time="0.048"/>
  <system-out/>
  <testcase classname="dbp_Login_Extends.Common_Expense_TestNG" name="Depreciation_Others_Spares" time="0.062"/>
  <system-out/>
  <testcase classname="dbp_Login_Extends.Common_Expense_TestNG" name="Depreciation_Others_TrueValue" time="0.059"/>
  <system-out/>
  <testcase classname="dbp_Login_Extends.Common_Expense_TestNG" name="Depreciation_Others_MI" time="0.062"/>
  <system-out/>
  <testcase classname="dbp_Login_Extends.Common_Expense_TestNG" name="Depreciation_Others_MDS" time="0.048"/>
  <system-out/>
  <testcase classname="dbp_Login_Extends.Common_Expense_TestNG" name="Depreciation_Others_Total" time="0.001"/>
  <system-out/>
  <testcase classname="dbp_Login_Extends.Common_Expense_TestNG" name="NewCar_Total" time="0.000"/>
  <system-out/>
  <testcase classname="dbp_Login_Extends.Common_Expense_TestNG" name="MSGA_Total" time="0.000"/>
  <system-out/>
  <testcase classname="dbp_Login_Extends.Common_Expense_TestNG" name="Service_Total" time="0.000"/>
  <system-out/>
  <testcase classname="dbp_Login_Extends.Common_Expense_TestNG" name="Spares_Total" time="0.011"/>
  <system-out/>
  <testcase classname="dbp_Login_Extends.Common_Expense_TestNG" name="True_Value_Total" time="0.002"/>
  <system-out/>
  <testcase classname="dbp_Login_Extends.Common_Expense_TestNG" name="MI_Total" time="0.000"/>
  <system-out/>
  <testcase classname="dbp_Login_Extends.Common_Expense_TestNG" name="MDS_Total" time="0.000"/>
  <system-out/>
  <testcase classname="dbp_Login_Extends.Common_Expense_TestNG" name="Total_Total" time="0.000"/>
  <system-out/>
  <testcase classname="dbp_Login_Extends.Common_Expense_TestNG" name="Rent_PaidToSelf_NewCar" time="0.042"/>
  <system-out/>
  <testcase classname="dbp_Login_Extends.Common_Expense_TestNG" name="Rent_PaidToSelf_MSGA" time="0.024"/>
  <system-out/>
  <testcase classname="dbp_Login_Extends.Common_Expense_TestNG" name="Rent_PaidToSelf_Service" time="0.044"/>
  <system-out/>
  <testcase classname="dbp_Login_Extends.Common_Expense_TestNG" name="Rent_PaidToSelf_Spares" time="0.035"/>
  <system-out/>
  <testcase classname="dbp_Login_Extends.Common_Expense_TestNG" name="Rent_PaidToSelf_True_Value" time="0.030"/>
  <system-out/>
  <testcase classname="dbp_Login_Extends.Common_Expense_TestNG" name="Rent_PaidToSelf_MI" time="0.032"/>
  <system-out/>
  <testcase classname="dbp_Login_Extends.Common_Expense_TestNG" name="Rent_PaidToSelf_MDS" time="0.060"/>
  <system-out/>
  <testcase classname="dbp_Login_Extends.Common_Expense_TestNG" name="Rent_PaidToSelf_Others" time="0.048"/>
  <system-out/>
  <testcase classname="dbp_Login_Extends.Common_Expense_TestNG" name="Rent_PaidToSelf_Total" time="0.000"/>
  <system-out/>
  <testcase classname="dbp_Login_Extends.Common_Expense_TestNG" name="Rent_PaidToOthers_NewCar" time="0.063"/>
  <system-out/>
  <testcase classname="dbp_Login_Extends.Common_Expense_TestNG" name="Rent_PaidToOthers_MSGA" time="0.041"/>
  <system-out/>
  <testcase classname="dbp_Login_Extends.Common_Expense_TestNG" name="Rent_PaidToOthers_Service" time="0.079"/>
  <system-out/>
  <testcase classname="dbp_Login_Extends.Common_Expense_TestNG" name="Rent_PaidToOthers_Spares" time="0.080"/>
  <system-out/>
  <testcase classname="dbp_Login_Extends.Common_Expense_TestNG" name="Rent_PaidToOthers_True_Value" time="0.047"/>
  <system-out/>
  <testcase classname="dbp_Login_Extends.Common_Expense_TestNG" name="Rent_PaidToOthers_MI" time="0.065"/>
  <system-out/>
  <testcase classname="dbp_Login_Extends.Common_Expense_TestNG" name="Rent_PaidToOthers_MDS" time="0.046"/>
  <system-out/>
  <testcase classname="dbp_Login_Extends.Common_Expense_TestNG" name="Rent_PaidToOthers_Others" time="0.048"/>
  <system-out/>
  <testcase classname="dbp_Login_Extends.Common_Expense_TestNG" name="Rent_PaidToOthers_Total" time="0.000"/>
  <system-out/>
  <testcase classname="dbp_Login_Extends.Common_Expense_TestNG" name="Rent_New_Car_Total" time="0.000"/>
  <system-out/>
  <testcase classname="dbp_Login_Extends.Common_Expense_TestNG" name="Rent_MSGA_Total" time="0.000"/>
  <system-out/>
  <testcase classname="dbp_Login_Extends.Common_Expense_TestNG" name="Rent_Service_Total" time="0.000"/>
  <system-out/>
  <testcase classname="dbp_Login_Extends.Common_Expense_TestNG" name="Rent_Spares_Total" time="0.000"/>
  <system-out/>
  <testcase classname="dbp_Login_Extends.Common_Expense_TestNG" name="Rent_TrueValue_Total" time="0.000"/>
  <system-out/>
  <testcase classname="dbp_Login_Extends.Common_Expense_TestNG" name="Rent_MI_Total" time="0.000"/>
  <system-out/>
  <testcase classname="dbp_Login_Extends.Common_Expense_TestNG" name="Rent_MDS_Total" time="0.000"/>
  <system-out/>
  <testcase classname="dbp_Login_Extends.Common_Expense_TestNG" name="Rent_Others_Total" time="0.000"/>
  <system-out/>
  <testcase classname="dbp_Login_Extends.Common_Expense_TestNG" name="Rent_Total_Total" time="0.000"/>
  <system-out/>
  <testcase classname="dbp_Login_Extends.Common_Expense_TestNG" name="ClickOn_OtherExpense_Tab" time="16.502"/>
  <system-out/>
  <testcase classname="dbp_Login_Extends.Common_Expense_TestNG" name="Save_Data_Other_Expense" time="10.634"/>
  <system-out/>
  <testcase classname="dbp_Login_Extends.Common_Expense_TestNG" name="OtherExpense_Back_Office_Salary" time="0.000"/>
  <system-out/>
  <testcase classname="dbp_Login_Extends.Common_Expense_TestNG" name="Back_Office_Salary_PerNewCar" time="0.000"/>
  <system-out/>
  <testcase classname="dbp_Login_Extends.Common_Expense_TestNG" name="OtherExpense_Long_term_InterestCost" time="0.000"/>
  <system-out/>
  <testcase classname="dbp_Login_Extends.Common_Expense_TestNG" name="Long_term_InterestCost_PerNewCar" time="0.000"/>
  <system-out/>
  <testcase classname="dbp_Login_Extends.Common_Expense_TestNG" name="OtherExpense_Building_Depreciation" time="0.000"/>
  <system-out/>
  <testcase classname="dbp_Login_Extends.Common_Expense_TestNG" name="OtherExpense_BuildingDepreciation_PerNewCar" time="0.000"/>
  <system-out/>
  <testcase classname="dbp_Login_Extends.Common_Expense_TestNG" name="OtherExpense_PlantMachinery_Depreciation" time="0.000"/>
  <system-out/>
  <testcase classname="dbp_Login_Extends.Common_Expense_TestNG" name="OtherExpense_PlantMachinery_Depreciation_PerNewCar" time="0.000"/>
  <system-out/>
  <testcase classname="dbp_Login_Extends.Common_Expense_TestNG" name="OtherExpense_DemoVehicles_Depreciation" time="0.000"/>
  <system-out/>
  <testcase classname="dbp_Login_Extends.Common_Expense_TestNG" name="OtherExpense_DemoVehicles_Depreciation_PerNewCar" time="0.000"/>
  <system-out/>
  <testcase classname="dbp_Login_Extends.Common_Expense_TestNG" name="OtherExpense_Others_Depreciation" time="0.000"/>
  <system-out/>
  <testcase classname="dbp_Login_Extends.Common_Expense_TestNG" name="OtherExpense_Others_Depreciation_PerNewCar" time="0.000"/>
  <system-out/>
  <testcase classname="dbp_Login_Extends.Common_Expense_TestNG" name="OtherExpense_Rent" time="0.000"/>
  <system-out/>
  <testcase classname="dbp_Login_Extends.Common_Expense_TestNG" name="OtherExpense_Rent_PerNewCar" time="0.016"/>
  <system-out/>
  <testcase classname="dbp_Login_Extends.Common_Expense_TestNG" name="OtherExpense_Repair_Maintenance" time="0.067"/>
  <system-out/>
  <testcase classname="dbp_Login_Extends.Common_Expense_TestNG" name="OtherExpense_RepairMaintenance_PerNewCar" time="0.000"/>
  <system-out/>
  <testcase classname="dbp_Login_Extends.Common_Expense_TestNG" name="OtherExpense_Director_Promoter_Renumeration" time="0.053"/>
  <system-out/>
  <testcase classname="dbp_Login_Extends.Common_Expense_TestNG" name="OtherExpense_Director_Promoter_Renumeration_PerNewCar" time="0.000"/>
  <system-out/>
  <testcase classname="dbp_Login_Extends.Common_Expense_TestNG" name="OtherExpense_Staff_Welfare_Expenses" time="0.052"/>
  <system-out/>
  <testcase classname="dbp_Login_Extends.Common_Expense_TestNG" name="OtherExpense_Staff_Welfare_Expenses_PerNewCar" time="0.000"/>
  <system-out/>
  <testcase classname="dbp_Login_Extends.Common_Expense_TestNG" name="OtherExpense_Utilities" time="0.037"/>
  <system-out/>
  <testcase classname="dbp_Login_Extends.Common_Expense_TestNG" name="OtherExpense_Utilities_PerNewCar" time="0.000"/>
  <system-out/>
  <testcase classname="dbp_Login_Extends.Common_Expense_TestNG" name="OtherExpense_Securities_Guards" time="0.043"/>
  <system-out/>
  <testcase classname="dbp_Login_Extends.Common_Expense_TestNG" name="OtherExpense_Securities_Guards_PerNewCar" time="0.000"/>
  <system-out/>
  <testcase classname="dbp_Login_Extends.Common_Expense_TestNG" name="OtherExpense_Housekeeping_Pantry" time="0.052"/>
  <system-out/>
  <testcase classname="dbp_Login_Extends.Common_Expense_TestNG" name="OtherExpense_Housekeeping_Pantry_PerNewCar" time="0.000"/>
  <system-out/>
  <testcase classname="dbp_Login_Extends.Common_Expense_TestNG" name="OtherExpense_Conveyance_Travelling_expense" time="0.049"/>
  <system-out/>
  <testcase classname="dbp_Login_Extends.Common_Expense_TestNG" name="OtherExpense_Conveyance_Travelling_expense_PerNewCar" time="0.000"/>
  <system-out/>
  <testcase classname="dbp_Login_Extends.Common_Expense_TestNG" name="OtherExpense_Fuel_Expense" time="0.039"/>
  <system-out/>
  <testcase classname="dbp_Login_Extends.Common_Expense_TestNG" name="OtherExpense_Fuel_Expense_PerNewCar" time="0.000"/>
  <system-out/>
  <testcase classname="dbp_Login_Extends.Common_Expense_TestNG" name="OtherExpense_Professional_Charge" time="0.054"/>
  <system-out/>
  <testcase classname="dbp_Login_Extends.Common_Expense_TestNG" name="OtherExpense_Professional_Charge_PerNewCar" time="0.000"/>
  <system-out/>
  <testcase classname="dbp_Login_Extends.Common_Expense_TestNG" name="OtherExpense_Insurance" time="0.053"/>
  <system-out/>
  <testcase classname="dbp_Login_Extends.Common_Expense_TestNG" name="OtherExpense_Insurance_PerNewCar" time="0.000"/>
  <system-out/>
  <testcase classname="dbp_Login_Extends.Common_Expense_TestNG" name="OtherExpense_Printing_Stationary" time="0.045"/>
  <system-out/>
  <testcase classname="dbp_Login_Extends.Common_Expense_TestNG" name="OtherExpense_Printing_Stationary_PerNewCar" time="0.000"/>
  <system-out/>
  <testcase classname="dbp_Login_Extends.Common_Expense_TestNG" name="OtherExpense_Telephone_Mobile" time="0.047"/>
  <system-out/>
  <testcase classname="dbp_Login_Extends.Common_Expense_TestNG" name="OtherExpense_Telephone_Mobile_PerNewCar" time="0.000"/>
  <system-out/>
  <testcase classname="dbp_Login_Extends.Common_Expense_TestNG" name="OtherExpense_Local_Municipal_Taxes" time="0.050"/>
  <system-out/>
  <testcase classname="dbp_Login_Extends.Common_Expense_TestNG" name="OtherExpense_Local_Municipal_Taxes_PerNewCar" time="0.000"/>
  <system-out/>
  <testcase classname="dbp_Login_Extends.Common_Expense_TestNG" name="OtherExpense_Training" time="0.075"/>
  <system-out/>
  <testcase classname="dbp_Login_Extends.Common_Expense_TestNG" name="OtherExpense_Training_PerNewCar" time="0.000"/>
  <system-out/>
  <testcase classname="dbp_Login_Extends.Common_Expense_TestNG" name="OtherExpense_EDP_Charges" time="0.078"/>
  <system-out/>
  <testcase classname="dbp_Login_Extends.Common_Expense_TestNG" name="OtherExpense_EDP_Charges_PerNewCar" time="0.000"/>
  <system-out/>
  <testcase classname="dbp_Login_Extends.Common_Expense_TestNG" name="OtherExpense_Freight_Cartage" time="0.068"/>
  <system-out/>
  <testcase classname="dbp_Login_Extends.Common_Expense_TestNG" name="OtherExpense_Freight_Cartage_PerNewCar" time="0.000"/>
  <system-out/>
  <testcase classname="dbp_Login_Extends.Common_Expense_TestNG" name="OtherExpense_Internet_Connectivity_Charges_Lease_Line_Wifi" time="0.076"/>
  <system-out/>
  <testcase classname="dbp_Login_Extends.Common_Expense_TestNG" name="OtherExpense_Internet_Connectivity_Charges_Lease_Line_Wifi_PerNewCar" time="0.000"/>
  <system-out/>
  <testcase classname="dbp_Login_Extends.Common_Expense_TestNG" name="OtherExpense_Others" time="0.052"/>
  <system-out/>
  <testcase classname="dbp_Login_Extends.Common_Expense_TestNG" name="OtherExpense_Others_PerNewCar" time="0.000"/>
  <system-out/>
  <testcase classname="dbp_Login_Extends.Common_Expense_TestNG" name="OtherExpense_Total_Common_Expenses" time="0.000"/>
  <system-out/>
  <testcase classname="dbp_Login_Extends.Common_Expense_TestNG" name="OtherExpense_Total_Common_Expenses_PerNewCar" time="0.000"/>
  <system-out/>
  <testcase classname="dbp_Login_Extends.Common_Expense_TestNG" name="OtherExpense_Total_Overheads" time="0.000"/>
  <system-out/>
  <testcase classname="dbp_Login_Extends.Common_Expense_TestNG" name="OtherExpense_Total_Overheads_PerNewCar" time="0.000"/>
  <system-out/>
</testsuite> <!-- dbp_Login_Extends.Common_Expense_TestNG -->
