<?xml version="1.0" encoding="UTF-8"?>
<!-- Generated by org.testng.reporters.JUnitReportReporter -->
<testsuite hostname="DESKTOP-N9F7EI8" failures="0" tests="1" name="dbp_Login_Extends.Login_Page" time="38.767" errors="0" timestamp="2024-06-03T16:12:33 IST" skipped="0">
  <testcase classname="dbp_Login_Extends.Login_Page" name="testLogin" time="38.767"/>
  <system-out/>
</testsuite> <!-- dbp_Login_Extends.Login_Page -->
