<?xml version="1.0" encoding="UTF-8"?>
<!-- Generated by org.testng.reporters.JUnitReportReporter -->
<testsuite hostname="DESKTOP-N9F7EI8" failures="0" tests="14" name="dbp_Login_Extends.Network_Details" time="10.539" errors="0" timestamp="2024-06-05T12:18:01 IST" skipped="0">
  <testcase classname="dbp_Login_Extends.Network_Details" name="Main_Outlets_In_Network_details" time="0.031"/>
  <system-out/>
  <testcase classname="dbp_Login_Extends.Network_Details" name="BodyShop_Main_Workshops_In_Network_details" time="0.045"/>
  <system-out/>
  <testcase classname="dbp_Login_Extends.Network_Details" name="E_Outlets_In_Network_details" time="0.031"/>
  <system-out/>
  <testcase classname="dbp_Login_Extends.Network_Details" name="Workshop_E_Workshops_In_Network_details" time="0.031"/>
  <system-out/>
  <testcase classname="dbp_Login_Extends.Network_Details" name="Workshop_R_Workshops_In_Network_details" time="0.033"/>
  <system-out/>
  <testcase classname="dbp_Login_Extends.Network_Details" name="True_Value_Outlet_In_Network_details" time="0.031"/>
  <system-out/>
  <testcase classname="dbp_Login_Extends.Network_Details" name="Workshop_Main_Workshops_In_Network_details" time="0.038"/>
  <system-out/>
  <testcase classname="dbp_Login_Extends.Network_Details" name="Bodyshop_MSSSP_In_Network_details" time="0.032"/>
  <system-out/>
  <testcase classname="dbp_Login_Extends.Network_Details" name="Workshop_MSSSP_In_Network_details" time="0.032"/>
  <system-out/>
  <testcase classname="dbp_Login_Extends.Network_Details" name="R_Outlets_In_Network_details" time="0.032"/>
  <system-out/>
  <testcase classname="dbp_Login_Extends.Network_Details" name="Bodyshop_R_Workshops_In_Network_details" time="0.031"/>
  <system-out/>
  <testcase classname="dbp_Login_Extends.Network_Details" name="clearData" time="6.732"/>
  <system-out/>
  <testcase classname="dbp_Login_Extends.Network_Details" name="Bodyshop_E_Workshops_In_Network_details" time="0.040"/>
  <system-out/>
  <testcase classname="dbp_Login_Extends.Network_Details" name="Save_the_Data" time="3.400"/>
  <system-out/>
</testsuite> <!-- dbp_Login_Extends.Network_Details -->
