<?xml version="1.0" encoding="UTF-8"?>
<!-- Generated by org.testng.reporters.JUnitReportReporter -->
<testsuite hostname="DESKTOP-N9F7EI8" failures="0" tests="1" name="aLLLogin.ALTO_K10" time="0.000" errors="0" timestamp="2024-05-17T11:20:27 IST" skipped="1">
  <testcase classname="aLLLogin.ALTO_K10" name="ALLTest" time="0.000">
    <skipped/>
  </testcase> <!-- ALLTest -->
  <system-out/>
</testsuite> <!-- aLLLogin.ALTO_K10 -->
