<?xml version="1.0" encoding="UTF-8"?>
<!-- Generated by org.testng.reporters.JUnitReportReporter -->
<testsuite hostname="DESKTOP-N9F7EI8" failures="0" tests="36" name="aLLLogin.MSGA" time="52.911" errors="0" timestamp="2024-06-05T10:53:29 IST" skipped="0">
  <testcase classname="aLLLogin.MSGA" name="clearData" time="18.572"/>
  <system-out/>
  <testcase classname="aLLLogin.MSGA" name="Save_the_Data" time="4.858"/>
  <system-out/>
  <testcase classname="aLLLogin.MSGA" name="MSGA_Sales_New_Car_Amount" time="0.086"/>
  <system-out/>
  <testcase classname="aLLLogin.MSGA" name="MSGA_Sales_True_Value_Amount" time="0.080"/>
  <system-out/>
  <testcase classname="aLLLogin.MSGA" name="MSGA_Sales_Workshop_And_Bodyshop_Amount" time="0.078"/>
  <system-out/>
  <testcase classname="aLLLogin.MSGA" name="MSGA_Opening_Stock_A_Amount" time="0.084"/>
  <system-out/>
  <testcase classname="aLLLogin.MSGA" name="MSGA_Purchase_B_Amount" time="0.047"/>
  <system-out/>
  <testcase classname="aLLLogin.MSGA" name="Closing_Stock_C_Amount" time="0.042"/>
  <system-out/>
  <testcase classname="aLLLogin.MSGA" name="TCU_Commission_Suzuki_Connect_Amount" time="0.065"/>
  <system-out/>
  <testcase classname="aLLLogin.MSGA" name="Incentive_earned_on_Accessories_sales_Amount" time="0.074"/>
  <system-out/>
  <testcase classname="aLLLogin.MSGA" name="Any_other_MSGA_Income_Amount" time="0.047"/>
  <system-out/>
  <testcase classname="aLLLogin.MSGA" name="Discount_Bill_discount_Amount" time="0.048"/>
  <system-out/>
  <testcase classname="aLLLogin.MSGA" name="Any_other_Expense_MSGA_only_Amount" time="0.091"/>
  <system-out/>
  <testcase classname="aLLLogin.MSGA" name="Total_MSGA_Sales_Amount" time="0.000"/>
  <system-out/>
  <testcase classname="aLLLogin.MSGA" name="Click_on_NewCars" time="7.526"/>
  <system-out/>
  <testcase classname="aLLLogin.MSGA" name="Total_MSGA_Sales_Per_new_Cars" time="0.000"/>
  <system-out/>
  <testcase classname="aLLLogin.MSGA" name="Cost_of_Goods_Sold__A_B_C" time="0.000"/>
  <system-out/>
  <testcase classname="aLLLogin.MSGA" name="Cost_of_Goods_Sold__A_B_C_per_new_cars_expense" time="0.000"/>
  <system-out/>
  <testcase classname="aLLLogin.MSGA" name="MSGA_Margin_Sales_Cost_of_Goods_Sold_Amount" time="0.000"/>
  <system-out/>
  <testcase classname="aLLLogin.MSGA" name="MSGA_Margin_Sales_Cost_of_Goods_Sold_Per_new_cars_Income" time="0.000"/>
  <system-out/>
  <testcase classname="aLLLogin.MSGA" name="TCU_Commission_per_new_car_Income" time="0.000"/>
  <system-out/>
  <testcase classname="aLLLogin.MSGA" name="Incentives_earned_on_Accessories_sales_per_new_car_Income" time="0.015"/>
  <system-out/>
  <testcase classname="aLLLogin.MSGA" name="Any_other_MSGA_Income_per_new_car_Income" time="3.012"/>
  <system-out/>
  <testcase classname="aLLLogin.MSGA" name="Click_on_ManPower_Cost" time="7.572"/>
  <system-out/>
  <testcase classname="aLLLogin.MSGA" name="Total_manpower_cost_MSGA___Matches_the_values___Manpower_Cost_Salary_AND_Incentive_In_MSGA" time="0.000"/>
  <system-out/>
  <testcase classname="aLLLogin.MSGA" name="Discount_Bill_discount_Per_NEW_car_Expenses" time="3.010"/>
  <system-out/>
  <testcase classname="aLLLogin.MSGA" name="Manpower_Cost_Salary_AND_Incentive_Per_NEW_car_Expenses" time="0.000"/>
  <system-out/>
  <testcase classname="aLLLogin.MSGA" name="click_on_IntrestCost" time="7.588"/>
  <system-out/>
  <testcase classname="aLLLogin.MSGA" name="Total_Interest_Paid_on_ST_Loans_MSGA___Matches_the_values___Short_Term_Interest_Cost_MSGA" time="0.000"/>
  <system-out/>
  <testcase classname="aLLLogin.MSGA" name="Short_Term_Interest_Cost_MSGA_Per_new_Car_EXPENSES" time="0.000"/>
  <system-out/>
  <testcase classname="aLLLogin.MSGA" name="Any_Other_Expense_MSGA_only__Per_new_Car_EXPENSES" time="0.000"/>
  <system-out/>
  <testcase classname="aLLLogin.MSGA" name="Total_MSGA_Income_A" time="0.000"/>
  <system-out/>
  <testcase classname="aLLLogin.MSGA" name="Total_MSGA_Income_A_Per_New_Car_Income" time="0.000"/>
  <system-out/>
  <testcase classname="aLLLogin.MSGA" name="Net_earning_from_MSGA" time="0.000"/>
  <system-out/>
  <testcase classname="aLLLogin.MSGA" name="Net_earning_from_MSGA_Per_new_CARS_Income" time="0.000"/>
  <system-out/>
  <testcase classname="aLLLogin.MSGA" name="Total_MSGA_Income_B_Per_New_Car_Expense" time="0.016"/>
  <system-out/>
</testsuite> <!-- aLLLogin.MSGA -->
