<?xml version="1.0" encoding="UTF-8"?>
<!-- Generated by org.testng.reporters.JUnitReportReporter -->
<testsuite hostname="DESKTOP-N9F7EI8" failures="0" tests="36" name="extend_Login.MSGA" time="53.863" errors="0" timestamp="2024-05-31T15:51:29 IST" skipped="0">
  <testcase classname="extend_Login.MSGA" name="clearData" time="18.520"/>
  <system-out/>
  <testcase classname="extend_Login.MSGA" name="Save_the_Data" time="4.586"/>
  <system-out/>
  <testcase classname="extend_Login.MSGA" name="MSGA_Sales_New_Car_Amount" time="0.037"/>
  <system-out/>
  <testcase classname="extend_Login.MSGA" name="MSGA_Sales_True_Value_Amount" time="0.023"/>
  <system-out/>
  <testcase classname="extend_Login.MSGA" name="MSGA_Sales_Workshop_And_Bodyshop_Amount" time="0.020"/>
  <system-out/>
  <testcase classname="extend_Login.MSGA" name="MSGA_Opening_Stock_A_Amount" time="0.023"/>
  <system-out/>
  <testcase classname="extend_Login.MSGA" name="MSGA_Purchase_B_Amount" time="0.037"/>
  <system-out/>
  <testcase classname="extend_Login.MSGA" name="Closing_Stock_C_Amount" time="0.034"/>
  <system-out/>
  <testcase classname="extend_Login.MSGA" name="TCU_Commission_Suzuki_Connect_Amount" time="0.061"/>
  <system-out/>
  <testcase classname="extend_Login.MSGA" name="Incentive_earned_on_Accessories_sales_Amount" time="0.073"/>
  <system-out/>
  <testcase classname="extend_Login.MSGA" name="Any_other_MSGA_Income_Amount" time="0.059"/>
  <system-out/>
  <testcase classname="extend_Login.MSGA" name="Discount_Bill_discount_Amount" time="0.044"/>
  <system-out/>
  <testcase classname="extend_Login.MSGA" name="Any_other_Expense_MSGA_only_Amount" time="0.072"/>
  <system-out/>
  <testcase classname="extend_Login.MSGA" name="Total_MSGA_Sales_Amount" time="0.001"/>
  <system-out/>
  <testcase classname="extend_Login.MSGA" name="Click_on_NewCars" time="8.135"/>
  <system-out/>
  <testcase classname="extend_Login.MSGA" name="Total_MSGA_Sales_Per_new_Cars" time="0.001"/>
  <system-out/>
  <testcase classname="extend_Login.MSGA" name="Cost_of_Goods_Sold__A_B_C" time="0.001"/>
  <system-out/>
  <testcase classname="extend_Login.MSGA" name="Cost_of_Goods_Sold__A_B_C_per_new_cars_expense" time="0.001"/>
  <system-out/>
  <testcase classname="extend_Login.MSGA" name="MSGA_Margin_Sales_Cost_of_Goods_Sold_Amount" time="0.001"/>
  <system-out/>
  <testcase classname="extend_Login.MSGA" name="MSGA_Margin_Sales_Cost_of_Goods_Sold_Per_new_cars_Income" time="0.002"/>
  <system-out/>
  <testcase classname="extend_Login.MSGA" name="TCU_Commission_per_new_car_Income" time="0.006"/>
  <system-out/>
  <testcase classname="extend_Login.MSGA" name="Incentives_earned_on_Accessories_sales_per_new_car_Income" time="0.000"/>
  <system-out/>
  <testcase classname="extend_Login.MSGA" name="Any_other_MSGA_Income_per_new_car_Income" time="3.001"/>
  <system-out/>
  <testcase classname="extend_Login.MSGA" name="Click_on_ManPower_Cost" time="8.097"/>
  <system-out/>
  <testcase classname="extend_Login.MSGA" name="Total_manpower_cost_MSGA___Matches_the_values___Manpower_Cost_Salary_AND_Incentive_In_MSGA" time="0.002"/>
  <system-out/>
  <testcase classname="extend_Login.MSGA" name="Discount_Bill_discount_Per_NEW_car_Expenses" time="3.011"/>
  <system-out/>
  <testcase classname="extend_Login.MSGA" name="Manpower_Cost_Salary_AND_Incentive_Per_NEW_car_Expenses" time="0.002"/>
  <system-out/>
  <testcase classname="extend_Login.MSGA" name="click_on_IntrestCost" time="8.002"/>
  <system-out/>
  <testcase classname="extend_Login.MSGA" name="Total_Interest_Paid_on_ST_Loans_MSGA___Matches_the_values___Short_Term_Interest_Cost_MSGA" time="0.001"/>
  <system-out/>
  <testcase classname="extend_Login.MSGA" name="Short_Term_Interest_Cost_MSGA_Per_new_Car_EXPENSES" time="0.002"/>
  <system-out/>
  <testcase classname="extend_Login.MSGA" name="Any_Other_Expense_MSGA_only__Per_new_Car_EXPENSES" time="0.002"/>
  <system-out/>
  <testcase classname="extend_Login.MSGA" name="Total_MSGA_Income_A" time="0.001"/>
  <system-out/>
  <testcase classname="extend_Login.MSGA" name="Total_MSGA_Income_A_Per_New_Car_Income" time="0.001"/>
  <system-out/>
  <testcase classname="extend_Login.MSGA" name="Net_earning_from_MSGA" time="0.002"/>
  <system-out/>
  <testcase classname="extend_Login.MSGA" name="Net_earning_from_MSGA_Per_new_CARS_Income" time="0.001"/>
  <system-out/>
  <testcase classname="extend_Login.MSGA" name="Total_MSGA_Income_B_Per_New_Car_Expense" time="0.001"/>
  <system-out/>
</testsuite> <!-- extend_Login.MSGA -->
