<?xml version="1.0" encoding="UTF-8"?>
<!-- Generated by org.testng.reporters.JUnitReportReporter -->
<testsuite hostname="DESKTOP-N9F7EI8" failures="0" tests="81" name="extend_Login.New_Car_TestNG" time="63.834" errors="0" timestamp="2024-05-31T15:51:29 IST" skipped="0">
  <testcase classname="extend_Login.New_Car_TestNG" name="Clear_Data" time="20.950"/>
  <system-out/>
  <testcase classname="extend_Login.New_Car_TestNG" name="Save_Data" time="12.560"/>
  <system-out/>
  <testcase classname="extend_Login.New_Car_TestNG" name="ClickOn_StockSheet" time="6.979"/>
  <system-out/>
  <testcase classname="extend_Login.New_Car_TestNG" name="ClickOn_Manpower_Cost" time="6.889"/>
  <system-out/>
  <testcase classname="extend_Login.New_Car_TestNG" name="ClickOn_Interest_Cost" time="6.839"/>
  <system-out/>
  <testcase classname="extend_Login.New_Car_TestNG" name="ClickOn_NewCar" time="6.402"/>
  <system-out/>
  <testcase classname="extend_Login.New_Car_TestNG" name="NewCar_RetailSales_Quantity" time="0.000"/>
  <system-out/>
  <testcase classname="extend_Login.New_Car_TestNG" name="NewCar_RetailSales_Amount" time="0.000"/>
  <system-out/>
  <testcase classname="extend_Login.New_Car_TestNG" name="NewCar_Margin_Amount" time="0.000"/>
  <system-out/>
  <testcase classname="extend_Login.New_Car_TestNG" name="NewCar_Margin_PerNewCar" time="0.012"/>
  <system-out/>
  <testcase classname="extend_Login.New_Car_TestNG" name="TotalDRF_Amount" time="0.002"/>
  <system-out/>
  <testcase classname="extend_Login.New_Car_TestNG" name="Total_DRFAmount_PerNewCar" time="0.004"/>
  <system-out/>
  <testcase classname="extend_Login.New_Car_TestNG" name="SPOT_Value_On_MSILInvoice" time="2.082"/>
  <system-out/>
  <testcase classname="extend_Login.New_Car_TestNG" name="SPOT_Value_PerNewCar" time="0.000"/>
  <system-out/>
  <testcase classname="extend_Login.New_Car_TestNG" name="RIPS_Support_ISL_RMK" time="0.061"/>
  <system-out/>
  <testcase classname="extend_Login.New_Car_TestNG" name="RIPS_Support_PerNewCar" time="0.000"/>
  <system-out/>
  <testcase classname="extend_Login.New_Car_TestNG" name="Wholesale_Incentives_MACNAC" time="0.054"/>
  <system-out/>
  <testcase classname="extend_Login.New_Car_TestNG" name="Wholesale_Incentives_MAC_NAC_PerNewCar" time="0.000"/>
  <system-out/>
  <testcase classname="extend_Login.New_Car_TestNG" name="Wholesale_Incentives_Trade_Discount" time="0.048"/>
  <system-out/>
  <testcase classname="extend_Login.New_Car_TestNG" name="Wholesale_Incentives_TradeDiscount_PerNewCar" time="0.000"/>
  <system-out/>
  <testcase classname="extend_Login.New_Car_TestNG" name="BSC_NSC_Payout" time="0.053"/>
  <system-out/>
  <testcase classname="extend_Login.New_Car_TestNG" name="BSC_NSC_Payout_PerNewCar" time="0.000"/>
  <system-out/>
  <testcase classname="extend_Login.New_Car_TestNG" name="RO_ZO_HO_Incentive_Scheme" time="0.054"/>
  <system-out/>
  <testcase classname="extend_Login.New_Car_TestNG" name="RO_ZO_HO_Incentive_Scheme_PerNewCar" time="0.000"/>
  <system-out/>
  <testcase classname="extend_Login.New_Car_TestNG" name="Demo_Vehicle_Claims" time="0.043"/>
  <system-out/>
  <testcase classname="extend_Login.New_Car_TestNG" name="Demo_Vehicle_Claims_PerNewCar" time="0.000"/>
  <system-out/>
  <testcase classname="extend_Login.New_Car_TestNG" name="DGS_D_Payout_Incentive" time="0.051"/>
  <system-out/>
  <testcase classname="extend_Login.New_Car_TestNG" name="DGS_D_Payout_Incentive_PerNewCar" time="0.001"/>
  <system-out/>
  <testcase classname="extend_Login.New_Car_TestNG" name="JASP_Claims" time="0.027"/>
  <system-out/>
  <testcase classname="extend_Login.New_Car_TestNG" name="JASP_Claims_PerNewCar" time="0.000"/>
  <system-out/>
  <testcase classname="extend_Login.New_Car_TestNG" name="Finance_Commission_Quantity" time="0.043"/>
  <system-out/>
  <testcase classname="extend_Login.New_Car_TestNG" name="Finance_Commission_Amount" time="0.027"/>
  <system-out/>
  <testcase classname="extend_Login.New_Car_TestNG" name="Finance_Commission_Amount_PerNewCar" time="0.000"/>
  <system-out/>
  <testcase classname="extend_Login.New_Car_TestNG" name="Insurance_Commission_Quantity" time="0.032"/>
  <system-out/>
  <testcase classname="extend_Login.New_Car_TestNG" name="Insurance_Commission_Amount" time="0.029"/>
  <system-out/>
  <testcase classname="extend_Login.New_Car_TestNG" name="Insurance_Commission_Amount_PerNewCar" time="0.001"/>
  <system-out/>
  <testcase classname="extend_Login.New_Car_TestNG" name="MSR_Loyalty_Reward_Card_Quantity" time="0.025"/>
  <system-out/>
  <testcase classname="extend_Login.New_Car_TestNG" name="MSR_Loyalty_Reward_Card_Amount" time="0.032"/>
  <system-out/>
  <testcase classname="extend_Login.New_Car_TestNG" name="MSR_Loyalty_Reward_Card_Amount_PerNewCar" time="0.000"/>
  <system-out/>
  <testcase classname="extend_Login.New_Car_TestNG" name="Extended_Warranty_Commission_Quantity" time="0.035"/>
  <system-out/>
  <testcase classname="extend_Login.New_Car_TestNG" name="Extended_Warranty_Commission_Amount" time="0.033"/>
  <system-out/>
  <testcase classname="extend_Login.New_Car_TestNG" name="Extended_Warranty_Commission_Amount_PerNewCar" time="0.000"/>
  <system-out/>
  <testcase classname="extend_Login.New_Car_TestNG" name="CCP_Commission_Quantity" time="0.034"/>
  <system-out/>
  <testcase classname="extend_Login.New_Car_TestNG" name="CCP_Commission_Amount" time="0.043"/>
  <system-out/>
  <testcase classname="extend_Login.New_Car_TestNG" name="CCP_Commission_Amount_PerNewCar" time="0.000"/>
  <system-out/>
  <testcase classname="extend_Login.New_Car_TestNG" name="IncomeFromIssuanceOfFitnessCertificate_Amount" time="0.031"/>
  <system-out/>
  <testcase classname="extend_Login.New_Car_TestNG" name="IncomeFromIssuanceOfFitnessCertificate_PerNewCar" time="0.000"/>
  <system-out/>
  <testcase classname="extend_Login.New_Car_TestNG" name="Interest_Receipt_from_MSIL_Amount" time="0.032"/>
  <system-out/>
  <testcase classname="extend_Login.New_Car_TestNG" name="Interest_Receipt_from_MSIL_Amount_PerNewCar" time="0.000"/>
  <system-out/>
  <testcase classname="extend_Login.New_Car_TestNG" name="NewCar_Other_income_Amount" time="0.031"/>
  <system-out/>
  <testcase classname="extend_Login.New_Car_TestNG" name="NewCar_Other_income_Amount_PerNewCar" time="0.000"/>
  <system-out/>
  <testcase classname="extend_Login.New_Car_TestNG" name="Any_other_Income_Amount" time="0.031"/>
  <system-out/>
  <testcase classname="extend_Login.New_Car_TestNG" name="Any_other_Income_Amount_PerNewCar" time="0.000"/>
  <system-out/>
  <testcase classname="extend_Login.New_Car_TestNG" name="NewCar_Manpower_Cost" time="0.000"/>
  <system-out/>
  <testcase classname="extend_Login.New_Car_TestNG" name="Manpower_Cost_PerNewCar" time="0.000"/>
  <system-out/>
  <testcase classname="extend_Login.New_Car_TestNG" name="NewCar_Total_Discount" time="0.000"/>
  <system-out/>
  <testcase classname="extend_Login.New_Car_TestNG" name="Total_Discount_PerNewCar" time="0.008"/>
  <system-out/>
  <testcase classname="extend_Login.New_Car_TestNG" name="NewCar_Short_term_Interest_Cost" time="0.000"/>
  <system-out/>
  <testcase classname="extend_Login.New_Car_TestNG" name="Short_term_Interest_Cost_PerNewCar" time="0.000"/>
  <system-out/>
  <testcase classname="extend_Login.New_Car_TestNG" name="Delivery_Expenses_Amount" time="0.023"/>
  <system-out/>
  <testcase classname="extend_Login.New_Car_TestNG" name="Delivery_Expenses_PerNewCar" time="0.000"/>
  <system-out/>
  <testcase classname="extend_Login.New_Car_TestNG" name="Fuel_expenses_Amount" time="0.031"/>
  <system-out/>
  <testcase classname="extend_Login.New_Car_TestNG" name="Fuel_expenses_PerNewCar" time="0.000"/>
  <system-out/>
  <testcase classname="extend_Login.New_Car_TestNG" name="Advertisement_Marketing_Promotional_Expenses_Amount" time="0.032"/>
  <system-out/>
  <testcase classname="extend_Login.New_Car_TestNG" name="Advertisement_Marketing_Promotional_Expenses_PerNewCar" time="0.000"/>
  <system-out/>
  <testcase classname="extend_Login.New_Car_TestNG" name="Hyperlocal_Expense_Amount" time="0.036"/>
  <system-out/>
  <testcase classname="extend_Login.New_Car_TestNG" name="Hyperlocal_Expense_PerNewCar" time="0.000"/>
  <system-out/>
  <testcase classname="extend_Login.New_Car_TestNG" name="Pool_Lifting_Charges_Amount" time="0.027"/>
  <system-out/>
  <testcase classname="extend_Login.New_Car_TestNG" name="Pool_Lifting_Charges_PerNewCar" time="0.000"/>
  <system-out/>
  <testcase classname="extend_Login.New_Car_TestNG" name="DSA_DMA_Commission_Amount" time="0.041"/>
  <system-out/>
  <testcase classname="extend_Login.New_Car_TestNG" name="DSA_DMA_Commission_PerNewCar" time="0.002"/>
  <system-out/>
  <testcase classname="extend_Login.New_Car_TestNG" name="Lease_Rental_on_Demo_Vehicles_Amount" time="0.028"/>
  <system-out/>
  <testcase classname="extend_Login.New_Car_TestNG" name="Lease_Rental_on_Demo_Vehicles_PerNewCar" time="0.000"/>
  <system-out/>
  <testcase classname="extend_Login.New_Car_TestNG" name="Any_other_Expense_Amount" time="0.020"/>
  <system-out/>
  <testcase classname="extend_Login.New_Car_TestNG" name="Any_other_Expense_PerNewCar" time="0.000"/>
  <system-out/>
  <testcase classname="extend_Login.New_Car_TestNG" name="Total_New_Car_Income" time="0.000"/>
  <system-out/>
  <testcase classname="extend_Login.New_Car_TestNG" name="Total_New_Car_Income_PerNewCar" time="0.000"/>
  <system-out/>
  <testcase classname="extend_Login.New_Car_TestNG" name="Total_New_Car_Direct_Expense" time="0.016"/>
  <system-out/>
  <testcase classname="extend_Login.New_Car_TestNG" name="Net_Earning_New_car_PerNewCar" time="0.000"/>
  <system-out/>
  <testcase classname="extend_Login.New_Car_TestNG" name="Total_New_Car_Direct_Expense_PerNewCar" time="0.000"/>
  <system-out/>
  <testcase classname="extend_Login.New_Car_TestNG" name="Net_Earning_New_car" time="0.000"/>
  <system-out/>
</testsuite> <!-- extend_Login.New_Car_TestNG -->
