<?xml version="1.0" encoding="UTF-8"?>
<!-- Generated by org.testng.reporters.JUnitReportReporter -->
<testsuite hostname="DESKTOP-N9F7EI8" failures="0" tests="19" name="dbp_Login_Extends.KEy_Financials" time="14.609" errors="0" timestamp="2024-06-05T12:58:05 IST" skipped="0">
  <testcase classname="dbp_Login_Extends.KEy_Financials" name="click_on_IntrestCost" time="5.246"/>
  <system-out/>
  <testcase classname="dbp_Login_Extends.KEy_Financials" name="Clear_Data" time="3.587"/>
  <system-out/>
  <testcase classname="dbp_Login_Extends.KEy_Financials" name="sendTheVAlues" time="3.342"/>
  <system-out/>
  <testcase classname="dbp_Login_Extends.KEy_Financials" name="Save_the_Data" time="1.637"/>
  <system-out/>
  <testcase classname="dbp_Login_Extends.KEy_Financials" name="Share_Capital" time="0.051"/>
  <system-out/>
  <testcase classname="dbp_Login_Extends.KEy_Financials" name="Reserves_Surplus" time="0.052"/>
  <system-out/>
  <testcase classname="dbp_Login_Extends.KEy_Financials" name="Long_term_Debt" time="0.000"/>
  <system-out/>
  <testcase classname="dbp_Login_Extends.KEy_Financials" name="Short_term_Debt" time="0.008"/>
  <system-out/>
  <testcase classname="dbp_Login_Extends.KEy_Financials" name="Loans_Advances" time="0.045"/>
  <system-out/>
  <testcase classname="dbp_Login_Extends.KEy_Financials" name="Deferred_Tax_Liability" time="0.096"/>
  <system-out/>
  <testcase classname="dbp_Login_Extends.KEy_Financials" name="Current_Asset" time="0.082"/>
  <system-out/>
  <testcase classname="dbp_Login_Extends.KEy_Financials" name="Debtors" time="0.064"/>
  <system-out/>
  <testcase classname="dbp_Login_Extends.KEy_Financials" name="Creditors" time="0.063"/>
  <system-out/>
  <testcase classname="dbp_Login_Extends.KEy_Financials" name="Cash_in_Hand" time="0.047"/>
  <system-out/>
  <testcase classname="dbp_Login_Extends.KEy_Financials" name="Investment" time="0.082"/>
  <system-out/>
  <testcase classname="dbp_Login_Extends.KEy_Financials" name="Total_Liabilities" time="0.041"/>
  <system-out/>
  <testcase classname="dbp_Login_Extends.KEy_Financials" name="Current_Liabilities" time="0.044"/>
  <system-out/>
  <testcase classname="dbp_Login_Extends.KEy_Financials" name="Closing_Stock" time="0.088"/>
  <system-out/>
  <testcase classname="dbp_Login_Extends.KEy_Financials" name="Total_Asset" time="0.034"/>
  <system-out/>
</testsuite> <!-- dbp_Login_Extends.KEy_Financials -->
