<?xml version="1.0" encoding="UTF-8"?>
<!-- Generated by org.testng.reporters.JUnitReportReporter -->
<testsuite hostname="DESKTOP-N9F7EI8" failures="1" tests="106" name="extend_Login.Intrest_Cost" time="25.169" errors="0" timestamp="2024-05-31T15:51:29 IST" skipped="0">
  <testcase classname="extend_Login.Intrest_Cost" name="Total_Interest_Paid_on_ST_LOANS" time="0.000"/>
  <system-out/>
  <testcase classname="extend_Login.Intrest_Cost" name="clearData" time="14.024"/>
  <system-out/>
  <testcase classname="extend_Login.Intrest_Cost" name="Save_the_Data" time="1.540">
    <failure message=" Message is Invalid expected [Saved Successfully] but found []" type="java.lang.AssertionError">
      <![CDATA[java.lang.AssertionError:  Message is Invalid expected [Saved Successfully] but found []
at org.testng.Assert.fail(Assert.java:99)
at org.testng.Assert.failNotEquals(Assert.java:1037)
at org.testng.Assert.assertEqualsImpl(Assert.java:140)
at org.testng.Assert.assertEquals(Assert.java:122)
at org.testng.Assert.assertEquals(Assert.java:629)
at extend_Login.Intrest_Cost.Save_the_Data(Intrest_Cost.java:440)
at java.base/jdk.internal.reflect.DirectMethodHandleAccessor.invoke(DirectMethodHandleAccessor.java:104)
at java.base/java.lang.reflect.Method.invoke(Method.java:578)
at org.testng.internal.MethodInvocationHelper.invokeMethod(MethodInvocationHelper.java:133)
at org.testng.internal.TestInvoker.invokeMethod(TestInvoker.java:598)
at org.testng.internal.TestInvoker.invokeTestMethod(TestInvoker.java:173)
at org.testng.internal.MethodRunner.runInSequence(MethodRunner.java:46)
at org.testng.internal.TestInvoker$MethodInvocationAgent.invoke(TestInvoker.java:824)
at org.testng.internal.TestInvoker.invokeTestMethods(TestInvoker.java:146)
at org.testng.internal.TestMethodWorker.invokeTestMethods(TestMethodWorker.java:146)
at org.testng.internal.TestMethodWorker.run(TestMethodWorker.java:128)
at java.base/java.util.ArrayList.forEach(ArrayList.java:1511)
at org.testng.TestRunner.privateRun(TestRunner.java:794)
at org.testng.TestRunner.run(TestRunner.java:596)
at org.testng.SuiteRunner.runTest(SuiteRunner.java:377)
at org.testng.SuiteRunner.runSequentially(SuiteRunner.java:371)
at org.testng.SuiteRunner.privateRun(SuiteRunner.java:332)
at org.testng.SuiteRunner.run(SuiteRunner.java:276)
at org.testng.SuiteRunnerWorker.runSuite(SuiteRunnerWorker.java:53)
at org.testng.SuiteRunnerWorker.run(SuiteRunnerWorker.java:96)
at org.testng.TestNG.runSuitesSequentially(TestNG.java:1212)
at org.testng.TestNG.runSuitesLocally(TestNG.java:1134)
at org.testng.TestNG.runSuites(TestNG.java:1063)
at org.testng.TestNG.run(TestNG.java:1031)
at org.testng.remote.AbstractRemoteTestNG.run(AbstractRemoteTestNG.java:115)
at org.testng.remote.RemoteTestNG.initAndRun(RemoteTestNG.java:251)
at org.testng.remote.RemoteTestNG.main(RemoteTestNG.java:77)
]]>
    </failure>
  </testcase> <!-- Save_the_Data -->
  <system-out/>
  <testcase classname="extend_Login.Intrest_Cost" name="Short_Term_Loan_From_Banks_Financial_Institutions_In_NEW_Cars" time="0.048"/>
  <system-out/>
  <testcase classname="extend_Login.Intrest_Cost" name="Short_Term_Loan_From_Banks_Financial_Institutions_in_MSGA" time="0.037"/>
  <system-out/>
  <testcase classname="extend_Login.Intrest_Cost" name="Short_Term_Loan_From_Banks_Financial_Institutions_in_Service" time="0.045"/>
  <system-out/>
  <testcase classname="extend_Login.Intrest_Cost" name="Short_Term_Loan_From_Banks_Financial_Institutions_in_Spares" time="0.043"/>
  <system-out/>
  <testcase classname="extend_Login.Intrest_Cost" name="Short_Term_Loan_From_Banks_Financial_Institutions_in_POC" time="0.050"/>
  <system-out/>
  <testcase classname="extend_Login.Intrest_Cost" name="Short_Term_Loan_From_Banks_Financial_Institutions_in_MI" time="0.043"/>
  <system-out/>
  <testcase classname="extend_Login.Intrest_Cost" name="Short_Term_Loan_From_Banks_Financial_Institutions_in_MDS" time="0.041"/>
  <system-out/>
  <testcase classname="extend_Login.Intrest_Cost" name="Short_Term_Loan_From_Banks_Financial_Institutions_in_Totals" time="0.027"/>
  <system-out/>
  <testcase classname="extend_Login.Intrest_Cost" name="Short_Term_Loan_From_Directors_Related_Parties_In_NEW_Cars" time="0.041"/>
  <system-out/>
  <testcase classname="extend_Login.Intrest_Cost" name="Short_Term_Loan_From_Directors_Related_Parties_in_MSGA" time="0.043"/>
  <system-out/>
  <testcase classname="extend_Login.Intrest_Cost" name="Short_Term_Loan_From_Directors_Related_Parties_in_Service" time="0.045"/>
  <system-out/>
  <testcase classname="extend_Login.Intrest_Cost" name="Short_Term_Loan_From_Directors_Related_Parties_in_Spares" time="0.051"/>
  <system-out/>
  <testcase classname="extend_Login.Intrest_Cost" name="Short_Term_Loan_From_Directors_Related_Parties_in_POC" time="0.050"/>
  <system-out/>
  <testcase classname="extend_Login.Intrest_Cost" name="Short_Term_Loan_From_Directors_Related_Parties_in_MI" time="0.040"/>
  <system-out/>
  <testcase classname="extend_Login.Intrest_Cost" name="Short_Term_Loan_From_Directors_Related_Parties_in_MDS" time="0.038"/>
  <system-out/>
  <testcase classname="extend_Login.Intrest_Cost" name="Short_Term_Loan_From_Directors_Related_Parties_in_Totals" time="0.039"/>
  <system-out/>
  <testcase classname="extend_Login.Intrest_Cost" name="Total_Short_Term_Loans_In_New_Cars" time="0.028"/>
  <system-out/>
  <testcase classname="extend_Login.Intrest_Cost" name="Total_Short_Term_Loans_In_MSGA" time="0.032"/>
  <system-out/>
  <testcase classname="extend_Login.Intrest_Cost" name="Total_Short_Term_Loans_In_Service" time="0.046"/>
  <system-out/>
  <testcase classname="extend_Login.Intrest_Cost" name="Total_Short_Term_Loans_In_Spares" time="0.043"/>
  <system-out/>
  <testcase classname="extend_Login.Intrest_Cost" name="Total_Short_Term_Loans_In_POC" time="0.035"/>
  <system-out/>
  <testcase classname="extend_Login.Intrest_Cost" name="Total_Short_Term_Loans_In_MI" time="0.030"/>
  <system-out/>
  <testcase classname="extend_Login.Intrest_Cost" name="Total_Short_Term_Loans_In_MDS" time="0.026"/>
  <system-out/>
  <testcase classname="extend_Login.Intrest_Cost" name="Total_Short_Term_Loans_In_Totals" time="0.071"/>
  <system-out/>
  <testcase classname="extend_Login.Intrest_Cost" name="Total_Short_Term_Loans" time="0.177"/>
  <system-out/>
  <testcase classname="extend_Login.Intrest_Cost" name="Short_Term_Loan_Interest_Cost_Banks_And_Financial_In_NEW_Cars" time="0.040"/>
  <system-out/>
  <testcase classname="extend_Login.Intrest_Cost" name="Short_Term_Loan_Interest_Cost_Banks_And_Financial_In_MSGA" time="0.041"/>
  <system-out/>
  <testcase classname="extend_Login.Intrest_Cost" name="Short_Term_Loan_Interest_Cost_Banks_And_Financial_In_Service" time="0.043"/>
  <system-out/>
  <testcase classname="extend_Login.Intrest_Cost" name="Short_Term_Loan_Interest_Cost_Banks_And_Financial_In_Spares" time="0.053"/>
  <system-out/>
  <testcase classname="extend_Login.Intrest_Cost" name="Short_Term_Loan_Interest_Cost_Banks_And_Financial_In_POC" time="0.044"/>
  <system-out/>
  <testcase classname="extend_Login.Intrest_Cost" name="Short_Term_Loan_Interest_Cost_Banks_And_Financial_In_MI" time="0.042"/>
  <system-out/>
  <testcase classname="extend_Login.Intrest_Cost" name="Short_Term_Loan_____Interest_Cost_Banks_And_Financial_In_MDS" time="0.043"/>
  <system-out/>
  <testcase classname="extend_Login.Intrest_Cost" name="Short_Term_Loan____Interest_Cost_Banks_And_Financial_In_Totals" time="0.034"/>
  <system-out/>
  <testcase classname="extend_Login.Intrest_Cost" name="Short_Term_Loan____Interest_Cost_Directors_Related_Parties____In_NEW_Cars" time="0.046"/>
  <system-out/>
  <testcase classname="extend_Login.Intrest_Cost" name="Short_Term_Loan_____Interest_Cost_Directors_Related_Parties_____In_MSGA" time="0.048"/>
  <system-out/>
  <testcase classname="extend_Login.Intrest_Cost" name="Short_Term_Loan______Interest_Cost_Directors_Related_Parties______In_Service" time="0.056"/>
  <system-out/>
  <testcase classname="extend_Login.Intrest_Cost" name="Short_Term_Loan______Interest_Cost_Directors_Related_Parties______In_Spares" time="0.066"/>
  <system-out/>
  <testcase classname="extend_Login.Intrest_Cost" name="Short_Term_Loan______Interest_Cost_Directors_Related_Parties______In_POC" time="0.064"/>
  <system-out/>
  <testcase classname="extend_Login.Intrest_Cost" name="Short_Term_Loan______Interest_Cost_Directors_Related_Parties______In_MI" time="0.066"/>
  <system-out/>
  <testcase classname="extend_Login.Intrest_Cost" name="Short_Term_Loan______Interest_Cost_Directors_Related_Parties______In_MDS" time="0.066"/>
  <system-out/>
  <testcase classname="extend_Login.Intrest_Cost" name="Short_Term_Loan__Interest_Cost_Directors_Related_Parties_In_Totals" time="0.043"/>
  <system-out/>
  <testcase classname="extend_Login.Intrest_Cost" name="Total_Interest_Paid_on_ST_Loans___OF_New_cars" time="0.030"/>
  <system-out/>
  <testcase classname="extend_Login.Intrest_Cost" name="Total_Interest_Paid_on_ST_Loans_OF_MSGA" time="0.032"/>
  <system-out/>
  <testcase classname="extend_Login.Intrest_Cost" name="Total_Interest_Paid_on_ST_Loans_OF_SERVICES" time="0.033"/>
  <system-out/>
  <testcase classname="extend_Login.Intrest_Cost" name="Total_Interest_Paid_on_ST_Loans_OF_SPARES" time="0.025"/>
  <system-out/>
  <testcase classname="extend_Login.Intrest_Cost" name="Total_Interest_Paid_on_ST_Loans_OF_POc" time="0.026"/>
  <system-out/>
  <testcase classname="extend_Login.Intrest_Cost" name="Total_Interest_Paid_on_ST_Loans_OF_MI" time="0.022"/>
  <system-out/>
  <testcase classname="extend_Login.Intrest_Cost" name="Total_Interest_Paid_on_ST_Loans_OF_MDS" time="0.040"/>
  <system-out/>
  <testcase classname="extend_Login.Intrest_Cost" name="Total_Interest_Paid_on_ST_Loans_OF_Totals" time="0.031"/>
  <system-out/>
  <testcase classname="extend_Login.Intrest_Cost" name="Long_Term_Loan_From_Banks_Financial_Institutions_In_NEW_Cars" time="0.028"/>
  <system-out/>
  <testcase classname="extend_Login.Intrest_Cost" name="Long_Term_Loan_From_Banks_Financial_Institutions_In_M_S_G_A" time="0.031"/>
  <system-out/>
  <testcase classname="extend_Login.Intrest_Cost" name="Long_Term_Loan_From_Banks_Financial_Institutions_In_SERVICESS" time="0.031"/>
  <system-out/>
  <testcase classname="extend_Login.Intrest_Cost" name="Long_Term_Loan_From_Banks_Financial_Institutions_In_SPARES" time="0.033"/>
  <system-out/>
  <testcase classname="extend_Login.Intrest_Cost" name="Long_Term_Loan_From_Banks_Financial_Institutions_In_POC" time="0.029"/>
  <system-out/>
  <testcase classname="extend_Login.Intrest_Cost" name="Long_Term_Loan_From_Banks_Financial_Institutions_In_M_I" time="0.028"/>
  <system-out/>
  <testcase classname="extend_Login.Intrest_Cost" name="Long_Term_Loan_From_Banks_Financial_Institutions_In_MDS" time="0.030"/>
  <system-out/>
  <testcase classname="extend_Login.Intrest_Cost" name="Long_Term_Loan_From_Banks_Financial_Institutions_of_Totals" time="0.000"/>
  <system-out/>
  <testcase classname="extend_Login.Intrest_Cost" name="Long_Term_Loan_From_Directors_Related_Parties_In_NEW_Cars" time="0.031"/>
  <system-out/>
  <testcase classname="extend_Login.Intrest_Cost" name="Long_Term_Loan_From_Directors_Related_Parties_In_M_S_G_A" time="0.032"/>
  <system-out/>
  <testcase classname="extend_Login.Intrest_Cost" name="Long_Term_Loan_From_Directors_Related_Parties_In_SERVICESS" time="0.031"/>
  <system-out/>
  <testcase classname="extend_Login.Intrest_Cost" name="Long_Term_Loan_From_Directors_Related_Parties_In_SPARES" time="0.036"/>
  <system-out/>
  <testcase classname="extend_Login.Intrest_Cost" name="Long_Term_Loan_From_Directors_Related_Parties_In_POC" time="0.027"/>
  <system-out/>
  <testcase classname="extend_Login.Intrest_Cost" name="Long_Term_Loan_From_Directors_Related_Parties_In_M_I" time="0.037"/>
  <system-out/>
  <testcase classname="extend_Login.Intrest_Cost" name="Long_Term_Loan_From_Directors_Related_Parties_In_MDS" time="0.025"/>
  <system-out/>
  <testcase classname="extend_Login.Intrest_Cost" name="Long_Term_Loan_From_Directors_Related_Parties_of_Totals" time="0.000"/>
  <system-out/>
  <testcase classname="extend_Login.Intrest_Cost" name="Total_Long_Term_Loans_of_NEw_Cars" time="0.000"/>
  <system-out/>
  <testcase classname="extend_Login.Intrest_Cost" name="Total_Long_Term_Loans_of_MSGA" time="0.000"/>
  <system-out/>
  <testcase classname="extend_Login.Intrest_Cost" name="Total_Long_Term_Loans_of_Servicee" time="0.000"/>
  <system-out/>
  <testcase classname="extend_Login.Intrest_Cost" name="Total_Long_Term_Loans_of_Spares" time="0.000"/>
  <system-out/>
  <testcase classname="extend_Login.Intrest_Cost" name="Total_Long_Term_Loans_of_POC" time="0.000"/>
  <system-out/>
  <testcase classname="extend_Login.Intrest_Cost" name="Total_Long_Term_Loans_of_MI" time="0.000"/>
  <system-out/>
  <testcase classname="extend_Login.Intrest_Cost" name="Total_Long_Term_Loans_of_MDS" time="0.000"/>
  <system-out/>
  <testcase classname="extend_Login.Intrest_Cost" name="Total_Long_Term_Loans_of_TOTALS_Rs" time="0.000"/>
  <system-out/>
  <testcase classname="extend_Login.Intrest_Cost" name="Total_Long_Term_Loans" time="0.000"/>
  <system-out/>
  <testcase classname="extend_Login.Intrest_Cost" name="Long_Term_Loan_Interest_Cost_Bank_and_Financial_In_NEW_Cars" time="0.050"/>
  <system-out/>
  <testcase classname="extend_Login.Intrest_Cost" name="Long_Term_Loan_Interest_Cost_Bank_and_Financial_In_MSGA" time="0.030"/>
  <system-out/>
  <testcase classname="extend_Login.Intrest_Cost" name="Long_Term_Loan_Interest_Cost_Bank_and_Financial_In_SERVICE" time="0.031"/>
  <system-out/>
  <testcase classname="extend_Login.Intrest_Cost" name="Long_Term_Loan_Interest_Cost_Bank_and_Financial_In_Spares" time="0.016"/>
  <system-out/>
  <testcase classname="extend_Login.Intrest_Cost" name="Long_Term_Loan_Interest_Cost_Bank_and_Financial_In_Poc" time="0.031"/>
  <system-out/>
  <testcase classname="extend_Login.Intrest_Cost" name="Long_Term_Loan_Interest_Cost_Bank_and_Financial_In_MI" time="0.063"/>
  <system-out/>
  <testcase classname="extend_Login.Intrest_Cost" name="Long_Term_Loan_Interest_Cost_Bank_and_Financial_In_MDS" time="0.048"/>
  <system-out/>
  <testcase classname="extend_Login.Intrest_Cost" name="Long_Term_Loan_Interest_Cost_Bank_and_Financial_In_TOtals" time="0.009"/>
  <system-out/>
  <testcase classname="extend_Login.Intrest_Cost" name="Long_Term_Loan_Interest_Cost_Directors_Related_Parties_In_NEW_Cars" time="0.024"/>
  <system-out/>
  <testcase classname="extend_Login.Intrest_Cost" name="Long_Term_Interest_Cost_Directors_Related_Parties_In_MSGA" time="0.030"/>
  <system-out/>
  <testcase classname="extend_Login.Intrest_Cost" name="Long_Term_Loan_Interest_Cost_Directors_Related_Parties_In_SERVICE" time="0.016"/>
  <system-out/>
  <testcase classname="extend_Login.Intrest_Cost" name="Long_Term_Loan_Interest_Cost_Directors_Related_Parties_In_Spares" time="0.031"/>
  <system-out/>
  <testcase classname="extend_Login.Intrest_Cost" name="Long_Term_Loan_Interest_Cost_Directors_Related_Parties_In_Poc" time="0.036"/>
  <system-out/>
  <testcase classname="extend_Login.Intrest_Cost" name="Long_Term_Loan_Interest_Cost_Directors_Related_Parties_In_MI" time="0.046"/>
  <system-out/>
  <testcase classname="extend_Login.Intrest_Cost" name="Long_Term_Loan_Interest_Cost_Directors_Related_Parties_In_MDS" time="0.042"/>
  <system-out/>
  <testcase classname="extend_Login.Intrest_Cost" name="Long_Term_Loan_Interest_Cost_Directors_Related_Parties_Of_TOtals" time="0.000"/>
  <system-out/>
  <testcase classname="extend_Login.Intrest_Cost" name="Total_Interest_Cost_on_LT_Loans_Of_NEW_Cars" time="0.000"/>
  <system-out/>
  <testcase classname="extend_Login.Intrest_Cost" name="Total_Interest_Cost_on_LT_Loans_Of_MSGA" time="0.000"/>
  <system-out/>
  <testcase classname="extend_Login.Intrest_Cost" name="Total_Interest_Cost_on_LT_Loans_Of_service" time="0.000"/>
  <system-out/>
  <testcase classname="extend_Login.Intrest_Cost" name="Total_Interest_Cost_on_LT_Loans_Of_Spares" time="0.000"/>
  <system-out/>
  <testcase classname="extend_Login.Intrest_Cost" name="Total_Interest_Cost_on_LT_Loans_Of_PoC" time="0.000"/>
  <system-out/>
  <testcase classname="extend_Login.Intrest_Cost" name="Total_Interest_Cost_on_LT_Loans_Of_MI" time="0.016"/>
  <system-out/>
  <testcase classname="extend_Login.Intrest_Cost" name="Total_Interest_Cost_on_LT_Loans_Of_MDS" time="0.000"/>
  <system-out/>
  <testcase classname="extend_Login.Intrest_Cost" name="Total_Interest_Cost_on_LT_Loans_Of_Totals" time="0.000"/>
  <system-out/>
  <testcase classname="extend_Login.Intrest_Cost" name="Total_Interest_Cost_on_LT_Loans" time="0.000"/>
  <system-out/>
  <testcase classname="extend_Login.Intrest_Cost" name="Click_on_New_Cars" time="6.454"/>
  <system-out/>
  <testcase classname="extend_Login.Intrest_Cost" name="ST_Interest_Cost_Per_Car" time="0.000"/>
  <system-out/>
  <testcase classname="extend_Login.Intrest_Cost" name="LT_Interest_Cost_Per_Car" time="0.000"/>
  <system-out/>
  <testcase classname="extend_Login.Intrest_Cost" name="Total_Interest_Cost_Per_Car" time="0.000"/>
  <system-out/>
</testsuite> <!-- extend_Login.Intrest_Cost -->
