<?xml version="1.0" encoding="UTF-8"?>
<!-- Generated by org.testng.reporters.JUnitReportReporter -->
<testsuite hostname="DESKTOP-N9F7EI8" failures="0" tests="23" name="iNTREST_Cost.Intrest_Cost" time="16.175" errors="0" timestamp="2024-05-23T12:11:11 IST" skipped="0">
  <testcase classname="iNTREST_Cost.Intrest_Cost" name="Short_Term_Loan_From_Banks_Financial_Institutions_In_NEW_Cars" time="0.138"/>
  <system-out/>
  <testcase classname="iNTREST_Cost.Intrest_Cost" name="Short_Term_Loan_From_Directors_Related_Parties_in_MDS" time="0.117"/>
  <system-out/>
  <testcase classname="iNTREST_Cost.Intrest_Cost" name="Short_Term_Loan_From_Directors_Related_Parties_in_MI" time="0.132"/>
  <system-out/>
  <testcase classname="iNTREST_Cost.Intrest_Cost" name="Short_Term_Loan_From_Banks_Financial_Institutions_in_MDS" time="0.115"/>
  <system-out/>
  <testcase classname="iNTREST_Cost.Intrest_Cost" name="Short_Term_Loan_From_Banks_Financial_Institutions_in_Service" time="0.134"/>
  <system-out/>
  <testcase classname="iNTREST_Cost.Intrest_Cost" name="Short_Term_Loan_From_Banks_Financial_Institutions_in_MI" time="0.131"/>
  <system-out/>
  <testcase classname="iNTREST_Cost.Intrest_Cost" name="Short_Term_Loan_From_Directors_Related_Parties_in_POC" time="0.118"/>
  <system-out/>
  <testcase classname="iNTREST_Cost.Intrest_Cost" name="Short_Term_Loan_From_Directors_Related_Parties_in_MSGA" time="0.152"/>
  <system-out/>
  <testcase classname="iNTREST_Cost.Intrest_Cost" name="Short_Term_Loan_From_Directors_Related_Parties_in_Service" time="0.134"/>
  <system-out/>
  <testcase classname="iNTREST_Cost.Intrest_Cost" name="Total_Short_Term_Loans_In_MSGA" time="0.039"/>
  <system-out/>
  <testcase classname="iNTREST_Cost.Intrest_Cost" name="Login_Page" time="0.254"/>
  <system-out/>
  <testcase classname="iNTREST_Cost.Intrest_Cost" name="Short_Term_Loan_From_Banks_Financial_Institutions_in_Spares" time="0.134"/>
  <system-out/>
  <testcase classname="iNTREST_Cost.Intrest_Cost" name="Short_Term_Loan_From_Banks_Financial_Institutions_in_MSGA" time="0.181"/>
  <system-out/>
  <testcase classname="iNTREST_Cost.Intrest_Cost" name="Otp" time="1.158"/>
  <system-out/>
  <testcase classname="iNTREST_Cost.Intrest_Cost" name="ClickOn_IntrestCost" time="5.109"/>
  <system-out/>
  <testcase classname="iNTREST_Cost.Intrest_Cost" name="Short_Term_Loan_From_Banks_Financial_Institutions_in_POC" time="0.116"/>
  <system-out/>
  <testcase classname="iNTREST_Cost.Intrest_Cost" name="Short_Term_Loan_From_Banks_Financial_Institutions_in_Totals" time="0.022"/>
  <system-out/>
  <testcase classname="iNTREST_Cost.Intrest_Cost" name="Short_Term_Loan_From_Directors_Related_Parties_In_NEW_Cars" time="0.128"/>
  <system-out/>
  <testcase classname="iNTREST_Cost.Intrest_Cost" name="Short_Term_Loan_From_Directors_Related_Parties_in_Spares" time="0.130"/>
  <system-out/>
  <testcase classname="iNTREST_Cost.Intrest_Cost" name="Total_Short_Term_Loans_In_New_Cars" time="0.017"/>
  <system-out/>
  <testcase classname="iNTREST_Cost.Intrest_Cost" name="ClearData" time="2.339"/>
  <system-out/>
  <testcase classname="iNTREST_Cost.Intrest_Cost" name="DealerSubmission_Filter_option" time="5.344"/>
  <system-out/>
  <testcase classname="iNTREST_Cost.Intrest_Cost" name="Short_Term_Loan_From_Directors_Related_Parties_in_Totals" time="0.033"/>
  <system-out/>
</testsuite> <!-- iNTREST_Cost.Intrest_Cost -->
