<?xml version="1.0" encoding="UTF-8"?>
<!-- Generated by org.testng.reporters.JUnitReportReporter -->
<testsuite hostname="DESKTOP-N9F7EI8" failures="0" tests="177" name="Import_DATA_Of_DBP.STOCKS" time="24.148" errors="1" timestamp="2024-06-04T15:43:14 IST" skipped="176">
  <testcase classname="Import_DATA_Of_DBP.STOCKS" name="WholeSale_Amount_Of_ECO" time="0.000">
    <skipped/>
  </testcase> <!-- WholeSale_Amount_Of_ECO -->
  <system-out/>
  <testcase classname="Import_DATA_Of_DBP.STOCKS" name="Opening_Stock_Amount_Of_Swift" time="0.000">
    <skipped/>
  </testcase> <!-- Opening_Stock_Amount_Of_Swift -->
  <system-out/>
  <testcase classname="Import_DATA_Of_DBP.STOCKS" name="TOTAL_DRF" time="0.000">
    <skipped/>
  </testcase> <!-- TOTAL_DRF -->
  <system-out/>
  <testcase classname="Import_DATA_Of_DBP.STOCKS" name="Opening_Stock__Qty_Of_Spresso" time="0.000">
    <skipped/>
  </testcase> <!-- Opening_Stock__Qty_Of_Spresso -->
  <system-out/>
  <testcase classname="Import_DATA_Of_DBP.STOCKS" name="Consumer_Offer_Exchange_Bonus_Of_Wagon_R" time="0.000">
    <skipped/>
  </testcase> <!-- Consumer_Offer_Exchange_Bonus_Of_Wagon_R -->
  <system-out/>
  <testcase classname="Import_DATA_Of_DBP.STOCKS" name="Consumer_Offer_Exchange_Bonus_Of_ECO" time="0.000">
    <skipped/>
  </testcase> <!-- Consumer_Offer_Exchange_Bonus_Of_ECO -->
  <system-out/>
  <testcase classname="Import_DATA_Of_DBP.STOCKS" name="CAlCULATION_OF_margin_Amount_In_Spresso" time="0.000">
    <skipped/>
  </testcase> <!-- CAlCULATION_OF_margin_Amount_In_Spresso -->
  <system-out/>
  <testcase classname="Import_DATA_Of_DBP.STOCKS" name="WholeSale_Qty_Of_Wagon_R" time="0.000">
    <skipped/>
  </testcase> <!-- WholeSale_Qty_Of_Wagon_R -->
  <system-out/>
  <testcase classname="Import_DATA_Of_DBP.STOCKS" name="TOTAL_Margin_Amount" time="0.000">
    <skipped/>
  </testcase> <!-- TOTAL_Margin_Amount -->
  <system-out/>
  <testcase classname="Import_DATA_Of_DBP.STOCKS" name="Retail_sales_Amount_Of_Dzire" time="0.000">
    <skipped/>
  </testcase> <!-- Retail_sales_Amount_Of_Dzire -->
  <system-out/>
  <testcase classname="Import_DATA_Of_DBP.STOCKS" name="CAlCULATION_OF_RETAIL_SALES_QTY_Of_ALTO" time="0.000">
    <skipped/>
  </testcase> <!-- CAlCULATION_OF_RETAIL_SALES_QTY_Of_ALTO -->
  <system-out/>
  <testcase classname="Import_DATA_Of_DBP.STOCKS" name="DRF_Per_Cars" time="0.000">
    <skipped/>
  </testcase> <!-- DRF_Per_Cars -->
  <system-out/>
  <testcase classname="Import_DATA_Of_DBP.STOCKS" name="Opening_Stock_Amount_Of_SuperCarry" time="0.000">
    <skipped/>
  </testcase> <!-- Opening_Stock_Amount_Of_SuperCarry -->
  <system-out/>
  <testcase classname="Import_DATA_Of_DBP.STOCKS" name="CAlCULATION_OF_RETAIL_SALES_QTY_Of__SPresso" time="0.000">
    <skipped/>
  </testcase> <!-- CAlCULATION_OF_RETAIL_SALES_QTY_Of__SPresso -->
  <system-out/>
  <testcase classname="Import_DATA_Of_DBP.STOCKS" name="Closing_stock_Qty_Of_Wagon_R" time="0.000">
    <skipped/>
  </testcase> <!-- Closing_stock_Qty_Of_Wagon_R -->
  <system-out/>
  <testcase classname="Import_DATA_Of_DBP.STOCKS" name="Opening_Stock_Amount_Of_ECO" time="0.000">
    <skipped/>
  </testcase> <!-- Opening_Stock_Amount_Of_ECO -->
  <system-out/>
  <testcase classname="Import_DATA_Of_DBP.STOCKS" name="CAlCULATION_OF_Margin_per_Cars_In_ALTO" time="0.000">
    <skipped/>
  </testcase> <!-- CAlCULATION_OF_Margin_per_Cars_In_ALTO -->
  <system-out/>
  <testcase classname="Import_DATA_Of_DBP.STOCKS" name="Margin_Per_Cars" time="0.000">
    <skipped/>
  </testcase> <!-- Margin_Per_Cars -->
  <system-out/>
  <testcase classname="Import_DATA_Of_DBP.STOCKS" name="Opening_Stock__Qty_Of_ERTIGA" time="0.000">
    <skipped/>
  </testcase> <!-- Opening_Stock__Qty_Of_ERTIGA -->
  <system-out/>
  <testcase classname="Import_DATA_Of_DBP.STOCKS" name="Retail_sales_Amount_Of_S_presso" time="0.000">
    <skipped/>
  </testcase> <!-- Retail_sales_Amount_Of_S_presso -->
  <system-out/>
  <testcase classname="Import_DATA_Of_DBP.STOCKS" name="CAlCULATION_OF_Discount_Per_Cars_ALTO" time="0.000">
    <skipped/>
  </testcase> <!-- CAlCULATION_OF_Discount_Per_Cars_ALTO -->
  <system-out/>
  <testcase classname="Import_DATA_Of_DBP.STOCKS" name="CAlCULATION_OF_margin_Amount_In_Celerio" time="0.000">
    <skipped/>
  </testcase> <!-- CAlCULATION_OF_margin_Amount_In_Celerio -->
  <system-out/>
  <testcase classname="Import_DATA_Of_DBP.STOCKS" name="CAlCULATION_OF_Margin_Per_Cars_In__BREZZA" time="0.000">
    <skipped/>
  </testcase> <!-- CAlCULATION_OF_Margin_Per_Cars_In__BREZZA -->
  <system-out/>
  <testcase classname="Import_DATA_Of_DBP.STOCKS" name="CAlCULATION_OF_discount_Per_Cars_In__SWIFT" time="0.000">
    <skipped/>
  </testcase> <!-- CAlCULATION_OF_discount_Per_Cars_In__SWIFT -->
  <system-out/>
  <testcase classname="Import_DATA_Of_DBP.STOCKS" name="Closing_stock_Amount_Of_SuperCarry" time="0.000">
    <skipped/>
  </testcase> <!-- Closing_stock_Amount_Of_SuperCarry -->
  <system-out/>
  <testcase classname="Import_DATA_Of_DBP.STOCKS" name="CAlCULATION_OF_Total_Discount_In__WAGON_R" time="0.000">
    <skipped/>
  </testcase> <!-- CAlCULATION_OF_Total_Discount_In__WAGON_R -->
  <system-out/>
  <testcase classname="Import_DATA_Of_DBP.STOCKS" name="Closing_stock_Amount_Of_Wagon_R" time="0.000">
    <skipped/>
  </testcase> <!-- Closing_stock_Amount_Of_Wagon_R -->
  <system-out/>
  <testcase classname="Import_DATA_Of_DBP.STOCKS" name="CAlCULATION_OF_margin_Amount_In_BREZZA" time="0.000">
    <skipped/>
  </testcase> <!-- CAlCULATION_OF_margin_Amount_In_BREZZA -->
  <system-out/>
  <testcase classname="Import_DATA_Of_DBP.STOCKS" name="Discount_Per_Cars" time="0.000">
    <skipped/>
  </testcase> <!-- Discount_Per_Cars -->
  <system-out/>
  <testcase classname="Import_DATA_Of_DBP.STOCKS" name="TOTAL_WholeSale_Qty" time="0.000">
    <skipped/>
  </testcase> <!-- TOTAL_WholeSale_Qty -->
  <system-out/>
  <testcase classname="Import_DATA_Of_DBP.STOCKS" name="CAlCULATION_OF_DRF_Per_Cars_In__Spresso" time="0.000">
    <skipped/>
  </testcase> <!-- CAlCULATION_OF_DRF_Per_Cars_In__Spresso -->
  <system-out/>
  <testcase classname="Import_DATA_Of_DBP.STOCKS" name="CAlCULATION_OF_RETAIL_SALES_QTY_Of__EECO" time="0.000">
    <skipped/>
  </testcase> <!-- CAlCULATION_OF_RETAIL_SALES_QTY_Of__EECO -->
  <system-out/>
  <testcase classname="Import_DATA_Of_DBP.STOCKS" name="CAlCULATION_OF_discount_Per_Cars_In__Celerio" time="0.000">
    <skipped/>
  </testcase> <!-- CAlCULATION_OF_discount_Per_Cars_In__Celerio -->
  <system-out/>
  <testcase classname="Import_DATA_Of_DBP.STOCKS" name="Opening_Stock_Amount_Of_Wagon_R" time="0.000">
    <skipped/>
  </testcase> <!-- Opening_Stock_Amount_Of_Wagon_R -->
  <system-out/>
  <testcase classname="Import_DATA_Of_DBP.STOCKS" name="CAlCULATION_OF_Total_Discount_In__SUPER_CARRY" time="0.000">
    <skipped/>
  </testcase> <!-- CAlCULATION_OF_Total_Discount_In__SUPER_CARRY -->
  <system-out/>
  <testcase classname="Import_DATA_Of_DBP.STOCKS" name="CAlCULATION_OF_Margin_Per_Cars_In__Celerio" time="0.000">
    <skipped/>
  </testcase> <!-- CAlCULATION_OF_Margin_Per_Cars_In__Celerio -->
  <system-out/>
  <testcase classname="Import_DATA_Of_DBP.STOCKS" name="CAlCULATION_OF_DRF_Per_Cars_In__DZIRE" time="0.000">
    <skipped/>
  </testcase> <!-- CAlCULATION_OF_DRF_Per_Cars_In__DZIRE -->
  <system-out/>
  <testcase classname="Import_DATA_Of_DBP.STOCKS" name="Retail_sales_Amount_Of_ECO" time="0.000">
    <skipped/>
  </testcase> <!-- Retail_sales_Amount_Of_ECO -->
  <system-out/>
  <testcase classname="Import_DATA_Of_DBP.STOCKS" name="CAlCULATION_OF_discount_Per_Cars_In__SUPER_CARRY" time="0.000">
    <skipped/>
  </testcase> <!-- CAlCULATION_OF_discount_Per_Cars_In__SUPER_CARRY -->
  <system-out/>
  <testcase classname="Import_DATA_Of_DBP.STOCKS" name="Opening_Stock__Qty_Of_Dzire" time="0.000">
    <skipped/>
  </testcase> <!-- Opening_Stock__Qty_Of_Dzire -->
  <system-out/>
  <testcase classname="Import_DATA_Of_DBP.STOCKS" name="CAlCULATION_OF_Total_Discount_In__ERTIGA" time="0.000">
    <skipped/>
  </testcase> <!-- CAlCULATION_OF_Total_Discount_In__ERTIGA -->
  <system-out/>
  <testcase classname="Import_DATA_Of_DBP.STOCKS" name="WholeSale_Amount_Of_Wagon_R" time="0.000">
    <skipped/>
  </testcase> <!-- WholeSale_Amount_Of_Wagon_R -->
  <system-out/>
  <testcase classname="Import_DATA_Of_DBP.STOCKS" name="Setup" time="24.148">
    <error message="Expected condition failed: waiting for presence of element located by: By.cssSelector: [class=&quot;dealer-business px-0 py-4&quot;] (tried for 15 second(s) with 500 milliseconds interval)" type="org.openqa.selenium.TimeoutException">
      <![CDATA[org.openqa.selenium.TimeoutException: Expected condition failed: waiting for presence of element located by: By.cssSelector: [class="dealer-business px-0 py-4"] (tried for 15 second(s) with 500 milliseconds interval)
at org.openqa.selenium.support.ui.WebDriverWait.timeoutException(WebDriverWait.java:84)
at org.openqa.selenium.support.ui.FluentWait.until(FluentWait.java:228)
at Import_DATA_Of_DBP.Login_Page.Setup(Login_Page.java:52)
at java.base/jdk.internal.reflect.DirectMethodHandleAccessor.invoke(DirectMethodHandleAccessor.java:104)
at java.base/java.lang.reflect.Method.invoke(Method.java:578)
at org.testng.internal.MethodInvocationHelper.invokeMethod(MethodInvocationHelper.java:133)
at org.testng.internal.MethodInvocationHelper.invokeMethodConsideringTimeout(MethodInvocationHelper.java:62)
at org.testng.internal.ConfigInvoker.invokeConfigurationMethod(ConfigInvoker.java:385)
at org.testng.internal.ConfigInvoker.invokeConfigurations(ConfigInvoker.java:321)
at org.testng.internal.TestMethodWorker.invokeBeforeClassMethods(TestMethodWorker.java:176)
at org.testng.internal.TestMethodWorker.run(TestMethodWorker.java:122)
at java.base/java.util.ArrayList.forEach(ArrayList.java:1511)
at org.testng.TestRunner.privateRun(TestRunner.java:794)
at org.testng.TestRunner.run(TestRunner.java:596)
at org.testng.SuiteRunner.runTest(SuiteRunner.java:377)
at org.testng.SuiteRunner.runSequentially(SuiteRunner.java:371)
at org.testng.SuiteRunner.privateRun(SuiteRunner.java:332)
at org.testng.SuiteRunner.run(SuiteRunner.java:276)
at org.testng.SuiteRunnerWorker.runSuite(SuiteRunnerWorker.java:53)
at org.testng.SuiteRunnerWorker.run(SuiteRunnerWorker.java:96)
at org.testng.TestNG.runSuitesSequentially(TestNG.java:1212)
at org.testng.TestNG.runSuitesLocally(TestNG.java:1134)
at org.testng.TestNG.runSuites(TestNG.java:1063)
at org.testng.TestNG.run(TestNG.java:1031)
at org.testng.remote.AbstractRemoteTestNG.run(AbstractRemoteTestNG.java:115)
at org.testng.remote.RemoteTestNG.initAndRun(RemoteTestNG.java:251)
at org.testng.remote.RemoteTestNG.main(RemoteTestNG.java:77)
Caused by: org.openqa.selenium.NoSuchElementException: no such element: Unable to locate element: {"method":"css selector","selector":"[class="dealer-business px-0 py-4"]"}
  (Session info: chrome=125.0.6422.141)
For documentation on this error, please visit: https://www.selenium.dev/documentation/webdriver/troubleshooting/errors#no-such-element-exception
Build info: version: '4.20.0', revision: '866c76ca80'
System info: os.name: 'Windows 11', os.arch: 'amd64', os.version: '10.0', java.version: '20.0.2'
Driver info: org.openqa.selenium.chrome.ChromeDriver
Command: [ff45f38535ab3a2b2d12b780dce7038e, findElement {using=css selector, value=[class="dealer-business px-0 py-4"]}]
Capabilities {acceptInsecureCerts: false, browserName: chrome, browserVersion: 125.0.6422.141, chrome: {chromedriverVersion: 125.0.6422.141 (4b1e8393712..., userDataDir: C:\Users\Thinkpad\AppData\L...}, fedcm:accounts: true, goog:chromeOptions: {debuggerAddress: localhost:51745}, networkConnectionEnabled: false, pageLoadStrategy: normal, platformName: windows, proxy: Proxy(), se:cdp: ws://localhost:51745/devtoo..., se:cdpVersion: 125.0.6422.141, setWindowRect: true, strictFileInteractability: false, timeouts: {implicit: 0, pageLoad: 300000, script: 30000}, unhandledPromptBehavior: dismiss and notify, webauthn:extension:credBlob: true, webauthn:extension:largeBlob: true, webauthn:extension:minPinLength: true, webauthn:extension:prf: true, webauthn:virtualAuthenticators: true}
Session ID: ff45f38535ab3a2b2d12b780dce7038e
at java.base/jdk.internal.reflect.DirectConstructorHandleAccessor.newInstance(DirectConstructorHandleAccessor.java:67)
at java.base/java.lang.reflect.Constructor.newInstanceWithCaller(Constructor.java:500)
at java.base/java.lang.reflect.Constructor.newInstance(Constructor.java:484)
at org.openqa.selenium.remote.ErrorCodec.decode(ErrorCodec.java:167)
at org.openqa.selenium.remote.codec.w3c.W3CHttpResponseCodec.decode(W3CHttpResponseCodec.java:138)
at org.openqa.selenium.remote.codec.w3c.W3CHttpResponseCodec.decode(W3CHttpResponseCodec.java:50)
at org.openqa.selenium.remote.HttpCommandExecutor.execute(HttpCommandExecutor.java:190)
at org.openqa.selenium.remote.service.DriverCommandExecutor.invokeExecute(DriverCommandExecutor.java:216)
at org.openqa.selenium.remote.service.DriverCommandExecutor.execute(DriverCommandExecutor.java:174)
at org.openqa.selenium.remote.RemoteWebDriver.execute(RemoteWebDriver.java:518)
at org.openqa.selenium.remote.ElementLocation$ElementFinder$2.findElement(ElementLocation.java:165)
at org.openqa.selenium.remote.ElementLocation.findElement(ElementLocation.java:59)
at org.openqa.selenium.remote.RemoteWebDriver.findElement(RemoteWebDriver.java:355)
at org.openqa.selenium.remote.RemoteWebDriver.findElement(RemoteWebDriver.java:349)
at org.openqa.selenium.support.ui.ExpectedConditions$6.apply(ExpectedConditions.java:171)
at org.openqa.selenium.support.ui.ExpectedConditions$6.apply(ExpectedConditions.java:168)
at org.openqa.selenium.support.ui.FluentWait.until(FluentWait.java:203)
... 25 more
]]>
    </error>
  </testcase> <!-- Setup -->
  <system-out/>
  <testcase classname="Import_DATA_Of_DBP.STOCKS" name="DRF_Of_AltoK10" time="0.000">
    <skipped/>
  </testcase> <!-- DRF_Of_AltoK10 -->
  <system-out/>
  <testcase classname="Import_DATA_Of_DBP.STOCKS" name="CAlCULATION_OF_DRF_Per_Cars_In__ERTIGA" time="0.000">
    <skipped/>
  </testcase> <!-- CAlCULATION_OF_DRF_Per_Cars_In__ERTIGA -->
  <system-out/>
  <testcase classname="Import_DATA_Of_DBP.STOCKS" name="CAlCULATION_OF_discount_Per_Cars_In__ERTIGA" time="0.000">
    <skipped/>
  </testcase> <!-- CAlCULATION_OF_discount_Per_Cars_In__ERTIGA -->
  <system-out/>
  <testcase classname="Import_DATA_Of_DBP.STOCKS" name="CAlCULATION_OF_margin_Amount_In_SUPER_CARRY" time="0.000">
    <skipped/>
  </testcase> <!-- CAlCULATION_OF_margin_Amount_In_SUPER_CARRY -->
  <system-out/>
  <testcase classname="Import_DATA_Of_DBP.STOCKS" name="Opening_Stock__Qty_Of_CELERIO" time="0.000">
    <skipped/>
  </testcase> <!-- Opening_Stock__Qty_Of_CELERIO -->
  <system-out/>
  <testcase classname="Import_DATA_Of_DBP.STOCKS" name="CAlCULATION_OF_Total_Discount_In__Spresso" time="0.000">
    <skipped/>
  </testcase> <!-- CAlCULATION_OF_Total_Discount_In__Spresso -->
  <system-out/>
  <testcase classname="Import_DATA_Of_DBP.STOCKS" name="WholeSale_Qty_Of_CELERIO" time="0.000">
    <skipped/>
  </testcase> <!-- WholeSale_Qty_Of_CELERIO -->
  <system-out/>
  <testcase classname="Import_DATA_Of_DBP.STOCKS" name="Dealer_Compulsion_Discount_Of_Dzire" time="0.000">
    <skipped/>
  </testcase> <!-- Dealer_Compulsion_Discount_Of_Dzire -->
  <system-out/>
  <testcase classname="Import_DATA_Of_DBP.STOCKS" name="Dealer_Compulsion_Discount_Of_ERTIGA" time="0.000">
    <skipped/>
  </testcase> <!-- Dealer_Compulsion_Discount_Of_ERTIGA -->
  <system-out/>
  <testcase classname="Import_DATA_Of_DBP.STOCKS" name="Consumer_Offer_Exchange_Bonus_Of_Brezza" time="0.000">
    <skipped/>
  </testcase> <!-- Consumer_Offer_Exchange_Bonus_Of_Brezza -->
  <system-out/>
  <testcase classname="Import_DATA_Of_DBP.STOCKS" name="Closing_stock_Qty_Of_ECO" time="0.000">
    <skipped/>
  </testcase> <!-- Closing_stock_Qty_Of_ECO -->
  <system-out/>
  <testcase classname="Import_DATA_Of_DBP.STOCKS" name="DRF_Of_Brezza" time="0.000">
    <skipped/>
  </testcase> <!-- DRF_Of_Brezza -->
  <system-out/>
  <testcase classname="Import_DATA_Of_DBP.STOCKS" name="Opening_Stock__Qty_Of_AltoK10" time="0.000">
    <skipped/>
  </testcase> <!-- Opening_Stock__Qty_Of_AltoK10 -->
  <system-out/>
  <testcase classname="Import_DATA_Of_DBP.STOCKS" name="WholeSale_Qty_Of_Brezza" time="0.000">
    <skipped/>
  </testcase> <!-- WholeSale_Qty_Of_Brezza -->
  <system-out/>
  <testcase classname="Import_DATA_Of_DBP.STOCKS" name="Closing_stock_Amount_Of_Brezza" time="0.000">
    <skipped/>
  </testcase> <!-- Closing_stock_Amount_Of_Brezza -->
  <system-out/>
  <testcase classname="Import_DATA_Of_DBP.STOCKS" name="TOTAL_Retail_sales_Qty" time="0.000">
    <skipped/>
  </testcase> <!-- TOTAL_Retail_sales_Qty -->
  <system-out/>
  <testcase classname="Import_DATA_Of_DBP.STOCKS" name="CAlCULATION_OF_Total_Discount_In__SWIFT" time="0.000">
    <skipped/>
  </testcase> <!-- CAlCULATION_OF_Total_Discount_In__SWIFT -->
  <system-out/>
  <testcase classname="Import_DATA_Of_DBP.STOCKS" name="DRF_Of_Wagon_R" time="0.000">
    <skipped/>
  </testcase> <!-- DRF_Of_Wagon_R -->
  <system-out/>
  <testcase classname="Import_DATA_Of_DBP.STOCKS" name="Closing_stock_Qty_Of_ERTIGA" time="0.000">
    <skipped/>
  </testcase> <!-- Closing_stock_Qty_Of_ERTIGA -->
  <system-out/>
  <testcase classname="Import_DATA_Of_DBP.STOCKS" name="Dealer_Compulsion_Discount_Of_ECO" time="0.000">
    <skipped/>
  </testcase> <!-- Dealer_Compulsion_Discount_Of_ECO -->
  <system-out/>
  <testcase classname="Import_DATA_Of_DBP.STOCKS" name="CAlCULATION_OF_DRF_Per_Cars_In__EECO" time="0.000">
    <skipped/>
  </testcase> <!-- CAlCULATION_OF_DRF_Per_Cars_In__EECO -->
  <system-out/>
  <testcase classname="Import_DATA_Of_DBP.STOCKS" name="CAlCULATION_OF_margin_Amount_In_WAGON_R" time="0.000">
    <skipped/>
  </testcase> <!-- CAlCULATION_OF_margin_Amount_In_WAGON_R -->
  <system-out/>
  <testcase classname="Import_DATA_Of_DBP.STOCKS" name="CAlCULATION_OF_margin_Amount_In_ERTIGA" time="0.000">
    <skipped/>
  </testcase> <!-- CAlCULATION_OF_margin_Amount_In_ERTIGA -->
  <system-out/>
  <testcase classname="Import_DATA_Of_DBP.STOCKS" name="CAlCULATION_OF_DRF_Per_Cars_In__SUPER_CARRY" time="0.000">
    <skipped/>
  </testcase> <!-- CAlCULATION_OF_DRF_Per_Cars_In__SUPER_CARRY -->
  <system-out/>
  <testcase classname="Import_DATA_Of_DBP.STOCKS" name="Opening_Stock__Qty_Of_SuperCarry" time="0.000">
    <skipped/>
  </testcase> <!-- Opening_Stock__Qty_Of_SuperCarry -->
  <system-out/>
  <testcase classname="Import_DATA_Of_DBP.STOCKS" name="WholeSale_Amount_Of_SuperCarry" time="0.000">
    <skipped/>
  </testcase> <!-- WholeSale_Amount_Of_SuperCarry -->
  <system-out/>
  <testcase classname="Import_DATA_Of_DBP.STOCKS" name="Retail_sales_Amount_Of_CELERIO" time="0.000">
    <skipped/>
  </testcase> <!-- Retail_sales_Amount_Of_CELERIO -->
  <system-out/>
  <testcase classname="Import_DATA_Of_DBP.STOCKS" name="CAlCULATION_OF_RETAIL_SALES_QTY_Of__ERTIGA" time="0.000">
    <skipped/>
  </testcase> <!-- CAlCULATION_OF_RETAIL_SALES_QTY_Of__ERTIGA -->
  <system-out/>
  <testcase classname="Import_DATA_Of_DBP.STOCKS" name="WholeSale_Qty_Of_SuperCarry" time="0.000">
    <skipped/>
  </testcase> <!-- WholeSale_Qty_Of_SuperCarry -->
  <system-out/>
  <testcase classname="Import_DATA_Of_DBP.STOCKS" name="CAlCULATION_OF_margin_Amount_In_DZIRE" time="0.000">
    <skipped/>
  </testcase> <!-- CAlCULATION_OF_margin_Amount_In_DZIRE -->
  <system-out/>
  <testcase classname="Import_DATA_Of_DBP.STOCKS" name="WholeSale_Qty_Of_AltoK10" time="0.000">
    <skipped/>
  </testcase> <!-- WholeSale_Qty_Of_AltoK10 -->
  <system-out/>
  <testcase classname="Import_DATA_Of_DBP.STOCKS" name="CAlCULATION_OF_discount_Per_Cars_In__EECO" time="0.000">
    <skipped/>
  </testcase> <!-- CAlCULATION_OF_discount_Per_Cars_In__EECO -->
  <system-out/>
  <testcase classname="Import_DATA_Of_DBP.STOCKS" name="Consumer_Offer_Exchange_Bonus_Of_Dzire" time="0.000">
    <skipped/>
  </testcase> <!-- Consumer_Offer_Exchange_Bonus_Of_Dzire -->
  <system-out/>
  <testcase classname="Import_DATA_Of_DBP.STOCKS" name="CAlCULATION_OF_discount_Per_Cars_In__BREZZA" time="0.000">
    <skipped/>
  </testcase> <!-- CAlCULATION_OF_discount_Per_Cars_In__BREZZA -->
  <system-out/>
  <testcase classname="Import_DATA_Of_DBP.STOCKS" name="Opening_Stock_Amount_Of_AltoK10" time="0.000">
    <skipped/>
  </testcase> <!-- Opening_Stock_Amount_Of_AltoK10 -->
  <system-out/>
  <testcase classname="Import_DATA_Of_DBP.STOCKS" name="Dealer_Compulsion_Discount_Of_SuperCarry" time="0.000">
    <skipped/>
  </testcase> <!-- Dealer_Compulsion_Discount_Of_SuperCarry -->
  <system-out/>
  <testcase classname="Import_DATA_Of_DBP.STOCKS" name="Dealer_Compulsion_Discount_Of_Swift" time="0.000">
    <skipped/>
  </testcase> <!-- Dealer_Compulsion_Discount_Of_Swift -->
  <system-out/>
  <testcase classname="Import_DATA_Of_DBP.STOCKS" name="TOTAL_Dealer_Compulsion_Discount" time="0.000">
    <skipped/>
  </testcase> <!-- TOTAL_Dealer_Compulsion_Discount -->
  <system-out/>
  <testcase classname="Import_DATA_Of_DBP.STOCKS" name="CAlCULATION_OF_margin_Amount_In_SWIFT" time="0.000">
    <skipped/>
  </testcase> <!-- CAlCULATION_OF_margin_Amount_In_SWIFT -->
  <system-out/>
  <testcase classname="Import_DATA_Of_DBP.STOCKS" name="DRF_Of_CELERIO" time="0.000">
    <skipped/>
  </testcase> <!-- DRF_Of_CELERIO -->
  <system-out/>
  <testcase classname="Import_DATA_Of_DBP.STOCKS" name="Closing_stock_Amount_Of_ERTIGA" time="0.000">
    <skipped/>
  </testcase> <!-- Closing_stock_Amount_Of_ERTIGA -->
  <system-out/>
  <testcase classname="Import_DATA_Of_DBP.STOCKS" name="Consumer_Offer_Exchange_Bonus_Of_Swift" time="0.000">
    <skipped/>
  </testcase> <!-- Consumer_Offer_Exchange_Bonus_Of_Swift -->
  <system-out/>
  <testcase classname="Import_DATA_Of_DBP.STOCKS" name="Closing_stock_Qty_Of_CELERIO" time="0.000">
    <skipped/>
  </testcase> <!-- Closing_stock_Qty_Of_CELERIO -->
  <system-out/>
  <testcase classname="Import_DATA_Of_DBP.STOCKS" name="Consumer_Offer_Exchange_Bonus_Of_S_presso" time="0.000">
    <skipped/>
  </testcase> <!-- Consumer_Offer_Exchange_Bonus_Of_S_presso -->
  <system-out/>
  <testcase classname="Import_DATA_Of_DBP.STOCKS" name="CAlCULATION_OF_Total_Discount_In__DZIRE" time="0.000">
    <skipped/>
  </testcase> <!-- CAlCULATION_OF_Total_Discount_In__DZIRE -->
  <system-out/>
  <testcase classname="Import_DATA_Of_DBP.STOCKS" name="Retail_sales_Amount_Of_SuperCarry" time="0.000">
    <skipped/>
  </testcase> <!-- Retail_sales_Amount_Of_SuperCarry -->
  <system-out/>
  <testcase classname="Import_DATA_Of_DBP.STOCKS" name="Dealer_Compulsion_Discount_Of_CELERIO" time="0.000">
    <skipped/>
  </testcase> <!-- Dealer_Compulsion_Discount_Of_CELERIO -->
  <system-out/>
  <testcase classname="Import_DATA_Of_DBP.STOCKS" name="Opening_Stock__Qty_Of_Swift" time="0.000">
    <skipped/>
  </testcase> <!-- Opening_Stock__Qty_Of_Swift -->
  <system-out/>
  <testcase classname="Import_DATA_Of_DBP.STOCKS" name="Closing_stock_Qty_Of_Swift" time="0.000">
    <skipped/>
  </testcase> <!-- Closing_stock_Qty_Of_Swift -->
  <system-out/>
  <testcase classname="Import_DATA_Of_DBP.STOCKS" name="CAlCULATION_OF_RETAIL_SALES_QTY_Of__DZIRE" time="0.000">
    <skipped/>
  </testcase> <!-- CAlCULATION_OF_RETAIL_SALES_QTY_Of__DZIRE -->
  <system-out/>
  <testcase classname="Import_DATA_Of_DBP.STOCKS" name="DRF_Of_S_presso" time="0.000">
    <skipped/>
  </testcase> <!-- DRF_Of_S_presso -->
  <system-out/>
  <testcase classname="Import_DATA_Of_DBP.STOCKS" name="DRF_Of_SuperCarry" time="0.000">
    <skipped/>
  </testcase> <!-- DRF_Of_SuperCarry -->
  <system-out/>
  <testcase classname="Import_DATA_Of_DBP.STOCKS" name="TOTAL_Opening_stock_QTY" time="0.000">
    <skipped/>
  </testcase> <!-- TOTAL_Opening_stock_QTY -->
  <system-out/>
  <testcase classname="Import_DATA_Of_DBP.STOCKS" name="CAlCULATION_OF_Margin_Per_Cars_In__WAGON_R" time="0.000">
    <skipped/>
  </testcase> <!-- CAlCULATION_OF_Margin_Per_Cars_In__WAGON_R -->
  <system-out/>
  <testcase classname="Import_DATA_Of_DBP.STOCKS" name="CAlCULATION_OF_Margin_Per_Cars_In__SWIFT" time="0.000">
    <skipped/>
  </testcase> <!-- CAlCULATION_OF_Margin_Per_Cars_In__SWIFT -->
  <system-out/>
  <testcase classname="Import_DATA_Of_DBP.STOCKS" name="CAlCULATION_OF_margin_Amount_In_ALTO" time="0.000">
    <skipped/>
  </testcase> <!-- CAlCULATION_OF_margin_Amount_In_ALTO -->
  <system-out/>
  <testcase classname="Import_DATA_Of_DBP.STOCKS" name="DRF_Of_Swift" time="0.000">
    <skipped/>
  </testcase> <!-- DRF_Of_Swift -->
  <system-out/>
  <testcase classname="Import_DATA_Of_DBP.STOCKS" name="Dealer_Compulsion_Discount_Of_Wagon_R" time="0.000">
    <skipped/>
  </testcase> <!-- Dealer_Compulsion_Discount_Of_Wagon_R -->
  <system-out/>
  <testcase classname="Import_DATA_Of_DBP.STOCKS" name="Closing_stock_Amount_Of_CELERIO" time="0.000">
    <skipped/>
  </testcase> <!-- Closing_stock_Amount_Of_CELERIO -->
  <system-out/>
  <testcase classname="Import_DATA_Of_DBP.STOCKS" name="CAlCULATION_OF_RETAIL_SALES_QTY_Of__WAGON_R" time="0.000">
    <skipped/>
  </testcase> <!-- CAlCULATION_OF_RETAIL_SALES_QTY_Of__WAGON_R -->
  <system-out/>
  <testcase classname="Import_DATA_Of_DBP.STOCKS" name="CAlCULATION_OF_discount_Per_Cars_In__WAGON_R" time="0.000">
    <skipped/>
  </testcase> <!-- CAlCULATION_OF_discount_Per_Cars_In__WAGON_R -->
  <system-out/>
  <testcase classname="Import_DATA_Of_DBP.STOCKS" name="Consumer_Offer_Exchange_Bonus_Of_CELERIO" time="0.000">
    <skipped/>
  </testcase> <!-- Consumer_Offer_Exchange_Bonus_Of_CELERIO -->
  <system-out/>
  <testcase classname="Import_DATA_Of_DBP.STOCKS" name="CAlCULATION_OF_Margin_Per_Cars_In__Spresso" time="0.000">
    <skipped/>
  </testcase> <!-- CAlCULATION_OF_Margin_Per_Cars_In__Spresso -->
  <system-out/>
  <testcase classname="Import_DATA_Of_DBP.STOCKS" name="DRF_Of_ECO" time="0.000">
    <skipped/>
  </testcase> <!-- DRF_Of_ECO -->
  <system-out/>
  <testcase classname="Import_DATA_Of_DBP.STOCKS" name="TOTAL_Consumer_Offer_ISL_RMK" time="0.000">
    <skipped/>
  </testcase> <!-- TOTAL_Consumer_Offer_ISL_RMK -->
  <system-out/>
  <testcase classname="Import_DATA_Of_DBP.STOCKS" name="Closing_stock_Amount_Of_AltoK10" time="0.000">
    <skipped/>
  </testcase> <!-- Closing_stock_Amount_Of_AltoK10 -->
  <system-out/>
  <testcase classname="Import_DATA_Of_DBP.STOCKS" name="Consumer_Offer_Exchange_Bonus_Of_AltoK10" time="0.000">
    <skipped/>
  </testcase> <!-- Consumer_Offer_Exchange_Bonus_Of_AltoK10 -->
  <system-out/>
  <testcase classname="Import_DATA_Of_DBP.STOCKS" name="WholeSale_Qty_Of_Swift" time="0.000">
    <skipped/>
  </testcase> <!-- WholeSale_Qty_Of_Swift -->
  <system-out/>
  <testcase classname="Import_DATA_Of_DBP.STOCKS" name="CAlCULATION_OF_Total_Discount_In__Celerio" time="0.000">
    <skipped/>
  </testcase> <!-- CAlCULATION_OF_Total_Discount_In__Celerio -->
  <system-out/>
  <testcase classname="Import_DATA_Of_DBP.STOCKS" name="DRF_Of_Dzire" time="0.000">
    <skipped/>
  </testcase> <!-- DRF_Of_Dzire -->
  <system-out/>
  <testcase classname="Import_DATA_Of_DBP.STOCKS" name="CAlCULATION_OF_Total_Discount_In_ALTO" time="0.000">
    <skipped/>
  </testcase> <!-- CAlCULATION_OF_Total_Discount_In_ALTO -->
  <system-out/>
  <testcase classname="Import_DATA_Of_DBP.STOCKS" name="WholeSale_Qty_Of_ECO" time="0.000">
    <skipped/>
  </testcase> <!-- WholeSale_Qty_Of_ECO -->
  <system-out/>
  <testcase classname="Import_DATA_Of_DBP.STOCKS" name="Closing_stock_Qty_Of_AltoK10" time="0.000">
    <skipped/>
  </testcase> <!-- Closing_stock_Qty_Of_AltoK10 -->
  <system-out/>
  <testcase classname="Import_DATA_Of_DBP.STOCKS" name="TOTAL_Discount" time="0.000">
    <skipped/>
  </testcase> <!-- TOTAL_Discount -->
  <system-out/>
  <testcase classname="Import_DATA_Of_DBP.STOCKS" name="WholeSale_Amount_Of_Swift" time="0.000">
    <skipped/>
  </testcase> <!-- WholeSale_Amount_Of_Swift -->
  <system-out/>
  <testcase classname="Import_DATA_Of_DBP.STOCKS" name="Dealer_Compulsion_Discount_Of_S_presso" time="0.000">
    <skipped/>
  </testcase> <!-- Dealer_Compulsion_Discount_Of_S_presso -->
  <system-out/>
  <testcase classname="Import_DATA_Of_DBP.STOCKS" name="WholeSale_Amount_Of_Brezza" time="0.000">
    <skipped/>
  </testcase> <!-- WholeSale_Amount_Of_Brezza -->
  <system-out/>
  <testcase classname="Import_DATA_Of_DBP.STOCKS" name="Closing_stock_Qty_Of_Dzire" time="0.000">
    <skipped/>
  </testcase> <!-- Closing_stock_Qty_Of_Dzire -->
  <system-out/>
  <testcase classname="Import_DATA_Of_DBP.STOCKS" name="Opening_Stock_Amount_Of_ERTIGA" time="0.000">
    <skipped/>
  </testcase> <!-- Opening_Stock_Amount_Of_ERTIGA -->
  <system-out/>
  <testcase classname="Import_DATA_Of_DBP.STOCKS" name="Opening_Stock__Qty_Of_ECO" time="0.000">
    <skipped/>
  </testcase> <!-- Opening_Stock__Qty_Of_ECO -->
  <system-out/>
  <testcase classname="Import_DATA_Of_DBP.STOCKS" name="Opening_Stock_Amount_Of_Brezza" time="0.000">
    <skipped/>
  </testcase> <!-- Opening_Stock_Amount_Of_Brezza -->
  <system-out/>
  <testcase classname="Import_DATA_Of_DBP.STOCKS" name="CAlCULATION_OF_Total_Discount_In__EECO" time="0.000">
    <skipped/>
  </testcase> <!-- CAlCULATION_OF_Total_Discount_In__EECO -->
  <system-out/>
  <testcase classname="Import_DATA_Of_DBP.STOCKS" name="Closing_stock_Amount_Of_Dzire" time="0.000">
    <skipped/>
  </testcase> <!-- Closing_stock_Amount_Of_Dzire -->
  <system-out/>
  <testcase classname="Import_DATA_Of_DBP.STOCKS" name="Retail_sales_Amount_Of_Brezza" time="0.000">
    <skipped/>
  </testcase> <!-- Retail_sales_Amount_Of_Brezza -->
  <system-out/>
  <testcase classname="Import_DATA_Of_DBP.STOCKS" name="WholeSale_Amount_Of_S_presso" time="0.000">
    <skipped/>
  </testcase> <!-- WholeSale_Amount_Of_S_presso -->
  <system-out/>
  <testcase classname="Import_DATA_Of_DBP.STOCKS" name="Opening_Stock_Amount_Of_Dzire" time="0.000">
    <skipped/>
  </testcase> <!-- Opening_Stock_Amount_Of_Dzire -->
  <system-out/>
  <testcase classname="Import_DATA_Of_DBP.STOCKS" name="Consumer_Offer_Exchange_Bonus_Of_ERTIGA" time="0.000">
    <skipped/>
  </testcase> <!-- Consumer_Offer_Exchange_Bonus_Of_ERTIGA -->
  <system-out/>
  <testcase classname="Import_DATA_Of_DBP.STOCKS" name="CAlCULATION_OF_Margin_Per_Cars_In__EECO" time="0.000">
    <skipped/>
  </testcase> <!-- CAlCULATION_OF_Margin_Per_Cars_In__EECO -->
  <system-out/>
  <testcase classname="Import_DATA_Of_DBP.STOCKS" name="Closing_stock_Amount_Of_S_presso" time="0.000">
    <skipped/>
  </testcase> <!-- Closing_stock_Amount_Of_S_presso -->
  <system-out/>
  <testcase classname="Import_DATA_Of_DBP.STOCKS" name="Retail_sales_Amount_Of_Wagon_R" time="0.000">
    <skipped/>
  </testcase> <!-- Retail_sales_Amount_Of_Wagon_R -->
  <system-out/>
  <testcase classname="Import_DATA_Of_DBP.STOCKS" name="CAlCULATION_OF_RETAIL_SALES_QTY_Of__Celerio" time="0.000">
    <skipped/>
  </testcase> <!-- CAlCULATION_OF_RETAIL_SALES_QTY_Of__Celerio -->
  <system-out/>
  <testcase classname="Import_DATA_Of_DBP.STOCKS" name="Opening_Stock_Amount_Of_CELERIO" time="0.000">
    <skipped/>
  </testcase> <!-- Opening_Stock_Amount_Of_CELERIO -->
  <system-out/>
  <testcase classname="Import_DATA_Of_DBP.STOCKS" name="WholeSale_Amount_Of_AltoK10" time="0.000">
    <skipped/>
  </testcase> <!-- WholeSale_Amount_Of_AltoK10 -->
  <system-out/>
  <testcase classname="Import_DATA_Of_DBP.STOCKS" name="Retail_sales_Amount_Of_Swift" time="0.000">
    <skipped/>
  </testcase> <!-- Retail_sales_Amount_Of_Swift -->
  <system-out/>
  <testcase classname="Import_DATA_Of_DBP.STOCKS" name="CAlCULATION_OF_DRF_per_Cars_In_ALTO" time="0.000">
    <skipped/>
  </testcase> <!-- CAlCULATION_OF_DRF_per_Cars_In_ALTO -->
  <system-out/>
  <testcase classname="Import_DATA_Of_DBP.STOCKS" name="WholeSale_Amount_Of_Dzire" time="0.000">
    <skipped/>
  </testcase> <!-- WholeSale_Amount_Of_Dzire -->
  <system-out/>
  <testcase classname="Import_DATA_Of_DBP.STOCKS" name="DRF_Of_ERTIGA" time="0.000">
    <skipped/>
  </testcase> <!-- DRF_Of_ERTIGA -->
  <system-out/>
  <testcase classname="Import_DATA_Of_DBP.STOCKS" name="TOTAL_Closing_Stock_amount" time="0.000">
    <skipped/>
  </testcase> <!-- TOTAL_Closing_Stock_amount -->
  <system-out/>
  <testcase classname="Import_DATA_Of_DBP.STOCKS" name="TOTAL_Closing_Stock_Qty" time="0.000">
    <skipped/>
  </testcase> <!-- TOTAL_Closing_Stock_Qty -->
  <system-out/>
  <testcase classname="Import_DATA_Of_DBP.STOCKS" name="Retail_sales_Amount_Of_AltoK10" time="0.000">
    <skipped/>
  </testcase> <!-- Retail_sales_Amount_Of_AltoK10 -->
  <system-out/>
  <testcase classname="Import_DATA_Of_DBP.STOCKS" name="CAlCULATION_OF_DRF_Per_Cars_In__SWIFT" time="0.000">
    <skipped/>
  </testcase> <!-- CAlCULATION_OF_DRF_Per_Cars_In__SWIFT -->
  <system-out/>
  <testcase classname="Import_DATA_Of_DBP.STOCKS" name="Opening_Stock_Amount_Of_S_presso" time="0.000">
    <skipped/>
  </testcase> <!-- Opening_Stock_Amount_Of_S_presso -->
  <system-out/>
  <testcase classname="Import_DATA_Of_DBP.STOCKS" name="Opening_Stock__Qty_Of_Brezza" time="0.000">
    <skipped/>
  </testcase> <!-- Opening_Stock__Qty_Of_Brezza -->
  <system-out/>
  <testcase classname="Import_DATA_Of_DBP.STOCKS" name="CAlCULATION_OF_discount_Per_Cars_In__DZIRE" time="0.000">
    <skipped/>
  </testcase> <!-- CAlCULATION_OF_discount_Per_Cars_In__DZIRE -->
  <system-out/>
  <testcase classname="Import_DATA_Of_DBP.STOCKS" name="CAlCULATION_OF_Margin_Per_Cars_In__SUPER_CARRY" time="0.000">
    <skipped/>
  </testcase> <!-- CAlCULATION_OF_Margin_Per_Cars_In__SUPER_CARRY -->
  <system-out/>
  <testcase classname="Import_DATA_Of_DBP.STOCKS" name="CAlCULATION_OF_DRF_Per_Cars_In__WAGON_R" time="0.000">
    <skipped/>
  </testcase> <!-- CAlCULATION_OF_DRF_Per_Cars_In__WAGON_R -->
  <system-out/>
  <testcase classname="Import_DATA_Of_DBP.STOCKS" name="Consumer_Offer_Exchange_Bonus_Of_SuperCarry" time="0.000">
    <skipped/>
  </testcase> <!-- Consumer_Offer_Exchange_Bonus_Of_SuperCarry -->
  <system-out/>
  <testcase classname="Import_DATA_Of_DBP.STOCKS" name="Closing_stock_Qty_Of_S_presso" time="0.000">
    <skipped/>
  </testcase> <!-- Closing_stock_Qty_Of_S_presso -->
  <system-out/>
  <testcase classname="Import_DATA_Of_DBP.STOCKS" name="CAlCULATION_OF_RETAIL_SALES_QTY_In__SUPER_CARRY" time="0.000">
    <skipped/>
  </testcase> <!-- CAlCULATION_OF_RETAIL_SALES_QTY_In__SUPER_CARRY -->
  <system-out/>
  <testcase classname="Import_DATA_Of_DBP.STOCKS" name="Closing_stock_Amount_Of_ECO" time="0.000">
    <skipped/>
  </testcase> <!-- Closing_stock_Amount_Of_ECO -->
  <system-out/>
  <testcase classname="Import_DATA_Of_DBP.STOCKS" name="Closing_stock_Amount_Of_Swift" time="0.000">
    <skipped/>
  </testcase> <!-- Closing_stock_Amount_Of_Swift -->
  <system-out/>
  <testcase classname="Import_DATA_Of_DBP.STOCKS" name="Dealer_Compulsion_Discount_Of_AltoK10" time="0.000">
    <skipped/>
  </testcase> <!-- Dealer_Compulsion_Discount_Of_AltoK10 -->
  <system-out/>
  <testcase classname="Import_DATA_Of_DBP.STOCKS" name="CAlCULATION_OF_discount_Per_Cars_In__Spresso" time="0.000">
    <skipped/>
  </testcase> <!-- CAlCULATION_OF_discount_Per_Cars_In__Spresso -->
  <system-out/>
  <testcase classname="Import_DATA_Of_DBP.STOCKS" name="CAlCULATION_OF_Total_Discount_In__BREZZA" time="0.000">
    <skipped/>
  </testcase> <!-- CAlCULATION_OF_Total_Discount_In__BREZZA -->
  <system-out/>
  <testcase classname="Import_DATA_Of_DBP.STOCKS" name="CAlCULATION_OF_DRF_Per_Cars_In__BREZZA" time="0.000">
    <skipped/>
  </testcase> <!-- CAlCULATION_OF_DRF_Per_Cars_In__BREZZA -->
  <system-out/>
  <testcase classname="Import_DATA_Of_DBP.STOCKS" name="CAlCULATION_OF_RETAIL_SALES_QTY_Of__SWIFT" time="0.000">
    <skipped/>
  </testcase> <!-- CAlCULATION_OF_RETAIL_SALES_QTY_Of__SWIFT -->
  <system-out/>
  <testcase classname="Import_DATA_Of_DBP.STOCKS" name="CAlCULATION_OF_margin_Amount_In_EECO" time="0.000">
    <skipped/>
  </testcase> <!-- CAlCULATION_OF_margin_Amount_In_EECO -->
  <system-out/>
  <testcase classname="Import_DATA_Of_DBP.STOCKS" name="TOTAL_Opening_stock_amount" time="0.000">
    <skipped/>
  </testcase> <!-- TOTAL_Opening_stock_amount -->
  <system-out/>
  <testcase classname="Import_DATA_Of_DBP.STOCKS" name="CAlCULATION_OF_RETAIL_SALES_QTY_Of__BREZZA" time="0.000">
    <skipped/>
  </testcase> <!-- CAlCULATION_OF_RETAIL_SALES_QTY_Of__BREZZA -->
  <system-out/>
  <testcase classname="Import_DATA_Of_DBP.STOCKS" name="WholeSale_Qty_Of_Dzire" time="0.000">
    <skipped/>
  </testcase> <!-- WholeSale_Qty_Of_Dzire -->
  <system-out/>
  <testcase classname="Import_DATA_Of_DBP.STOCKS" name="WholeSale_Amount_Of_CELERIO" time="0.000">
    <skipped/>
  </testcase> <!-- WholeSale_Amount_Of_CELERIO -->
  <system-out/>
  <testcase classname="Import_DATA_Of_DBP.STOCKS" name="CAlCULATION_OF_DRF_Per_Cars_In__Celerio" time="0.000">
    <skipped/>
  </testcase> <!-- CAlCULATION_OF_DRF_Per_Cars_In__Celerio -->
  <system-out/>
  <testcase classname="Import_DATA_Of_DBP.STOCKS" name="Retail_sales_Amount_Of_ERTIGA" time="0.000">
    <skipped/>
  </testcase> <!-- Retail_sales_Amount_Of_ERTIGA -->
  <system-out/>
  <testcase classname="Import_DATA_Of_DBP.STOCKS" name="WholeSale_Qty_Of_S_presso" time="0.000">
    <skipped/>
  </testcase> <!-- WholeSale_Qty_Of_S_presso -->
  <system-out/>
  <testcase classname="Import_DATA_Of_DBP.STOCKS" name="WholeSale_Amount_Of_ERTIGA" time="0.000">
    <skipped/>
  </testcase> <!-- WholeSale_Amount_Of_ERTIGA -->
  <system-out/>
  <testcase classname="Import_DATA_Of_DBP.STOCKS" name="WholeSale_Qty_Of_ERTIGA" time="0.000">
    <skipped/>
  </testcase> <!-- WholeSale_Qty_Of_ERTIGA -->
  <system-out/>
  <testcase classname="Import_DATA_Of_DBP.STOCKS" name="Opening_Stock__Qty_Of_Wagon_R" time="0.000">
    <skipped/>
  </testcase> <!-- Opening_Stock__Qty_Of_Wagon_R -->
  <system-out/>
  <testcase classname="Import_DATA_Of_DBP.STOCKS" name="CAlCULATION_OF_Margin_Per_Cars_In__DZIRE" time="0.000">
    <skipped/>
  </testcase> <!-- CAlCULATION_OF_Margin_Per_Cars_In__DZIRE -->
  <system-out/>
  <testcase classname="Import_DATA_Of_DBP.STOCKS" name="Dealer_Compulsion_Discount_Of_Brezza" time="0.000">
    <skipped/>
  </testcase> <!-- Dealer_Compulsion_Discount_Of_Brezza -->
  <system-out/>
  <testcase classname="Import_DATA_Of_DBP.STOCKS" name="TOTAL_WholeSale_Amount" time="0.000">
    <skipped/>
  </testcase> <!-- TOTAL_WholeSale_Amount -->
  <system-out/>
  <testcase classname="Import_DATA_Of_DBP.STOCKS" name="TOTAL_Retail_sales_Amount" time="0.000">
    <skipped/>
  </testcase> <!-- TOTAL_Retail_sales_Amount -->
  <system-out/>
  <testcase classname="Import_DATA_Of_DBP.STOCKS" name="Closing_stock_Qty_Of_SuperCarry" time="0.000">
    <skipped/>
  </testcase> <!-- Closing_stock_Qty_Of_SuperCarry -->
  <system-out/>
  <testcase classname="Import_DATA_Of_DBP.STOCKS" name="Closing_stock_Qty_Of_Brezza" time="0.000">
    <skipped/>
  </testcase> <!-- Closing_stock_Qty_Of_Brezza -->
  <system-out/>
  <testcase classname="Import_DATA_Of_DBP.STOCKS" name="CAlCULATION_OF_Margin_Per_Cars_In__ERTIGA" time="0.000">
    <skipped/>
  </testcase> <!-- CAlCULATION_OF_Margin_Per_Cars_In__ERTIGA -->
  <system-out/>
</testsuite> <!-- Import_DATA_Of_DBP.STOCKS -->
