<?xml version="1.0" encoding="UTF-8"?>
<!-- Generated by org.testng.reporters.JUnitReportReporter -->
<testsuite hostname="DESKTOP-N9F7EI8" failures="0" tests="14" name="extend_Login.Network_Details" time="12.129" errors="0" timestamp="2024-05-31T15:51:29 IST" skipped="0">
  <testcase classname="extend_Login.Network_Details" name="Bodyshop_MSSSP_In_Network_details" time="0.061"/>
  <system-out/>
  <testcase classname="extend_Login.Network_Details" name="R_Outlets_In_Network_details" time="0.064"/>
  <system-out/>
  <testcase classname="extend_Login.Network_Details" name="Bodyshop_E_Workshops_In_Network_details" time="0.062"/>
  <system-out/>
  <testcase classname="extend_Login.Network_Details" name="E_Outlets_In_Network_details" time="0.065"/>
  <system-out/>
  <testcase classname="extend_Login.Network_Details" name="True_Value_Outlet_In_Network_details" time="0.057"/>
  <system-out/>
  <testcase classname="extend_Login.Network_Details" name="Bodyshop_R_Workshops_In_Network_details" time="0.056"/>
  <system-out/>
  <testcase classname="extend_Login.Network_Details" name="Main_Outlets_In_Network_details" time="0.057"/>
  <system-out/>
  <testcase classname="extend_Login.Network_Details" name="Workshop_R_Workshops_In_Network_details" time="0.056"/>
  <system-out/>
  <testcase classname="extend_Login.Network_Details" name="clearData" time="7.636"/>
  <system-out/>
  <testcase classname="extend_Login.Network_Details" name="Workshop_E_Workshops_In_Network_details" time="0.050"/>
  <system-out/>
  <testcase classname="extend_Login.Network_Details" name="Workshop_MSSSP_In_Network_details" time="0.031"/>
  <system-out/>
  <testcase classname="extend_Login.Network_Details" name="BodyShop_Main_Workshops_In_Network_details" time="0.145"/>
  <system-out/>
  <testcase classname="extend_Login.Network_Details" name="Workshop_Main_Workshops_In_Network_details" time="0.050"/>
  <system-out/>
  <testcase classname="extend_Login.Network_Details" name="Save_the_Data" time="3.739"/>
  <system-out/>
</testsuite> <!-- extend_Login.Network_Details -->
