<?xml version="1.0" encoding="UTF-8"?>
<!-- Generated by org.testng.reporters.JUnitReportReporter -->
<testsuite hostname="DESKTOP-N9F7EI8" failures="0" tests="12" name="aLLLogin.Network_Details" time="0.347" errors="0" timestamp="2024-06-05T10:53:29 IST" skipped="0">
  <testcase classname="aLLLogin.Network_Details" name="Main_Outlets_In_Network_details" time="0.031"/>
  <system-out/>
  <testcase classname="aLLLogin.Network_Details" name="Bodyshop_R_Workshops_In_Network_details" time="0.032"/>
  <system-out/>
  <testcase classname="aLLLogin.Network_Details" name="True_Value_Outlet_In_Network_details" time="0.031"/>
  <system-out/>
  <testcase classname="aLLLogin.Network_Details" name="Workshop_R_Workshops_In_Network_details" time="0.026"/>
  <system-out/>
  <testcase classname="aLLLogin.Network_Details" name="R_Outlets_In_Network_details" time="0.036"/>
  <system-out/>
  <testcase classname="aLLLogin.Network_Details" name="Bodyshop_MSSSP_In_Network_details" time="0.032"/>
  <system-out/>
  <testcase classname="aLLLogin.Network_Details" name="Workshop_MSSSP_In_Network_details" time="0.029"/>
  <system-out/>
  <testcase classname="aLLLogin.Network_Details" name="E_Outlets_In_Network_details" time="0.027"/>
  <system-out/>
  <testcase classname="aLLLogin.Network_Details" name="Workshop_E_Workshops_In_Network_details" time="0.026"/>
  <system-out/>
  <testcase classname="aLLLogin.Network_Details" name="BodyShop_Main_Workshops_In_Network_details" time="0.018"/>
  <system-out/>
  <testcase classname="aLLLogin.Network_Details" name="Bodyshop_E_Workshops_In_Network_details" time="0.037"/>
  <system-out/>
  <testcase classname="aLLLogin.Network_Details" name="Workshop_Main_Workshops_In_Network_details" time="0.022"/>
  <system-out/>
</testsuite> <!-- aLLLogin.Network_Details -->
