<?xml version="1.0" encoding="UTF-8"?>
<!-- Generated by org.testng.reporters.JUnitReportReporter -->
<testsuite hostname="DESKTOP-N9F7EI8" failures="0" tests="55" name="dBP_all_Modules.Spares" time="53.626" errors="0" timestamp="2024-05-31T12:19:42 IST" skipped="0">
  <testcase classname="dBP_all_Modules.Spares" name="Clear_Data" time="16.145"/>
  <system-out/>
  <testcase classname="dBP_all_Modules.Spares" name="Save_Data" time="5.880"/>
  <system-out/>
  <testcase classname="dBP_all_Modules.Spares" name="ClickOn_Service" time="3.900"/>
  <system-out/>
  <testcase classname="dBP_all_Modules.Spares" name="ClickOn_NewCar" time="6.879"/>
  <system-out/>
  <testcase classname="dBP_all_Modules.Spares" name="ClickOn_Manpower_Cost" time="3.924"/>
  <system-out/>
  <testcase classname="dBP_all_Modules.Spares" name="ClickOn_Interest_Cost" time="3.794"/>
  <system-out/>
  <testcase classname="dBP_all_Modules.Spares" name="ClickOn_Spares" time="3.303"/>
  <system-out/>
  <testcase classname="dBP_all_Modules.Spares" name="Spares_Sales_Workshop_Amount" time="0.064"/>
  <system-out/>
  <testcase classname="dBP_all_Modules.Spares" name="Spares_Sales_Workshop_SalesPerLoad" time="0.000"/>
  <system-out/>
  <testcase classname="dBP_all_Modules.Spares" name="Spares_Sales_Bodyshop_Amount" time="0.090"/>
  <system-out/>
  <testcase classname="dBP_all_Modules.Spares" name="Spares_Sales_Bodyshop_SalesPerLoad" time="0.000"/>
  <system-out/>
  <testcase classname="dBP_all_Modules.Spares" name="SparesSales_Sales_of_Oil_Amount" time="0.076"/>
  <system-out/>
  <testcase classname="dBP_all_Modules.Spares" name="SparesSales_Other_Sales_Amount" time="0.060"/>
  <system-out/>
  <testcase classname="dBP_all_Modules.Spares" name="SpareSales_Total_Spares_Sales" time="0.000"/>
  <system-out/>
  <testcase classname="dBP_all_Modules.Spares" name="SparesCOGS_Spares_Parts_Opening_Stock" time="0.044"/>
  <system-out/>
  <testcase classname="dBP_all_Modules.Spares" name="SparesCOGS_Spares_Parts_Purchase" time="0.069"/>
  <system-out/>
  <testcase classname="dBP_all_Modules.Spares" name="SparesCOGS_Spares_Parts_Closing_Stock" time="0.087"/>
  <system-out/>
  <testcase classname="dBP_all_Modules.Spares" name="SparesCOGS_Oil_Opening_Stock" time="0.092"/>
  <system-out/>
  <testcase classname="dBP_all_Modules.Spares" name="SparesCOGS_Oil_Purchase" time="0.088"/>
  <system-out/>
  <testcase classname="dBP_all_Modules.Spares" name="SparesCOGS_Oil_Closing_Stock" time="0.083"/>
  <system-out/>
  <testcase classname="dBP_all_Modules.Spares" name="SparesCOGS_Tyres_Battery_Polish_Opening_Stock" time="0.091"/>
  <system-out/>
  <testcase classname="dBP_all_Modules.Spares" name="SparesCOGS_Tyres_Battery_Polish_Purchase" time="0.107"/>
  <system-out/>
  <testcase classname="dBP_all_Modules.Spares" name="SparesCOGS_Tyres_Battery_Polish_Closing_Stock" time="0.055"/>
  <system-out/>
  <testcase classname="dBP_all_Modules.Spares" name="SparesCOGS_Consumables_Opening_Stock" time="0.036"/>
  <system-out/>
  <testcase classname="dBP_all_Modules.Spares" name="SparesCOGS_Consumables_Purchase" time="0.037"/>
  <system-out/>
  <testcase classname="dBP_all_Modules.Spares" name="SparesCOGS_Consumables_Closing_Stock" time="0.031"/>
  <system-out/>
  <testcase classname="dBP_all_Modules.Spares" name="Spares_COGS_Cost_Of_Goods_Sold" time="0.000"/>
  <system-out/>
  <testcase classname="dBP_all_Modules.Spares" name="Spares_Income_Spares_Margin_Amount" time="0.000"/>
  <system-out/>
  <testcase classname="dBP_all_Modules.Spares" name="Spares_Income_Spares_Margin_PerNewCar" time="0.000"/>
  <system-out/>
  <testcase classname="dBP_all_Modules.Spares" name="Spares_Income_Incentive_from_Spare_parts_sale" time="1.060"/>
  <system-out/>
  <testcase classname="dBP_all_Modules.Spares" name="Spares_Income_Incentive_from_Spare_parts_sale_PerNewCar" time="0.000"/>
  <system-out/>
  <testcase classname="dBP_all_Modules.Spares" name="Spares_Income_Spare_Parts_Warranty_Claims" time="1.092"/>
  <system-out/>
  <testcase classname="dBP_all_Modules.Spares" name="Spares_Income_Spare_Parts_Warranty_Claims_PerNewCar" time="0.000"/>
  <system-out/>
  <testcase classname="dBP_all_Modules.Spares" name="Spares_Income_Scrap_Sales_Cardboard_Cartons" time="1.097"/>
  <system-out/>
  <testcase classname="dBP_all_Modules.Spares" name="Spares_Income_Scrap_Sales_Cardboard_Cartons_PerNewCar" time="0.000"/>
  <system-out/>
  <testcase classname="dBP_all_Modules.Spares" name="Spares_Income_Any_other_Spares_Income" time="1.094"/>
  <system-out/>
  <testcase classname="dBP_all_Modules.Spares" name="Spares_Income_Any_other_Spares_Income_PerNewCar" time="0.000"/>
  <system-out/>
  <testcase classname="dBP_all_Modules.Spares" name="Spares_Expense_Manpower_Cost" time="0.000"/>
  <system-out/>
  <testcase classname="dBP_all_Modules.Spares" name="Spares_Expense_Manpower_Cost_PerNewCar" time="0.000"/>
  <system-out/>
  <testcase classname="dBP_all_Modules.Spares" name="Spares_Expense_Short_term_Interest_Cost" time="0.000"/>
  <system-out/>
  <testcase classname="dBP_all_Modules.Spares" name="Spares_Expense_Short_term_Interest_Cost_PerNewCar" time="0.015"/>
  <system-out/>
  <testcase classname="dBP_all_Modules.Spares" name="Spares_Expense_Discount_Bill_discount" time="1.094"/>
  <system-out/>
  <testcase classname="dBP_all_Modules.Spares" name="Spares_Expense_Discount_Bill_discount_PerNewCar" time="0.000"/>
  <system-out/>
  <testcase classname="dBP_all_Modules.Spares" name="Spares_Expense_Discount_through_Workshop" time="1.078"/>
  <system-out/>
  <testcase classname="dBP_all_Modules.Spares" name="Spares_Expense_Discount_through_Workshop_PerNewCar" time="0.000"/>
  <system-out/>
  <testcase classname="dBP_all_Modules.Spares" name="Spares_Expense_Discount_any_others" time="1.082"/>
  <system-out/>
  <testcase classname="dBP_all_Modules.Spares" name="Spares_Expense_Discount_any_others_PerNewCar" time="0.000"/>
  <system-out/>
  <testcase classname="dBP_all_Modules.Spares" name="Spares_Expense_Any_other_Expense" time="1.079"/>
  <system-out/>
  <testcase classname="dBP_all_Modules.Spares" name="Spares_Expense_Any_other_Expense_PerNewCar" time="0.000"/>
  <system-out/>
  <testcase classname="dBP_all_Modules.Spares" name="Total_Spares_Income" time="0.000"/>
  <system-out/>
  <testcase classname="dBP_all_Modules.Spares" name="Total_Spares_Income_PerNewCar" time="0.000"/>
  <system-out/>
  <testcase classname="dBP_all_Modules.Spares" name="Total_Spares_Direct_Expense" time="0.000"/>
  <system-out/>
  <testcase classname="dBP_all_Modules.Spares" name="Total_Spares_Direct_Expense_PerNewCar" time="0.000"/>
  <system-out/>
  <testcase classname="dBP_all_Modules.Spares" name="Net_earning_from_Spares" time="0.000"/>
  <system-out/>
  <testcase classname="dBP_all_Modules.Spares" name="Net_earning_from_Spares_PerNewCar" time="0.000"/>
  <system-out/>
</testsuite> <!-- dBP_all_Modules.Spares -->
