<?xml version="1.0" encoding="UTF-8"?>
<!-- Generated by org.testng.reporters.JUnitReportReporter -->
<testsuite hostname="DESKTOP-N9F7EI8" failures="0" tests="103" name="aLLLogin.ManpowerCost_TestNG" time="74.967" errors="0" timestamp="2024-06-05T10:53:29 IST" skipped="0">
  <testcase classname="aLLLogin.ManpowerCost_TestNG" name="Clear_Data" time="14.879"/>
  <system-out/>
  <testcase classname="aLLLogin.ManpowerCost_TestNG" name="Save_Data" time="4.480"/>
  <system-out/>
  <testcase classname="aLLLogin.ManpowerCost_TestNG" name="NewCar_Salary_DirectMP" time="0.046"/>
  <system-out/>
  <testcase classname="aLLLogin.ManpowerCost_TestNG" name="NewCar_Incentive_DirectMP" time="0.038"/>
  <system-out/>
  <testcase classname="aLLLogin.ManpowerCost_TestNG" name="NewCar_Salary_InDirectMP" time="0.039"/>
  <system-out/>
  <testcase classname="aLLLogin.ManpowerCost_TestNG" name="NewCar_Incentive_InDirectMP" time="0.042"/>
  <system-out/>
  <testcase classname="aLLLogin.ManpowerCost_TestNG" name="NewCar_Total_Salary" time="0.005"/>
  <system-out/>
  <testcase classname="aLLLogin.ManpowerCost_TestNG" name="NewCar_Total_Incentive" time="0.000"/>
  <system-out/>
  <testcase classname="aLLLogin.ManpowerCost_TestNG" name="NewCar_Total_ManpowerCost" time="0.000"/>
  <system-out/>
  <testcase classname="aLLLogin.ManpowerCost_TestNG" name="MDS_Salary_DirectMP" time="0.047"/>
  <system-out/>
  <testcase classname="aLLLogin.ManpowerCost_TestNG" name="MDS_Incentive_DirectMP" time="0.039"/>
  <system-out/>
  <testcase classname="aLLLogin.ManpowerCost_TestNG" name="MDS_Salary_InDirectMP" time="0.043"/>
  <system-out/>
  <testcase classname="aLLLogin.ManpowerCost_TestNG" name="MDS_Incentive_InDirectMP" time="0.050"/>
  <system-out/>
  <testcase classname="aLLLogin.ManpowerCost_TestNG" name="MDS_Total_Salary" time="0.000"/>
  <system-out/>
  <testcase classname="aLLLogin.ManpowerCost_TestNG" name="MDS_Total_Incentive" time="0.000"/>
  <system-out/>
  <testcase classname="aLLLogin.ManpowerCost_TestNG" name="MDS_Total_ManpowerCost" time="0.000"/>
  <system-out/>
  <testcase classname="aLLLogin.ManpowerCost_TestNG" name="MIRenewal_Salary_DirectMP" time="0.048"/>
  <system-out/>
  <testcase classname="aLLLogin.ManpowerCost_TestNG" name="MIRenewal_Incentive_DirectMP" time="0.047"/>
  <system-out/>
  <testcase classname="aLLLogin.ManpowerCost_TestNG" name="MIRenewal_Salary_InDirectMP" time="0.049"/>
  <system-out/>
  <testcase classname="aLLLogin.ManpowerCost_TestNG" name="MIRenewal_Incentive_InDirectMP" time="0.041"/>
  <system-out/>
  <testcase classname="aLLLogin.ManpowerCost_TestNG" name="MIRenewal_Total_Salary" time="0.000"/>
  <system-out/>
  <testcase classname="aLLLogin.ManpowerCost_TestNG" name="MIRenewal_Total_Incentive" time="0.000"/>
  <system-out/>
  <testcase classname="aLLLogin.ManpowerCost_TestNG" name="MIRenewal_Total_ManpowerCost" time="0.000"/>
  <system-out/>
  <testcase classname="aLLLogin.ManpowerCost_TestNG" name="MSGA_Salary_DirectMP" time="0.047"/>
  <system-out/>
  <testcase classname="aLLLogin.ManpowerCost_TestNG" name="MSGA_Incentive_DirectMP" time="0.054"/>
  <system-out/>
  <testcase classname="aLLLogin.ManpowerCost_TestNG" name="MSGA_Salary_InDirectMP" time="0.045"/>
  <system-out/>
  <testcase classname="aLLLogin.ManpowerCost_TestNG" name="MSGA_Incentive_InDirectMP" time="0.044"/>
  <system-out/>
  <testcase classname="aLLLogin.ManpowerCost_TestNG" name="MSGA_Total_Salary" time="0.000"/>
  <system-out/>
  <testcase classname="aLLLogin.ManpowerCost_TestNG" name="MSGA_Total_Incentive" time="0.003"/>
  <system-out/>
  <testcase classname="aLLLogin.ManpowerCost_TestNG" name="MSGA_Total_ManpowerCost" time="0.000"/>
  <system-out/>
  <testcase classname="aLLLogin.ManpowerCost_TestNG" name="True_Value_Salary_DirectMP" time="0.050"/>
  <system-out/>
  <testcase classname="aLLLogin.ManpowerCost_TestNG" name="True_Value_Incentive_DirectMP" time="0.101"/>
  <system-out/>
  <testcase classname="aLLLogin.ManpowerCost_TestNG" name="True_Value_Salary_InDirectMP" time="0.035"/>
  <system-out/>
  <testcase classname="aLLLogin.ManpowerCost_TestNG" name="True_Value_Incentive_InDirectMP" time="0.018"/>
  <system-out/>
  <testcase classname="aLLLogin.ManpowerCost_TestNG" name="True_Value_Total_Salary" time="0.000"/>
  <system-out/>
  <testcase classname="aLLLogin.ManpowerCost_TestNG" name="True_Value_Total_Incentive" time="0.000"/>
  <system-out/>
  <testcase classname="aLLLogin.ManpowerCost_TestNG" name="True_Value_Total_ManpowerCost" time="0.000"/>
  <system-out/>
  <testcase classname="aLLLogin.ManpowerCost_TestNG" name="Spares_Salary_DirectMP" time="0.033"/>
  <system-out/>
  <testcase classname="aLLLogin.ManpowerCost_TestNG" name="Spares_Incentive_DirectMP" time="0.030"/>
  <system-out/>
  <testcase classname="aLLLogin.ManpowerCost_TestNG" name="Spares_Salary_InDirectMP" time="0.032"/>
  <system-out/>
  <testcase classname="aLLLogin.ManpowerCost_TestNG" name="Spares_Incentive_InDirectMP" time="0.047"/>
  <system-out/>
  <testcase classname="aLLLogin.ManpowerCost_TestNG" name="Spares_Total_Salary" time="0.000"/>
  <system-out/>
  <testcase classname="aLLLogin.ManpowerCost_TestNG" name="Spares_Total_Incentive" time="0.000"/>
  <system-out/>
  <testcase classname="aLLLogin.ManpowerCost_TestNG" name="Spares_Total_ManpowerCost" time="0.000"/>
  <system-out/>
  <testcase classname="aLLLogin.ManpowerCost_TestNG" name="Service_Salary_DirectMP" time="0.047"/>
  <system-out/>
  <testcase classname="aLLLogin.ManpowerCost_TestNG" name="Service_Incentive_DirectMP" time="0.032"/>
  <system-out/>
  <testcase classname="aLLLogin.ManpowerCost_TestNG" name="Service_Salary_InDirectMP" time="0.047"/>
  <system-out/>
  <testcase classname="aLLLogin.ManpowerCost_TestNG" name="Service_Incentive_InDirectMP" time="0.047"/>
  <system-out/>
  <testcase classname="aLLLogin.ManpowerCost_TestNG" name="Service_Total_Salary" time="0.000"/>
  <system-out/>
  <testcase classname="aLLLogin.ManpowerCost_TestNG" name="Service_Total_Incentive" time="0.000"/>
  <system-out/>
  <testcase classname="aLLLogin.ManpowerCost_TestNG" name="Service_Total_ManpowerCost" time="0.000"/>
  <system-out/>
  <testcase classname="aLLLogin.ManpowerCost_TestNG" name="Corporate_Office_Salary_DirectMP" time="0.057"/>
  <system-out/>
  <testcase classname="aLLLogin.ManpowerCost_TestNG" name="Corporate_Office_Incentive_DirectMP" time="0.037"/>
  <system-out/>
  <testcase classname="aLLLogin.ManpowerCost_TestNG" name="Corporate_Office_Salary_InDirectMP" time="0.047"/>
  <system-out/>
  <testcase classname="aLLLogin.ManpowerCost_TestNG" name="Corporate_Office_Incentive_InDirectMP" time="0.031"/>
  <system-out/>
  <testcase classname="aLLLogin.ManpowerCost_TestNG" name="Corporate_Office_Total_Salary" time="0.000"/>
  <system-out/>
  <testcase classname="aLLLogin.ManpowerCost_TestNG" name="Corporate_Office_Total_Incentive" time="0.016"/>
  <system-out/>
  <testcase classname="aLLLogin.ManpowerCost_TestNG" name="Corporate_Office_Total_ManpowerCost" time="0.000"/>
  <system-out/>
  <testcase classname="aLLLogin.ManpowerCost_TestNG" name="Total_Salary_DirectMP" time="0.000"/>
  <system-out/>
  <testcase classname="aLLLogin.ManpowerCost_TestNG" name="Total_Incentive_DirectMP" time="0.000"/>
  <system-out/>
  <testcase classname="aLLLogin.ManpowerCost_TestNG" name="Total_Salary_InDirectMP" time="0.000"/>
  <system-out/>
  <testcase classname="aLLLogin.ManpowerCost_TestNG" name="Total_Incentive_InDirectMP" time="0.000"/>
  <system-out/>
  <testcase classname="aLLLogin.ManpowerCost_TestNG" name="Total_Total_Salary" time="0.000"/>
  <system-out/>
  <testcase classname="aLLLogin.ManpowerCost_TestNG" name="Total_Total_Incentive" time="0.000"/>
  <system-out/>
  <testcase classname="aLLLogin.ManpowerCost_TestNG" name="Total_Total_ManpowerCost" time="0.000"/>
  <system-out/>
  <testcase classname="aLLLogin.ManpowerCost_TestNG" name="ClickOn_ManpowerCount_NewCar" time="5.555"/>
  <system-out/>
  <testcase classname="aLLLogin.ManpowerCost_TestNG" name="NewCar_Total_Direct_ManpowerCount" time="0.000"/>
  <system-out/>
  <testcase classname="aLLLogin.ManpowerCost_TestNG" name="NewCar_Total_InDirect_ManpowerCount" time="0.016"/>
  <system-out/>
  <testcase classname="aLLLogin.ManpowerCost_TestNG" name="ClickOn_ManpowerCount_MSGA" time="5.449"/>
  <system-out/>
  <testcase classname="aLLLogin.ManpowerCost_TestNG" name="MSGA_Total_Direct_ManpowerCount" time="0.000"/>
  <system-out/>
  <testcase classname="aLLLogin.ManpowerCost_TestNG" name="MSGA_Total_InDirect_ManpowerCount" time="0.000"/>
  <system-out/>
  <testcase classname="aLLLogin.ManpowerCost_TestNG" name="ClickOn_ManpowerCount_WBSP" time="5.326"/>
  <system-out/>
  <testcase classname="aLLLogin.ManpowerCost_TestNG" name="WSBP_Total_Direct_ManpowerCount" time="0.000"/>
  <system-out/>
  <testcase classname="aLLLogin.ManpowerCost_TestNG" name="WSBP_Total_InDirect_ManpowerCount" time="0.000"/>
  <system-out/>
  <testcase classname="aLLLogin.ManpowerCost_TestNG" name="ClickOn_ManpowerCount_Spares" time="5.438"/>
  <system-out/>
  <testcase classname="aLLLogin.ManpowerCost_TestNG" name="Spares_Total_Direct_ManpowerCount" time="0.000"/>
  <system-out/>
  <testcase classname="aLLLogin.ManpowerCost_TestNG" name="Spares_Total_InDirect_ManpowerCount" time="0.000"/>
  <system-out/>
  <testcase classname="aLLLogin.ManpowerCost_TestNG" name="ClickOn_ManpowerCount_True_Value" time="5.499"/>
  <system-out/>
  <testcase classname="aLLLogin.ManpowerCost_TestNG" name="TrueValue_Total_Direct_ManpowerCount" time="0.000"/>
  <system-out/>
  <testcase classname="aLLLogin.ManpowerCost_TestNG" name="TrueValue_Total_InDirect_ManpowerCount" time="0.000"/>
  <system-out/>
  <testcase classname="aLLLogin.ManpowerCost_TestNG" name="ClickOn_ManpowerCount_MIRenewal" time="5.455"/>
  <system-out/>
  <testcase classname="aLLLogin.ManpowerCost_TestNG" name="MIRenewal_Total_Direct_ManpowerCount" time="0.000"/>
  <system-out/>
  <testcase classname="aLLLogin.ManpowerCost_TestNG" name="MIRenewal_Total_InDirect_ManpowerCount" time="0.000"/>
  <system-out/>
  <testcase classname="aLLLogin.ManpowerCost_TestNG" name="ClickOn_ManpowerCount_MDS" time="5.468"/>
  <system-out/>
  <testcase classname="aLLLogin.ManpowerCost_TestNG" name="MDS_Total_Direct_ManpowerCount" time="0.002"/>
  <system-out/>
  <testcase classname="aLLLogin.ManpowerCost_TestNG" name="MDS_Total_InDirect_ManpowerCount" time="0.003"/>
  <system-out/>
  <testcase classname="aLLLogin.ManpowerCost_TestNG" name="ClickOn_ManpowerCount_CommonManpower" time="5.404"/>
  <system-out/>
  <testcase classname="aLLLogin.ManpowerCost_TestNG" name="CommonManpower_Total_Direct_ManpowerCount" time="0.001"/>
  <system-out/>
  <testcase classname="aLLLogin.ManpowerCost_TestNG" name="CommonManpower_Total_InDirect_ManpowerCount" time="0.001"/>
  <system-out/>
  <testcase classname="aLLLogin.ManpowerCost_TestNG" name="ClickOn_New_Car" time="5.239"/>
  <system-out/>
  <testcase classname="aLLLogin.ManpowerCost_TestNG" name="Total_Manpower_Cost_Per_Car" time="0.000"/>
  <system-out/>
  <testcase classname="aLLLogin.ManpowerCost_TestNG" name="ClickOn_ManpowerCost_Again" time="5.317"/>
  <system-out/>
  <testcase classname="aLLLogin.ManpowerCost_TestNG" name="New_Car_Total_ManpowerCount" time="0.000"/>
  <system-out/>
  <testcase classname="aLLLogin.ManpowerCost_TestNG" name="MDS_Total_ManpowerCount" time="0.000"/>
  <system-out/>
  <testcase classname="aLLLogin.ManpowerCost_TestNG" name="MI_Renewal_Total_ManpowerCount" time="0.000"/>
  <system-out/>
  <testcase classname="aLLLogin.ManpowerCost_TestNG" name="MSGA_Total_ManpowerCount" time="0.000"/>
  <system-out/>
  <testcase classname="aLLLogin.ManpowerCost_TestNG" name="True_Value_Total_ManpowerCount" time="0.000"/>
  <system-out/>
  <testcase classname="aLLLogin.ManpowerCost_TestNG" name="Spares_Total_ManpowerCount" time="0.001"/>
  <system-out/>
  <testcase classname="aLLLogin.ManpowerCost_TestNG" name="Service_Total_ManpowerCount" time="0.000"/>
  <system-out/>
  <testcase classname="aLLLogin.ManpowerCost_TestNG" name="Common_Manpower_Total_ManpowerCount" time="0.000"/>
  <system-out/>
  <testcase classname="aLLLogin.ManpowerCost_TestNG" name="Total_Total_ManpowerCount" time="0.000"/>
  <system-out/>
  <testcase classname="aLLLogin.ManpowerCost_TestNG" name="Total_Direct_ManpowerCount" time="0.000"/>
  <system-out/>
  <testcase classname="aLLLogin.ManpowerCost_TestNG" name="Total_InDirect_ManpowerCount" time="0.000"/>
  <system-out/>
</testsuite> <!-- aLLLogin.ManpowerCost_TestNG -->
