<?xml version="1.0" encoding="UTF-8"?>
<!-- Generated by org.testng.reporters.JUnitReportReporter -->
<testsuite hostname="DESKTOP-N9F7EI8" failures="1" tests="52" name="dbp_Login_Extends.SERVICE" time="58.273" errors="0" timestamp="2024-06-05T12:33:22 IST" skipped="0">
  <testcase classname="dbp_Login_Extends.SERVICE" name="Click_on_NewCars" time="8.878"/>
  <system-out/>
  <testcase classname="dbp_Login_Extends.SERVICE" name="click_on_ManPowerCost" time="11.944"/>
  <system-out/>
  <testcase classname="dbp_Login_Extends.SERVICE" name="click_on_IntrestCost" time="8.877"/>
  <system-out/>
  <testcase classname="dbp_Login_Extends.SERVICE" name="Clear_Data" time="15.366"/>
  <system-out/>
  <testcase classname="dbp_Login_Extends.SERVICE" name="Save_the_Data" time="5.430">
    <failure message=" Message is Invalid expected [Saved Successfully] but found []" type="java.lang.AssertionError">
      <![CDATA[java.lang.AssertionError:  Message is Invalid expected [Saved Successfully] but found []
at org.testng.Assert.fail(Assert.java:99)
at org.testng.Assert.failNotEquals(Assert.java:1037)
at org.testng.Assert.assertEqualsImpl(Assert.java:140)
at org.testng.Assert.assertEquals(Assert.java:122)
at org.testng.Assert.assertEquals(Assert.java:629)
at dbp_Login_Extends.SERVICE.Save_the_Data(SERVICE.java:379)
at java.base/jdk.internal.reflect.DirectMethodHandleAccessor.invoke(DirectMethodHandleAccessor.java:104)
at java.base/java.lang.reflect.Method.invoke(Method.java:578)
at org.testng.internal.MethodInvocationHelper.invokeMethod(MethodInvocationHelper.java:133)
at org.testng.internal.TestInvoker.invokeMethod(TestInvoker.java:598)
at org.testng.internal.TestInvoker.invokeTestMethod(TestInvoker.java:173)
at org.testng.internal.MethodRunner.runInSequence(MethodRunner.java:46)
at org.testng.internal.TestInvoker$MethodInvocationAgent.invoke(TestInvoker.java:824)
at org.testng.internal.TestInvoker.invokeTestMethods(TestInvoker.java:146)
at org.testng.internal.TestMethodWorker.invokeTestMethods(TestMethodWorker.java:146)
at org.testng.internal.TestMethodWorker.run(TestMethodWorker.java:128)
at java.base/java.util.ArrayList.forEach(ArrayList.java:1511)
at org.testng.TestRunner.privateRun(TestRunner.java:794)
at org.testng.TestRunner.run(TestRunner.java:596)
at org.testng.SuiteRunner.runTest(SuiteRunner.java:377)
at org.testng.SuiteRunner.runSequentially(SuiteRunner.java:371)
at org.testng.SuiteRunner.privateRun(SuiteRunner.java:332)
at org.testng.SuiteRunner.run(SuiteRunner.java:276)
at org.testng.SuiteRunnerWorker.runSuite(SuiteRunnerWorker.java:53)
at org.testng.SuiteRunnerWorker.run(SuiteRunnerWorker.java:96)
at org.testng.TestNG.runSuitesSequentially(TestNG.java:1212)
at org.testng.TestNG.runSuitesLocally(TestNG.java:1134)
at org.testng.TestNG.runSuites(TestNG.java:1063)
at org.testng.TestNG.run(TestNG.java:1031)
at org.testng.remote.AbstractRemoteTestNG.run(AbstractRemoteTestNG.java:115)
at org.testng.remote.RemoteTestNG.initAndRun(RemoteTestNG.java:251)
at org.testng.remote.RemoteTestNG.main(RemoteTestNG.java:77)
]]>
    </failure>
  </testcase> <!-- Save_the_Data -->
  <system-out/>
  <testcase classname="dbp_Login_Extends.SERVICE" name="Free_Service_Load_Workshop____QTY" time="0.047"/>
  <system-out/>
  <testcase classname="dbp_Login_Extends.SERVICE" name="Bodyshop_Load____QTY" time="0.039"/>
  <system-out/>
  <testcase classname="dbp_Login_Extends.SERVICE" name="Paid_AND_Running_Repairs_Load____QTY" time="0.024"/>
  <system-out/>
  <testcase classname="dbp_Login_Extends.SERVICE" name="Labour_charges_Work_shop_In_INCOME" time="0.031"/>
  <system-out/>
  <testcase classname="dbp_Login_Extends.SERVICE" name="Labour_charges_Bodyshop_In_INCOME" time="0.031"/>
  <system-out/>
  <testcase classname="dbp_Login_Extends.SERVICE" name="Labour_charges_Warranty_claims_In_INCOME" time="0.032"/>
  <system-out/>
  <testcase classname="dbp_Login_Extends.SERVICE" name="Free_service_Receipts_In_INCOME" time="0.031"/>
  <system-out/>
  <testcase classname="dbp_Login_Extends.SERVICE" name="Transit_Damage_Claim_In_INCOME" time="0.016"/>
  <system-out/>
  <testcase classname="dbp_Login_Extends.SERVICE" name="Scrap_Sales_In_INCOME" time="0.021"/>
  <system-out/>
  <testcase classname="dbp_Login_Extends.SERVICE" name="EW_Commisison_In_INCOME" time="0.027"/>
  <system-out/>
  <testcase classname="dbp_Login_Extends.SERVICE" name="Service_Incentive_In_INCOME" time="0.031"/>
  <system-out/>
  <testcase classname="dbp_Login_Extends.SERVICE" name="CRI_Incentive_payout_In_INCOME" time="0.031"/>
  <system-out/>
  <testcase classname="dbp_Login_Extends.SERVICE" name="PDI_Incentive_payout_In_INCOME" time="0.016"/>
  <system-out/>
  <testcase classname="dbp_Login_Extends.SERVICE" name="CCP_Renewal_Commission_In_INCOME" time="0.032"/>
  <system-out/>
  <testcase classname="dbp_Login_Extends.SERVICE" name="Any_other_Service_Income_In_INCOME" time="0.015"/>
  <system-out/>
  <testcase classname="dbp_Login_Extends.SERVICE" name="Contractual_Labour_Workshop_In_EXPENSE" time="0.015"/>
  <system-out/>
  <testcase classname="dbp_Login_Extends.SERVICE" name="Contractual_Labour_Bodyshop_In_EXPENSE" time="0.032"/>
  <system-out/>
  <testcase classname="dbp_Login_Extends.SERVICE" name="Any_other_Job_done_by_external_agency_In_EXPENSE" time="0.031"/>
  <system-out/>
  <testcase classname="dbp_Login_Extends.SERVICE" name="Free_Service_Payout_In_EXPENSE" time="0.016"/>
  <system-out/>
  <testcase classname="dbp_Login_Extends.SERVICE" name="Advertisement_Marketing_Promotional_In_EXPENSE" time="0.038"/>
  <system-out/>
  <testcase classname="dbp_Login_Extends.SERVICE" name="Hyperlocal_Expense_In_EXPENSE" time="0.025"/>
  <system-out/>
  <testcase classname="dbp_Login_Extends.SERVICE" name="Discount_Bill_discount_In_EXPENSE" time="0.031"/>
  <system-out/>
  <testcase classname="dbp_Login_Extends.SERVICE" name="Discount_under_MSR_Autocard_My_Nexa_In_EXPENSE" time="0.031"/>
  <system-out/>
  <testcase classname="dbp_Login_Extends.SERVICE" name="Cost_of_Consumption_of_Paints_In_EXPENSE" time="0.016"/>
  <system-out/>
  <testcase classname="dbp_Login_Extends.SERVICE" name="Any_other_Expense_Service_Only_In_EXPENSE" time="0.032"/>
  <system-out/>
  <testcase classname="dbp_Login_Extends.SERVICE" name="Labour_charges_Work_shop_per_Load_In_Income" time="0.000"/>
  <system-out/>
  <testcase classname="dbp_Login_Extends.SERVICE" name="Labour_charges_Bodyshop_Accidental_per_Load_In_Income" time="0.000"/>
  <system-out/>
  <testcase classname="dbp_Login_Extends.SERVICE" name="Manpower_Cost_Salary_Incentive_per_New_cars_Expenses" time="0.000"/>
  <system-out/>
  <testcase classname="dbp_Login_Extends.SERVICE" name="Short_Term_Interest_Cost_Service__per_New_cars_Expenses" time="0.000"/>
  <system-out/>
  <testcase classname="dbp_Login_Extends.SERVICE" name="Contractual_Labour_Workshop__per_New_cars_Expenses" time="0.000"/>
  <system-out/>
  <testcase classname="dbp_Login_Extends.SERVICE" name="Contractual_Labour_Bodyshop__per_New_cars_Expenses" time="0.015"/>
  <system-out/>
  <testcase classname="dbp_Login_Extends.SERVICE" name="Any_other_Job_done_by_external_agency__per_New_cars_Expenses" time="0.000"/>
  <system-out/>
  <testcase classname="dbp_Login_Extends.SERVICE" name="Free_Service_Payout__per_New_cars_Expenses" time="0.000"/>
  <system-out/>
  <testcase classname="dbp_Login_Extends.SERVICE" name="Advertisement_Marketing_Promotional__per_New_cars_Expenses" time="0.000"/>
  <system-out/>
  <testcase classname="dbp_Login_Extends.SERVICE" name="Hyperlocal_Expense__per_New_cars_Expenses" time="0.000"/>
  <system-out/>
  <testcase classname="dbp_Login_Extends.SERVICE" name="Discount_Bill_discount__per_New_cars_Expenses" time="0.000"/>
  <system-out/>
  <testcase classname="dbp_Login_Extends.SERVICE" name="Discount_under_MSR__per_New_cars_Expenses" time="0.000"/>
  <system-out/>
  <testcase classname="dbp_Login_Extends.SERVICE" name="Cost_of_Consumption_of_Paints__per_New_cars_Expenses" time="0.000"/>
  <system-out/>
  <testcase classname="dbp_Login_Extends.SERVICE" name="Any_other_Expense_Service_Only__per_New_cars_Expenses" time="1.013"/>
  <system-out/>
  <testcase classname="dbp_Login_Extends.SERVICE" name="Total_Service_Income_A__per_New_cars_Expenses" time="1.011"/>
  <system-out/>
  <testcase classname="dbp_Login_Extends.SERVICE" name="Total_Service_Income_A_per_New_Cars" time="1.011"/>
  <system-out/>
  <testcase classname="dbp_Login_Extends.SERVICE" name="Net_earning_from_Service_A_B" time="1.009"/>
  <system-out/>
  <testcase classname="dbp_Login_Extends.SERVICE" name="Net_earning_from_Service_A_B_per_New_Cars" time="1.008"/>
  <system-out/>
  <testcase classname="dbp_Login_Extends.SERVICE" name="Total_Service_Direct_Expense_B" time="1.009"/>
  <system-out/>
  <testcase classname="dbp_Login_Extends.SERVICE" name="Total_Service_Direct_Expense_B_per_New_cars" time="1.011"/>
  <system-out/>
  <testcase classname="dbp_Login_Extends.SERVICE" name="Manpower_Cost_MAtches_from__total_manpowercost" time="0.000"/>
  <system-out/>
  <testcase classname="dbp_Login_Extends.SERVICE" name="Short_Term_Interest_Cost_Service_MAtches_from__IntrestCost_Modules" time="0.000"/>
  <system-out/>
</testsuite> <!-- dbp_Login_Extends.SERVICE -->
