<?xml version="1.0" encoding="UTF-8"?>
<!-- Generated by org.testng.reporters.JUnitReportReporter -->
<testsuite hostname="DESKTOP-N9F7EI8" failures="0" tests="13" name="Import_DATA_Of_DBP.Network_Details" time="1.003" errors="0" timestamp="2024-06-04T15:43:14 IST" skipped="0">
  <testcase classname="Import_DATA_Of_DBP.Network_Details" name="E_Outlets_In_Network_details" time="0.058"/>
  <system-out/>
  <testcase classname="Import_DATA_Of_DBP.Network_Details" name="Workshop_Main_Workshops_In_Network_details" time="0.059"/>
  <system-out/>
  <testcase classname="Import_DATA_Of_DBP.Network_Details" name="Workshop_R_Workshops_In_Network_details" time="0.051"/>
  <system-out/>
  <testcase classname="Import_DATA_Of_DBP.Network_Details" name="BodyShop_Main_Workshops_In_Network_details" time="0.109"/>
  <system-out/>
  <testcase classname="Import_DATA_Of_DBP.Network_Details" name="R_Outlets_In_Network_details" time="0.051"/>
  <system-out/>
  <testcase classname="Import_DATA_Of_DBP.Network_Details" name="Workshop_MSSSP_In_Network_details" time="0.060"/>
  <system-out/>
  <testcase classname="Import_DATA_Of_DBP.Network_Details" name="Main_Outlets_In_Network_details" time="0.060"/>
  <system-out/>
  <testcase classname="Import_DATA_Of_DBP.Network_Details" name="Bodyshop_MSSSP_In_Network_details" time="0.057"/>
  <system-out/>
  <testcase classname="Import_DATA_Of_DBP.Network_Details" name="clearData" time="0.265"/>
  <system-out/>
  <testcase classname="Import_DATA_Of_DBP.Network_Details" name="Bodyshop_R_Workshops_In_Network_details" time="0.052"/>
  <system-out/>
  <testcase classname="Import_DATA_Of_DBP.Network_Details" name="Workshop_E_Workshops_In_Network_details" time="0.050"/>
  <system-out/>
  <testcase classname="Import_DATA_Of_DBP.Network_Details" name="Bodyshop_E_Workshops_In_Network_details" time="0.095"/>
  <system-out/>
  <testcase classname="Import_DATA_Of_DBP.Network_Details" name="True_Value_Outlet_In_Network_details" time="0.036"/>
  <system-out/>
</testsuite> <!-- Import_DATA_Of_DBP.Network_Details -->
