<?xml version="1.0" encoding="UTF-8"?>
<!-- Generated by org.testng.reporters.JUnitReportReporter -->
<testsuite hostname="DESKTOP-N9F7EI8" failures="0" tests="104" name="extend_Login.ManpowerCost_TestNG" time="18.484" errors="1" timestamp="2024-05-31T15:51:29 IST" skipped="103">
  <testcase classname="extend_Login.ManpowerCost_TestNG" name="Clear_Data" time="0.000">
    <skipped/>
  </testcase> <!-- Clear_Data -->
  <system-out/>
  <testcase classname="extend_Login.ManpowerCost_TestNG" name="Setup" time="18.484">
    <error message="no such element: Unable to locate element: {&quot;method&quot;:&quot;css selector&quot;,&quot;selector&quot;:&quot;[class=&quot;dealer-business px-0 py-4&quot;]&quot;}
  (Session info: chrome=125.0.6422.141)
For documentation on this error, please visit: https://www.selenium.dev/documentation/webdriver/troubleshooting/errors#no-such-element-exception
Build info: version: &#039;4.20.0&#039;, revision: &#039;866c76ca80&#039;
System info: os.name: &#039;Windows 11&#039;, os.arch: &#039;amd64&#039;, os.version: &#039;10.0&#039;, java.version: &#039;20.0.2&#039;
Driver info: org.openqa.selenium.chrome.ChromeDriver
Command: [e4d74135eb38d6a0df25c1f5a96748ea, findElement {value=[class=&quot;dealer-business px-0 py-4&quot;], using=css selector}]
Capabilities {acceptInsecureCerts: false, browserName: chrome, browserVersion: 125.0.6422.141, chrome: {chromedriverVersion: 125.0.6422.141 (4b1e8393712..., userDataDir: C:\Users\Thinkpad\AppData\L...}, fedcm:accounts: true, goog:chromeOptions: {debuggerAddress: localhost:49682}, networkConnectionEnabled: false, pageLoadStrategy: normal, platformName: windows, proxy: Proxy(), se:cdp: ws://localhost:49682/devtoo..., se:cdpVersion: 125.0.6422.141, setWindowRect: true, strictFileInteractability: false, timeouts: {implicit: 0, pageLoad: 300000, script: 30000}, unhandledPromptBehavior: dismiss and notify, webauthn:extension:credBlob: true, webauthn:extension:largeBlob: true, webauthn:extension:minPinLength: true, webauthn:extension:prf: true, webauthn:virtualAuthenticators: true}
Session ID: e4d74135eb38d6a0df25c1f5a96748ea" type="org.openqa.selenium.NoSuchElementException">
      <![CDATA[org.openqa.selenium.NoSuchElementException: no such element: Unable to locate element: {"method":"css selector","selector":"[class="dealer-business px-0 py-4"]"}
  (Session info: chrome=125.0.6422.141)
For documentation on this error, please visit: https://www.selenium.dev/documentation/webdriver/troubleshooting/errors#no-such-element-exception
Build info: version: '4.20.0', revision: '866c76ca80'
System info: os.name: 'Windows 11', os.arch: 'amd64', os.version: '10.0', java.version: '20.0.2'
Driver info: org.openqa.selenium.chrome.ChromeDriver
Command: [e4d74135eb38d6a0df25c1f5a96748ea, findElement {value=[class="dealer-business px-0 py-4"], using=css selector}]
Capabilities {acceptInsecureCerts: false, browserName: chrome, browserVersion: 125.0.6422.141, chrome: {chromedriverVersion: 125.0.6422.141 (4b1e8393712..., userDataDir: C:\Users\Thinkpad\AppData\L...}, fedcm:accounts: true, goog:chromeOptions: {debuggerAddress: localhost:49682}, networkConnectionEnabled: false, pageLoadStrategy: normal, platformName: windows, proxy: Proxy(), se:cdp: ws://localhost:49682/devtoo..., se:cdpVersion: 125.0.6422.141, setWindowRect: true, strictFileInteractability: false, timeouts: {implicit: 0, pageLoad: 300000, script: 30000}, unhandledPromptBehavior: dismiss and notify, webauthn:extension:credBlob: true, webauthn:extension:largeBlob: true, webauthn:extension:minPinLength: true, webauthn:extension:prf: true, webauthn:virtualAuthenticators: true}
Session ID: e4d74135eb38d6a0df25c1f5a96748ea
at java.base/jdk.internal.reflect.DirectConstructorHandleAccessor.newInstance(DirectConstructorHandleAccessor.java:67)
at java.base/java.lang.reflect.Constructor.newInstanceWithCaller(Constructor.java:500)
at java.base/java.lang.reflect.Constructor.newInstance(Constructor.java:484)
at org.openqa.selenium.remote.ErrorCodec.decode(ErrorCodec.java:167)
at org.openqa.selenium.remote.codec.w3c.W3CHttpResponseCodec.decode(W3CHttpResponseCodec.java:138)
at org.openqa.selenium.remote.codec.w3c.W3CHttpResponseCodec.decode(W3CHttpResponseCodec.java:50)
at org.openqa.selenium.remote.HttpCommandExecutor.execute(HttpCommandExecutor.java:190)
at org.openqa.selenium.remote.service.DriverCommandExecutor.invokeExecute(DriverCommandExecutor.java:216)
at org.openqa.selenium.remote.service.DriverCommandExecutor.execute(DriverCommandExecutor.java:174)
at org.openqa.selenium.remote.RemoteWebDriver.execute(RemoteWebDriver.java:518)
at org.openqa.selenium.remote.ElementLocation$ElementFinder$2.findElement(ElementLocation.java:165)
at org.openqa.selenium.remote.ElementLocation.findElement(ElementLocation.java:59)
at org.openqa.selenium.remote.RemoteWebDriver.findElement(RemoteWebDriver.java:355)
at org.openqa.selenium.remote.RemoteWebDriver.findElement(RemoteWebDriver.java:349)
at extend_Login.Login_Page.Setup(Login_Page.java:42)
at java.base/jdk.internal.reflect.DirectMethodHandleAccessor.invoke(DirectMethodHandleAccessor.java:104)
at java.base/java.lang.reflect.Method.invoke(Method.java:578)
at org.testng.internal.MethodInvocationHelper.invokeMethod(MethodInvocationHelper.java:133)
at org.testng.internal.MethodInvocationHelper.invokeMethodConsideringTimeout(MethodInvocationHelper.java:62)
at org.testng.internal.ConfigInvoker.invokeConfigurationMethod(ConfigInvoker.java:385)
at org.testng.internal.ConfigInvoker.invokeConfigurations(ConfigInvoker.java:321)
at org.testng.internal.TestMethodWorker.invokeBeforeClassMethods(TestMethodWorker.java:176)
at org.testng.internal.TestMethodWorker.run(TestMethodWorker.java:122)
at java.base/java.util.ArrayList.forEach(ArrayList.java:1511)
at org.testng.TestRunner.privateRun(TestRunner.java:794)
at org.testng.TestRunner.run(TestRunner.java:596)
at org.testng.SuiteRunner.runTest(SuiteRunner.java:377)
at org.testng.SuiteRunner.runSequentially(SuiteRunner.java:371)
at org.testng.SuiteRunner.privateRun(SuiteRunner.java:332)
at org.testng.SuiteRunner.run(SuiteRunner.java:276)
at org.testng.SuiteRunnerWorker.runSuite(SuiteRunnerWorker.java:53)
at org.testng.SuiteRunnerWorker.run(SuiteRunnerWorker.java:96)
at org.testng.TestNG.runSuitesSequentially(TestNG.java:1212)
at org.testng.TestNG.runSuitesLocally(TestNG.java:1134)
at org.testng.TestNG.runSuites(TestNG.java:1063)
at org.testng.TestNG.run(TestNG.java:1031)
at org.testng.remote.AbstractRemoteTestNG.run(AbstractRemoteTestNG.java:115)
at org.testng.remote.RemoteTestNG.initAndRun(RemoteTestNG.java:251)
at org.testng.remote.RemoteTestNG.main(RemoteTestNG.java:77)
]]>
    </error>
  </testcase> <!-- Setup -->
  <system-out/>
  <testcase classname="extend_Login.ManpowerCost_TestNG" name="NewCar_Salary_DirectMP" time="0.000">
    <skipped/>
  </testcase> <!-- NewCar_Salary_DirectMP -->
  <system-out/>
  <testcase classname="extend_Login.ManpowerCost_TestNG" name="Save_Data" time="0.000">
    <skipped/>
  </testcase> <!-- Save_Data -->
  <system-out/>
  <testcase classname="extend_Login.ManpowerCost_TestNG" name="NewCar_Incentive_DirectMP" time="0.000">
    <skipped/>
  </testcase> <!-- NewCar_Incentive_DirectMP -->
  <system-out/>
  <testcase classname="extend_Login.ManpowerCost_TestNG" name="NewCar_Salary_InDirectMP" time="0.000">
    <skipped/>
  </testcase> <!-- NewCar_Salary_InDirectMP -->
  <system-out/>
  <testcase classname="extend_Login.ManpowerCost_TestNG" name="NewCar_Incentive_InDirectMP" time="0.000">
    <skipped/>
  </testcase> <!-- NewCar_Incentive_InDirectMP -->
  <system-out/>
  <testcase classname="extend_Login.ManpowerCost_TestNG" name="NewCar_Total_Salary" time="0.000">
    <skipped/>
  </testcase> <!-- NewCar_Total_Salary -->
  <system-out/>
  <testcase classname="extend_Login.ManpowerCost_TestNG" name="NewCar_Total_Incentive" time="0.000">
    <skipped/>
  </testcase> <!-- NewCar_Total_Incentive -->
  <system-out/>
  <testcase classname="extend_Login.ManpowerCost_TestNG" name="NewCar_Total_ManpowerCost" time="0.000">
    <skipped/>
  </testcase> <!-- NewCar_Total_ManpowerCost -->
  <system-out/>
  <testcase classname="extend_Login.ManpowerCost_TestNG" name="MDS_Salary_DirectMP" time="0.000">
    <skipped/>
  </testcase> <!-- MDS_Salary_DirectMP -->
  <system-out/>
  <testcase classname="extend_Login.ManpowerCost_TestNG" name="MDS_Incentive_DirectMP" time="0.000">
    <skipped/>
  </testcase> <!-- MDS_Incentive_DirectMP -->
  <system-out/>
  <testcase classname="extend_Login.ManpowerCost_TestNG" name="MDS_Salary_InDirectMP" time="0.000">
    <skipped/>
  </testcase> <!-- MDS_Salary_InDirectMP -->
  <system-out/>
  <testcase classname="extend_Login.ManpowerCost_TestNG" name="MDS_Incentive_InDirectMP" time="0.000">
    <skipped/>
  </testcase> <!-- MDS_Incentive_InDirectMP -->
  <system-out/>
  <testcase classname="extend_Login.ManpowerCost_TestNG" name="MDS_Total_Salary" time="0.000">
    <skipped/>
  </testcase> <!-- MDS_Total_Salary -->
  <system-out/>
  <testcase classname="extend_Login.ManpowerCost_TestNG" name="MDS_Total_Incentive" time="0.000">
    <skipped/>
  </testcase> <!-- MDS_Total_Incentive -->
  <system-out/>
  <testcase classname="extend_Login.ManpowerCost_TestNG" name="MDS_Total_ManpowerCost" time="0.000">
    <skipped/>
  </testcase> <!-- MDS_Total_ManpowerCost -->
  <system-out/>
  <testcase classname="extend_Login.ManpowerCost_TestNG" name="MIRenewal_Salary_DirectMP" time="0.000">
    <skipped/>
  </testcase> <!-- MIRenewal_Salary_DirectMP -->
  <system-out/>
  <testcase classname="extend_Login.ManpowerCost_TestNG" name="MIRenewal_Incentive_DirectMP" time="0.000">
    <skipped/>
  </testcase> <!-- MIRenewal_Incentive_DirectMP -->
  <system-out/>
  <testcase classname="extend_Login.ManpowerCost_TestNG" name="MIRenewal_Salary_InDirectMP" time="0.000">
    <skipped/>
  </testcase> <!-- MIRenewal_Salary_InDirectMP -->
  <system-out/>
  <testcase classname="extend_Login.ManpowerCost_TestNG" name="MIRenewal_Incentive_InDirectMP" time="0.000">
    <skipped/>
  </testcase> <!-- MIRenewal_Incentive_InDirectMP -->
  <system-out/>
  <testcase classname="extend_Login.ManpowerCost_TestNG" name="MIRenewal_Total_Salary" time="0.000">
    <skipped/>
  </testcase> <!-- MIRenewal_Total_Salary -->
  <system-out/>
  <testcase classname="extend_Login.ManpowerCost_TestNG" name="MIRenewal_Total_Incentive" time="0.000">
    <skipped/>
  </testcase> <!-- MIRenewal_Total_Incentive -->
  <system-out/>
  <testcase classname="extend_Login.ManpowerCost_TestNG" name="MIRenewal_Total_ManpowerCost" time="0.000">
    <skipped/>
  </testcase> <!-- MIRenewal_Total_ManpowerCost -->
  <system-out/>
  <testcase classname="extend_Login.ManpowerCost_TestNG" name="MSGA_Salary_DirectMP" time="0.000">
    <skipped/>
  </testcase> <!-- MSGA_Salary_DirectMP -->
  <system-out/>
  <testcase classname="extend_Login.ManpowerCost_TestNG" name="MSGA_Incentive_DirectMP" time="0.000">
    <skipped/>
  </testcase> <!-- MSGA_Incentive_DirectMP -->
  <system-out/>
  <testcase classname="extend_Login.ManpowerCost_TestNG" name="MSGA_Salary_InDirectMP" time="0.000">
    <skipped/>
  </testcase> <!-- MSGA_Salary_InDirectMP -->
  <system-out/>
  <testcase classname="extend_Login.ManpowerCost_TestNG" name="MSGA_Incentive_InDirectMP" time="0.000">
    <skipped/>
  </testcase> <!-- MSGA_Incentive_InDirectMP -->
  <system-out/>
  <testcase classname="extend_Login.ManpowerCost_TestNG" name="MSGA_Total_Salary" time="0.000">
    <skipped/>
  </testcase> <!-- MSGA_Total_Salary -->
  <system-out/>
  <testcase classname="extend_Login.ManpowerCost_TestNG" name="MSGA_Total_Incentive" time="0.000">
    <skipped/>
  </testcase> <!-- MSGA_Total_Incentive -->
  <system-out/>
  <testcase classname="extend_Login.ManpowerCost_TestNG" name="MSGA_Total_ManpowerCost" time="0.000">
    <skipped/>
  </testcase> <!-- MSGA_Total_ManpowerCost -->
  <system-out/>
  <testcase classname="extend_Login.ManpowerCost_TestNG" name="True_Value_Salary_DirectMP" time="0.000">
    <skipped/>
  </testcase> <!-- True_Value_Salary_DirectMP -->
  <system-out/>
  <testcase classname="extend_Login.ManpowerCost_TestNG" name="True_Value_Incentive_DirectMP" time="0.000">
    <skipped/>
  </testcase> <!-- True_Value_Incentive_DirectMP -->
  <system-out/>
  <testcase classname="extend_Login.ManpowerCost_TestNG" name="True_Value_Salary_InDirectMP" time="0.000">
    <skipped/>
  </testcase> <!-- True_Value_Salary_InDirectMP -->
  <system-out/>
  <testcase classname="extend_Login.ManpowerCost_TestNG" name="True_Value_Incentive_InDirectMP" time="0.000">
    <skipped/>
  </testcase> <!-- True_Value_Incentive_InDirectMP -->
  <system-out/>
  <testcase classname="extend_Login.ManpowerCost_TestNG" name="True_Value_Total_Salary" time="0.000">
    <skipped/>
  </testcase> <!-- True_Value_Total_Salary -->
  <system-out/>
  <testcase classname="extend_Login.ManpowerCost_TestNG" name="True_Value_Total_Incentive" time="0.000">
    <skipped/>
  </testcase> <!-- True_Value_Total_Incentive -->
  <system-out/>
  <testcase classname="extend_Login.ManpowerCost_TestNG" name="True_Value_Total_ManpowerCost" time="0.000">
    <skipped/>
  </testcase> <!-- True_Value_Total_ManpowerCost -->
  <system-out/>
  <testcase classname="extend_Login.ManpowerCost_TestNG" name="Spares_Salary_DirectMP" time="0.000">
    <skipped/>
  </testcase> <!-- Spares_Salary_DirectMP -->
  <system-out/>
  <testcase classname="extend_Login.ManpowerCost_TestNG" name="Spares_Incentive_DirectMP" time="0.000">
    <skipped/>
  </testcase> <!-- Spares_Incentive_DirectMP -->
  <system-out/>
  <testcase classname="extend_Login.ManpowerCost_TestNG" name="Spares_Salary_InDirectMP" time="0.000">
    <skipped/>
  </testcase> <!-- Spares_Salary_InDirectMP -->
  <system-out/>
  <testcase classname="extend_Login.ManpowerCost_TestNG" name="Spares_Incentive_InDirectMP" time="0.000">
    <skipped/>
  </testcase> <!-- Spares_Incentive_InDirectMP -->
  <system-out/>
  <testcase classname="extend_Login.ManpowerCost_TestNG" name="Spares_Total_Salary" time="0.000">
    <skipped/>
  </testcase> <!-- Spares_Total_Salary -->
  <system-out/>
  <testcase classname="extend_Login.ManpowerCost_TestNG" name="Spares_Total_Incentive" time="0.000">
    <skipped/>
  </testcase> <!-- Spares_Total_Incentive -->
  <system-out/>
  <testcase classname="extend_Login.ManpowerCost_TestNG" name="Spares_Total_ManpowerCost" time="0.000">
    <skipped/>
  </testcase> <!-- Spares_Total_ManpowerCost -->
  <system-out/>
  <testcase classname="extend_Login.ManpowerCost_TestNG" name="Service_Salary_DirectMP" time="0.000">
    <skipped/>
  </testcase> <!-- Service_Salary_DirectMP -->
  <system-out/>
  <testcase classname="extend_Login.ManpowerCost_TestNG" name="Service_Incentive_DirectMP" time="0.000">
    <skipped/>
  </testcase> <!-- Service_Incentive_DirectMP -->
  <system-out/>
  <testcase classname="extend_Login.ManpowerCost_TestNG" name="Service_Salary_InDirectMP" time="0.000">
    <skipped/>
  </testcase> <!-- Service_Salary_InDirectMP -->
  <system-out/>
  <testcase classname="extend_Login.ManpowerCost_TestNG" name="Service_Incentive_InDirectMP" time="0.000">
    <skipped/>
  </testcase> <!-- Service_Incentive_InDirectMP -->
  <system-out/>
  <testcase classname="extend_Login.ManpowerCost_TestNG" name="Service_Total_Salary" time="0.000">
    <skipped/>
  </testcase> <!-- Service_Total_Salary -->
  <system-out/>
  <testcase classname="extend_Login.ManpowerCost_TestNG" name="Service_Total_Incentive" time="0.000">
    <skipped/>
  </testcase> <!-- Service_Total_Incentive -->
  <system-out/>
  <testcase classname="extend_Login.ManpowerCost_TestNG" name="Service_Total_ManpowerCost" time="0.000">
    <skipped/>
  </testcase> <!-- Service_Total_ManpowerCost -->
  <system-out/>
  <testcase classname="extend_Login.ManpowerCost_TestNG" name="Corporate_Office_Salary_DirectMP" time="0.000">
    <skipped/>
  </testcase> <!-- Corporate_Office_Salary_DirectMP -->
  <system-out/>
  <testcase classname="extend_Login.ManpowerCost_TestNG" name="Corporate_Office_Incentive_DirectMP" time="0.000">
    <skipped/>
  </testcase> <!-- Corporate_Office_Incentive_DirectMP -->
  <system-out/>
  <testcase classname="extend_Login.ManpowerCost_TestNG" name="Corporate_Office_Salary_InDirectMP" time="0.000">
    <skipped/>
  </testcase> <!-- Corporate_Office_Salary_InDirectMP -->
  <system-out/>
  <testcase classname="extend_Login.ManpowerCost_TestNG" name="Corporate_Office_Incentive_InDirectMP" time="0.000">
    <skipped/>
  </testcase> <!-- Corporate_Office_Incentive_InDirectMP -->
  <system-out/>
  <testcase classname="extend_Login.ManpowerCost_TestNG" name="Corporate_Office_Total_Salary" time="0.000">
    <skipped/>
  </testcase> <!-- Corporate_Office_Total_Salary -->
  <system-out/>
  <testcase classname="extend_Login.ManpowerCost_TestNG" name="Corporate_Office_Total_Incentive" time="0.000">
    <skipped/>
  </testcase> <!-- Corporate_Office_Total_Incentive -->
  <system-out/>
  <testcase classname="extend_Login.ManpowerCost_TestNG" name="Corporate_Office_Total_ManpowerCost" time="0.000">
    <skipped/>
  </testcase> <!-- Corporate_Office_Total_ManpowerCost -->
  <system-out/>
  <testcase classname="extend_Login.ManpowerCost_TestNG" name="Total_Salary_DirectMP" time="0.000">
    <skipped/>
  </testcase> <!-- Total_Salary_DirectMP -->
  <system-out/>
  <testcase classname="extend_Login.ManpowerCost_TestNG" name="Total_Incentive_DirectMP" time="0.000">
    <skipped/>
  </testcase> <!-- Total_Incentive_DirectMP -->
  <system-out/>
  <testcase classname="extend_Login.ManpowerCost_TestNG" name="Total_Salary_InDirectMP" time="0.000">
    <skipped/>
  </testcase> <!-- Total_Salary_InDirectMP -->
  <system-out/>
  <testcase classname="extend_Login.ManpowerCost_TestNG" name="Total_Incentive_InDirectMP" time="0.000">
    <skipped/>
  </testcase> <!-- Total_Incentive_InDirectMP -->
  <system-out/>
  <testcase classname="extend_Login.ManpowerCost_TestNG" name="Total_Total_Salary" time="0.000">
    <skipped/>
  </testcase> <!-- Total_Total_Salary -->
  <system-out/>
  <testcase classname="extend_Login.ManpowerCost_TestNG" name="Total_Total_Incentive" time="0.000">
    <skipped/>
  </testcase> <!-- Total_Total_Incentive -->
  <system-out/>
  <testcase classname="extend_Login.ManpowerCost_TestNG" name="Total_Total_ManpowerCost" time="0.000">
    <skipped/>
  </testcase> <!-- Total_Total_ManpowerCost -->
  <system-out/>
  <testcase classname="extend_Login.ManpowerCost_TestNG" name="ClickOn_ManpowerCount_NewCar" time="0.000">
    <skipped/>
  </testcase> <!-- ClickOn_ManpowerCount_NewCar -->
  <system-out/>
  <testcase classname="extend_Login.ManpowerCost_TestNG" name="NewCar_Total_Direct_ManpowerCount" time="0.000">
    <skipped/>
  </testcase> <!-- NewCar_Total_Direct_ManpowerCount -->
  <system-out/>
  <testcase classname="extend_Login.ManpowerCost_TestNG" name="NewCar_Total_InDirect_ManpowerCount" time="0.000">
    <skipped/>
  </testcase> <!-- NewCar_Total_InDirect_ManpowerCount -->
  <system-out/>
  <testcase classname="extend_Login.ManpowerCost_TestNG" name="ClickOn_ManpowerCount_MSGA" time="0.000">
    <skipped/>
  </testcase> <!-- ClickOn_ManpowerCount_MSGA -->
  <system-out/>
  <testcase classname="extend_Login.ManpowerCost_TestNG" name="MSGA_Total_Direct_ManpowerCount" time="0.000">
    <skipped/>
  </testcase> <!-- MSGA_Total_Direct_ManpowerCount -->
  <system-out/>
  <testcase classname="extend_Login.ManpowerCost_TestNG" name="MSGA_Total_InDirect_ManpowerCount" time="0.000">
    <skipped/>
  </testcase> <!-- MSGA_Total_InDirect_ManpowerCount -->
  <system-out/>
  <testcase classname="extend_Login.ManpowerCost_TestNG" name="ClickOn_ManpowerCount_WBSP" time="0.000">
    <skipped/>
  </testcase> <!-- ClickOn_ManpowerCount_WBSP -->
  <system-out/>
  <testcase classname="extend_Login.ManpowerCost_TestNG" name="WSBP_Total_Direct_ManpowerCount" time="0.000">
    <skipped/>
  </testcase> <!-- WSBP_Total_Direct_ManpowerCount -->
  <system-out/>
  <testcase classname="extend_Login.ManpowerCost_TestNG" name="WSBP_Total_InDirect_ManpowerCount" time="0.000">
    <skipped/>
  </testcase> <!-- WSBP_Total_InDirect_ManpowerCount -->
  <system-out/>
  <testcase classname="extend_Login.ManpowerCost_TestNG" name="ClickOn_ManpowerCount_Spares" time="0.000">
    <skipped/>
  </testcase> <!-- ClickOn_ManpowerCount_Spares -->
  <system-out/>
  <testcase classname="extend_Login.ManpowerCost_TestNG" name="Spares_Total_Direct_ManpowerCount" time="0.000">
    <skipped/>
  </testcase> <!-- Spares_Total_Direct_ManpowerCount -->
  <system-out/>
  <testcase classname="extend_Login.ManpowerCost_TestNG" name="Spares_Total_InDirect_ManpowerCount" time="0.000">
    <skipped/>
  </testcase> <!-- Spares_Total_InDirect_ManpowerCount -->
  <system-out/>
  <testcase classname="extend_Login.ManpowerCost_TestNG" name="ClickOn_ManpowerCount_True_Value" time="0.000">
    <skipped/>
  </testcase> <!-- ClickOn_ManpowerCount_True_Value -->
  <system-out/>
  <testcase classname="extend_Login.ManpowerCost_TestNG" name="TrueValue_Total_Direct_ManpowerCount" time="0.000">
    <skipped/>
  </testcase> <!-- TrueValue_Total_Direct_ManpowerCount -->
  <system-out/>
  <testcase classname="extend_Login.ManpowerCost_TestNG" name="TrueValue_Total_InDirect_ManpowerCount" time="0.000">
    <skipped/>
  </testcase> <!-- TrueValue_Total_InDirect_ManpowerCount -->
  <system-out/>
  <testcase classname="extend_Login.ManpowerCost_TestNG" name="ClickOn_ManpowerCount_MIRenewal" time="0.000">
    <skipped/>
  </testcase> <!-- ClickOn_ManpowerCount_MIRenewal -->
  <system-out/>
  <testcase classname="extend_Login.ManpowerCost_TestNG" name="MIRenewal_Total_Direct_ManpowerCount" time="0.000">
    <skipped/>
  </testcase> <!-- MIRenewal_Total_Direct_ManpowerCount -->
  <system-out/>
  <testcase classname="extend_Login.ManpowerCost_TestNG" name="MIRenewal_Total_InDirect_ManpowerCount" time="0.000">
    <skipped/>
  </testcase> <!-- MIRenewal_Total_InDirect_ManpowerCount -->
  <system-out/>
  <testcase classname="extend_Login.ManpowerCost_TestNG" name="ClickOn_ManpowerCount_MDS" time="0.000">
    <skipped/>
  </testcase> <!-- ClickOn_ManpowerCount_MDS -->
  <system-out/>
  <testcase classname="extend_Login.ManpowerCost_TestNG" name="MDS_Total_Direct_ManpowerCount" time="0.000">
    <skipped/>
  </testcase> <!-- MDS_Total_Direct_ManpowerCount -->
  <system-out/>
  <testcase classname="extend_Login.ManpowerCost_TestNG" name="MDS_Total_InDirect_ManpowerCount" time="0.000">
    <skipped/>
  </testcase> <!-- MDS_Total_InDirect_ManpowerCount -->
  <system-out/>
  <testcase classname="extend_Login.ManpowerCost_TestNG" name="ClickOn_ManpowerCount_CommonManpower" time="0.000">
    <skipped/>
  </testcase> <!-- ClickOn_ManpowerCount_CommonManpower -->
  <system-out/>
  <testcase classname="extend_Login.ManpowerCost_TestNG" name="CommonManpower_Total_Direct_ManpowerCount" time="0.000">
    <skipped/>
  </testcase> <!-- CommonManpower_Total_Direct_ManpowerCount -->
  <system-out/>
  <testcase classname="extend_Login.ManpowerCost_TestNG" name="CommonManpower_Total_InDirect_ManpowerCount" time="0.000">
    <skipped/>
  </testcase> <!-- CommonManpower_Total_InDirect_ManpowerCount -->
  <system-out/>
  <testcase classname="extend_Login.ManpowerCost_TestNG" name="ClickOn_New_Car" time="0.000">
    <skipped/>
  </testcase> <!-- ClickOn_New_Car -->
  <system-out/>
  <testcase classname="extend_Login.ManpowerCost_TestNG" name="Total_Manpower_Cost_Per_Car" time="0.000">
    <skipped/>
  </testcase> <!-- Total_Manpower_Cost_Per_Car -->
  <system-out/>
  <testcase classname="extend_Login.ManpowerCost_TestNG" name="ClickOn_ManpowerCost_Again" time="0.000">
    <skipped/>
  </testcase> <!-- ClickOn_ManpowerCost_Again -->
  <system-out/>
  <testcase classname="extend_Login.ManpowerCost_TestNG" name="New_Car_Total_ManpowerCount" time="0.000">
    <skipped/>
  </testcase> <!-- New_Car_Total_ManpowerCount -->
  <system-out/>
  <testcase classname="extend_Login.ManpowerCost_TestNG" name="MDS_Total_ManpowerCount" time="0.000">
    <skipped/>
  </testcase> <!-- MDS_Total_ManpowerCount -->
  <system-out/>
  <testcase classname="extend_Login.ManpowerCost_TestNG" name="MI_Renewal_Total_ManpowerCount" time="0.000">
    <skipped/>
  </testcase> <!-- MI_Renewal_Total_ManpowerCount -->
  <system-out/>
  <testcase classname="extend_Login.ManpowerCost_TestNG" name="MSGA_Total_ManpowerCount" time="0.000">
    <skipped/>
  </testcase> <!-- MSGA_Total_ManpowerCount -->
  <system-out/>
  <testcase classname="extend_Login.ManpowerCost_TestNG" name="True_Value_Total_ManpowerCount" time="0.000">
    <skipped/>
  </testcase> <!-- True_Value_Total_ManpowerCount -->
  <system-out/>
  <testcase classname="extend_Login.ManpowerCost_TestNG" name="Spares_Total_ManpowerCount" time="0.000">
    <skipped/>
  </testcase> <!-- Spares_Total_ManpowerCount -->
  <system-out/>
  <testcase classname="extend_Login.ManpowerCost_TestNG" name="Service_Total_ManpowerCount" time="0.000">
    <skipped/>
  </testcase> <!-- Service_Total_ManpowerCount -->
  <system-out/>
  <testcase classname="extend_Login.ManpowerCost_TestNG" name="Common_Manpower_Total_ManpowerCount" time="0.000">
    <skipped/>
  </testcase> <!-- Common_Manpower_Total_ManpowerCount -->
  <system-out/>
  <testcase classname="extend_Login.ManpowerCost_TestNG" name="Total_Total_ManpowerCount" time="0.000">
    <skipped/>
  </testcase> <!-- Total_Total_ManpowerCount -->
  <system-out/>
  <testcase classname="extend_Login.ManpowerCost_TestNG" name="Total_Direct_ManpowerCount" time="0.000">
    <skipped/>
  </testcase> <!-- Total_Direct_ManpowerCount -->
  <system-out/>
  <testcase classname="extend_Login.ManpowerCost_TestNG" name="Total_InDirect_ManpowerCount" time="0.000">
    <skipped/>
  </testcase> <!-- Total_InDirect_ManpowerCount -->
  <system-out/>
</testsuite> <!-- extend_Login.ManpowerCost_TestNG -->
