<?xml version="1.0" encoding="UTF-8"?>
<!-- Generated by org.testng.reporters.JUnitReportReporter -->
<testsuite hostname="DESKTOP-N9F7EI8" failures="0" tests="1" name="Import_DATA_Of_DBP.Import" time="20.104" errors="0" timestamp="2024-06-04T15:43:14 IST" skipped="0">
  <testcase classname="Import_DATA_Of_DBP.Import" name="chooseFile" time="20.104"/>
  <system-out/>
</testsuite> <!-- Import_DATA_Of_DBP.Import -->
