<?xml version="1.0" encoding="UTF-8"?>
<!-- Generated by org.testng.reporters.JUnitReportReporter -->
<testsuite hostname="DESKTOP-7SBKKJ1" failures="0" tests="12" name="cCM_Reports.Website_Lead_report" time="137.755" errors="0" timestamp="2024-10-29T10:31:10 IST" skipped="0">
  <testcase classname="cCM_Reports.Website_Lead_report" name="Username" time="1.512"/>
  <system-out/>
  <testcase classname="cCM_Reports.Website_Lead_report" name="Password" time="1.378"/>
  <system-out/>
  <testcase classname="cCM_Reports.Website_Lead_report" name="Captcha" time="2.314"/>
  <system-out/>
  <testcase classname="cCM_Reports.Website_Lead_report" name="SUBMIT_Button" time="2.159"/>
  <system-out/>
  <testcase classname="cCM_Reports.Website_Lead_report" name="Click_On_SMR" time="21.388"/>
  <system-out/>
  <testcase classname="cCM_Reports.Website_Lead_report" name="Click_Reports" time="1.163"/>
  <system-out/>
  <testcase classname="cCM_Reports.Website_Lead_report" name="Click_On_Website_lead_Report" time="16.222"/>
  <system-out/>
  <testcase classname="cCM_Reports.Website_Lead_report" name="Dealer_Parent_Group_Wise" time="23.566"/>
  <system-out/>
  <testcase classname="cCM_Reports.Website_Lead_report" name="WorkShop_Wise" time="22.932"/>
  <system-out/>
  <testcase classname="cCM_Reports.Website_Lead_report" name="Day_Wise" time="23.001"/>
  <system-out/>
  <testcase classname="cCM_Reports.Website_Lead_report" name="SMRE_Wise" time="22.108"/>
  <system-out/>
  <testcase classname="cCM_Reports.Website_Lead_report" name="Comparison_0f_all_Data" time="0.012"/>
  <system-out/>
</testsuite> <!-- cCM_Reports.Website_Lead_report -->
