<?xml version="1.0" encoding="UTF-8"?>
<!-- Generated by org.testng.reporters.JUnitReportReporter -->
<testsuite hostname="DESKTOP-7SBKKJ1" failures="0" tests="12" name="PSf_Static_Report_and_Call_Dispostion.Prelimnary_NPS_report" time="138.935" errors="0" timestamp="2024-11-25T17:32:37 IST" skipped="0">
  <testcase classname="PSf_Static_Report_and_Call_Dispostion.Prelimnary_NPS_report" name="Username" time="1.161"/>
  <system-out/>
  <testcase classname="PSf_Static_Report_and_Call_Dispostion.Prelimnary_NPS_report" name="Password" time="1.229"/>
  <system-out/>
  <testcase classname="PSf_Static_Report_and_Call_Dispostion.Prelimnary_NPS_report" name="Captcha" time="2.147"/>
  <system-out/>
  <testcase classname="PSf_Static_Report_and_Call_Dispostion.Prelimnary_NPS_report" name="SUBMIT_Button" time="2.103"/>
  <system-out/>
  <testcase classname="PSf_Static_Report_and_Call_Dispostion.Prelimnary_NPS_report" name="Click_On_PSF" time="45.895"/>
  <system-out/>
  <testcase classname="PSf_Static_Report_and_Call_Dispostion.Prelimnary_NPS_report" name="Remove_PouP" time="1.134"/>
  <system-out/>
  <testcase classname="PSf_Static_Report_and_Call_Dispostion.Prelimnary_NPS_report" name="Click_On_Static_Reports" time="1.101"/>
  <system-out/>
  <testcase classname="PSf_Static_Report_and_Call_Dispostion.Prelimnary_NPS_report" name="Click_On_Preliminary_NPS_Report" time="5.099"/>
  <system-out/>
  <testcase classname="PSf_Static_Report_and_Call_Dispostion.Prelimnary_NPS_report" name="Click_On_Workshop" time="30.070"/>
  <system-out/>
  <testcase classname="PSf_Static_Report_and_Call_Dispostion.Prelimnary_NPS_report" name="Click_On_Day_Wise" time="24.472"/>
  <system-out/>
  <testcase classname="PSf_Static_Report_and_Call_Dispostion.Prelimnary_NPS_report" name="Click_On_Service_Type_Wise" time="24.517"/>
  <system-out/>
  <testcase classname="PSf_Static_Report_and_Call_Dispostion.Prelimnary_NPS_report" name="Comparison_0f_all_Data" time="0.007"/>
  <system-out/>
</testsuite> <!-- PSf_Static_Report_and_Call_Dispostion.Prelimnary_NPS_report -->
