<?xml version="1.0" encoding="UTF-8"?>
<!-- Generated by org.testng.reporters.JUnitReportReporter -->
<testsuite hostname="DESKTOP-7SBKKJ1" failures="0" tests="7" name="PSF_CAll_Dispostion_Of_CCM.DEmo" time="86.685" errors="0" timestamp="2024-11-04T18:22:54 IST" skipped="0">
  <testcase classname="PSF_CAll_Dispostion_Of_CCM.DEmo" name="Username" time="1.417"/>
  <system-out/>
  <testcase classname="PSF_CAll_Dispostion_Of_CCM.DEmo" name="Password" time="1.470"/>
  <system-out/>
  <testcase classname="PSF_CAll_Dispostion_Of_CCM.DEmo" name="Captcha" time="2.237"/>
  <system-out/>
  <testcase classname="PSF_CAll_Dispostion_Of_CCM.DEmo" name="SUBMIT_Button" time="2.199"/>
  <system-out/>
  <testcase classname="PSF_CAll_Dispostion_Of_CCM.DEmo" name="Click_On_PSF" time="38.754"/>
  <system-out/>
  <testcase classname="PSF_CAll_Dispostion_Of_CCM.DEmo" name="Remove_PouP" time="1.141"/>
  <system-out/>
  <testcase classname="PSF_CAll_Dispostion_Of_CCM.DEmo" name="Check_Call_Dispostion_Call_Me_Later" time="39.467"/>
  <system-out/>
</testsuite> <!-- PSF_CAll_Dispostion_Of_CCM.DEmo -->
