<?xml version="1.0" encoding="UTF-8"?>
<!-- Generated by org.testng.reporters.JUnitReportReporter -->
<testsuite hostname="DESKTOP-7SBKKJ1" failures="0" tests="7" name="MergeCCM_Reports.Booking_Conversio_Report" time="98.502" errors="0" timestamp="2024-11-08T17:14:20 IST" skipped="0">
  <testcase classname="MergeCCM_Reports.Booking_Conversio_Report" name="Click_Reports" time="1.121"/>
  <system-out/>
  <testcase classname="MergeCCM_Reports.Booking_Conversio_Report" name="Dealer_Parent_Group_Wise_Tab" time="22.804"/>
  <system-out/>
  <testcase classname="MergeCCM_Reports.Booking_Conversio_Report" name="Click_On_BOOKING_CONVERSION_REPORT" time="4.114"/>
  <system-out/>
  <testcase classname="MergeCCM_Reports.Booking_Conversio_Report" name="Workshop_Wise_Tab" time="22.461"/>
  <system-out/>
  <testcase classname="MergeCCM_Reports.Booking_Conversio_Report" name="Day_Wise_Tab" time="22.477"/>
  <system-out/>
  <testcase classname="MergeCCM_Reports.Booking_Conversio_Report" name="ServiceType_Wise_Tab" time="22.511"/>
  <system-out/>
  <testcase classname="MergeCCM_Reports.Booking_Conversio_Report" name="Comparison_0f_all_Data" time="3.014"/>
  <system-out/>
</testsuite> <!-- MergeCCM_Reports.Booking_Conversio_Report -->
