<?xml version="1.0" encoding="UTF-8"?>
<!-- Generated by org.testng.reporters.JUnitReportReporter -->
<testsuite hostname="DESKTOP-7SBKKJ1" failures="0" tests="3" name="MergeCCM_Reports.UserList" time="20.289" errors="0" timestamp="2024-11-08T17:14:19 IST" skipped="0">
  <testcase classname="MergeCCM_Reports.UserList" name="Click_Reports" time="1.070"/>
  <system-out/>
  <testcase classname="MergeCCM_Reports.UserList" name="Click_On_USER_LIST_REPORT" time="16.165"/>
  <system-out/>
  <testcase classname="MergeCCM_Reports.UserList" name="Data_Verification_User_List" time="3.054"/>
  <system-out/>
</testsuite> <!-- MergeCCM_Reports.UserList -->
