<?xml version="1.0" encoding="UTF-8"?>
<!-- Generated by org.testng.reporters.JUnitReportReporter -->
<testsuite hostname="DESKTOP-7SBKKJ1" failures="0" tests="5" name="verify.Verify1$Example" time="30.663" errors="0" timestamp="2024-06-24T10:15:19 IST" skipped="0">
  <testcase classname="verify.Verify1$Example" name="username" time="3.283"/>
  <system-out/>
  <testcase classname="verify.Verify1$Example" name="password" time="3.231"/>
  <system-out/>
  <testcase classname="verify.Verify1$Example" name="login_Button" time="1.148"/>
  <system-out/>
  <testcase classname="verify.Verify1$Example" name="post_Service" time="18.593"/>
  <system-out/>
  <testcase classname="verify.Verify1$Example" name="For_filter" time="4.408"/>
  <system-out/>
</testsuite> <!-- verify.Verify1$Example -->
