<?xml version="1.0" encoding="UTF-8"?>
<!-- Generated by org.testng.reporters.JUnitReportReporter -->
<testsuite hostname="DESKTOP-7SBKKJ1" failures="0" tests="9" name="PSf_Static_Report_and_Call_Dispostion.Psf_Service_Rating_Select_Good" time="94.672" errors="0" timestamp="2024-11-25T14:09:34 IST" skipped="0">
  <testcase classname="PSf_Static_Report_and_Call_Dispostion.Psf_Service_Rating_Select_Good" name="Username" time="1.401"/>
  <system-out/>
  <testcase classname="PSf_Static_Report_and_Call_Dispostion.Psf_Service_Rating_Select_Good" name="Password" time="1.383"/>
  <system-out/>
  <testcase classname="PSf_Static_Report_and_Call_Dispostion.Psf_Service_Rating_Select_Good" name="Captcha" time="2.242"/>
  <system-out/>
  <testcase classname="PSf_Static_Report_and_Call_Dispostion.Psf_Service_Rating_Select_Good" name="SUBMIT_Button" time="2.191"/>
  <system-out/>
  <testcase classname="PSf_Static_Report_and_Call_Dispostion.Psf_Service_Rating_Select_Good" name="Click_On_PSF" time="22.719"/>
  <system-out/>
  <testcase classname="PSf_Static_Report_and_Call_Dispostion.Psf_Service_Rating_Select_Good" name="Remove_PouP" time="1.161"/>
  <system-out/>
  <testcase classname="PSf_Static_Report_and_Call_Dispostion.Psf_Service_Rating_Select_Good" name="Click_On_Total_Due_Psf" time="0.066"/>
  <system-out/>
  <testcase classname="PSf_Static_Report_and_Call_Dispostion.Psf_Service_Rating_Select_Good" name="Check_Call_Dispostion_Service_Rating__Good" time="42.515"/>
  <system-out/>
  <testcase classname="PSf_Static_Report_and_Call_Dispostion.Psf_Service_Rating_Select_Good" name="Check_Yes_Customer_Is_Satisfied" time="20.994"/>
  <system-out/>
</testsuite> <!-- PSf_Static_Report_and_Call_Dispostion.Psf_Service_Rating_Select_Good -->
