<?xml version="1.0" encoding="UTF-8"?>
<!-- Generated by org.testng.reporters.JUnitReportReporter -->
<testsuite hostname="DESKTOP-7SBKKJ1" failures="0" tests="3" name="mergeSMR_North_Zone.UserList_SMR_Report" time="38.608" errors="0" timestamp="2024-11-25T18:25:02 IST" skipped="0">
  <testcase classname="mergeSMR_North_Zone.UserList_SMR_Report" name="Click_On_Report" time="3.271"/>
  <system-out/>
  <testcase classname="mergeSMR_North_Zone.UserList_SMR_Report" name="Click_On_USER_LIST_REPORT" time="30.305"/>
  <system-out/>
  <testcase classname="mergeSMR_North_Zone.UserList_SMR_Report" name="Data_Verification_User_List" time="5.032"/>
  <system-out/>
</testsuite> <!-- mergeSMR_North_Zone.UserList_SMR_Report -->
