<?xml version="1.0" encoding="UTF-8"?>
<!-- Generated by org.testng.reporters.JUnitReportReporter -->
<testsuite hostname="DESKTOP-7SBKKJ1" failures="0" tests="9" name="PSf_Static_Report.Not_pickedUp_in_Complaint_Management" time="77.418" errors="0" timestamp="2024-11-21T10:36:06 IST" skipped="0">
  <testcase classname="PSf_Static_Report.Not_pickedUp_in_Complaint_Management" name="Username" time="1.418"/>
  <system-out/>
  <testcase classname="PSf_Static_Report.Not_pickedUp_in_Complaint_Management" name="Password" time="1.432"/>
  <system-out/>
  <testcase classname="PSf_Static_Report.Not_pickedUp_in_Complaint_Management" name="Captcha" time="2.242"/>
  <system-out/>
  <testcase classname="PSf_Static_Report.Not_pickedUp_in_Complaint_Management" name="SUBMIT_Button" time="2.216"/>
  <system-out/>
  <testcase classname="PSf_Static_Report.Not_pickedUp_in_Complaint_Management" name="Click_On_PSF" time="23.596"/>
  <system-out/>
  <testcase classname="PSf_Static_Report.Not_pickedUp_in_Complaint_Management" name="Remove_PouP" time="1.173"/>
  <system-out/>
  <testcase classname="PSf_Static_Report.Not_pickedUp_in_Complaint_Management" name="Click_On_The_Complaint_Management" time="3.090"/>
  <system-out/>
  <testcase classname="PSf_Static_Report.Not_pickedUp_in_Complaint_Management" name="Click_On_In_Progress_Complaints" time="6.238"/>
  <system-out/>
  <testcase classname="PSf_Static_Report.Not_pickedUp_in_Complaint_Management" name="Click_On_Reshedule_Appointment" time="36.013"/>
  <system-out/>
</testsuite> <!-- PSf_Static_Report.Not_pickedUp_in_Complaint_Management -->
