<?xml version="1.0" encoding="UTF-8"?>
<!-- Generated by org.testng.reporters.JUnitReportReporter -->
<testsuite hostname="DESKTOP-7SBKKJ1" failures="0" tests="13" name="PSf_Static_Report_and_Call_Dispostion.Psf_Service_Rating_Select_Average" time="173.939" errors="0" timestamp="2024-11-25T14:09:34 IST" skipped="0">
  <testcase classname="PSf_Static_Report_and_Call_Dispostion.Psf_Service_Rating_Select_Average" name="Username" time="1.379"/>
  <system-out/>
  <testcase classname="PSf_Static_Report_and_Call_Dispostion.Psf_Service_Rating_Select_Average" name="Password" time="1.523"/>
  <system-out/>
  <testcase classname="PSf_Static_Report_and_Call_Dispostion.Psf_Service_Rating_Select_Average" name="Captcha" time="2.221"/>
  <system-out/>
  <testcase classname="PSf_Static_Report_and_Call_Dispostion.Psf_Service_Rating_Select_Average" name="SUBMIT_Button" time="2.202"/>
  <system-out/>
  <testcase classname="PSf_Static_Report_and_Call_Dispostion.Psf_Service_Rating_Select_Average" name="Click_On_PSF" time="44.212"/>
  <system-out/>
  <testcase classname="PSf_Static_Report_and_Call_Dispostion.Psf_Service_Rating_Select_Average" name="Remove_PouP" time="1.178"/>
  <system-out/>
  <testcase classname="PSf_Static_Report_and_Call_Dispostion.Psf_Service_Rating_Select_Average" name="Click_On_Total_Due_Psf" time="0.038"/>
  <system-out/>
  <testcase classname="PSf_Static_Report_and_Call_Dispostion.Psf_Service_Rating_Select_Average" name="Check_Call_Dispostion_Service_Rating__Average" time="43.503"/>
  <system-out/>
  <testcase classname="PSf_Static_Report_and_Call_Dispostion.Psf_Service_Rating_Select_Average" name="Click_Open_Complaint_Management" time="12.628"/>
  <system-out/>
  <testcase classname="PSf_Static_Report_and_Call_Dispostion.Psf_Service_Rating_Select_Average" name="Click__On_InProgress_To_Update_Complaint_Status" time="24.323"/>
  <system-out/>
  <testcase classname="PSf_Static_Report_and_Call_Dispostion.Psf_Service_Rating_Select_Average" name="Click__On_Resolved_Complaints_To_Update_Complaint_Status" time="19.705"/>
  <system-out/>
  <testcase classname="PSf_Static_Report_and_Call_Dispostion.Psf_Service_Rating_Select_Average" name="Upload_file" time="9.408"/>
  <system-out/>
  <testcase classname="PSf_Static_Report_and_Call_Dispostion.Psf_Service_Rating_Select_Average" name="Customer_Will_Be_Available_In_Resolved_Complaints" time="11.619"/>
  <system-out/>
</testsuite> <!-- PSf_Static_Report_and_Call_Dispostion.Psf_Service_Rating_Select_Average -->
