<?xml version="1.0" encoding="UTF-8"?>
<!-- Generated by org.testng.reporters.JUnitReportReporter -->
<testsuite hostname="DESKTOP-7SBKKJ1" failures="0" tests="54" name="mergeSMR_North_Zone.EW_CCP_BOTLeadConversion_Report" time="219.006" errors="0" timestamp="2024-09-30T16:24:00 IST" skipped="0">
  <testcase classname="mergeSMR_North_Zone.EW_CCP_BOTLeadConversion_Report" name="Click_On_Report" time="3.136"/>
  <system-out/>
  <testcase classname="mergeSMR_North_Zone.EW_CCP_BOTLeadConversion_Report" name="Click_On_EW_CCP_BOTLeadConversion_REPORT" time="7.166"/>
  <system-out/>
  <testcase classname="mergeSMR_North_Zone.EW_CCP_BOTLeadConversion_Report" name="Zone_And_Region_Wise_Tab" time="49.510"/>
  <system-out/>
  <testcase classname="mergeSMR_North_Zone.EW_CCP_BOTLeadConversion_Report" name="Dealer_Parent_Group_Wise_Tab" time="49.357"/>
  <system-out/>
  <testcase classname="mergeSMR_North_Zone.EW_CCP_BOTLeadConversion_Report" name="Workshop_Wise_Tab" time="49.415"/>
  <system-out/>
  <testcase classname="mergeSMR_North_Zone.EW_CCP_BOTLeadConversion_Report" name="Day_Wise_Tab" time="49.366"/>
  <system-out/>
  <testcase classname="mergeSMR_North_Zone.EW_CCP_BOTLeadConversion_Report" name="Compare_TotalLeadsRecieved_Column_ZoneRegionWise_With_DealerParentWise" time="0.000"/>
  <system-out/>
  <testcase classname="mergeSMR_North_Zone.EW_CCP_BOTLeadConversion_Report" name="Compare_NotAttemptedLeads_Column_ZoneRegionWise_With_DealerParentWise" time="0.000"/>
  <system-out/>
  <testcase classname="mergeSMR_North_Zone.EW_CCP_BOTLeadConversion_Report" name="Compare_NotConnectedLeads_Column_ZoneRegionWise_With_DealerParentWise" time="0.000"/>
  <system-out/>
  <testcase classname="mergeSMR_North_Zone.EW_CCP_BOTLeadConversion_Report" name="Compare_ConnectedFollowUpLeads_Column_ZoneRegionWise_With_DealerParentWise" time="1.003"/>
  <system-out/>
  <testcase classname="mergeSMR_North_Zone.EW_CCP_BOTLeadConversion_Report" name="Compare_ProposalSharedLeads_Column_ZoneRegionWise_With_DealerParentWise" time="0.000"/>
  <system-out/>
  <testcase classname="mergeSMR_North_Zone.EW_CCP_BOTLeadConversion_Report" name="Compare_ReadyToPurchaseLeads_Column_ZoneRegionWise_With_DealerParentWise" time="0.000"/>
  <system-out/>
  <testcase classname="mergeSMR_North_Zone.EW_CCP_BOTLeadConversion_Report" name="Compare_PurchaseCompletedLeads_Column_ZoneRegionWise_With_DealerParentWise" time="1.002"/>
  <system-out/>
  <testcase classname="mergeSMR_North_Zone.EW_CCP_BOTLeadConversion_Report" name="Compare_PurchaseCancelledLeads_Column_ZoneRegionWise_With_DealerParentWise" time="0.000"/>
  <system-out/>
  <testcase classname="mergeSMR_North_Zone.EW_CCP_BOTLeadConversion_Report" name="Compare_TotalLeadsRecieved_Column_ZoneRegionWise_With_WorkshopWise" time="0.000"/>
  <system-out/>
  <testcase classname="mergeSMR_North_Zone.EW_CCP_BOTLeadConversion_Report" name="Compare_NotAttemptedLeads_Column_ZoneRegionWise_With_WorkshopWise" time="0.000"/>
  <system-out/>
  <testcase classname="mergeSMR_North_Zone.EW_CCP_BOTLeadConversion_Report" name="Compare_NotConnectedLeads_Column_ZoneRegionWise_With_WorkshopWise" time="0.001"/>
  <system-out/>
  <testcase classname="mergeSMR_North_Zone.EW_CCP_BOTLeadConversion_Report" name="Compare_ConnectedFollowUpLeads_Column_ZoneRegionWise_With_WorkshopWise" time="1.006"/>
  <system-out/>
  <testcase classname="mergeSMR_North_Zone.EW_CCP_BOTLeadConversion_Report" name="Compare_ProposalSharedLeads_Column_ZoneRegionWise_With_WorkshopWise" time="1.008"/>
  <system-out/>
  <testcase classname="mergeSMR_North_Zone.EW_CCP_BOTLeadConversion_Report" name="Compare_ReadyToPurchaseLeads_Column_ZoneRegionWise_With_WorkshopWise" time="1.003"/>
  <system-out/>
  <testcase classname="mergeSMR_North_Zone.EW_CCP_BOTLeadConversion_Report" name="Compare_PurchaseCompletedLeads_Column_ZoneRegionWise_With_WorkshopWise" time="0.001"/>
  <system-out/>
  <testcase classname="mergeSMR_North_Zone.EW_CCP_BOTLeadConversion_Report" name="Compare_PurchaseCancelledLeads_Column_ZoneRegionWise_With_WorkshopWise" time="0.000"/>
  <system-out/>
  <testcase classname="mergeSMR_North_Zone.EW_CCP_BOTLeadConversion_Report" name="Compare_TotalLeadRecieved_Column_ZoneRegionWise_With_DayWise" time="0.000"/>
  <system-out/>
  <testcase classname="mergeSMR_North_Zone.EW_CCP_BOTLeadConversion_Report" name="Compare_NotAttemptedLeads_Column_ZoneRegionWise_With_DayWise" time="0.000"/>
  <system-out/>
  <testcase classname="mergeSMR_North_Zone.EW_CCP_BOTLeadConversion_Report" name="Compare_NotConnectedLeads_Column_ZoneRegionWise_With_DayWise" time="0.001"/>
  <system-out/>
  <testcase classname="mergeSMR_North_Zone.EW_CCP_BOTLeadConversion_Report" name="Compare_ConnectedFollowUpLeads_Column_ZoneRegionWise_With_DayWise" time="0.000"/>
  <system-out/>
  <testcase classname="mergeSMR_North_Zone.EW_CCP_BOTLeadConversion_Report" name="Compare_ProposalSharedLeads_Column_ZoneRegionWise_With_DayWise" time="0.004"/>
  <system-out/>
  <testcase classname="mergeSMR_North_Zone.EW_CCP_BOTLeadConversion_Report" name="Compare_ReadyToPurchaseLeads_Column_ZoneRegionWise_With_DayWise" time="0.000"/>
  <system-out/>
  <testcase classname="mergeSMR_North_Zone.EW_CCP_BOTLeadConversion_Report" name="Compare_PurchaseCompletedLeads_Column_ZoneRegionWise_With_DayWise" time="0.000"/>
  <system-out/>
  <testcase classname="mergeSMR_North_Zone.EW_CCP_BOTLeadConversion_Report" name="Comare_PurchaseCancelledLeads_Column_ZoneRegionWise_With_DayWise" time="1.001"/>
  <system-out/>
  <testcase classname="mergeSMR_North_Zone.EW_CCP_BOTLeadConversion_Report" name="Compare_TotalLeadsRecieved_Column_DealerParentWise_With_WorkshopWise" time="0.000"/>
  <system-out/>
  <testcase classname="mergeSMR_North_Zone.EW_CCP_BOTLeadConversion_Report" name="Compare_NotAttemptedLeads_Column_DealerParentWise_With_WorkshopWise" time="0.000"/>
  <system-out/>
  <testcase classname="mergeSMR_North_Zone.EW_CCP_BOTLeadConversion_Report" name="Compare_NotConnectedLeads_Column_DealerParentWise_With_WorkshopWise" time="0.001"/>
  <system-out/>
  <testcase classname="mergeSMR_North_Zone.EW_CCP_BOTLeadConversion_Report" name="Compare_ConnectedFollowUpLeads_Column_DealerParentWise_With_WorkshopWise" time="0.000"/>
  <system-out/>
  <testcase classname="mergeSMR_North_Zone.EW_CCP_BOTLeadConversion_Report" name="Compare_ProposalSharedLeads_Column_DealerParentWise_With_WorkshopWise" time="0.000"/>
  <system-out/>
  <testcase classname="mergeSMR_North_Zone.EW_CCP_BOTLeadConversion_Report" name="Compare_ReadyToPurchaseLeads_Column_DealerParentWise_With_WorkshopWise" time="0.000"/>
  <system-out/>
  <testcase classname="mergeSMR_North_Zone.EW_CCP_BOTLeadConversion_Report" name="Compare_PurchaseCompletedLeads_Column_DealerParentWise_With_WorkshopWise" time="0.000"/>
  <system-out/>
  <testcase classname="mergeSMR_North_Zone.EW_CCP_BOTLeadConversion_Report" name="Compare_PurchaseCancelledLeads_Column_DealerParentWise_With_WorkshopWise" time="0.000"/>
  <system-out/>
  <testcase classname="mergeSMR_North_Zone.EW_CCP_BOTLeadConversion_Report" name="Compare_TotalLeadsRecieved_Column_DealerParentWise_With_DayWise" time="0.000"/>
  <system-out/>
  <testcase classname="mergeSMR_North_Zone.EW_CCP_BOTLeadConversion_Report" name="Compare_NotAttemptedLeads_Column_DealerParentWise_With_DayWise" time="0.000"/>
  <system-out/>
  <testcase classname="mergeSMR_North_Zone.EW_CCP_BOTLeadConversion_Report" name="Compare_NotConnectedLeads_Column_DealerParentWise_With_DayWise" time="0.001"/>
  <system-out/>
  <testcase classname="mergeSMR_North_Zone.EW_CCP_BOTLeadConversion_Report" name="Compare_ConnectedFollowUpLeads_Column_DealerParentWise_With_DayWise" time="0.001"/>
  <system-out/>
  <testcase classname="mergeSMR_North_Zone.EW_CCP_BOTLeadConversion_Report" name="Compare_ProposalSharedLeads_Column_DealerParentWise_With_DayWise" time="0.000"/>
  <system-out/>
  <testcase classname="mergeSMR_North_Zone.EW_CCP_BOTLeadConversion_Report" name="Compare_ReadyToPurchaseLeads_Column_DealerParentWise_With_DayWise" time="0.000"/>
  <system-out/>
  <testcase classname="mergeSMR_North_Zone.EW_CCP_BOTLeadConversion_Report" name="Compare_PurchaseCompletedLeads_Column_DealerParentWise_With_DayWise" time="0.000"/>
  <system-out/>
  <testcase classname="mergeSMR_North_Zone.EW_CCP_BOTLeadConversion_Report" name="Compare_PurchaseCancelledLeads_Column_DealerParentWise_With_DayWise" time="0.000"/>
  <system-out/>
  <testcase classname="mergeSMR_North_Zone.EW_CCP_BOTLeadConversion_Report" name="Compare_TotalLeadsRecieved_Column_WorkshopWise_With_DayWise" time="0.003"/>
  <system-out/>
  <testcase classname="mergeSMR_North_Zone.EW_CCP_BOTLeadConversion_Report" name="Compare_NotAttemptedLeads_Column_WorkshopWise_With_DayWise" time="0.001"/>
  <system-out/>
  <testcase classname="mergeSMR_North_Zone.EW_CCP_BOTLeadConversion_Report" name="Compare_NotConnectedLeads_Column_WorkshopWise_With_DayWise" time="0.001"/>
  <system-out/>
  <testcase classname="mergeSMR_North_Zone.EW_CCP_BOTLeadConversion_Report" name="Compare_ConnectedFollowUpLeads_Column_WorkshopWise_With_DayWise" time="1.003"/>
  <system-out/>
  <testcase classname="mergeSMR_North_Zone.EW_CCP_BOTLeadConversion_Report" name="Compare_ProposalSharedLeads_Column_WorkshopWise_With_DayWise" time="0.000"/>
  <system-out/>
  <testcase classname="mergeSMR_North_Zone.EW_CCP_BOTLeadConversion_Report" name="Compare_ReadyToPurchaseLeads_Column_WorkshopWise_With_DayWise" time="0.001"/>
  <system-out/>
  <testcase classname="mergeSMR_North_Zone.EW_CCP_BOTLeadConversion_Report" name="Compare_PurchaseCompletedLeads_Column_WorkshopWise_With_DayWise" time="0.000"/>
  <system-out/>
  <testcase classname="mergeSMR_North_Zone.EW_CCP_BOTLeadConversion_Report" name="Compare_PurchaseCancelledLeads_Column_WorkshopWise_With_DayWise" time="4.014"/>
  <system-out/>
</testsuite> <!-- mergeSMR_North_Zone.EW_CCP_BOTLeadConversion_Report -->
