<?xml version="1.0" encoding="UTF-8"?>
<!-- Generated by org.testng.reporters.JUnitReportReporter -->
<testsuite hostname="DESKTOP-7SBKKJ1" failures="0" tests="8" name="cCM_Reports.User_List" time="48.334" errors="0" timestamp="2024-10-28T15:51:01 IST" skipped="0">
  <testcase classname="cCM_Reports.User_List" name="Username" time="1.169"/>
  <system-out/>
  <testcase classname="cCM_Reports.User_List" name="Password" time="1.206"/>
  <system-out/>
  <testcase classname="cCM_Reports.User_List" name="Captcha" time="2.122"/>
  <system-out/>
  <testcase classname="cCM_Reports.User_List" name="SUBMIT_Button" time="2.078"/>
  <system-out/>
  <testcase classname="cCM_Reports.User_List" name="Click_On_SMR" time="18.402"/>
  <system-out/>
  <testcase classname="cCM_Reports.User_List" name="Click_Reports" time="5.177"/>
  <system-out/>
  <testcase classname="cCM_Reports.User_List" name="Click_On_USER_LIST_REPORT" time="16.143"/>
  <system-out/>
  <testcase classname="cCM_Reports.User_List" name="Data_Verification_User_List" time="2.037"/>
  <system-out/>
</testsuite> <!-- cCM_Reports.User_List -->
