<?xml version="1.0" encoding="UTF-8"?>
<!-- Generated by org.testng.reporters.JUnitReportReporter -->
<testsuite hostname="DESKTOP-7SBKKJ1" failures="0" tests="9" name="PSf_Static_Report.Reshedule_The_Appointment" time="65.496" errors="0" timestamp="2024-11-20T16:45:06 IST" skipped="0">
  <testcase classname="PSf_Static_Report.Reshedule_The_Appointment" name="Username" time="1.440"/>
  <system-out/>
  <testcase classname="PSf_Static_Report.Reshedule_The_Appointment" name="Password" time="1.462"/>
  <system-out/>
  <testcase classname="PSf_Static_Report.Reshedule_The_Appointment" name="Captcha" time="2.272"/>
  <system-out/>
  <testcase classname="PSf_Static_Report.Reshedule_The_Appointment" name="SUBMIT_Button" time="2.185"/>
  <system-out/>
  <testcase classname="PSf_Static_Report.Reshedule_The_Appointment" name="Click_On_PSF" time="22.658"/>
  <system-out/>
  <testcase classname="PSf_Static_Report.Reshedule_The_Appointment" name="Remove_PouP" time="1.149"/>
  <system-out/>
  <testcase classname="PSf_Static_Report.Reshedule_The_Appointment" name="Click_On_The_Complaint_Management" time="3.070"/>
  <system-out/>
  <testcase classname="PSf_Static_Report.Reshedule_The_Appointment" name="Click_On_In_Progress_Complaints" time="6.257"/>
  <system-out/>
  <testcase classname="PSf_Static_Report.Reshedule_The_Appointment" name="Click_On_Reshedule_Appointment" time="25.003"/>
  <system-out/>
</testsuite> <!-- PSf_Static_Report.Reshedule_The_Appointment -->
