<?xml version="1.0" encoding="UTF-8"?>
<!-- Generated by org.testng.reporters.JUnitReportReporter -->
<testsuite hostname="DESKTOP-7SBKKJ1" failures="0" tests="4" name="mergeSMR_North_Zone.Dealer_subscription" time="19.496" errors="0" timestamp="2024-09-30T16:24:00 IST" skipped="0">
  <testcase classname="mergeSMR_North_Zone.Dealer_subscription" name="Click_On_Report" time="8.140"/>
  <system-out/>
  <testcase classname="mergeSMR_North_Zone.Dealer_subscription" name="Click_On_The_Dealer_Subscription" time="3.119"/>
  <system-out/>
  <testcase classname="mergeSMR_North_Zone.Dealer_subscription" name="Workshop_Wise" time="0.096"/>
  <system-out/>
  <testcase classname="mergeSMR_North_Zone.Dealer_subscription" name="Dealer_Parent_group_Wise" time="8.141"/>
  <system-out/>
</testsuite> <!-- mergeSMR_North_Zone.Dealer_subscription -->
