<?xml version="1.0" encoding="UTF-8"?>
<!-- Generated by org.testng.reporters.JUnitReportReporter -->
<testsuite hostname="DESKTOP-7SBKKJ1" failures="0" tests="7" name="verify.Verify1" time="37.963" errors="0" timestamp="2024-06-25T11:52:47 IST" skipped="0">
  <testcase classname="verify.Verify1" name="username" time="3.246"/>
  <system-out/>
  <testcase classname="verify.Verify1" name="password" time="3.181"/>
  <system-out/>
  <testcase classname="verify.Verify1" name="login_Button" time="1.147"/>
  <system-out/>
  <testcase classname="verify.Verify1" name="post_Service" time="20.142"/>
  <system-out/>
  <testcase classname="verify.Verify1" name="For_filter" time="1.726"/>
  <system-out/>
  <testcase classname="verify.Verify1" name="total_PSf_Due_Match" time="1.930"/>
  <system-out/>
  <testcase classname="verify.Verify1" name="pending_Psf_and_Followup_Match" time="6.591"/>
  <system-out/>
</testsuite> <!-- verify.Verify1 -->
