<?xml version="1.0" encoding="UTF-8"?>
<!-- Generated by org.testng.reporters.JUnitReportReporter -->
<testsuite hostname="DESKTOP-7SBKKJ1" failures="0" tests="6" name="Merge_PSF.PSF_No_Raise_A_Complaint_Of_service_Rating" time="130.962" errors="0" timestamp="2024-11-15T12:27:14 IST" skipped="0">
  <testcase classname="Merge_PSF.PSF_No_Raise_A_Complaint_Of_service_Rating" name="PSf_No_Raise_A_Complaint_Of_service_Rating" time="0.014"/>
  <system-out/>
  <testcase classname="Merge_PSF.PSF_No_Raise_A_Complaint_Of_service_Rating" name="Check_Call_Dispostion_Service_Rating" time="71.782"/>
  <system-out/>
  <testcase classname="Merge_PSF.PSF_No_Raise_A_Complaint_Of_service_Rating" name="Open_Complaint_Management_tab" time="27.399"/>
  <system-out/>
  <testcase classname="Merge_PSF.PSF_No_Raise_A_Complaint_Of_service_Rating" name="Upload_file" time="9.617"/>
  <system-out/>
  <testcase classname="Merge_PSF.PSF_No_Raise_A_Complaint_Of_service_Rating" name="Clcik_On_Resolved_Complaint" time="15.951"/>
  <system-out/>
  <testcase classname="Merge_PSF.PSF_No_Raise_A_Complaint_Of_service_Rating" name="Customer_Will_Be_Available_In_Closed_Complaints" time="6.199"/>
  <system-out/>
</testsuite> <!-- Merge_PSF.PSF_No_Raise_A_Complaint_Of_service_Rating -->
