<?xml version="1.0" encoding="UTF-8"?>
<!-- Generated by org.testng.reporters.JUnitReportReporter -->
<testsuite hostname="DESKTOP-7SBKKJ1" failures="0" tests="9" name="PSf_Static_Report.Psf_Service_Rating_Select_Good" time="114.904" errors="0" timestamp="2024-11-20T10:38:40 IST" skipped="0">
  <testcase classname="PSf_Static_Report.Psf_Service_Rating_Select_Good" name="Username" time="1.479"/>
  <system-out/>
  <testcase classname="PSf_Static_Report.Psf_Service_Rating_Select_Good" name="Password" time="1.447"/>
  <system-out/>
  <testcase classname="PSf_Static_Report.Psf_Service_Rating_Select_Good" name="Captcha" time="2.239"/>
  <system-out/>
  <testcase classname="PSf_Static_Report.Psf_Service_Rating_Select_Good" name="SUBMIT_Button" time="2.211"/>
  <system-out/>
  <testcase classname="PSf_Static_Report.Psf_Service_Rating_Select_Good" name="Click_On_PSF" time="43.091"/>
  <system-out/>
  <testcase classname="PSf_Static_Report.Psf_Service_Rating_Select_Good" name="Remove_PouP" time="1.245"/>
  <system-out/>
  <testcase classname="PSf_Static_Report.Psf_Service_Rating_Select_Good" name="Click_On_Total_Due_Psf" time="0.031"/>
  <system-out/>
  <testcase classname="PSf_Static_Report.Psf_Service_Rating_Select_Good" name="Check_Call_Dispostion_Service_Rating__Good" time="42.135"/>
  <system-out/>
  <testcase classname="PSf_Static_Report.Psf_Service_Rating_Select_Good" name="Check_Yes_Customer_Is_Satisfied" time="21.026"/>
  <system-out/>
</testsuite> <!-- PSf_Static_Report.Psf_Service_Rating_Select_Good -->
