<?xml version="1.0" encoding="UTF-8"?>
<!-- Generated by org.testng.reporters.JUnitReportReporter -->
<testsuite hostname="DESKTOP-7SBKKJ1" failures="0" tests="12" name="PSf_Static_Report_and_Call_Dispostion.Complaint_Report" time="126.952" errors="0" timestamp="2024-11-25T14:09:34 IST" skipped="0">
  <testcase classname="PSf_Static_Report_and_Call_Dispostion.Complaint_Report" name="Username" time="1.519"/>
  <system-out/>
  <testcase classname="PSf_Static_Report_and_Call_Dispostion.Complaint_Report" name="Password" time="1.519"/>
  <system-out/>
  <testcase classname="PSf_Static_Report_and_Call_Dispostion.Complaint_Report" name="Captcha" time="2.245"/>
  <system-out/>
  <testcase classname="PSf_Static_Report_and_Call_Dispostion.Complaint_Report" name="SUBMIT_Button" time="2.182"/>
  <system-out/>
  <testcase classname="PSf_Static_Report_and_Call_Dispostion.Complaint_Report" name="Click_On_PSF" time="41.186"/>
  <system-out/>
  <testcase classname="PSf_Static_Report_and_Call_Dispostion.Complaint_Report" name="Remove_PouP" time="1.201"/>
  <system-out/>
  <testcase classname="PSf_Static_Report_and_Call_Dispostion.Complaint_Report" name="Click_On_Static_Reports" time="1.101"/>
  <system-out/>
  <testcase classname="PSf_Static_Report_and_Call_Dispostion.Complaint_Report" name="Click_On_Complaint_Report" time="5.098"/>
  <system-out/>
  <testcase classname="PSf_Static_Report_and_Call_Dispostion.Complaint_Report" name="Click_On_Workshop" time="26.661"/>
  <system-out/>
  <testcase classname="PSf_Static_Report_and_Call_Dispostion.Complaint_Report" name="Click_On_Day_Wise" time="22.207"/>
  <system-out/>
  <testcase classname="PSf_Static_Report_and_Call_Dispostion.Complaint_Report" name="Click_On_Service_Type_Wise" time="22.033"/>
  <system-out/>
  <testcase classname="PSf_Static_Report_and_Call_Dispostion.Complaint_Report" name="Comparison_0f_all_Data" time="0.000"/>
  <system-out/>
</testsuite> <!-- PSf_Static_Report_and_Call_Dispostion.Complaint_Report -->
