<?xml version="1.0" encoding="UTF-8"?>
<!-- Generated by org.testng.reporters.JUnitReportReporter -->
<testsuite hostname="DESKTOP-7SBKKJ1" failures="0" tests="13" name="PSf_Static_Report.Psf_Service_Rating_Select_Average" time="152.415" errors="0" timestamp="2024-11-20T10:38:41 IST" skipped="0">
  <testcase classname="PSf_Static_Report.Psf_Service_Rating_Select_Average" name="Username" time="1.416"/>
  <system-out/>
  <testcase classname="PSf_Static_Report.Psf_Service_Rating_Select_Average" name="Password" time="1.465"/>
  <system-out/>
  <testcase classname="PSf_Static_Report.Psf_Service_Rating_Select_Average" name="Captcha" time="2.266"/>
  <system-out/>
  <testcase classname="PSf_Static_Report.Psf_Service_Rating_Select_Average" name="SUBMIT_Button" time="2.181"/>
  <system-out/>
  <testcase classname="PSf_Static_Report.Psf_Service_Rating_Select_Average" name="Click_On_PSF" time="22.931"/>
  <system-out/>
  <testcase classname="PSf_Static_Report.Psf_Service_Rating_Select_Average" name="Remove_PouP" time="1.178"/>
  <system-out/>
  <testcase classname="PSf_Static_Report.Psf_Service_Rating_Select_Average" name="Click_On_Total_Due_Psf" time="0.057"/>
  <system-out/>
  <testcase classname="PSf_Static_Report.Psf_Service_Rating_Select_Average" name="Check_Call_Dispostion_Service_Rating__Average" time="43.496"/>
  <system-out/>
  <testcase classname="PSf_Static_Report.Psf_Service_Rating_Select_Average" name="Click_Open_Complaint_Management" time="12.720"/>
  <system-out/>
  <testcase classname="PSf_Static_Report.Psf_Service_Rating_Select_Average" name="Click__On_InProgress_To_Update_Complaint_Status" time="24.408"/>
  <system-out/>
  <testcase classname="PSf_Static_Report.Psf_Service_Rating_Select_Average" name="Click__On_Resolved_Complaints_To_Update_Complaint_Status" time="19.605"/>
  <system-out/>
  <testcase classname="PSf_Static_Report.Psf_Service_Rating_Select_Average" name="Upload_file" time="9.369"/>
  <system-out/>
  <testcase classname="PSf_Static_Report.Psf_Service_Rating_Select_Average" name="Customer_Will_Be_Available_In_Resolved_Complaints" time="11.323"/>
  <system-out/>
</testsuite> <!-- PSf_Static_Report.Psf_Service_Rating_Select_Average -->
