<?xml version="1.0" encoding="UTF-8"?>
<!-- Generated by org.testng.reporters.JUnitReportReporter -->
<testsuite hostname="DESKTOP-7SBKKJ1" failures="0" tests="7" name="PSf_Static_Report.Call_Me_Later" time="103.648" errors="0" timestamp="2024-11-20T16:53:23 IST" skipped="0">
  <testcase classname="PSf_Static_Report.Call_Me_Later" name="Username" time="1.371"/>
  <system-out/>
  <testcase classname="PSf_Static_Report.Call_Me_Later" name="Password" time="1.624"/>
  <system-out/>
  <testcase classname="PSf_Static_Report.Call_Me_Later" name="Captcha" time="2.239"/>
  <system-out/>
  <testcase classname="PSf_Static_Report.Call_Me_Later" name="SUBMIT_Button" time="2.248"/>
  <system-out/>
  <testcase classname="PSf_Static_Report.Call_Me_Later" name="Click_On_PSF" time="42.405"/>
  <system-out/>
  <testcase classname="PSf_Static_Report.Call_Me_Later" name="Remove_PouP" time="1.242"/>
  <system-out/>
  <testcase classname="PSf_Static_Report.Call_Me_Later" name="CAll_Me_Later" time="52.519"/>
  <system-out/>
</testsuite> <!-- PSf_Static_Report.Call_Me_Later -->
