<?xml version="1.0" encoding="UTF-8"?>
<!-- Generated by org.testng.reporters.JUnitReportReporter -->
<testsuite hostname="DESKTOP-7SBKKJ1" failures="0" tests="4" name="PSf_Static_Report.TestWithExtentReports" time="6.717" errors="0" timestamp="2024-11-15T12:49:16 IST" skipped="0">
  <testcase classname="PSf_Static_Report.TestWithExtentReports" name="Username" time="1.185"/>
  <system-out/>
  <testcase classname="PSf_Static_Report.TestWithExtentReports" name="Password" time="1.282"/>
  <system-out/>
  <testcase classname="PSf_Static_Report.TestWithExtentReports" name="Captcha" time="2.126"/>
  <system-out/>
  <testcase classname="PSf_Static_Report.TestWithExtentReports" name="SubmitButton" time="2.124"/>
  <system-out/>
</testsuite> <!-- PSf_Static_Report.TestWithExtentReports -->
