<?xml version="1.0" encoding="UTF-8"?>
<!-- Generated by org.testng.reporters.JUnitReportReporter -->
<testsuite hostname="DESKTOP-7SBKKJ1" failures="0" tests="7" name="MergeCCM_Reports.Website_Lead_report" time="108.412" errors="0" timestamp="2024-11-08T17:14:19 IST" skipped="0">
  <testcase classname="MergeCCM_Reports.Website_Lead_report" name="Click_Reports" time="1.091"/>
  <system-out/>
  <testcase classname="MergeCCM_Reports.Website_Lead_report" name="Click_On_Website_lead_Report" time="16.150"/>
  <system-out/>
  <testcase classname="MergeCCM_Reports.Website_Lead_report" name="Dealer_Parent_Group_Wise" time="23.333"/>
  <system-out/>
  <testcase classname="MergeCCM_Reports.Website_Lead_report" name="WorkShop_Wise" time="23.006"/>
  <system-out/>
  <testcase classname="MergeCCM_Reports.Website_Lead_report" name="Day_Wise" time="22.890"/>
  <system-out/>
  <testcase classname="MergeCCM_Reports.Website_Lead_report" name="SMRE_Wise" time="21.940"/>
  <system-out/>
  <testcase classname="MergeCCM_Reports.Website_Lead_report" name="Comparison_0f_all_Data" time="0.002"/>
  <system-out/>
</testsuite> <!-- MergeCCM_Reports.Website_Lead_report -->
