<?xml version="1.0" encoding="UTF-8"?>
<!-- Generated by org.testng.reporters.JUnitReportReporter -->
<testsuite hostname="DESKTOP-7SBKKJ1" failures="0" tests="7" name="PSf_Static_Report.Number_Busy_of_Service_Rating" time="90.675" errors="0" timestamp="2024-11-20T10:38:41 IST" skipped="0">
  <testcase classname="PSf_Static_Report.Number_Busy_of_Service_Rating" name="Username" time="1.430"/>
  <system-out/>
  <testcase classname="PSf_Static_Report.Number_Busy_of_Service_Rating" name="Password" time="1.382"/>
  <system-out/>
  <testcase classname="PSf_Static_Report.Number_Busy_of_Service_Rating" name="Captcha" time="2.224"/>
  <system-out/>
  <testcase classname="PSf_Static_Report.Number_Busy_of_Service_Rating" name="SUBMIT_Button" time="2.284"/>
  <system-out/>
  <testcase classname="PSf_Static_Report.Number_Busy_of_Service_Rating" name="Click_On_PSF" time="41.125"/>
  <system-out/>
  <testcase classname="PSf_Static_Report.Number_Busy_of_Service_Rating" name="Remove_PouP" time="1.158"/>
  <system-out/>
  <testcase classname="PSf_Static_Report.Number_Busy_of_Service_Rating" name="PSF_Calibration_Due" time="41.072"/>
  <system-out/>
</testsuite> <!-- PSf_Static_Report.Number_Busy_of_Service_Rating -->
