<?xml version="1.0" encoding="UTF-8"?>
<!-- Generated by org.testng.reporters.JUnitReportReporter -->
<testsuite hostname="DESKTOP-7SBKKJ1" failures="0" tests="7" name="PSf_Static_Report.Call_me_Later_for_Service_Rating" time="93.806" errors="0" timestamp="2024-11-20T10:38:40 IST" skipped="0">
  <testcase classname="PSf_Static_Report.Call_me_Later_for_Service_Rating" name="Username" time="1.371"/>
  <system-out/>
  <testcase classname="PSf_Static_Report.Call_me_Later_for_Service_Rating" name="Password" time="1.395"/>
  <system-out/>
  <testcase classname="PSf_Static_Report.Call_me_Later_for_Service_Rating" name="Captcha" time="2.214"/>
  <system-out/>
  <testcase classname="PSf_Static_Report.Call_me_Later_for_Service_Rating" name="SUBMIT_Button" time="2.247"/>
  <system-out/>
  <testcase classname="PSf_Static_Report.Call_me_Later_for_Service_Rating" name="Click_On_PSF" time="44.024"/>
  <system-out/>
  <testcase classname="PSf_Static_Report.Call_me_Later_for_Service_Rating" name="Remove_PouP" time="1.172"/>
  <system-out/>
  <testcase classname="PSf_Static_Report.Call_me_Later_for_Service_Rating" name="PSF_Calibration_Due" time="41.383"/>
  <system-out/>
</testsuite> <!-- PSf_Static_Report.Call_me_Later_for_Service_Rating -->
