<?xml version="1.0" encoding="UTF-8"?>
<!-- Generated by org.testng.reporters.JUnitReportReporter -->
<testsuite hostname="DESKTOP-7SBKKJ1" failures="0" tests="8" name="PSF_CAll_Dispostion.PSF_Customer_satisfied_With_service_Rating" time="124.372" errors="0" timestamp="2024-11-13T16:28:13 IST" skipped="0">
  <testcase classname="PSF_CAll_Dispostion.PSF_Customer_satisfied_With_service_Rating" name="Username" time="1.514"/>
  <system-out/>
  <testcase classname="PSF_CAll_Dispostion.PSF_Customer_satisfied_With_service_Rating" name="Password" time="1.351"/>
  <system-out/>
  <testcase classname="PSF_CAll_Dispostion.PSF_Customer_satisfied_With_service_Rating" name="Captcha" time="2.259"/>
  <system-out/>
  <testcase classname="PSF_CAll_Dispostion.PSF_Customer_satisfied_With_service_Rating" name="SUBMIT_Button" time="2.128"/>
  <system-out/>
  <testcase classname="PSF_CAll_Dispostion.PSF_Customer_satisfied_With_service_Rating" name="Click_On_PSF" time="49.189"/>
  <system-out/>
  <testcase classname="PSF_CAll_Dispostion.PSF_Customer_satisfied_With_service_Rating" name="Remove_PouP" time="1.152"/>
  <system-out/>
  <testcase classname="PSF_CAll_Dispostion.PSF_Customer_satisfied_With_service_Rating" name="Click_On_Total_Due_Psf" time="0.049"/>
  <system-out/>
  <testcase classname="PSF_CAll_Dispostion.PSF_Customer_satisfied_With_service_Rating" name="Check_Call_Dispostion_Service_Rating" time="66.730"/>
  <system-out/>
</testsuite> <!-- PSF_CAll_Dispostion.PSF_Customer_satisfied_With_service_Rating -->
