<?xml version="1.0" encoding="UTF-8"?>
<!-- Generated by org.testng.reporters.JUnitReportReporter -->
<testsuite hostname="DESKTOP-7SBKKJ1" failures="0" tests="7" name="PSf_Static_Report.Wrong_Number" time="90.318" errors="0" timestamp="2024-11-20T16:30:57 IST" skipped="0">
  <testcase classname="PSf_Static_Report.Wrong_Number" name="Username" time="1.517"/>
  <system-out/>
  <testcase classname="PSf_Static_Report.Wrong_Number" name="Password" time="1.386"/>
  <system-out/>
  <testcase classname="PSf_Static_Report.Wrong_Number" name="Captcha" time="2.232"/>
  <system-out/>
  <testcase classname="PSf_Static_Report.Wrong_Number" name="SUBMIT_Button" time="2.172"/>
  <system-out/>
  <testcase classname="PSf_Static_Report.Wrong_Number" name="Click_On_PSF" time="41.696"/>
  <system-out/>
  <testcase classname="PSf_Static_Report.Wrong_Number" name="Remove_PouP" time="1.216"/>
  <system-out/>
  <testcase classname="PSf_Static_Report.Wrong_Number" name="PSF_Calibration_Due" time="40.099"/>
  <system-out/>
</testsuite> <!-- PSf_Static_Report.Wrong_Number -->
