<?xml version="1.0" encoding="UTF-8"?>
<!-- Generated by org.testng.reporters.JUnitReportReporter -->
<testsuite hostname="DESKTOP-7SBKKJ1" failures="0" tests="7" name="PSF_CAll_Dispostion.Wrong_Number" time="88.065" errors="0" timestamp="2024-11-14T17:02:18 IST" skipped="0">
  <testcase classname="PSF_CAll_Dispostion.Wrong_Number" name="Username" time="1.333"/>
  <system-out/>
  <testcase classname="PSF_CAll_Dispostion.Wrong_Number" name="Password" time="1.541"/>
  <system-out/>
  <testcase classname="PSF_CAll_Dispostion.Wrong_Number" name="Captcha" time="2.271"/>
  <system-out/>
  <testcase classname="PSF_CAll_Dispostion.Wrong_Number" name="SUBMIT_Button" time="2.129"/>
  <system-out/>
  <testcase classname="PSF_CAll_Dispostion.Wrong_Number" name="Click_On_PSF" time="39.825"/>
  <system-out/>
  <testcase classname="PSF_CAll_Dispostion.Wrong_Number" name="Remove_PouP" time="1.141"/>
  <system-out/>
  <testcase classname="PSF_CAll_Dispostion.Wrong_Number" name="PSF_Calibration_Due" time="39.825"/>
  <system-out/>
</testsuite> <!-- PSF_CAll_Dispostion.Wrong_Number -->
