<?xml version="1.0" encoding="UTF-8"?>
<!-- Generated by org.testng.reporters.JUnitReportReporter -->
<testsuite hostname="DESKTOP-7SBKKJ1" failures="0" tests="1" name="PSf_Static_Report.Youtube" time="4.297" errors="0" timestamp="2024-11-20T16:03:31 IST" skipped="0">
  <testcase classname="PSf_Static_Report.Youtube" name="Search" time="4.297"/>
  <system-out/>
</testsuite> <!-- PSf_Static_Report.Youtube -->
