<?xml version="1.0" encoding="UTF-8"?>
<!-- Generated by org.testng.reporters.JUnitReportReporter -->
<testsuite hostname="DESKTOP-7SBKKJ1" failures="0" tests="8" name="PSf_Static_Report_and_Call_Dispostion.PSF_Customer_satisfied_With_service_Rating" time="94.703" errors="0" timestamp="2024-11-25T14:09:34 IST" skipped="0">
  <testcase classname="PSf_Static_Report_and_Call_Dispostion.PSF_Customer_satisfied_With_service_Rating" name="Username" time="1.534"/>
  <system-out/>
  <testcase classname="PSf_Static_Report_and_Call_Dispostion.PSF_Customer_satisfied_With_service_Rating" name="Password" time="1.401"/>
  <system-out/>
  <testcase classname="PSf_Static_Report_and_Call_Dispostion.PSF_Customer_satisfied_With_service_Rating" name="Captcha" time="2.216"/>
  <system-out/>
  <testcase classname="PSf_Static_Report_and_Call_Dispostion.PSF_Customer_satisfied_With_service_Rating" name="SUBMIT_Button" time="2.186"/>
  <system-out/>
  <testcase classname="PSf_Static_Report_and_Call_Dispostion.PSF_Customer_satisfied_With_service_Rating" name="Click_On_PSF" time="24.428"/>
  <system-out/>
  <testcase classname="PSf_Static_Report_and_Call_Dispostion.PSF_Customer_satisfied_With_service_Rating" name="Remove_PouP" time="1.153"/>
  <system-out/>
  <testcase classname="PSf_Static_Report_and_Call_Dispostion.PSF_Customer_satisfied_With_service_Rating" name="Click_On_Total_Due_Psf" time="0.046"/>
  <system-out/>
  <testcase classname="PSf_Static_Report_and_Call_Dispostion.PSF_Customer_satisfied_With_service_Rating" name="Check_Call_Dispostion_Service_Rating_Excellent" time="61.739"/>
  <system-out/>
</testsuite> <!-- PSf_Static_Report_and_Call_Dispostion.PSF_Customer_satisfied_With_service_Rating -->
