<?xml version="1.0" encoding="UTF-8"?>
<!-- Generated by org.testng.reporters.JUnitReportReporter -->
<testsuite hostname="DESKTOP-7SBKKJ1" failures="0" tests="7" name="PSf_Static_Report_and_Call_Dispostion.Not_Intrested_In_Providing_Feedback" time="95.353" errors="0" timestamp="2024-11-25T14:09:34 IST" skipped="0">
  <testcase classname="PSf_Static_Report_and_Call_Dispostion.Not_Intrested_In_Providing_Feedback" name="Username" time="1.427"/>
  <system-out/>
  <testcase classname="PSf_Static_Report_and_Call_Dispostion.Not_Intrested_In_Providing_Feedback" name="Password" time="1.418"/>
  <system-out/>
  <testcase classname="PSf_Static_Report_and_Call_Dispostion.Not_Intrested_In_Providing_Feedback" name="Captcha" time="2.271"/>
  <system-out/>
  <testcase classname="PSf_Static_Report_and_Call_Dispostion.Not_Intrested_In_Providing_Feedback" name="SUBMIT_Button" time="2.180"/>
  <system-out/>
  <testcase classname="PSf_Static_Report_and_Call_Dispostion.Not_Intrested_In_Providing_Feedback" name="Click_On_PSF" time="19.487"/>
  <system-out/>
  <testcase classname="PSf_Static_Report_and_Call_Dispostion.Not_Intrested_In_Providing_Feedback" name="Remove_PouP" time="1.191"/>
  <system-out/>
  <testcase classname="PSf_Static_Report_and_Call_Dispostion.Not_Intrested_In_Providing_Feedback" name="PSF_Calibration_Due" time="67.379"/>
  <system-out/>
</testsuite> <!-- PSf_Static_Report_and_Call_Dispostion.Not_Intrested_In_Providing_Feedback -->
