<?xml version="1.0" encoding="UTF-8"?>
<!-- Generated by org.testng.reporters.JUnitReportReporter -->
<testsuite hostname="DESKTOP-7SBKKJ1" failures="0" tests="13" name="PSf_Static_Report_and_Call_Dispostion.Psf_Service_Rating_Select_Poor" time="170.962" errors="0" timestamp="2024-11-25T14:09:34 IST" skipped="0">
  <testcase classname="PSf_Static_Report_and_Call_Dispostion.Psf_Service_Rating_Select_Poor" name="Username" time="1.312"/>
  <system-out/>
  <testcase classname="PSf_Static_Report_and_Call_Dispostion.Psf_Service_Rating_Select_Poor" name="Password" time="1.530"/>
  <system-out/>
  <testcase classname="PSf_Static_Report_and_Call_Dispostion.Psf_Service_Rating_Select_Poor" name="Captcha" time="2.195"/>
  <system-out/>
  <testcase classname="PSf_Static_Report_and_Call_Dispostion.Psf_Service_Rating_Select_Poor" name="SUBMIT_Button" time="2.179"/>
  <system-out/>
  <testcase classname="PSf_Static_Report_and_Call_Dispostion.Psf_Service_Rating_Select_Poor" name="Click_On_PSF" time="42.052"/>
  <system-out/>
  <testcase classname="PSf_Static_Report_and_Call_Dispostion.Psf_Service_Rating_Select_Poor" name="Remove_PouP" time="1.222"/>
  <system-out/>
  <testcase classname="PSf_Static_Report_and_Call_Dispostion.Psf_Service_Rating_Select_Poor" name="Click_On_Total_Due_Psf" time="0.035"/>
  <system-out/>
  <testcase classname="PSf_Static_Report_and_Call_Dispostion.Psf_Service_Rating_Select_Poor" name="Check_Call_Dispostion_Service_Rating__Poor" time="43.833"/>
  <system-out/>
  <testcase classname="PSf_Static_Report_and_Call_Dispostion.Psf_Service_Rating_Select_Poor" name="Click_Open_Complaint_Management" time="12.716"/>
  <system-out/>
  <testcase classname="PSf_Static_Report_and_Call_Dispostion.Psf_Service_Rating_Select_Poor" name="Click__On_InProgress_To_Update_Complaint_Status" time="24.025"/>
  <system-out/>
  <testcase classname="PSf_Static_Report_and_Call_Dispostion.Psf_Service_Rating_Select_Poor" name="Click__On_Resolved_Complaints_To_Update_Complaint_Status" time="19.036"/>
  <system-out/>
  <testcase classname="PSf_Static_Report_and_Call_Dispostion.Psf_Service_Rating_Select_Poor" name="Upload_file" time="9.399"/>
  <system-out/>
  <testcase classname="PSf_Static_Report_and_Call_Dispostion.Psf_Service_Rating_Select_Poor" name="Customer_Will_Be_Available_In_Resolved_Complaints" time="11.428"/>
  <system-out/>
</testsuite> <!-- PSf_Static_Report_and_Call_Dispostion.Psf_Service_Rating_Select_Poor -->
