<?xml version="1.0" encoding="UTF-8"?>
<!-- Generated by org.testng.reporters.JUnitReportReporter -->
<testsuite hostname="DESKTOP-7SBKKJ1" failures="1" tests="13" name="PSf_Static_Report_and_Call_Dispostion.PSF_Last_Attempt_Report" time="98.511" errors="0" timestamp="2024-11-25T17:16:43 IST" skipped="0">
  <testcase classname="PSf_Static_Report_and_Call_Dispostion.PSF_Last_Attempt_Report" name="Username" time="1.173"/>
  <system-out/>
  <testcase classname="PSf_Static_Report_and_Call_Dispostion.PSF_Last_Attempt_Report" name="Password" time="1.205"/>
  <system-out/>
  <testcase classname="PSf_Static_Report_and_Call_Dispostion.PSF_Last_Attempt_Report" name="Captcha" time="2.131"/>
  <system-out/>
  <testcase classname="PSf_Static_Report_and_Call_Dispostion.PSF_Last_Attempt_Report" name="SUBMIT_Button" time="2.096"/>
  <system-out/>
  <testcase classname="PSf_Static_Report_and_Call_Dispostion.PSF_Last_Attempt_Report" name="Click_On_PSF" time="23.656"/>
  <system-out/>
  <testcase classname="PSf_Static_Report_and_Call_Dispostion.PSF_Last_Attempt_Report" name="Remove_PouP" time="1.094"/>
  <system-out/>
  <testcase classname="PSf_Static_Report_and_Call_Dispostion.PSF_Last_Attempt_Report" name="Click_On_Static_Reports" time="1.087"/>
  <system-out/>
  <testcase classname="PSf_Static_Report_and_Call_Dispostion.PSF_Last_Attempt_Report" name="Click_On_Last_Attempt_Report" time="3.105"/>
  <system-out/>
  <testcase classname="PSf_Static_Report_and_Call_Dispostion.PSF_Last_Attempt_Report" name="Click_On_Generate" time="16.235"/>
  <system-out/>
  <testcase classname="PSf_Static_Report_and_Call_Dispostion.PSF_Last_Attempt_Report" name="Click_On_Workshop" time="3.346"/>
  <system-out/>
  <testcase classname="PSf_Static_Report_and_Call_Dispostion.PSF_Last_Attempt_Report" name="Click_On_Service_Type_Wise" time="21.626"/>
  <system-out/>
  <testcase classname="PSf_Static_Report_and_Call_Dispostion.PSF_Last_Attempt_Report" name="Click_On_DayWise" time="21.753"/>
  <system-out/>
  <testcase classname="PSf_Static_Report_and_Call_Dispostion.PSF_Last_Attempt_Report" name="Comparison_0f_all_Data" time="0.004">
    <failure message="Comparison failed with the following errors:
Compare Psf_Calibration_done_of_workshopWise_With_dayWise expected [5] but found [4]
Compare Psf_Calibration_done_of_workshopWise_With_Service_TypeWise expected [5] but found [4]
" type="java.lang.AssertionError">
      <![CDATA[java.lang.AssertionError: Comparison failed with the following errors:
Compare Psf_Calibration_done_of_workshopWise_With_dayWise expected [5] but found [4]
Compare Psf_Calibration_done_of_workshopWise_With_Service_TypeWise expected [5] but found [4]

at org.testng.Assert.fail(Assert.java:99)
at PSf_Static_Report_and_Call_Dispostion.PSF_Last_Attempt_Report.Comparison_0f_all_Data(PSF_Last_Attempt_Report.java:312)
at java.base/jdk.internal.reflect.DirectMethodHandleAccessor.invoke(DirectMethodHandleAccessor.java:103)
at java.base/java.lang.reflect.Method.invoke(Method.java:580)
at org.testng.internal.MethodInvocationHelper.invokeMethod(MethodInvocationHelper.java:133)
at org.testng.internal.TestInvoker.invokeMethod(TestInvoker.java:598)
at org.testng.internal.TestInvoker.invokeTestMethod(TestInvoker.java:173)
at org.testng.internal.MethodRunner.runInSequence(MethodRunner.java:46)
at org.testng.internal.TestInvoker$MethodInvocationAgent.invoke(TestInvoker.java:824)
at org.testng.internal.TestInvoker.invokeTestMethods(TestInvoker.java:146)
at org.testng.internal.TestMethodWorker.invokeTestMethods(TestMethodWorker.java:146)
at org.testng.internal.TestMethodWorker.run(TestMethodWorker.java:128)
at java.base/java.util.ArrayList.forEach(ArrayList.java:1597)
at org.testng.TestRunner.privateRun(TestRunner.java:794)
at org.testng.TestRunner.run(TestRunner.java:596)
at org.testng.SuiteRunner.runTest(SuiteRunner.java:377)
at org.testng.SuiteRunner.runSequentially(SuiteRunner.java:371)
at org.testng.SuiteRunner.privateRun(SuiteRunner.java:332)
at org.testng.SuiteRunner.run(SuiteRunner.java:276)
at org.testng.SuiteRunnerWorker.runSuite(SuiteRunnerWorker.java:53)
at org.testng.SuiteRunnerWorker.run(SuiteRunnerWorker.java:96)
at org.testng.TestNG.runSuitesSequentially(TestNG.java:1212)
at org.testng.TestNG.runSuitesLocally(TestNG.java:1134)
at org.testng.TestNG.runSuites(TestNG.java:1063)
at org.testng.TestNG.run(TestNG.java:1031)
at org.testng.remote.AbstractRemoteTestNG.run(AbstractRemoteTestNG.java:115)
at org.testng.remote.RemoteTestNG.initAndRun(RemoteTestNG.java:293)
at org.testng.remote.RemoteTestNG.main(RemoteTestNG.java:91)
]]>
    </failure>
  </testcase> <!-- Comparison_0f_all_Data -->
  <system-out/>
</testsuite> <!-- PSf_Static_Report_and_Call_Dispostion.PSF_Last_Attempt_Report -->
