<?xml version="1.0" encoding="UTF-8"?>
<!-- Generated by org.testng.reporters.JUnitReportReporter -->
<testsuite hostname="DESKTOP-7SBKKJ1" failures="0" tests="9" name="PSf_Static_Report_and_Call_Dispostion.Number_Busy_in_Complaint_Management" time="99.935" errors="0" timestamp="2024-11-25T14:09:34 IST" skipped="0">
  <testcase classname="PSf_Static_Report_and_Call_Dispostion.Number_Busy_in_Complaint_Management" name="Username" time="1.341"/>
  <system-out/>
  <testcase classname="PSf_Static_Report_and_Call_Dispostion.Number_Busy_in_Complaint_Management" name="Password" time="1.521"/>
  <system-out/>
  <testcase classname="PSf_Static_Report_and_Call_Dispostion.Number_Busy_in_Complaint_Management" name="Captcha" time="2.200"/>
  <system-out/>
  <testcase classname="PSf_Static_Report_and_Call_Dispostion.Number_Busy_in_Complaint_Management" name="SUBMIT_Button" time="2.279"/>
  <system-out/>
  <testcase classname="PSf_Static_Report_and_Call_Dispostion.Number_Busy_in_Complaint_Management" name="Click_On_PSF" time="42.362"/>
  <system-out/>
  <testcase classname="PSf_Static_Report_and_Call_Dispostion.Number_Busy_in_Complaint_Management" name="Remove_PouP" time="1.183"/>
  <system-out/>
  <testcase classname="PSf_Static_Report_and_Call_Dispostion.Number_Busy_in_Complaint_Management" name="Click_On_The_Complaint_Management" time="3.101"/>
  <system-out/>
  <testcase classname="PSf_Static_Report_and_Call_Dispostion.Number_Busy_in_Complaint_Management" name="Click_On_In_Progress_Complaints" time="6.282"/>
  <system-out/>
  <testcase classname="PSf_Static_Report_and_Call_Dispostion.Number_Busy_in_Complaint_Management" name="Click_On_Reshedule_Appointment" time="39.666"/>
  <system-out/>
</testsuite> <!-- PSf_Static_Report_and_Call_Dispostion.Number_Busy_in_Complaint_Management -->
