<?xml version="1.0" encoding="UTF-8"?>
<!-- Generated by org.testng.reporters.JUnitReportReporter -->
<testsuite hostname="DESKTOP-7SBKKJ1" failures="0" tests="7" name="PSf_Static_Report.Not_Intrested_In_Providing_Feedback" time="122.521" errors="0" timestamp="2024-11-20T10:38:40 IST" skipped="0">
  <testcase classname="PSf_Static_Report.Not_Intrested_In_Providing_Feedback" name="Username" time="1.261"/>
  <system-out/>
  <testcase classname="PSf_Static_Report.Not_Intrested_In_Providing_Feedback" name="Password" time="1.443"/>
  <system-out/>
  <testcase classname="PSf_Static_Report.Not_Intrested_In_Providing_Feedback" name="Captcha" time="2.242"/>
  <system-out/>
  <testcase classname="PSf_Static_Report.Not_Intrested_In_Providing_Feedback" name="SUBMIT_Button" time="2.170"/>
  <system-out/>
  <testcase classname="PSf_Static_Report.Not_Intrested_In_Providing_Feedback" name="Click_On_PSF" time="47.189"/>
  <system-out/>
  <testcase classname="PSf_Static_Report.Not_Intrested_In_Providing_Feedback" name="Remove_PouP" time="1.183"/>
  <system-out/>
  <testcase classname="PSf_Static_Report.Not_Intrested_In_Providing_Feedback" name="PSF_Calibration_Due" time="67.033"/>
  <system-out/>
</testsuite> <!-- PSf_Static_Report.Not_Intrested_In_Providing_Feedback -->
