<?xml version="1.0" encoding="UTF-8"?>
<!-- Generated by org.testng.reporters.JUnitReportReporter -->
<testsuite hostname="DESKTOP-7SBKKJ1" failures="0" tests="1" name="amazon.amazon1" time="11.123" errors="0" timestamp="2024-06-21T18:09:51 IST" skipped="0">
  <testcase classname="amazon.amazon1" name="username" time="11.123"/>
  <system-out/>
</testsuite> <!-- amazon.amazon1 -->
