<?xml version="1.0" encoding="UTF-8"?>
<!-- Generated by org.testng.reporters.JUnitReportReporter -->
<testsuite hostname="DESKTOP-7SBKKJ1" failures="0" tests="1" name="Merge_PSF.Number_Busy_of_Service_Rating" time="43.922" errors="0" timestamp="2024-11-15T12:27:14 IST" skipped="0">
  <testcase classname="Merge_PSF.Number_Busy_of_Service_Rating" name="NumberS_Busy_of_Service_Rating" time="43.922"/>
  <system-out/>
</testsuite> <!-- Merge_PSF.Number_Busy_of_Service_Rating -->
