<?xml version="1.0" encoding="UTF-8"?>
<!-- Generated by org.testng.reporters.JUnitReportReporter -->
<testsuite hostname="DESKTOP-7SBKKJ1" failures="0" tests="15" name="mergeSMR_North_Zone.AutoDialer_SMR_Report" time="266.794" errors="0" timestamp="2024-11-25T18:25:02 IST" skipped="0">
  <testcase classname="mergeSMR_North_Zone.AutoDialer_SMR_Report" name="Click_On_Report" time="3.348"/>
  <system-out/>
  <testcase classname="mergeSMR_North_Zone.AutoDialer_SMR_Report" name="Click_On_AutoDialer_REPORT" time="7.298"/>
  <system-out/>
  <testcase classname="mergeSMR_North_Zone.AutoDialer_SMR_Report" name="Zone_And_Region_Wise_Tab" time="29.281"/>
  <system-out/>
  <testcase classname="mergeSMR_North_Zone.AutoDialer_SMR_Report" name="Data_Verification_Zone_And_Region_Wise" time="0.077"/>
  <system-out/>
  <testcase classname="mergeSMR_North_Zone.AutoDialer_SMR_Report" name="Dealer_Parent_Group_Wise_Tab" time="40.422"/>
  <system-out/>
  <testcase classname="mergeSMR_North_Zone.AutoDialer_SMR_Report" name="Data_Verification_Dealer_Parent_Group_Wise_Tab" time="0.031"/>
  <system-out/>
  <testcase classname="mergeSMR_North_Zone.AutoDialer_SMR_Report" name="Workshop_Wise_Tab" time="40.456"/>
  <system-out/>
  <testcase classname="mergeSMR_North_Zone.AutoDialer_SMR_Report" name="Data_Verification_Workshop_Wise_Tab" time="0.032"/>
  <system-out/>
  <testcase classname="mergeSMR_North_Zone.AutoDialer_SMR_Report" name="Day_Wise_Tab" time="40.419"/>
  <system-out/>
  <testcase classname="mergeSMR_North_Zone.AutoDialer_SMR_Report" name="Data_Verification_Day_Wise_Tab" time="0.030"/>
  <system-out/>
  <testcase classname="mergeSMR_North_Zone.AutoDialer_SMR_Report" name="SMRE_Wise_Tab" time="40.398"/>
  <system-out/>
  <testcase classname="mergeSMR_North_Zone.AutoDialer_SMR_Report" name="Data_Verification_SMRE_Wise_Tab" time="0.031"/>
  <system-out/>
  <testcase classname="mergeSMR_North_Zone.AutoDialer_SMR_Report" name="Dump_Wise_Tab" time="52.751"/>
  <system-out/>
  <testcase classname="mergeSMR_North_Zone.AutoDialer_SMR_Report" name="Data_Verification_Dump_Wise_Tab" time="0.031"/>
  <system-out/>
  <testcase classname="mergeSMR_North_Zone.AutoDialer_SMR_Report" name="Download_Dump_Wise_Report" time="12.189"/>
  <system-out/>
</testsuite> <!-- mergeSMR_North_Zone.AutoDialer_SMR_Report -->
