<?xml version="1.0" encoding="UTF-8"?>
<!-- Generated by org.testng.reporters.JUnitReportReporter -->
<testsuite hostname="DESKTOP-7SBKKJ1" failures="0" tests="12" name="cCM_Reports.Booking_Conversio_Report" time="132.900" errors="0" timestamp="2024-10-22T16:43:54 IST" skipped="0">
  <testcase classname="cCM_Reports.Booking_Conversio_Report" name="Username" time="1.321"/>
  <system-out/>
  <testcase classname="cCM_Reports.Booking_Conversio_Report" name="Password" time="1.358"/>
  <system-out/>
  <testcase classname="cCM_Reports.Booking_Conversio_Report" name="Captcha" time="2.286"/>
  <system-out/>
  <testcase classname="cCM_Reports.Booking_Conversio_Report" name="SUBMIT_Button" time="2.196"/>
  <system-out/>
  <testcase classname="cCM_Reports.Booking_Conversio_Report" name="Click_On_SMR" time="22.783"/>
  <system-out/>
  <testcase classname="cCM_Reports.Booking_Conversio_Report" name="Click_Reports" time="3.926"/>
  <system-out/>
  <testcase classname="cCM_Reports.Booking_Conversio_Report" name="Click_On_BOOKING_CONVERSION_REPORT" time="4.263"/>
  <system-out/>
  <testcase classname="cCM_Reports.Booking_Conversio_Report" name="Dealer_Parent_Group_Wise_Tab" time="26.544"/>
  <system-out/>
  <testcase classname="cCM_Reports.Booking_Conversio_Report" name="Workshop_Wise_Tab" time="22.663"/>
  <system-out/>
  <testcase classname="cCM_Reports.Booking_Conversio_Report" name="Day_Wise_Tab" time="22.847"/>
  <system-out/>
  <testcase classname="cCM_Reports.Booking_Conversio_Report" name="ServiceType_Wise_Tab" time="22.701"/>
  <system-out/>
  <testcase classname="cCM_Reports.Booking_Conversio_Report" name="Comparison_0f_all_Data" time="0.012"/>
  <system-out/>
</testsuite> <!-- cCM_Reports.Booking_Conversio_Report -->
