<?xml version="1.0" encoding="UTF-8"?>
<!-- Generated by org.testng.reporters.JUnitReportReporter -->
<testsuite hostname="DESKTOP-7SBKKJ1" failures="0" tests="12" name="PSF_CAll_Dispostion.PSF_No_Raise_A_Complaint_Of_service_Rating" time="181.034" errors="0" timestamp="2024-11-13T10:50:12 IST" skipped="0">
  <testcase classname="PSF_CAll_Dispostion.PSF_No_Raise_A_Complaint_Of_service_Rating" name="Username" time="1.384"/>
  <system-out/>
  <testcase classname="PSF_CAll_Dispostion.PSF_No_Raise_A_Complaint_Of_service_Rating" name="Password" time="1.389"/>
  <system-out/>
  <testcase classname="PSF_CAll_Dispostion.PSF_No_Raise_A_Complaint_Of_service_Rating" name="Captcha" time="2.238"/>
  <system-out/>
  <testcase classname="PSF_CAll_Dispostion.PSF_No_Raise_A_Complaint_Of_service_Rating" name="SUBMIT_Button" time="2.157"/>
  <system-out/>
  <testcase classname="PSF_CAll_Dispostion.PSF_No_Raise_A_Complaint_Of_service_Rating" name="Click_On_PSF" time="40.959"/>
  <system-out/>
  <testcase classname="PSF_CAll_Dispostion.PSF_No_Raise_A_Complaint_Of_service_Rating" name="Remove_PouP" time="1.143"/>
  <system-out/>
  <testcase classname="PSF_CAll_Dispostion.PSF_No_Raise_A_Complaint_Of_service_Rating" name="Click_On_Total_Due_Psf" time="0.049"/>
  <system-out/>
  <testcase classname="PSF_CAll_Dispostion.PSF_No_Raise_A_Complaint_Of_service_Rating" name="Check_Call_Dispostion_Service_Rating" time="69.988"/>
  <system-out/>
  <testcase classname="PSF_CAll_Dispostion.PSF_No_Raise_A_Complaint_Of_service_Rating" name="Open_Complaint_Management_tab" time="28.979"/>
  <system-out/>
  <testcase classname="PSF_CAll_Dispostion.PSF_No_Raise_A_Complaint_Of_service_Rating" name="Upload_file" time="9.910"/>
  <system-out/>
  <testcase classname="PSF_CAll_Dispostion.PSF_No_Raise_A_Complaint_Of_service_Rating" name="Clcik_On_Resolved_Complaint" time="16.577"/>
  <system-out/>
  <testcase classname="PSF_CAll_Dispostion.PSF_No_Raise_A_Complaint_Of_service_Rating" name="Customer_Will_Be_Available_In_Closed_Complaints" time="6.261"/>
  <system-out/>
</testsuite> <!-- PSF_CAll_Dispostion.PSF_No_Raise_A_Complaint_Of_service_Rating -->
