<?xml version="1.0" encoding="UTF-8"?>
<!-- Generated by org.testng.reporters.JUnitReportReporter -->
<testsuite hostname="DESKTOP-7SBKKJ1" failures="0" tests="7" name="PSf_Static_Report_and_Call_Dispostion.Call_me_Later_for_Service_Rating" time="92.646" errors="0" timestamp="2024-11-25T14:09:34 IST" skipped="0">
  <testcase classname="PSf_Static_Report_and_Call_Dispostion.Call_me_Later_for_Service_Rating" name="Username" time="1.391"/>
  <system-out/>
  <testcase classname="PSf_Static_Report_and_Call_Dispostion.Call_me_Later_for_Service_Rating" name="Password" time="1.367"/>
  <system-out/>
  <testcase classname="PSf_Static_Report_and_Call_Dispostion.Call_me_Later_for_Service_Rating" name="Captcha" time="2.248"/>
  <system-out/>
  <testcase classname="PSf_Static_Report_and_Call_Dispostion.Call_me_Later_for_Service_Rating" name="SUBMIT_Button" time="2.176"/>
  <system-out/>
  <testcase classname="PSf_Static_Report_and_Call_Dispostion.Call_me_Later_for_Service_Rating" name="Click_On_PSF" time="43.582"/>
  <system-out/>
  <testcase classname="PSf_Static_Report_and_Call_Dispostion.Call_me_Later_for_Service_Rating" name="Remove_PouP" time="1.189"/>
  <system-out/>
  <testcase classname="PSf_Static_Report_and_Call_Dispostion.Call_me_Later_for_Service_Rating" name="PSF_Calibration_Due" time="40.693"/>
  <system-out/>
</testsuite> <!-- PSf_Static_Report_and_Call_Dispostion.Call_me_Later_for_Service_Rating -->
