<?xml version="1.0" encoding="UTF-8"?>
<!-- Generated by org.testng.reporters.JUnitReportReporter -->
<testsuite hostname="DESKTOP-7SBKKJ1" failures="0" tests="9" name="PSf_Static_Report.Call_Me_Later_In_Complaint_Mangement" time="70.935" errors="0" timestamp="2024-11-21T10:13:50 IST" skipped="0">
  <testcase classname="PSf_Static_Report.Call_Me_Later_In_Complaint_Mangement" name="Username" time="1.347"/>
  <system-out/>
  <testcase classname="PSf_Static_Report.Call_Me_Later_In_Complaint_Mangement" name="Password" time="1.415"/>
  <system-out/>
  <testcase classname="PSf_Static_Report.Call_Me_Later_In_Complaint_Mangement" name="Captcha" time="2.302"/>
  <system-out/>
  <testcase classname="PSf_Static_Report.Call_Me_Later_In_Complaint_Mangement" name="SUBMIT_Button" time="2.205"/>
  <system-out/>
  <testcase classname="PSf_Static_Report.Call_Me_Later_In_Complaint_Mangement" name="Click_On_PSF" time="21.690"/>
  <system-out/>
  <testcase classname="PSf_Static_Report.Call_Me_Later_In_Complaint_Mangement" name="Remove_PouP" time="1.156"/>
  <system-out/>
  <testcase classname="PSf_Static_Report.Call_Me_Later_In_Complaint_Mangement" name="Click_On_The_Complaint_Management" time="3.082"/>
  <system-out/>
  <testcase classname="PSf_Static_Report.Call_Me_Later_In_Complaint_Mangement" name="Click_On_In_Progress_Complaints" time="6.272"/>
  <system-out/>
  <testcase classname="PSf_Static_Report.Call_Me_Later_In_Complaint_Mangement" name="Click_On_Reshedule_Appointment" time="31.466"/>
  <system-out/>
</testsuite> <!-- PSf_Static_Report.Call_Me_Later_In_Complaint_Mangement -->
