<?xml version="1.0" encoding="UTF-8"?>
<!-- Generated by org.testng.reporters.JUnitReportReporter -->
<testsuite hostname="DESKTOP-7SBKKJ1" failures="0" tests="9" name="PSf_Static_Report.Allocation_Rule_Log" time="60.798" errors="0" timestamp="2024-11-20T16:49:04 IST" skipped="0">
  <testcase classname="PSf_Static_Report.Allocation_Rule_Log" name="Username" time="1.475"/>
  <system-out/>
  <testcase classname="PSf_Static_Report.Allocation_Rule_Log" name="Password" time="1.420"/>
  <system-out/>
  <testcase classname="PSf_Static_Report.Allocation_Rule_Log" name="Captcha" time="2.296"/>
  <system-out/>
  <testcase classname="PSf_Static_Report.Allocation_Rule_Log" name="SUBMIT_Button" time="2.257"/>
  <system-out/>
  <testcase classname="PSf_Static_Report.Allocation_Rule_Log" name="Click_On_PSF" time="45.889"/>
  <system-out/>
  <testcase classname="PSf_Static_Report.Allocation_Rule_Log" name="Remove_PouP" time="1.164"/>
  <system-out/>
  <testcase classname="PSf_Static_Report.Allocation_Rule_Log" name="Click_On_Static_Reports" time="1.127"/>
  <system-out/>
  <testcase classname="PSf_Static_Report.Allocation_Rule_Log" name="Click_On_Allocation_Rule_Log" time="5.128"/>
  <system-out/>
  <testcase classname="PSf_Static_Report.Allocation_Rule_Log" name="Data_Check_Of_Allocation_Rule_Log" time="0.042"/>
  <system-out/>
</testsuite> <!-- PSf_Static_Report.Allocation_Rule_Log -->
