<?xml version="1.0" encoding="UTF-8"?>
<!-- Generated by org.testng.reporters.JUnitReportReporter -->
<testsuite hostname="DESKTOP-7SBKKJ1" failures="0" tests="7" name="PSF_CAll_Dispostion.Number_Busy_of_Service_Rating" time="89.208" errors="0" timestamp="2024-11-13T18:26:26 IST" skipped="0">
  <testcase classname="PSF_CAll_Dispostion.Number_Busy_of_Service_Rating" name="Username" time="1.410"/>
  <system-out/>
  <testcase classname="PSF_CAll_Dispostion.Number_Busy_of_Service_Rating" name="Password" time="1.499"/>
  <system-out/>
  <testcase classname="PSF_CAll_Dispostion.Number_Busy_of_Service_Rating" name="Captcha" time="2.326"/>
  <system-out/>
  <testcase classname="PSF_CAll_Dispostion.Number_Busy_of_Service_Rating" name="SUBMIT_Button" time="2.207"/>
  <system-out/>
  <testcase classname="PSF_CAll_Dispostion.Number_Busy_of_Service_Rating" name="Click_On_PSF" time="39.611"/>
  <system-out/>
  <testcase classname="PSF_CAll_Dispostion.Number_Busy_of_Service_Rating" name="Remove_PouP" time="1.134"/>
  <system-out/>
  <testcase classname="PSF_CAll_Dispostion.Number_Busy_of_Service_Rating" name="PSF_Calibration_Due" time="41.021"/>
  <system-out/>
</testsuite> <!-- PSF_CAll_Dispostion.Number_Busy_of_Service_Rating -->
