<?xml version="1.0" encoding="UTF-8"?>
<!-- Generated by org.testng.reporters.JUnitReportReporter -->
<testsuite hostname="DESKTOP-7SBKKJ1" failures="0" tests="7" name="PSF_CAll_Dispostion.Call_Me_Later" time="104.494" errors="0" timestamp="2024-11-15T10:36:47 IST" skipped="0">
  <testcase classname="PSF_CAll_Dispostion.Call_Me_Later" name="Username" time="1.380"/>
  <system-out/>
  <testcase classname="PSF_CAll_Dispostion.Call_Me_Later" name="Password" time="1.586"/>
  <system-out/>
  <testcase classname="PSF_CAll_Dispostion.Call_Me_Later" name="Captcha" time="2.223"/>
  <system-out/>
  <testcase classname="PSF_CAll_Dispostion.Call_Me_Later" name="SUBMIT_Button" time="2.193"/>
  <system-out/>
  <testcase classname="PSF_CAll_Dispostion.Call_Me_Later" name="Click_On_PSF" time="43.577"/>
  <system-out/>
  <testcase classname="PSF_CAll_Dispostion.Call_Me_Later" name="Remove_PouP" time="1.158"/>
  <system-out/>
  <testcase classname="PSF_CAll_Dispostion.Call_Me_Later" name="PSF_Calibration_Due" time="52.377"/>
  <system-out/>
</testsuite> <!-- PSF_CAll_Dispostion.Call_Me_Later -->
