<?xml version="1.0" encoding="UTF-8"?>
<!-- Generated by org.testng.reporters.JUnitReportReporter -->
<testsuite hostname="DESKTOP-7SBKKJ1" failures="0" tests="17" name="PSF_CAll_Dispostion_Of_CCM.Psf_All_Fillter_Check2" time="94.083" errors="0" timestamp="2024-11-05T15:53:16 IST" skipped="0">
  <testcase classname="PSF_CAll_Dispostion_Of_CCM.Psf_All_Fillter_Check2" name="Username" time="1.180"/>
  <system-out/>
  <testcase classname="PSF_CAll_Dispostion_Of_CCM.Psf_All_Fillter_Check2" name="Password" time="1.214"/>
  <system-out/>
  <testcase classname="PSF_CAll_Dispostion_Of_CCM.Psf_All_Fillter_Check2" name="Captcha" time="2.154"/>
  <system-out/>
  <testcase classname="PSF_CAll_Dispostion_Of_CCM.Psf_All_Fillter_Check2" name="SUBMIT_Button" time="2.082"/>
  <system-out/>
  <testcase classname="PSF_CAll_Dispostion_Of_CCM.Psf_All_Fillter_Check2" name="Click_On_PSF" time="48.702"/>
  <system-out/>
  <testcase classname="PSF_CAll_Dispostion_Of_CCM.Psf_All_Fillter_Check2" name="Remove_PouP" time="1.093"/>
  <system-out/>
  <testcase classname="PSF_CAll_Dispostion_Of_CCM.Psf_All_Fillter_Check2" name="Fillters_check" time="5.521"/>
  <system-out/>
  <testcase classname="PSF_CAll_Dispostion_Of_CCM.Psf_All_Fillter_Check2" name="Service_Advisor_Name_Fillter" time="1.930"/>
  <system-out/>
  <testcase classname="PSF_CAll_Dispostion_Of_CCM.Psf_All_Fillter_Check2" name="removeFilterCheck" time="0.345"/>
  <system-out/>
  <testcase classname="PSF_CAll_Dispostion_Of_CCM.Psf_All_Fillter_Check2" name="Technician_Name_Name_Fillter" time="4.783"/>
  <system-out/>
  <testcase classname="PSF_CAll_Dispostion_Of_CCM.Psf_All_Fillter_Check2" name="removeFilterCheck2" time="0.296"/>
  <system-out/>
  <testcase classname="PSF_CAll_Dispostion_Of_CCM.Psf_All_Fillter_Check2" name="FuelType_Fillter" time="1.013"/>
  <system-out/>
  <testcase classname="PSF_CAll_Dispostion_Of_CCM.Psf_All_Fillter_Check2" name="removeFilterCheck3" time="0.292"/>
  <system-out/>
  <testcase classname="PSF_CAll_Dispostion_Of_CCM.Psf_All_Fillter_Check2" name="Model_name_Fillter" time="7.379"/>
  <system-out/>
  <testcase classname="PSF_CAll_Dispostion_Of_CCM.Psf_All_Fillter_Check2" name="removeFilterCheck4" time="0.317"/>
  <system-out/>
  <testcase classname="PSF_CAll_Dispostion_Of_CCM.Psf_All_Fillter_Check2" name="Model_Variant_Fillter" time="15.287"/>
  <system-out/>
  <testcase classname="PSF_CAll_Dispostion_Of_CCM.Psf_All_Fillter_Check2" name="removeFilterCheck5" time="0.495"/>
  <system-out/>
</testsuite> <!-- PSF_CAll_Dispostion_Of_CCM.Psf_All_Fillter_Check2 -->
