<?xml version="1.0" encoding="UTF-8"?>
<!-- Generated by org.testng.reporters.JUnitReportReporter -->
<testsuite hostname="DESKTOP-7SBKKJ1" failures="0" tests="9" name="PSf_Static_Report.PSF_Service_Rating__Very_Good" time="125.013" errors="0" timestamp="2024-11-20T10:38:41 IST" skipped="0">
  <testcase classname="PSf_Static_Report.PSF_Service_Rating__Very_Good" name="Username" time="1.260"/>
  <system-out/>
  <testcase classname="PSf_Static_Report.PSF_Service_Rating__Very_Good" name="Password" time="1.351"/>
  <system-out/>
  <testcase classname="PSf_Static_Report.PSF_Service_Rating__Very_Good" name="Captcha" time="2.242"/>
  <system-out/>
  <testcase classname="PSf_Static_Report.PSF_Service_Rating__Very_Good" name="SUBMIT_Button" time="2.181"/>
  <system-out/>
  <testcase classname="PSf_Static_Report.PSF_Service_Rating__Very_Good" name="Click_On_PSF" time="46.637"/>
  <system-out/>
  <testcase classname="PSf_Static_Report.PSF_Service_Rating__Very_Good" name="Remove_PouP" time="1.198"/>
  <system-out/>
  <testcase classname="PSf_Static_Report.PSF_Service_Rating__Very_Good" name="Click_On_Total_Due_Psf" time="0.084"/>
  <system-out/>
  <testcase classname="PSf_Static_Report.PSF_Service_Rating__Very_Good" name="Check_Call_Dispostion_Service_Rating_Very_Good" time="42.195"/>
  <system-out/>
  <testcase classname="PSf_Static_Report.PSF_Service_Rating__Very_Good" name="Check_Yes_Customer_Is_Satisfied" time="27.865"/>
  <system-out/>
</testsuite> <!-- PSf_Static_Report.PSF_Service_Rating__Very_Good -->
