<?xml version="1.0" encoding="UTF-8"?>
<!-- Generated by org.testng.reporters.JUnitReportReporter -->
<testsuite hostname="DESKTOP-7SBKKJ1" failures="0" tests="17" name="PSF_CAll_Dispostion_And_Static_Report_Of_CCM.Psf_All_Fillter_Check" time="65.722" errors="0" timestamp="2024-11-11T09:55:43 IST" skipped="0">
  <testcase classname="PSF_CAll_Dispostion_And_Static_Report_Of_CCM.Psf_All_Fillter_Check" name="Username" time="1.204"/>
  <system-out/>
  <testcase classname="PSF_CAll_Dispostion_And_Static_Report_Of_CCM.Psf_All_Fillter_Check" name="Password" time="1.229"/>
  <system-out/>
  <testcase classname="PSF_CAll_Dispostion_And_Static_Report_Of_CCM.Psf_All_Fillter_Check" name="Captcha" time="2.158"/>
  <system-out/>
  <testcase classname="PSF_CAll_Dispostion_And_Static_Report_Of_CCM.Psf_All_Fillter_Check" name="SUBMIT_Button" time="2.074"/>
  <system-out/>
  <testcase classname="PSF_CAll_Dispostion_And_Static_Report_Of_CCM.Psf_All_Fillter_Check" name="Click_On_PSF" time="22.264"/>
  <system-out/>
  <testcase classname="PSF_CAll_Dispostion_And_Static_Report_Of_CCM.Psf_All_Fillter_Check" name="Remove_PouP" time="1.070"/>
  <system-out/>
  <testcase classname="PSF_CAll_Dispostion_And_Static_Report_Of_CCM.Psf_All_Fillter_Check" name="Fillters_check" time="5.266"/>
  <system-out/>
  <testcase classname="PSF_CAll_Dispostion_And_Static_Report_Of_CCM.Psf_All_Fillter_Check" name="Service_Advisor_Name_Fillter" time="1.869"/>
  <system-out/>
  <testcase classname="PSF_CAll_Dispostion_And_Static_Report_Of_CCM.Psf_All_Fillter_Check" name="removeFilterCheck" time="0.396"/>
  <system-out/>
  <testcase classname="PSF_CAll_Dispostion_And_Static_Report_Of_CCM.Psf_All_Fillter_Check" name="Technician_Name_Name_Fillter" time="4.735"/>
  <system-out/>
  <testcase classname="PSF_CAll_Dispostion_And_Static_Report_Of_CCM.Psf_All_Fillter_Check" name="removeFilterCheck2" time="0.281"/>
  <system-out/>
  <testcase classname="PSF_CAll_Dispostion_And_Static_Report_Of_CCM.Psf_All_Fillter_Check" name="FuelType_Fillter" time="0.963"/>
  <system-out/>
  <testcase classname="PSF_CAll_Dispostion_And_Static_Report_Of_CCM.Psf_All_Fillter_Check" name="removeFilterCheck3" time="0.302"/>
  <system-out/>
  <testcase classname="PSF_CAll_Dispostion_And_Static_Report_Of_CCM.Psf_All_Fillter_Check" name="Model_name_Fillter" time="6.934"/>
  <system-out/>
  <testcase classname="PSF_CAll_Dispostion_And_Static_Report_Of_CCM.Psf_All_Fillter_Check" name="removeFilterCheck4" time="0.282"/>
  <system-out/>
  <testcase classname="PSF_CAll_Dispostion_And_Static_Report_Of_CCM.Psf_All_Fillter_Check" name="Model_Variant_Fillter" time="14.251"/>
  <system-out/>
  <testcase classname="PSF_CAll_Dispostion_And_Static_Report_Of_CCM.Psf_All_Fillter_Check" name="removeFilterCheck5" time="0.444"/>
  <system-out/>
</testsuite> <!-- PSF_CAll_Dispostion_And_Static_Report_Of_CCM.Psf_All_Fillter_Check -->
