<?xml version="1.0" encoding="UTF-8"?>
<!-- Generated by org.testng.reporters.JUnitReportReporter -->
<testsuite hostname="DESKTOP-7SBKKJ1" failures="0" tests="12" name="PSF_CAll_Dispostion_And_Static_Report_Of_CCM.PSF_Call_Dipostion" time="185.854" errors="0" timestamp="2024-11-12T13:29:24 IST" skipped="0">
  <testcase classname="PSF_CAll_Dispostion_And_Static_Report_Of_CCM.PSF_Call_Dipostion" name="Username" time="1.453"/>
  <system-out/>
  <testcase classname="PSF_CAll_Dispostion_And_Static_Report_Of_CCM.PSF_Call_Dipostion" name="Password" time="1.366"/>
  <system-out/>
  <testcase classname="PSF_CAll_Dispostion_And_Static_Report_Of_CCM.PSF_Call_Dipostion" name="Captcha" time="2.279"/>
  <system-out/>
  <testcase classname="PSF_CAll_Dispostion_And_Static_Report_Of_CCM.PSF_Call_Dipostion" name="SUBMIT_Button" time="2.180"/>
  <system-out/>
  <testcase classname="PSF_CAll_Dispostion_And_Static_Report_Of_CCM.PSF_Call_Dipostion" name="Click_On_PSF" time="46.611"/>
  <system-out/>
  <testcase classname="PSF_CAll_Dispostion_And_Static_Report_Of_CCM.PSF_Call_Dipostion" name="Remove_PouP" time="1.131"/>
  <system-out/>
  <testcase classname="PSF_CAll_Dispostion_And_Static_Report_Of_CCM.PSF_Call_Dipostion" name="Click_On_Total_Due_Psf" time="0.029"/>
  <system-out/>
  <testcase classname="PSF_CAll_Dispostion_And_Static_Report_Of_CCM.PSF_Call_Dipostion" name="Check_Call_Dispostion_Service_Rating" time="69.696"/>
  <system-out/>
  <testcase classname="PSF_CAll_Dispostion_And_Static_Report_Of_CCM.PSF_Call_Dipostion" name="Open_Complaint_Management_tab" time="28.651"/>
  <system-out/>
  <testcase classname="PSF_CAll_Dispostion_And_Static_Report_Of_CCM.PSF_Call_Dipostion" name="Upload_file" time="9.922"/>
  <system-out/>
  <testcase classname="PSF_CAll_Dispostion_And_Static_Report_Of_CCM.PSF_Call_Dipostion" name="Clcik_On_Resolved_Complaint" time="16.269"/>
  <system-out/>
  <testcase classname="PSF_CAll_Dispostion_And_Static_Report_Of_CCM.PSF_Call_Dipostion" name="Customer_Will_Be_Available_In_Closed_Complaints" time="6.267"/>
  <system-out/>
</testsuite> <!-- PSF_CAll_Dispostion_And_Static_Report_Of_CCM.PSF_Call_Dipostion -->
