<?xml version="1.0" encoding="UTF-8"?>
<!-- Generated by org.testng.reporters.JUnitReportReporter -->
<testsuite hostname="DESKTOP-7SBKKJ1" failures="0" tests="12" name="cCM_Reports.Cross_sell_Intrest_Log" time="127.819" errors="0" timestamp="2024-10-23T11:35:22 IST" skipped="0">
  <testcase classname="cCM_Reports.Cross_sell_Intrest_Log" name="Username" time="1.619"/>
  <system-out/>
  <testcase classname="cCM_Reports.Cross_sell_Intrest_Log" name="Password" time="1.370"/>
  <system-out/>
  <testcase classname="cCM_Reports.Cross_sell_Intrest_Log" name="Captcha" time="2.310"/>
  <system-out/>
  <testcase classname="cCM_Reports.Cross_sell_Intrest_Log" name="SUBMIT_Button" time="2.125"/>
  <system-out/>
  <testcase classname="cCM_Reports.Cross_sell_Intrest_Log" name="Click_On_SMR" time="19.026"/>
  <system-out/>
  <testcase classname="cCM_Reports.Cross_sell_Intrest_Log" name="Click_Reports" time="1.093"/>
  <system-out/>
  <testcase classname="cCM_Reports.Cross_sell_Intrest_Log" name="Click_On_The_Cross_sell_Intrest" time="3.096"/>
  <system-out/>
  <testcase classname="cCM_Reports.Cross_sell_Intrest_Log" name="Dealer_Parent_Group_Wise" time="27.065"/>
  <system-out/>
  <testcase classname="cCM_Reports.Cross_sell_Intrest_Log" name="WorkShop_Wise" time="23.366"/>
  <system-out/>
  <testcase classname="cCM_Reports.Cross_sell_Intrest_Log" name="Day_Wise" time="23.319"/>
  <system-out/>
  <testcase classname="cCM_Reports.Cross_sell_Intrest_Log" name="Service_type_Wise" time="23.418"/>
  <system-out/>
  <testcase classname="cCM_Reports.Cross_sell_Intrest_Log" name="Comparison_0f_all_Data" time="0.012"/>
  <system-out/>
</testsuite> <!-- cCM_Reports.Cross_sell_Intrest_Log -->
