<?xml version="1.0" encoding="UTF-8"?>
<!-- Generated by org.testng.reporters.JUnitReportReporter -->
<testsuite hostname="DESKTOP-7SBKKJ1" failures="0" tests="7" name="MergeCCM_Reports.Cross_sell_Intrest_Log" time="101.548" errors="0" timestamp="2024-11-08T17:14:19 IST" skipped="0">
  <testcase classname="MergeCCM_Reports.Cross_sell_Intrest_Log" name="Click_Reports" time="1.086"/>
  <system-out/>
  <testcase classname="MergeCCM_Reports.Cross_sell_Intrest_Log" name="Click_On_The_Cross_sell_Intrest" time="3.179"/>
  <system-out/>
  <testcase classname="MergeCCM_Reports.Cross_sell_Intrest_Log" name="Dealer_Parent_Group_Wise" time="27.147"/>
  <system-out/>
  <testcase classname="MergeCCM_Reports.Cross_sell_Intrest_Log" name="WorkShop_Wise" time="23.441"/>
  <system-out/>
  <testcase classname="MergeCCM_Reports.Cross_sell_Intrest_Log" name="Day_Wise" time="23.387"/>
  <system-out/>
  <testcase classname="MergeCCM_Reports.Cross_sell_Intrest_Log" name="Service_type_Wise" time="23.307"/>
  <system-out/>
  <testcase classname="MergeCCM_Reports.Cross_sell_Intrest_Log" name="Comparison_0f_all_Data" time="0.001"/>
  <system-out/>
</testsuite> <!-- MergeCCM_Reports.Cross_sell_Intrest_Log -->
