<?xml version="1.0" encoding="UTF-8"?>
<!-- Generated by org.testng.reporters.JUnitReportReporter -->
<testsuite hostname="DESKTOP-7SBKKJ1" failures="0" tests="10" name="cCM_Reports.DueVsDone" time="58.491" errors="0" timestamp="2024-10-24T10:00:42 IST" skipped="0">
  <testcase classname="cCM_Reports.DueVsDone" name="Username" time="1.379"/>
  <system-out/>
  <testcase classname="cCM_Reports.DueVsDone" name="Password" time="1.334"/>
  <system-out/>
  <testcase classname="cCM_Reports.DueVsDone" name="Captcha" time="2.235"/>
  <system-out/>
  <testcase classname="cCM_Reports.DueVsDone" name="SUBMIT_Button" time="2.139"/>
  <system-out/>
  <testcase classname="cCM_Reports.DueVsDone" name="Click_On_SMR" time="18.990"/>
  <system-out/>
  <testcase classname="cCM_Reports.DueVsDone" name="Click_Reports" time="1.110"/>
  <system-out/>
  <testcase classname="cCM_Reports.DueVsDone" name="Click_On_DUE_VS_DONE_REPORT" time="3.095"/>
  <system-out/>
  <testcase classname="cCM_Reports.DueVsDone" name="Select_All_Fillter" time="9.904"/>
  <system-out/>
  <testcase classname="cCM_Reports.DueVsDone" name="Click_On_Generate_Button" time="16.247"/>
  <system-out/>
  <testcase classname="cCM_Reports.DueVsDone" name="Data_Verification_DueVsDone" time="2.058"/>
  <system-out/>
</testsuite> <!-- cCM_Reports.DueVsDone -->
