<?xml version="1.0" encoding="UTF-8"?>
<!-- Generated by org.testng.reporters.JUnitReportReporter -->
<testsuite hostname="DESKTOP-7SBKKJ1" failures="0" tests="8" name="PSF_CAll_Dispostion_Of_CCM.PSF_Customer_satisfied_With_service_Rating" time="112.400" errors="0" timestamp="2024-11-12T15:47:14 IST" skipped="0">
  <testcase classname="PSF_CAll_Dispostion_Of_CCM.PSF_Customer_satisfied_With_service_Rating" name="Username" time="1.482"/>
  <system-out/>
  <testcase classname="PSF_CAll_Dispostion_Of_CCM.PSF_Customer_satisfied_With_service_Rating" name="Password" time="1.457"/>
  <system-out/>
  <testcase classname="PSF_CAll_Dispostion_Of_CCM.PSF_Customer_satisfied_With_service_Rating" name="Captcha" time="2.297"/>
  <system-out/>
  <testcase classname="PSF_CAll_Dispostion_Of_CCM.PSF_Customer_satisfied_With_service_Rating" name="SUBMIT_Button" time="2.156"/>
  <system-out/>
  <testcase classname="PSF_CAll_Dispostion_Of_CCM.PSF_Customer_satisfied_With_service_Rating" name="Click_On_PSF" time="45.943"/>
  <system-out/>
  <testcase classname="PSF_CAll_Dispostion_Of_CCM.PSF_Customer_satisfied_With_service_Rating" name="Remove_PouP" time="1.106"/>
  <system-out/>
  <testcase classname="PSF_CAll_Dispostion_Of_CCM.PSF_Customer_satisfied_With_service_Rating" name="Click_On_Total_Due_Psf" time="0.050"/>
  <system-out/>
  <testcase classname="PSF_CAll_Dispostion_Of_CCM.PSF_Customer_satisfied_With_service_Rating" name="Check_Call_Dispostion_Service_Rating" time="57.909"/>
  <system-out/>
</testsuite> <!-- PSF_CAll_Dispostion_Of_CCM.PSF_Customer_satisfied_With_service_Rating -->
