<?xml version="1.0" encoding="UTF-8"?>
<!-- Generated by org.testng.reporters.JUnitReportReporter -->
<testsuite hostname="DESKTOP-7SBKKJ1" failures="0" tests="7" name="PSf_Static_Report_and_Call_Dispostion.Wrong_Number" time="91.230" errors="0" timestamp="2024-11-25T14:09:34 IST" skipped="0">
  <testcase classname="PSf_Static_Report_and_Call_Dispostion.Wrong_Number" name="Username" time="1.313"/>
  <system-out/>
  <testcase classname="PSf_Static_Report_and_Call_Dispostion.Wrong_Number" name="Password" time="1.412"/>
  <system-out/>
  <testcase classname="PSf_Static_Report_and_Call_Dispostion.Wrong_Number" name="Captcha" time="2.238"/>
  <system-out/>
  <testcase classname="PSf_Static_Report_and_Call_Dispostion.Wrong_Number" name="SUBMIT_Button" time="2.166"/>
  <system-out/>
  <testcase classname="PSf_Static_Report_and_Call_Dispostion.Wrong_Number" name="Click_On_PSF" time="43.234"/>
  <system-out/>
  <testcase classname="PSf_Static_Report_and_Call_Dispostion.Wrong_Number" name="Remove_PouP" time="1.191"/>
  <system-out/>
  <testcase classname="PSf_Static_Report_and_Call_Dispostion.Wrong_Number" name="PSF_Calibration_Due" time="39.676"/>
  <system-out/>
</testsuite> <!-- PSf_Static_Report_and_Call_Dispostion.Wrong_Number -->
