<?xml version="1.0" encoding="UTF-8"?>
<!-- Generated by org.testng.reporters.JUnitReportReporter -->
<testsuite hostname="DESKTOP-7SBKKJ1" failures="0" tests="3" name="mergeSMR_North_Zone.UserList_SMR_Report" time="38.704" errors="0" timestamp="2024-09-30T16:24:00 IST" skipped="0">
  <testcase classname="mergeSMR_North_Zone.UserList_SMR_Report" name="Click_On_Report" time="3.320"/>
  <system-out/>
  <testcase classname="mergeSMR_North_Zone.UserList_SMR_Report" name="Click_On_USER_LIST_REPORT" time="30.335"/>
  <system-out/>
  <testcase classname="mergeSMR_North_Zone.UserList_SMR_Report" name="Data_Verification_User_List" time="5.049"/>
  <system-out/>
</testsuite> <!-- mergeSMR_North_Zone.UserList_SMR_Report -->
