<?xml version="1.0" encoding="UTF-8"?>
<!-- Generated by org.testng.reporters.JUnitReportReporter -->
<testsuite hostname="DESKTOP-7SBKKJ1" failures="0" tests="9" name="PSf_Static_Report_and_Call_Dispostion.Call_Me_Later_In_Complaint_Mangement" time="70.387" errors="0" timestamp="2024-11-25T14:09:34 IST" skipped="0">
  <testcase classname="PSf_Static_Report_and_Call_Dispostion.Call_Me_Later_In_Complaint_Mangement" name="Username" time="1.422"/>
  <system-out/>
  <testcase classname="PSf_Static_Report_and_Call_Dispostion.Call_Me_Later_In_Complaint_Mangement" name="Password" time="1.363"/>
  <system-out/>
  <testcase classname="PSf_Static_Report_and_Call_Dispostion.Call_Me_Later_In_Complaint_Mangement" name="Captcha" time="2.286"/>
  <system-out/>
  <testcase classname="PSf_Static_Report_and_Call_Dispostion.Call_Me_Later_In_Complaint_Mangement" name="SUBMIT_Button" time="2.170"/>
  <system-out/>
  <testcase classname="PSf_Static_Report_and_Call_Dispostion.Call_Me_Later_In_Complaint_Mangement" name="Click_On_PSF" time="22.947"/>
  <system-out/>
  <testcase classname="PSf_Static_Report_and_Call_Dispostion.Call_Me_Later_In_Complaint_Mangement" name="Remove_PouP" time="1.147"/>
  <system-out/>
  <testcase classname="PSf_Static_Report_and_Call_Dispostion.Call_Me_Later_In_Complaint_Mangement" name="Click_On_The_Complaint_Management" time="3.072"/>
  <system-out/>
  <testcase classname="PSf_Static_Report_and_Call_Dispostion.Call_Me_Later_In_Complaint_Mangement" name="Click_On_In_Progress_Complaints" time="6.299"/>
  <system-out/>
  <testcase classname="PSf_Static_Report_and_Call_Dispostion.Call_Me_Later_In_Complaint_Mangement" name="Click_On_Reshedule_Appointment" time="29.681"/>
  <system-out/>
</testsuite> <!-- PSf_Static_Report_and_Call_Dispostion.Call_Me_Later_In_Complaint_Mangement -->
