<?xml version="1.0" encoding="UTF-8"?>
<!-- Generated by org.testng.reporters.JUnitReportReporter -->
<testsuite hostname="DESKTOP-7SBKKJ1" failures="0" tests="7" name="PSf_Static_Report.Not_Picked_Up_of_Service_Rating" time="97.005" errors="0" timestamp="2024-11-21T10:20:46 IST" skipped="0">
  <testcase classname="PSf_Static_Report.Not_Picked_Up_of_Service_Rating" name="Username" time="1.382"/>
  <system-out/>
  <testcase classname="PSf_Static_Report.Not_Picked_Up_of_Service_Rating" name="Password" time="1.550"/>
  <system-out/>
  <testcase classname="PSf_Static_Report.Not_Picked_Up_of_Service_Rating" name="Captcha" time="2.387"/>
  <system-out/>
  <testcase classname="PSf_Static_Report.Not_Picked_Up_of_Service_Rating" name="SUBMIT_Button" time="2.268"/>
  <system-out/>
  <testcase classname="PSf_Static_Report.Not_Picked_Up_of_Service_Rating" name="Click_On_PSF" time="47.289"/>
  <system-out/>
  <testcase classname="PSf_Static_Report.Not_Picked_Up_of_Service_Rating" name="Remove_PouP" time="1.183"/>
  <system-out/>
  <testcase classname="PSf_Static_Report.Not_Picked_Up_of_Service_Rating" name="PSF_Calibration_Due" time="40.946"/>
  <system-out/>
</testsuite> <!-- PSf_Static_Report.Not_Picked_Up_of_Service_Rating -->
