<?xml version="1.0" encoding="UTF-8"?>
<!-- Generated by org.testng.reporters.JUnitReportReporter -->
<testsuite hostname="DESKTOP-7SBKKJ1" failures="0" tests="1" name="Merge_PSF.Call_me_Later_for_Service_Rating" time="88.611" errors="0" timestamp="2024-11-15T12:27:14 IST" skipped="0">
  <testcase classname="Merge_PSF.Call_me_Later_for_Service_Rating" name="CAll_me_Later_for_Service_Rating" time="88.611"/>
  <system-out/>
</testsuite> <!-- Merge_PSF.Call_me_Later_for_Service_Rating -->
