<?xml version="1.0" encoding="UTF-8"?>
<!-- Generated by org.testng.reporters.JUnitReportReporter -->
<testsuite hostname="DESKTOP-7SBKKJ1" failures="0" tests="8" name="mergeSMR_North_Zone.DueVsDone_Report_SMR" time="71.107" errors="0" timestamp="2024-09-30T16:24:00 IST" skipped="0">
  <testcase classname="mergeSMR_North_Zone.DueVsDone_Report_SMR" name="Click_On_Report" time="8.120"/>
  <system-out/>
  <testcase classname="mergeSMR_North_Zone.DueVsDone_Report_SMR" name="Click_On_DUE_VS_DONE_REPORT" time="8.429"/>
  <system-out/>
  <testcase classname="mergeSMR_North_Zone.DueVsDone_Report_SMR" name="Select_REGION_Parameter" time="6.181"/>
  <system-out/>
  <testcase classname="mergeSMR_North_Zone.DueVsDone_Report_SMR" name="Select_WORKSHOP_Parameter" time="6.502"/>
  <system-out/>
  <testcase classname="mergeSMR_North_Zone.DueVsDone_Report_SMR" name="Select_SERVICE_TYPE_Parameter" time="9.530"/>
  <system-out/>
  <testcase classname="mergeSMR_North_Zone.DueVsDone_Report_SMR" name="Select_VEHICLE_CHANNEL_Parameter" time="6.147"/>
  <system-out/>
  <testcase classname="mergeSMR_North_Zone.DueVsDone_Report_SMR" name="Click_On_Generate_Button" time="20.172"/>
  <system-out/>
  <testcase classname="mergeSMR_North_Zone.DueVsDone_Report_SMR" name="Data_Verification_DueVsDone" time="6.026"/>
  <system-out/>
</testsuite> <!-- mergeSMR_North_Zone.DueVsDone_Report_SMR -->
