<?xml version="1.0" encoding="UTF-8"?>
<!-- Generated by org.testng.reporters.JUnitReportReporter -->
<testsuite hostname="DESKTOP-7SBKKJ1" failures="0" tests="9" name="PSf_Static_Report_and_Call_Dispostion.Allocation_Rule_Log" time="58.589" errors="0" timestamp="2024-11-25T14:09:34 IST" skipped="0">
  <testcase classname="PSf_Static_Report_and_Call_Dispostion.Allocation_Rule_Log" name="Username" time="1.317"/>
  <system-out/>
  <testcase classname="PSf_Static_Report_and_Call_Dispostion.Allocation_Rule_Log" name="Password" time="1.369"/>
  <system-out/>
  <testcase classname="PSf_Static_Report_and_Call_Dispostion.Allocation_Rule_Log" name="Captcha" time="2.206"/>
  <system-out/>
  <testcase classname="PSf_Static_Report_and_Call_Dispostion.Allocation_Rule_Log" name="SUBMIT_Button" time="2.165"/>
  <system-out/>
  <testcase classname="PSf_Static_Report_and_Call_Dispostion.Allocation_Rule_Log" name="Click_On_PSF" time="44.111"/>
  <system-out/>
  <testcase classname="PSf_Static_Report_and_Call_Dispostion.Allocation_Rule_Log" name="Remove_PouP" time="1.174"/>
  <system-out/>
  <testcase classname="PSf_Static_Report_and_Call_Dispostion.Allocation_Rule_Log" name="Click_On_Static_Reports" time="1.094"/>
  <system-out/>
  <testcase classname="PSf_Static_Report_and_Call_Dispostion.Allocation_Rule_Log" name="Click_On_Allocation_Rule_Log" time="5.106"/>
  <system-out/>
  <testcase classname="PSf_Static_Report_and_Call_Dispostion.Allocation_Rule_Log" name="Data_Check_Of_Allocation_Rule_Log" time="0.047"/>
  <system-out/>
</testsuite> <!-- PSf_Static_Report_and_Call_Dispostion.Allocation_Rule_Log -->
