<?xml version="1.0" encoding="UTF-8"?>
<!-- Generated by org.testng.reporters.JUnitReportReporter -->
<testsuite hostname="DESKTOP-7SBKKJ1" failures="0" tests="5" name="mergeSMR_North_Zone.LOGIN" time="26.385" errors="0" timestamp="2024-11-25T18:27:22 IST" skipped="0">
  <testcase classname="mergeSMR_North_Zone.LOGIN" name="Username" time="2.452"/>
  <system-out/>
  <testcase classname="mergeSMR_North_Zone.LOGIN" name="Password" time="3.337"/>
  <system-out/>
  <testcase classname="mergeSMR_North_Zone.LOGIN" name="Captcha" time="3.197"/>
  <system-out/>
  <testcase classname="mergeSMR_North_Zone.LOGIN" name="SUBMIT_Button" time="16.243"/>
  <system-out/>
  <testcase classname="mergeSMR_North_Zone.LOGIN" name="Remove_PouP" time="1.156"/>
  <system-out/>
</testsuite> <!-- mergeSMR_North_Zone.LOGIN -->
