<?xml version="1.0" encoding="UTF-8"?>
<!-- Generated by org.testng.reporters.JUnitReportReporter -->
<testsuite hostname="DESKTOP-7SBKKJ1" failures="0" tests="7" name="PSf_Static_Report_and_Call_Dispostion.Call_Me_Later" time="83.397" errors="0" timestamp="2024-11-25T14:09:34 IST" skipped="0">
  <testcase classname="PSf_Static_Report_and_Call_Dispostion.Call_Me_Later" name="Username" time="1.538"/>
  <system-out/>
  <testcase classname="PSf_Static_Report_and_Call_Dispostion.Call_Me_Later" name="Password" time="1.522"/>
  <system-out/>
  <testcase classname="PSf_Static_Report_and_Call_Dispostion.Call_Me_Later" name="Captcha" time="2.242"/>
  <system-out/>
  <testcase classname="PSf_Static_Report_and_Call_Dispostion.Call_Me_Later" name="SUBMIT_Button" time="2.232"/>
  <system-out/>
  <testcase classname="PSf_Static_Report_and_Call_Dispostion.Call_Me_Later" name="Click_On_PSF" time="22.118"/>
  <system-out/>
  <testcase classname="PSf_Static_Report_and_Call_Dispostion.Call_Me_Later" name="Remove_PouP" time="1.156"/>
  <system-out/>
  <testcase classname="PSf_Static_Report_and_Call_Dispostion.Call_Me_Later" name="CAll_Me_Later" time="52.589"/>
  <system-out/>
</testsuite> <!-- PSf_Static_Report_and_Call_Dispostion.Call_Me_Later -->
