<?xml version="1.0" encoding="UTF-8"?>
<!-- Generated by org.testng.reporters.JUnitReportReporter -->
<testsuite hostname="DESKTOP-7SBKKJ1" failures="0" tests="12" name="PSf_Static_Report_and_Call_Dispostion.PSF_No_Raise_A_Complaint_Of_service_Rating" time="182.931" errors="0" timestamp="2024-11-25T14:09:34 IST" skipped="0">
  <testcase classname="PSf_Static_Report_and_Call_Dispostion.PSF_No_Raise_A_Complaint_Of_service_Rating" name="Username" time="1.262"/>
  <system-out/>
  <testcase classname="PSf_Static_Report_and_Call_Dispostion.PSF_No_Raise_A_Complaint_Of_service_Rating" name="Password" time="1.318"/>
  <system-out/>
  <testcase classname="PSf_Static_Report_and_Call_Dispostion.PSF_No_Raise_A_Complaint_Of_service_Rating" name="Captcha" time="2.244"/>
  <system-out/>
  <testcase classname="PSf_Static_Report_and_Call_Dispostion.PSF_No_Raise_A_Complaint_Of_service_Rating" name="SUBMIT_Button" time="2.151"/>
  <system-out/>
  <testcase classname="PSf_Static_Report_and_Call_Dispostion.PSF_No_Raise_A_Complaint_Of_service_Rating" name="Click_On_PSF" time="42.188"/>
  <system-out/>
  <testcase classname="PSf_Static_Report_and_Call_Dispostion.PSF_No_Raise_A_Complaint_Of_service_Rating" name="Remove_PouP" time="1.174"/>
  <system-out/>
  <testcase classname="PSf_Static_Report_and_Call_Dispostion.PSF_No_Raise_A_Complaint_Of_service_Rating" name="Click_On_Total_Due_Psf" time="0.042"/>
  <system-out/>
  <testcase classname="PSf_Static_Report_and_Call_Dispostion.PSF_No_Raise_A_Complaint_Of_service_Rating" name="Check_Call_Dispostion_Service_Rating" time="69.749"/>
  <system-out/>
  <testcase classname="PSf_Static_Report_and_Call_Dispostion.PSF_No_Raise_A_Complaint_Of_service_Rating" name="Open_Complaint_Management_tab" time="29.724"/>
  <system-out/>
  <testcase classname="PSf_Static_Report_and_Call_Dispostion.PSF_No_Raise_A_Complaint_Of_service_Rating" name="Upload_file" time="10.083"/>
  <system-out/>
  <testcase classname="PSf_Static_Report_and_Call_Dispostion.PSF_No_Raise_A_Complaint_Of_service_Rating" name="Clcik_On_Resolved_Complaint" time="16.695"/>
  <system-out/>
  <testcase classname="PSf_Static_Report_and_Call_Dispostion.PSF_No_Raise_A_Complaint_Of_service_Rating" name="Customer_Will_Be_Available_In_Closed_Complaints" time="6.301"/>
  <system-out/>
</testsuite> <!-- PSf_Static_Report_and_Call_Dispostion.PSF_No_Raise_A_Complaint_Of_service_Rating -->
