<?xml version="1.0" encoding="UTF-8"?>
<!-- Generated by org.testng.reporters.JUnitReportReporter -->
<testsuite hostname="DESKTOP-7SBKKJ1" failures="0" tests="7" name="PSF_CAll_Dispostion.Not_Intrested_In_Providing_Feedback" time="108.099" errors="0" timestamp="2024-11-14T16:11:07 IST" skipped="0">
  <testcase classname="PSF_CAll_Dispostion.Not_Intrested_In_Providing_Feedback" name="Username" time="1.181"/>
  <system-out/>
  <testcase classname="PSF_CAll_Dispostion.Not_Intrested_In_Providing_Feedback" name="Password" time="1.234"/>
  <system-out/>
  <testcase classname="PSF_CAll_Dispostion.Not_Intrested_In_Providing_Feedback" name="Captcha" time="2.150"/>
  <system-out/>
  <testcase classname="PSF_CAll_Dispostion.Not_Intrested_In_Providing_Feedback" name="SUBMIT_Button" time="2.079"/>
  <system-out/>
  <testcase classname="PSF_CAll_Dispostion.Not_Intrested_In_Providing_Feedback" name="Click_On_PSF" time="39.127"/>
  <system-out/>
  <testcase classname="PSF_CAll_Dispostion.Not_Intrested_In_Providing_Feedback" name="Remove_PouP" time="1.111"/>
  <system-out/>
  <testcase classname="PSF_CAll_Dispostion.Not_Intrested_In_Providing_Feedback" name="PSF_Calibration_Due" time="61.217"/>
  <system-out/>
</testsuite> <!-- PSF_CAll_Dispostion.Not_Intrested_In_Providing_Feedback -->
