<?xml version="1.0" encoding="UTF-8"?>
<!-- Generated by org.testng.reporters.JUnitReportReporter -->
<testsuite hostname="DESKTOP-7SBKKJ1" failures="0" tests="18" name="mergeSMR_North_Zone.Service_Due_Analysis_Report" time="173.116" errors="0" timestamp="2024-09-30T16:24:00 IST" skipped="0">
  <testcase classname="mergeSMR_North_Zone.Service_Due_Analysis_Report" name="Click_On_Report" time="10.182"/>
  <system-out/>
  <testcase classname="mergeSMR_North_Zone.Service_Due_Analysis_Report" name="Click_On_Service_Due_Analysis_REPORT" time="7.224"/>
  <system-out/>
  <testcase classname="mergeSMR_North_Zone.Service_Due_Analysis_Report" name="Select_Parameter_VehicleChannel_SMRE_PERFORMANCE_REPORT" time="6.426"/>
  <system-out/>
  <testcase classname="mergeSMR_North_Zone.Service_Due_Analysis_Report" name="Select_Parameter_DelaerChannel_SMRE_PERFORMANCE_REPORT" time="6.437"/>
  <system-out/>
  <testcase classname="mergeSMR_North_Zone.Service_Due_Analysis_Report" name="Select_Parameter_ZONE_SMRE_PERFORMANCE_REPORT" time="6.496"/>
  <system-out/>
  <testcase classname="mergeSMR_North_Zone.Service_Due_Analysis_Report" name="Select_Parameter_REGION_SMRE_PERFORMANCE_REPORT" time="6.432"/>
  <system-out/>
  <testcase classname="mergeSMR_North_Zone.Service_Due_Analysis_Report" name="Select_Parameter_DEALER_NAME_SMRE_PERFORMANCE_REPORT" time="7.276"/>
  <system-out/>
  <testcase classname="mergeSMR_North_Zone.Service_Due_Analysis_Report" name="Select_Parameter_WORKSHOP_NAME_SMRE_PERFORMANCE_REPORT" time="6.840"/>
  <system-out/>
  <testcase classname="mergeSMR_North_Zone.Service_Due_Analysis_Report" name="Select_Parameter_REPORT_TYPE_SMRE_PERFORMANCE_REPORT" time="6.648"/>
  <system-out/>
  <testcase classname="mergeSMR_North_Zone.Service_Due_Analysis_Report" name="Select_Parameter_SERVICE_TYPE_SMRE_PERFORMANCE_REPORT" time="6.433"/>
  <system-out/>
  <testcase classname="mergeSMR_North_Zone.Service_Due_Analysis_Report" name="Select_Date_Range_ServiceDueAnalysis_REPORT" time="28.908"/>
  <system-out/>
  <testcase classname="mergeSMR_North_Zone.Service_Due_Analysis_Report" name="Data_Verification_ZoneAndRegionWise" time="0.031"/>
  <system-out/>
  <testcase classname="mergeSMR_North_Zone.Service_Due_Analysis_Report" name="ClickOn_Edit_And_Select_ReportType_WorkshopWise" time="9.124"/>
  <system-out/>
  <testcase classname="mergeSMR_North_Zone.Service_Due_Analysis_Report" name="Generate_WorkshopWise_Report" time="25.251"/>
  <system-out/>
  <testcase classname="mergeSMR_North_Zone.Service_Due_Analysis_Report" name="Data_Verification_WorkshopWise" time="0.032"/>
  <system-out/>
  <testcase classname="mergeSMR_North_Zone.Service_Due_Analysis_Report" name="ClickOn_Edit_And_Select_ReportType_SMREWise" time="9.144"/>
  <system-out/>
  <testcase classname="mergeSMR_North_Zone.Service_Due_Analysis_Report" name="Generate_SMREWise_Report" time="25.192"/>
  <system-out/>
  <testcase classname="mergeSMR_North_Zone.Service_Due_Analysis_Report" name="Data_Verification_SMREWise" time="5.040"/>
  <system-out/>
</testsuite> <!-- mergeSMR_North_Zone.Service_Due_Analysis_Report -->
