<?xml version="1.0" encoding="UTF-8"?>
<!-- Generated by org.testng.reporters.JUnitReportReporter -->
<testsuite hostname="DESKTOP-7SBKKJ1" failures="0" tests="6" name="demo123.Example" time="59.265" errors="0" timestamp="2024-06-19T11:00:34 IST" skipped="0">
  <testcase classname="demo123.Example" name="username" time="3.132"/>
  <system-out/>
  <testcase classname="demo123.Example" name="password" time="3.124"/>
  <system-out/>
  <testcase classname="demo123.Example" name="login_Button" time="1.099"/>
  <system-out/>
  <testcase classname="demo123.Example" name="post_Service" time="17.713"/>
  <system-out/>
  <testcase classname="demo123.Example" name="For_filter" time="4.280"/>
  <system-out/>
  <testcase classname="demo123.Example" name="For_filter1" time="29.917"/>
  <system-out/>
</testsuite> <!-- demo123.Example -->
