<?xml version="1.0" encoding="UTF-8"?>
<!-- Generated by org.testng.reporters.JUnitReportReporter -->
<testsuite hostname="DESKTOP-7SBKKJ1" failures="0" tests="9" name="PSf_Static_Report_and_Call_Dispostion.PSF_Service_Rating__Very_Good" time="91.857" errors="0" timestamp="2024-11-25T14:09:34 IST" skipped="0">
  <testcase classname="PSf_Static_Report_and_Call_Dispostion.PSF_Service_Rating__Very_Good" name="Username" time="1.456"/>
  <system-out/>
  <testcase classname="PSf_Static_Report_and_Call_Dispostion.PSF_Service_Rating__Very_Good" name="Password" time="1.455"/>
  <system-out/>
  <testcase classname="PSf_Static_Report_and_Call_Dispostion.PSF_Service_Rating__Very_Good" name="Captcha" time="2.212"/>
  <system-out/>
  <testcase classname="PSf_Static_Report_and_Call_Dispostion.PSF_Service_Rating__Very_Good" name="SUBMIT_Button" time="2.182"/>
  <system-out/>
  <testcase classname="PSf_Static_Report_and_Call_Dispostion.PSF_Service_Rating__Very_Good" name="Click_On_PSF" time="20.323"/>
  <system-out/>
  <testcase classname="PSf_Static_Report_and_Call_Dispostion.PSF_Service_Rating__Very_Good" name="Remove_PouP" time="1.186"/>
  <system-out/>
  <testcase classname="PSf_Static_Report_and_Call_Dispostion.PSF_Service_Rating__Very_Good" name="Click_On_Total_Due_Psf" time="0.036"/>
  <system-out/>
  <testcase classname="PSf_Static_Report_and_Call_Dispostion.PSF_Service_Rating__Very_Good" name="Check_Call_Dispostion_Service_Rating_Very_Good" time="41.974"/>
  <system-out/>
  <testcase classname="PSf_Static_Report_and_Call_Dispostion.PSF_Service_Rating__Very_Good" name="Check_Yes_Customer_Is_Satisfied" time="21.033"/>
  <system-out/>
</testsuite> <!-- PSf_Static_Report_and_Call_Dispostion.PSF_Service_Rating__Very_Good -->
