<?xml version="1.0" encoding="UTF-8"?>
<!-- Generated by org.testng.reporters.JUnitReportReporter -->
<testsuite hostname="DESKTOP-7SBKKJ1" failures="0" tests="8" name="cCM_Reports.UserList" time="49.226" errors="0" timestamp="2024-10-24T11:10:06 IST" skipped="0">
  <testcase classname="cCM_Reports.UserList" name="Username" time="1.624"/>
  <system-out/>
  <testcase classname="cCM_Reports.UserList" name="Password" time="1.385"/>
  <system-out/>
  <testcase classname="cCM_Reports.UserList" name="Captcha" time="2.217"/>
  <system-out/>
  <testcase classname="cCM_Reports.UserList" name="SUBMIT_Button" time="2.133"/>
  <system-out/>
  <testcase classname="cCM_Reports.UserList" name="Click_On_SMR" time="21.578"/>
  <system-out/>
  <testcase classname="cCM_Reports.UserList" name="Click_Reports" time="1.092"/>
  <system-out/>
  <testcase classname="cCM_Reports.UserList" name="Click_On_USER_LIST_REPORT" time="16.134"/>
  <system-out/>
  <testcase classname="cCM_Reports.UserList" name="Data_Verification_User_List" time="3.063"/>
  <system-out/>
</testsuite> <!-- cCM_Reports.UserList -->
