<?xml version="1.0" encoding="UTF-8"?>
<!-- Generated by org.testng.reporters.JUnitReportReporter -->
<testsuite hostname="DESKTOP-7SBKKJ1" failures="0" tests="5" name="Test.Testing" time="33.688" errors="0" timestamp="2024-06-25T12:35:36 IST" skipped="0">
  <testcase classname="Test.Testing" name="username" time="3.427"/>
  <system-out/>
  <testcase classname="Test.Testing" name="password" time="3.245"/>
  <system-out/>
  <testcase classname="Test.Testing" name="login_Button" time="1.137"/>
  <system-out/>
  <testcase classname="Test.Testing" name="post_Service" time="18.447"/>
  <system-out/>
  <testcase classname="Test.Testing" name="Select_For_filter" time="7.432"/>
  <system-out/>
</testsuite> <!-- Test.Testing -->
