<?xml version="1.0" encoding="UTF-8"?>
<!-- Generated by org.testng.reporters.JUnitReportReporter -->
<testsuite hostname="DESKTOP-7SBKKJ1" failures="0" tests="7" name="PSF_CAll_Dispostion.Call_me_Later_for_Service_Rating" time="107.037" errors="0" timestamp="2024-11-13T12:49:46 IST" skipped="0">
  <testcase classname="PSF_CAll_Dispostion.Call_me_Later_for_Service_Rating" name="Username" time="1.371"/>
  <system-out/>
  <testcase classname="PSF_CAll_Dispostion.Call_me_Later_for_Service_Rating" name="Password" time="1.512"/>
  <system-out/>
  <testcase classname="PSF_CAll_Dispostion.Call_me_Later_for_Service_Rating" name="Captcha" time="2.216"/>
  <system-out/>
  <testcase classname="PSF_CAll_Dispostion.Call_me_Later_for_Service_Rating" name="SUBMIT_Button" time="2.121"/>
  <system-out/>
  <testcase classname="PSF_CAll_Dispostion.Call_me_Later_for_Service_Rating" name="Click_On_PSF" time="45.387"/>
  <system-out/>
  <testcase classname="PSF_CAll_Dispostion.Call_me_Later_for_Service_Rating" name="Remove_PouP" time="1.662"/>
  <system-out/>
  <testcase classname="PSF_CAll_Dispostion.Call_me_Later_for_Service_Rating" name="PSF_Calibration_Due" time="52.768"/>
  <system-out/>
</testsuite> <!-- PSF_CAll_Dispostion.Call_me_Later_for_Service_Rating -->
