<?xml version="1.0" encoding="UTF-8"?>
<!-- Generated by org.testng.reporters.JUnitReportReporter -->
<testsuite hostname="DESKTOP-7SBKKJ1" failures="0" tests="12" name="PSf_Static_Report.PSF_No_Raise_A_Complaint_Of_service_Rating" time="186.102" errors="0" timestamp="2024-11-20T10:38:40 IST" skipped="0">
  <testcase classname="PSf_Static_Report.PSF_No_Raise_A_Complaint_Of_service_Rating" name="Username" time="1.389"/>
  <system-out/>
  <testcase classname="PSf_Static_Report.PSF_No_Raise_A_Complaint_Of_service_Rating" name="Password" time="1.433"/>
  <system-out/>
  <testcase classname="PSf_Static_Report.PSF_No_Raise_A_Complaint_Of_service_Rating" name="Captcha" time="2.212"/>
  <system-out/>
  <testcase classname="PSf_Static_Report.PSF_No_Raise_A_Complaint_Of_service_Rating" name="SUBMIT_Button" time="2.276"/>
  <system-out/>
  <testcase classname="PSf_Static_Report.PSF_No_Raise_A_Complaint_Of_service_Rating" name="Click_On_PSF" time="41.855"/>
  <system-out/>
  <testcase classname="PSf_Static_Report.PSF_No_Raise_A_Complaint_Of_service_Rating" name="Remove_PouP" time="1.232"/>
  <system-out/>
  <testcase classname="PSf_Static_Report.PSF_No_Raise_A_Complaint_Of_service_Rating" name="Click_On_Total_Due_Psf" time="0.048"/>
  <system-out/>
  <testcase classname="PSf_Static_Report.PSF_No_Raise_A_Complaint_Of_service_Rating" name="Check_Call_Dispostion_Service_Rating" time="70.385"/>
  <system-out/>
  <testcase classname="PSf_Static_Report.PSF_No_Raise_A_Complaint_Of_service_Rating" name="Open_Complaint_Management_tab" time="28.954"/>
  <system-out/>
  <testcase classname="PSf_Static_Report.PSF_No_Raise_A_Complaint_Of_service_Rating" name="Upload_file" time="9.908"/>
  <system-out/>
  <testcase classname="PSf_Static_Report.PSF_No_Raise_A_Complaint_Of_service_Rating" name="Clcik_On_Resolved_Complaint" time="20.046"/>
  <system-out/>
  <testcase classname="PSf_Static_Report.PSF_No_Raise_A_Complaint_Of_service_Rating" name="Customer_Will_Be_Available_In_Closed_Complaints" time="6.364"/>
  <system-out/>
</testsuite> <!-- PSf_Static_Report.PSF_No_Raise_A_Complaint_Of_service_Rating -->
