<?xml version="1.0" encoding="UTF-8"?>
<!-- Generated by org.testng.reporters.JUnitReportReporter -->
<testsuite hostname="DESKTOP-7SBKKJ1" failures="0" tests="8" name="PSf_Static_Report.PSF_Customer_satisfied_With_service_Rating" time="113.942" errors="0" timestamp="2024-11-20T10:38:40 IST" skipped="0">
  <testcase classname="PSf_Static_Report.PSF_Customer_satisfied_With_service_Rating" name="Username" time="1.382"/>
  <system-out/>
  <testcase classname="PSf_Static_Report.PSF_Customer_satisfied_With_service_Rating" name="Password" time="1.428"/>
  <system-out/>
  <testcase classname="PSf_Static_Report.PSF_Customer_satisfied_With_service_Rating" name="Captcha" time="2.266"/>
  <system-out/>
  <testcase classname="PSf_Static_Report.PSF_Customer_satisfied_With_service_Rating" name="SUBMIT_Button" time="2.189"/>
  <system-out/>
  <testcase classname="PSf_Static_Report.PSF_Customer_satisfied_With_service_Rating" name="Click_On_PSF" time="44.167"/>
  <system-out/>
  <testcase classname="PSf_Static_Report.PSF_Customer_satisfied_With_service_Rating" name="Remove_PouP" time="1.168"/>
  <system-out/>
  <testcase classname="PSf_Static_Report.PSF_Customer_satisfied_With_service_Rating" name="Click_On_Total_Due_Psf" time="0.033"/>
  <system-out/>
  <testcase classname="PSf_Static_Report.PSF_Customer_satisfied_With_service_Rating" name="Check_Call_Dispostion_Service_Rating_Excellent" time="61.309"/>
  <system-out/>
</testsuite> <!-- PSf_Static_Report.PSF_Customer_satisfied_With_service_Rating -->
