<?xml version="1.0" encoding="UTF-8"?>
<!-- Generated by org.testng.reporters.JUnitReportReporter -->
<testsuite hostname="DESKTOP-7SBKKJ1" failures="0" tests="5" name="shard.Shard1" time="15.364" errors="0" timestamp="2024-06-20T16:45:00 IST" skipped="0">
  <testcase classname="shard.Shard1" name="username" time="3.169"/>
  <system-out/>
  <testcase classname="shard.Shard1" name="password" time="3.131"/>
  <system-out/>
  <testcase classname="shard.Shard1" name="login_Button" time="1.098"/>
  <system-out/>
  <testcase classname="shard.Shard1" name="post_Service" time="7.759"/>
  <system-out/>
  <testcase classname="shard.Shard1" name="select_icon" time="0.207"/>
  <system-out/>
</testsuite> <!-- shard.Shard1 -->
